Start testing: Apr 29 13:09 UTC
----------------------------------------------------------
1/5 Testing: bubblesort
1/5 Test: bubblesort
Command: "/home/pcsdocker/Data/ES_PCS_2026/esercitazione5/build_relase/test_bubblesort"
Directory: /home/pcsdocker/Data/ES_PCS_2026/esercitazione5/build_relase
"bubblesort" start time: Apr 29 13:09 UTC
Output:
----------------------------------------------------------
90
19
-24
-40
92
10
-9
6
22
-4
-5
-55
14
-57
19
58
27
1
98
43
-25
-6
-74
87
-94
8
77
-90
66
8
79
-96
-46
78
19
76
-51
-64
-31
-9
99
-8
-29
20
-29
48
25
99
24
56
-20
-29
-73
-8
-1
-54
92
-65
55
81
12
-78

-96
-94
-90
-78
-74
-73
-65
-64
-57
-55
-54
-51
-46
-40
-31
-29
-29
-29
-25
-24
-20
-9
-9
-8
-8
-6
-5
-4
-1
1
6
8
8
10
12
14
19
19
19
20
22
24
25
27
43
48
55
56
58
66
76
77
78
79
81
87
90
92
92
98
99
99

74
-46
25
36
63
-14
-41
-56
-55
6
-9
0

-56
-55
-46
-41
-14
-9
0
6
25
36
63
74

-56
97
35
-83
-22
-94
-61
6
35
94
-89
-98
15
81
27
-91
-81
83
-63
87
90
-27
-60
-50
82
40
31
3
77
43
-93
89

-98
-94
-93
-91
-89
-83
-81
-63
-61
-60
-56
-50
-27
-22
3
6
15
27
31
35
35
40
43
77
81
82
83
87
89
90
94
97

-84
18
-85
11
-67
65
-81
59
-33
84
-75
-97
56
6
0
98
-66
91
67
40
99
-21
44
-10
10
-50
-34
-38
-10
91
14
5
-55
87
30
-59
-46
22
-55
-24
-2
-77
-96
91
-32

-97
-96
-85
-84
-81
-77
-75
-67
-66
-59
-55
-55
-50
-46
-38
-34
-33
-32
-24
-21
-10
-10
-2
0
5
6
10
11
14
18
22
30
40
44
56
59
65
67
84
87
91
91
91
98
99

-70
-19
-11
6
7
30
16
-68
-40
-44
-95
29
45
10
99
-62
-3
-90
-87
-90
-4
-29
74
-77
-5
64
-22
-68
5
22
89
38
18
17
-11
-74
81
-3
38
89
-87
-26
-13
-15
76
69
48
51
15
-49
-56
84
-61
-77
6
90
-20
-52
-41
26
58
-78
90
47
81
45
84
-100
-96
74
-81
57
-93
-84
65
48
50
35
82
27
-27
65
27
53

-100
-96
-95
-93
-90
-90
-87
-87
-84
-81
-78
-77
-77
-74
-70
-68
-68
-62
-61
-56
-52
-49
-44
-41
-40
-29
-27
-26
-22
-20
-19
-15
-13
-11
-11
-5
-4
-3
-3
5
6
6
7
10
15
16
17
18
22
26
27
27
29
30
35
38
38
45
45
47
48
48
50
51
53
57
58
64
65
65
69
74
74
76
81
81
82
84
84
89
89
90
90
99

-92
-37
40
68
-13
83
25
37

-92
-37
-13
25
37
40
68
83

49
-42
93
62
-10
44
2
-99
-18
-81
-66
24
-81
89
-32
-42
-3
49
-75
88
9
-5
-31
52
54
22
42
-88
-8
-43
54
42
7
-52
-4
-32
-9
87
-40
-16
21
86
40
92
46
40
-31
23
85
39
-71
76
-53
-15
-64
-65
-70
71
42
-11
-95
82
23
28
27
-80
-69

-99
-95
-88
-81
-81
-80
-75
-71
-70
-69
-66
-65
-64
-53
-52
-43
-42
-42
-40
-32
-32
-31
-31
-18
-16
-15
-11
-10
-9
-8
-5
-4
-3
2
7
9
21
22
23
23
24
27
28
39
40
40
42
42
42
44
46
49
49
52
54
54
62
71
76
82
85
86
87
88
89
92
93

-10
32
-94
-43
64
-16
35
8
1
28
72
19
55
-43
-93
20
-17
-18
57
79
-28
54
-5
-55
-54
75
79
63
-5
-22
56
-84
17
-6
-91
39
-8
-23
94
-100
-69
9
7
78
-94
40
-67
-36
27
-34
3
-24
89
-37
-51
-35
-17
-72
-44
79
61
-23
-26
-87
58
-69
-3
-78
-12

-100
-94
-94
-93
-91
-87
-84
-78
-72
-69
-69
-67
-55
-54
-51
-44
-43
-43
-37
-36
-35
-34
-28
-26
-24
-23
-23
-22
-18
-17
-17
-16
-12
-10
-8
-6
-5
-5
-3
1
3
7
8
9
17
19
20
27
28
32
35
39
40
54
55
56
57
58
61
63
64
72
75
78
79
79
79
89
94

97
16
9
49
35
-20
-28
62
-16
-79
62
92
87
-12
-75
77
74
-23
82
70
100
-19
96
84
84
97
57
56
5
9
-1
68
96
96
-73
68
-86
35
-38
41
-45
-29
98
-97
-100
100
47
-98
-46
-78
-87
11
12
-8
-88
67
-96
30
-26
75
-38
72
-12
-31
-22
43
-2
-79
-26
75
90
43
62
60
60
-83
90

-100
-98
-97
-96
-88
-87
-86
-83
-79
-79
-78
-75
-73
-46
-45
-38
-38
-31
-29
-28
-26
-26
-23
-22
-20
-19
-16
-12
-12
-8
-2
-1
5
9
9
11
12
16
30
35
35
41
43
43
47
49
56
57
60
60
62
62
62
67
68
68
70
72
74
75
75
77
82
84
84
87
90
90
92
96
96
96
97
97
98
100
100

60
-70
-96
-3
14
-94
84
-5
39
13
19
-51
-66
-54
-100
33
19
-84
-94
-41
-61
-13
15
-82
-50
-57
61
82
-5
-48
-54
20
-31
94
77
99

-100
-96
-94
-94
-84
-82
-70
-66
-61
-57
-54
-54
-51
-50
-48
-41
-31
-13
-5
-5
-3
13
14
15
19
19
20
33
39
60
61
77
82
84
94
99

-61
-25
-55
68
27
34
-68
-41
17
26
-17
-80
-73
-54
-79
-58
7
95
26
78
-77
-48
-48
19
-46
11
82

-80
-79
-77
-73
-68
-61
-58
-55
-54
-48
-48
-46
-41
-25
-17
7
11
17
19
26
26
27
34
68
78
82
95

-50
-30
-60
-86
-4
44
19
10
-11
-61
31
83
65
-8
-13
1
95
75
63
27
-95
-19
-78
11
-58
47
2
-92
66
-47
63
-44
-91
26
-49
60
-68
-15
57
70
82
70
-23
89
100
-38
21
79
-9
-62
29
9
-90
60
5
72
99
-99
-11
-66
-76
-76
80
-73
-49
17
-59
27
44
88
71
-90
100

-99
-95
-92
-91
-90
-90
-86
-78
-76
-76
-73
-68
-66
-62
-61
-60
-59
-58
-50
-49
-49
-47
-44
-38
-30
-23
-19
-15
-13
-11
-11
-9
-8
-4
1
2
5
9
10
11
17
19
21
26
27
27
29
31
44
44
47
57
60
60
63
63
65
66
70
70
71
72
75
79
80
82
83
88
89
95
99
100
100

5
94
-51
51
3
25
78
-76
50
-33
8
-47
50
66
-60
-77
23
11
11
-16
-61
61
82
48
31
1
-32
12
-98
-95
19
97
32
-22
-78
41
66
19
83
-93
-91
-37
-68
80
-19
-36
4
96
-8
25
-72
60
29
-28
25
-99
-62
21
98
42
-48
87
41
44
64
-2
71
-68
82
37
-40
-77
93
86
36
94
-50
29
81
87
-83
-82

-99
-98
-95
-93
-91
-83
-82
-78
-77
-77
-76
-72
-68
-68
-62
-61
-60
-51
-50
-48
-47
-40
-37
-36
-33
-32
-28
-22
-19
-16
-8
-2
1
3
4
5
8
11
11
12
19
19
21
23
25
25
25
29
29
31
32
36
37
41
41
42
44
48
50
50
51
60
61
64
66
66
71
78
80
81
82
82
83
86
87
87
93
94
94
96
97
98

16
25
-53
96
47
81
-78
15

-78
-53
15
16
25
47
81
96

53
61
-45
84
-70
-83
89
79
-76
-34
36
77
63
-23
-83
-62
-1
89
-54
62
-82
52
86
-43
19
35
53
51
-87
78
-6
19
-95
21
59
-25
-84
14
47
69
-11
-31
-85
-99
36
-95
55
38
74
57
75
92
-24
-6
-61
-6
25
-33
97
4
29
-53
27
-5
-46
-56
5
-29
81

-99
-95
-95
-87
-85
-84
-83
-83
-82
-76
-70
-62
-61
-56
-54
-53
-46
-45
-43
-34
-33
-31
-29
-25
-24
-23
-11
-6
-6
-6
-5
-1
4
5
14
19
19
21
25
27
29
35
36
36
38
47
51
52
53
53
55
57
59
61
62
63
69
74
75
77
78
79
81
84
86
89
89
92
97

73
-10
-41
-5
0
14
-82

-82
-41
-10
-5
0
14
73

94
-9
1
83
-28
39
30
-14
-44
17
-90
-97
-93
64
18

-97
-93
-90
-44
-28
-14
-9
1
17
18
30
39
64
83
94

19
62
62
57
-95
-12
29
46
-57
80
-67
93
-97
-23
27
7
29
-44
-29
-70
-30
8
-24
44
34
-5
-10
81
-20
-100
91
55
27
-26
-33
-43
-35
-53
-15
-100
32
-80
26
62
-13
-12
28
24
-31
-23
41
-22
-39
-72
16
-96
-17
82
-38
-21
44

-100
-100
-97
-96
-95
-80
-72
-70
-67
-57
-53
-44
-43
-39
-38
-35
-33
-31
-30
-29
-26
-24
-23
-23
-22
-21
-20
-17
-15
-13
-12
-12
-10
-5
7
8
16
19
24
26
27
27
28
29
29
32
34
41
44
44
46
55
57
62
62
62
80
81
82
91
93

20
-61
12
-39
-31
84
-13
-70
39
28
-73
4
56
21
-47
80
-1
-73
94
-5
-14
-88
-56
-48
13
12
-96
31
68
-25
54
63
-28
-11
23
-79
-66
-70
-11
-10
51
62
4
-56
-40
-10
22
43
95
-39
76
-16
-42
-98
52
-28
-65
51
96
-79
-16
11
90
36
78
-47
-76
-28
8
-5
47
-36
-63
-84
-46
71
-5
-40
76
-50
-20
55
2
-93
90
35
83
23
10
44
52

-98
-96
-93
-88
-84
-79
-79
-76
-73
-73
-70
-70
-66
-65
-63
-61
-56
-56
-50
-48
-47
-47
-46
-42
-40
-40
-39
-39
-36
-31
-28
-28
-28
-25
-20
-16
-16
-14
-13
-11
-11
-10
-10
-5
-5
-5
-1
2
4
4
8
10
11
12
12
13
20
21
22
23
23
28
31
35
36
39
43
44
47
51
51
52
52
54
55
56
62
63
68
71
76
76
78
80
83
84
90
90
94
95
96

-19
78
-4
-32
59
-8
92
-66
98
90
-24
-50
-53
53
-58
-93
-76
-49
73
16
-28
-33
-49
-6
-12
42
-65
87
-58
-59
-34
21
6
66
-61
-88
70
44
35
-4
-10
-74
-20
48
6
-97
61
38
-40
-34
99
84
2
70
-24
77
-85
41
-76
-73
34
-77
19
-49
-27
-9
100
-89
71
-53
-68

-97
-93
-89
-88
-85
-77
-76
-76
-74
-73
-68
-66
-65
-61
-59
-58
-58
-53
-53
-50
-49
-49
-49
-40
-34
-34
-33
-32
-28
-27
-24
-24
-20
-19
-12
-10
-9
-8
-6
-4
-4
2
6
6
16
19
21
34
35
38
41
42
44
48
53
59
61
66
70
70
71
73
77
78
84
87
90
92
98
99
100

2
87
51
38
83
44
53
-60
40
-33
18
29
-61
-28
-3
-53
-91
-91
16
-48
-68
-25
26
67
-53
-23
-9
14
-47
68
41
-7
-84
-14

-91
-91
-84
-68
-61
-60
-53
-53
-48
-47
-33
-28
-25
-23
-14
-9
-7
-3
2
14
16
18
26
29
38
40
41
44
51
53
67
68
83
87

-65
56
-1
-87
-12
67
-4
99
57
-53
1
26
29
16
-56
-31
-25
-17
8
18
46
-42
-67
79
19
-72
-79
75
-77
-88
-72
23
23
44
-61
70
-74
28
80
-49
-89
-55
73
-51
54
-69
84
32
42
92
-30
-6
17
-4
0
1
-9
30
-17
85
-75
81
80
-14
-11
-95
-37
-24
-95
-80
-19
-97
-95
61
-79
97
-56
80
-11
93
42
-29
-11
31
-84
-37
48
46
-57
96

-97
-95
-95
-95
-89
-88
-87
-84
-80
-79
-79
-77
-75
-74
-72
-72
-69
-67
-65
-61
-57
-56
-56
-55
-53
-51
-49
-42
-37
-37
-31
-30
-29
-25
-24
-19
-17
-17
-14
-12
-11
-11
-11
-9
-6
-4
-4
-1
0
1
1
8
16
17
18
19
23
23
26
28
29
30
31
32
42
42
44
46
46
48
54
56
57
61
67
70
73
75
79
80
80
80
81
84
85
92
93
96
97
99

65
71
53
82
88
-30
-14
-87
-57
37
42
-62
-83
-68
-10
-45
-71
34
64
43
-10
-53
30
6
-40
74
32
-1
-52
-31
-13
90
-14
98
2
-16
-64
100
54
97
-96
-28
-39
2
-51
61
-29
58
59
-75
20

-96
-87
-83
-75
-71
-68
-64
-62
-57
-53
-52
-51
-45
-40
-39
-31
-30
-29
-28
-16
-14
-14
-13
-10
-10
-1
2
2
6
20
30
32
34
37
42
43
53
54
58
59
61
64
65
71
74
82
88
90
97
98
100

-15
-40
-15
-78
-5
-20
55
45
46
13
-92
-83
-63
62
-43
0
8
1
-18
79
-36
13
100
-63
73
51
-79
100

-92
-83
-79
-78
-63
-63
-43
-40
-36
-20
-18
-15
-15
-5
0
1
8
13
13
45
46
51
55
62
73
79
100
100

-90
-8
75
45
-90
-78
32
-90
-13
84
47
50
-60
25
-2
92
-17
44
-67
-97
-48
-56
-29
-66
-1
97
94
-22
-38
-48
-28
-62
-94
-32
-35
-15
-27
47
-78
20
14
59
41
-1
-42
-27
-42
-42
25

-97
-94
-90
-90
-90
-78
-78
-67
-66
-62
-60
-56
-48
-48
-42
-42
-42
-38
-35
-32
-29
-28
-27
-27
-22
-17
-15
-13
-8
-2
-1
-1
14
20
25
25
32
41
44
45
47
47
50
59
75
84
92
94
97

-59
42
39
80
66
76
-21
7
-68
-100
-94
34
-60
96
-4
13
-38
74
-80
-76

-100
-94
-80
-76
-68
-60
-59
-38
-21
-4
7
13
34
39
42
66
74
76
80
96

-53
4
84
77
-4
-42
-26
-43
0
-61
-21
-74
-91
75
-34
-72
81
74
64
-2
7
-16
91
-28
-20
-32
-62
-90

-91
-90
-74
-72
-62
-61
-53
-43
-42
-34
-32
-28
-26
-21
-20
-16
-4
-2
0
4
7
64
74
75
77
81
84
91

20
23
-78
56
65
76
-25
1

-78
-25
1
20
23
56
65
76

-41
-94
-26
-64
-74
71
93
49
-90
5
1
-100
-86
-56
-68
-24
-1
16
43
97
-69
18
19
73
29
-87
84
76
-45
30
75
45
21
-85
-6
83
-79
32
52
21
39
-32
74
-20
44
-45
28
-20
0
48
35
-10
-8
33
39
-76
-95
-60
-87
95
6
0
73
91
70
-18
-26
-83
-17
-78
-86
65
61
-29
-67
16
95
15
97
57
-20
-42
88
-65
-69
-23
-45
-68
-47
24
-24
36
88
-5
50
-58
18
66

-100
-95
-94
-90
-87
-87
-86
-86
-85
-83
-79
-78
-76
-74
-69
-69
-68
-68
-67
-65
-64
-60
-58
-56
-47
-45
-45
-45
-42
-41
-32
-29
-26
-26
-24
-24
-23
-20
-20
-20
-18
-17
-10
-8
-6
-5
-1
0
0
1
5
6
15
16
16
18
18
19
21
21
24
28
29
30
32
33
35
36
39
39
43
44
45
48
49
50
52
57
61
65
66
70
71
73
73
74
75
76
83
84
88
88
91
93
95
95
97
97

-87
58
-59
50
63
-44
77
-11
-78
61
88
30
23
-99
-26
-17
4
-14
-92
-76
-99
-33
-84
92
54
-67
22
-83
35
38
66
8
-57
-37
-84
48
-7
74
-43
-82
8
39
-98
5
21
-58
66
2
-6
68
36
51
4
-43
84
35
-67
37
-36
-12
-69
53
2
-84
55
49
97
-29
13
42
-96
-61
-34
-46
-12
-88
64
72
-18
-59
68
45
-33
82
-79
-63
41
-19
-1

-99
-99
-98
-96
-92
-88
-87
-84
-84
-84
-83
-82
-79
-78
-76
-69
-67
-67
-63
-61
-59
-59
-58
-57
-46
-44
-43
-43
-37
-36
-34
-33
-33
-29
-26
-19
-18
-17
-14
-12
-12
-11
-7
-6
-1
2
2
4
4
5
8
8
13
21
22
23
30
35
35
36
37
38
39
41
42
45
48
49
50
51
53
54
55
58
61
63
64
66
66
68
68
72
74
77
82
84
88
92
97

80
-33
-23
14
85
-83
19
-77
-25
38
50
58
-74
30
-26
50
-26
-34
-100
51
-84
-22
-76
99
-60
-67
3
-3
67
12
81
-28
38
8
19
92
-100
-83
-43

-100
-100
-84
-83
-83
-77
-76
-74
-67
-60
-43
-34
-33
-28
-26
-26
-25
-23
-22
-3
3
8
12
14
19
19
30
38
38
50
50
51
58
67
80
81
85
92
99

-8
-86
61
31
-35
41
-93
69
10
-40
-60
-25
52
33
1
-1
75
-52
87
48
2
0
91
51
51
-65
-46
76
-49
65
-17
18
-70
-43
-99
-54
77
-20
23
24
99
-3
-52
-82
-60
-97
-53
62
-25
-17
-9
-60
84
-49
76

-99
-97
-93
-86
-82
-70
-65
-60
-60
-60
-54
-53
-52
-52
-49
-49
-46
-43
-40
-35
-25
-25
-20
-17
-17
-9
-8
-3
-1
0
1
2
10
18
23
24
31
33
41
48
51
51
52
61
62
65
69
75
76
76
77
84
87
91
99

75
21
-27
-40
-76
-84
-67
-46
-5
-77
25
6
35
48
-43
-39
-30
67
-57
17
-49
27
23
54
8
-3
17
55
-30
-72
73
-58
57
67
-95
72
-26
25
-45
19
-76
79
-75
27
62
-66
-88
-20

-95
-88
-84
-77
-76
-76
-75
-72
-67
-66
-58
-57
-49
-46
-45
-43
-40
-39
-30
-30
-27
-26
-20
-5
-3
6
8
17
17
19
21
23
25
25
27
27
35
48
54
55
57
62
67
67
72
73
75
79

-46
-1
31
34
75
-93
-75
65
55
32
82
81
65
-94
-82
82
62
-92
13
98
40
69
-29
-7
6
-99
52
47
-37
8
43
18
-65
86
-31
72
-60
-70
87
-39
-17
-71
-61
-97
-70
17
-94
-46
-32
-84
-9
51
8
40
-34
-26
-34
62
4
-71
-87
-69
-49
-67
-60
66

-99
-97
-94
-94
-93
-92
-87
-84
-82
-75
-71
-71
-70
-70
-69
-67
-65
-61
-60
-60
-49
-46
-46
-39
-37
-34
-34
-32
-31
-29
-26
-17
-9
-7
-1
4
6
8
8
13
17
18
31
32
34
40
40
43
47
51
52
55
62
62
65
65
66
69
72
75
81
82
82
86
87
98

66
15
92
-94
-10
-65
-38
94
3
67
24
-65
-96
-29
5
-95
-21
-51
59
-78
38
-9
66
-75
-6
-16
40
-15
40
13
-84
-79
2
-24
66
-77
82
80
-55
-44
38
-83
-14
-9
94
57
27
50

-96
-95
-94
-84
-83
-79
-78
-77
-75
-65
-65
-55
-51
-44
-38
-29
-24
-21
-16
-15
-14
-10
-9
-9
-6
2
3
5
13
15
24
27
38
38
40
40
50
57
59
66
66
66
67
80
82
92
94
94

-76
25
-74
-75
11
-84
6
-20
-24
71
39
-86
83
63
28
58
-81
-59
-19
35
23
39
-91
-62
4
88
51

-91
-86
-84
-81
-76
-75
-74
-62
-59
-24
-20
-19
4
6
11
23
25
28
35
39
39
51
58
63
71
83
88

17
-97
-55
-75
18
45
32
-36
-47
-72
97
-5
-28
66
60
-50
-17
-40
-58
-54
54

-97
-75
-72
-58
-55
-54
-50
-47
-40
-36
-28
-17
-5
17
18
32
45
54
60
66
97

-24
92
-28
-44
-58
42
-23
97
-4
-100

-100
-58
-44
-28
-24
-23
-4
42
92
97

-94
1
-42
18
75
45
75
-29
-7
8
66
22
63
36
-23
-50
-14
-45
-62
-95
-79
66
-30
7
-15
-95
-20
-75
15
10
-61
41
62
-100
5
33
65
19
61
-3
-83
-48
-97
-30

-100
-97
-95
-95
-94
-83
-79
-75
-62
-61
-50
-48
-45
-42
-30
-30
-29
-23
-20
-15
-14
-7
-3
1
5
7
8
10
15
18
19
22
33
36
41
45
61
62
63
65
66
66
75
75

-65
-86
-99
53
-67
-90
25
79
-95
89
-40
-4
71
-37
-8
10
-9
-47
-26
7
95
44
38
-94
24
94
40
-53
-84
-25
-30
54
-9
-63
-72
-92
-4
91
45
-33
-44
62
-4
70
20

-99
-95
-94
-92
-90
-86
-84
-72
-67
-65
-63
-53
-47
-44
-40
-37
-33
-30
-26
-25
-9
-9
-8
-4
-4
-4
7
10
20
24
25
38
40
44
45
53
54
62
70
71
79
89
91
94
95

65
43
0
80
47
-8
-43
-40
96
-9
75
83
-18
-82
-76
-67
-33
47
34
50
62
-73
5
70
-89
-96
50
-17
88
17
88
67
-79
66
-42
-84
12
89
-60
64
-30

-96
-89
-84
-82
-79
-76
-73
-67
-60
-43
-42
-40
-33
-30
-18
-17
-9
-8
0
5
12
17
34
43
47
47
50
50
62
64
65
66
67
70
75
80
83
88
88
89
96

39
-75
6
60
-13
-88
94
1
76
29
-80
27
89
63
-55
-62
-31
38
14
31
39
-69
-13
-88
-94
-94
9
-57
-20
79
-53
8
-13
-8
-46
-40
-94
-43
-98
-98
76
-64
-38
-73
99
95
89
38
69
-15
-25
92
63
-1
50
-38
-16
10
14
1
33
16
99
-93
-26
33

-98
-98
-94
-94
-94
-93
-88
-88
-80
-75
-73
-69
-64
-62
-57
-55
-53
-46
-43
-40
-38
-38
-31
-26
-25
-20
-16
-15
-13
-13
-13
-8
-1
1
1
6
8
9
10
14
14
16
27
29
31
33
33
38
38
39
39
50
60
63
63
69
76
76
79
89
89
92
94
95
99
99

-93
14
-5
-40
36
-54
61
-40
52
-45
60
-2
32

-93
-54
-45
-40
-40
-5
-2
14
32
36
52
60
61

-89
34
16
-54
93
-21
59
-69
-83
-52
-32
-13
54
-90
13
-26
30
-66
-85
83
-90
-39
100
34
28
-44
19
-30
-2
89
61
-47
-97
8
-68
77
-14
21
16
37
-60
27
-50
2
-42
-3
-26
-30
22
-28
26
98
57
48
-33
-29
32
-20
34
-91
98
-38
15
-79
-36
60
-68
-20
70
24

-97
-91
-90
-90
-89
-85
-83
-79
-69
-68
-68
-66
-60
-54
-52
-50
-47
-44
-42
-39
-38
-36
-33
-32
-30
-30
-29
-28
-26
-26
-21
-20
-20
-14
-13
-3
-2
2
8
13
15
16
16
19
21
22
24
26
27
28
30
32
34
34
34
37
48
54
57
59
60
61
70
77
83
89
93
98
98
100

67
72
-9
56
50
29
-66
44
83
64
98
-14
-28
-96
2
-45
-64
40
-64
66
22
88

-96
-66
-64
-64
-45
-28
-14
-9
2
22
29
40
44
50
56
64
66
67
72
83
88
98

-66
71
-68
12
-6
-67
83
58
-53
38
77
67
53
-99
77
54
-8
69
-30
10
8
-43
-1
-90
52
-43
-1
-100
-79

-100
-99
-90
-79
-68
-67
-66
-53
-43
-43
-30
-8
-6
-1
-1
8
10
12
38
52
53
54
58
67
69
71
77
77
83

-41
95
47
39
-50
-75
36
39
47
87
51
62
7
72
-80
31
30
38
-3
-50
-95
35
-86
-69
-82
-88
-19
95
73
14
-89
34
-91
59
19
94
-22
-11
47
-100
-18
69
-40
-22
4
-73
13
48
2
43
-39
-6
11
78
-64
-76
72
41
-15
33
7
52
30
-93
79
-17
9
35
32
-55
-41
-80

-100
-95
-93
-91
-89
-88
-86
-82
-80
-80
-76
-75
-73
-69
-64
-55
-50
-50
-41
-41
-40
-39
-22
-22
-19
-18
-17
-15
-11
-6
-3
2
4
7
7
9
11
13
14
19
30
30
31
32
33
34
35
35
36
38
39
39
41
43
47
47
47
48
51
52
59
62
69
72
72
73
78
79
87
94
95
95

75
68
-44
32
-62
32
-66
26
-87
-42
93
-54
-19
-98
70
-94
24
-52
3
-32
-41
16
96
59
45
-31
32
23
80
-15
-7
-12

-98
-94
-87
-66
-62
-54
-52
-44
-42
-41
-32
-31
-19
-15
-12
-7
3
16
23
24
26
32
32
32
45
59
68
70
75
80
93
96

65
-76
28
95
-94
-11
21
-33
31
17
-80
-94
-37
96
45
74
-60
-28
60
87
44
-58
-59
32
61
-88
-31
4
89
-97
28
95
49
21
-15
-34
71
-7
-71
33
91
-30
44
-13
58
-35
-23
-19
57
-89
-40
-60
55
-64
-56
-43
9
-36
43
-69
87
-57
-73
-38
-83
54
80
85
-54
-94
-24
6
99
74
62
-36
-32
50
20
80
26
49
-41
-7
84
-41

-97
-94
-94
-94
-89
-88
-83
-80
-76
-73
-71
-69
-64
-60
-60
-59
-58
-57
-56
-54
-43
-41
-41
-40
-38
-37
-36
-36
-35
-34
-33
-32
-31
-30
-28
-24
-23
-19
-15
-13
-11
-7
-7
4
6
9
17
20
21
21
26
28
28
31
32
33
43
44
44
45
49
49
50
54
55
57
58
60
61
62
65
71
74
74
80
80
84
85
87
87
89
91
95
95
96
99

-35
-100
68
-40
92
65
90
-87
35
-69

-100
-87
-69
-40
-35
35
65
68
90
92

88.4883
26.028
34.2697
25.9987
32.3632
-31.4603
79.7311
14.6604
-42.2967
-77.7705
-70.6221
-36.4849
-85.8383
9.46938
-89.5833
22.2864
-11.5818
-73.8513
-10.1913
41.9459
-84.8216
8.50702
71.9349
-18.2822
-93.0692
-35.8721
76.6173
16.6699
-48.3633
-98.2674
66.8575
-59.928
-93.4583
-66.9834
65.579
-55.5622
-90.3133
-17.8953
21.9596
78.7722
34.4402
-77.9288
32.4172
-57.5896
18.7528
-44.4716
-69.8255
5.05894
-98.532
-2.47006
-86.8417
-73.4901
-15.471
-59.4677
13.3352
84.4778
82.0969
-22.0914
56.4095
89.931
-34.6127
-47.9213
97.1154
-12.0255
28.5305
-89.8961
73.5836
-29.7114
-35.1326
-32.4379
38.291
87.1334
23.6912
36.4089
90.6199
30.4303
-40.0879
55.2063
23.0684
-75.0306
21.5037
34.7094
22.0241
-18.1002
-80.8973
21.4132
44.0689
-16.1992
40.4067
99.217
17.0627
-38.4296
-37.553
-44.5214
-4.45953
-45.5558
85.946
82.1965

-98.532
-98.2674
-93.4583
-93.0692
-90.3133
-89.8961
-89.5833
-86.8417
-85.8383
-84.8216
-80.8973
-77.9288
-77.7705
-75.0306
-73.8513
-73.4901
-70.6221
-69.8255
-66.9834
-59.928
-59.4677
-57.5896
-55.5622
-48.3633
-47.9213
-45.5558
-44.5214
-44.4716
-42.2967
-40.0879
-38.4296
-37.553
-36.4849
-35.8721
-35.1326
-34.6127
-32.4379
-31.4603
-29.7114
-22.0914
-18.2822
-18.1002
-17.8953
-16.1992
-15.471
-12.0255
-11.5818
-10.1913
-4.45953
-2.47006
5.05894
8.50702
9.46938
13.3352
14.6604
16.6699
17.0627
18.7528
21.4132
21.5037
21.9596
22.0241
22.2864
23.0684
23.6912
25.9987
26.028
28.5305
30.4303
32.3632
32.4172
34.2697
34.4402
34.7094
36.4089
38.291
40.4067
41.9459
44.0689
55.2063
56.4095
65.579
66.8575
71.9349
73.5836
76.6173
78.7722
79.7311
82.0969
82.1965
84.4778
85.946
87.1334
88.4883
89.931
90.6199
97.1154
99.217

-46.6953
8.49821
90.7871
57.8994
-66.6054
-70.1741
38.4154
-8.2363
35.9296
79.1655
-54.7109
-53.8593
45.019
2.48505
97.0885
63.8168
59.154
37.2325
-62.5704
-27.3756
11.4393
65.7388
24.9675
42.3894
77.4779
-61.1186
68.0395
19.9755
-0.050087
44.0618
-80.0236
-58.9485
-51.678
43.7593
-91.7199
54.7105
-27.5058
53.8329
-8.37743
77.0194
-30.6439
82.6267
45.1374
20.6441
17.9495
-81.894
-68.387
-10.7993
-99.7706
-98.9566
42.8381
25.6806
-62.7396
-69.6191
-36.0459
27.7145
-60.4347
84.42
-82.3019
-34.1685
-87.7442
-10.7573
71.3096
-34.8396
-41.8506
-74.9786
-9.45271

-99.7706
-98.9566
-91.7199
-87.7442
-82.3019
-81.894
-80.0236
-74.9786
-70.1741
-69.6191
-68.387
-66.6054
-62.7396
-62.5704
-61.1186
-60.4347
-58.9485
-54.7109
-53.8593
-51.678
-46.6953
-41.8506
-36.0459
-34.8396
-34.1685
-30.6439
-27.5058
-27.3756
-10.7993
-10.7573
-9.45271
-8.37743
-8.2363
-0.050087
2.48505
8.49821
11.4393
17.9495
19.9755
20.6441
24.9675
25.6806
27.7145
35.9296
37.2325
38.4154
42.3894
42.8381
43.7593
44.0618
45.019
45.1374
53.8329
54.7105
57.8994
59.154
63.8168
65.7388
68.0395
71.3096
77.0194
77.4779
79.1655
82.6267
84.42
90.7871
97.0885

93.2688
-41.4605
56.8201
10.0632
78.5391
-31.7316
76.3807
88.5519
51.3571
-55.0525
-86.4868
-32.7528
-6.08603
-6.79251
-67.1974
48.0355
92.4633
-59.9775
54.3507
-7.20491
4.66286
-60.0662
26.6426
47.6806
-93.4346
-95.4529
-51.744
12.4938
12.6635
18.5125
-82.2676
29.7816
-68.4323
-2.5119
-44.6454
-78.7303
-15.6584
-40.4017
1.3838
-77.8746
71.5446
-23.0146
43.179
-64.7026
74.1236
-73.0706
49.1688

-95.4529
-93.4346
-86.4868
-82.2676
-78.7303
-77.8746
-73.0706
-68.4323
-67.1974
-64.7026
-60.0662
-59.9775
-55.0525
-51.744
-44.6454
-41.4605
-40.4017
-32.7528
-31.7316
-23.0146
-15.6584
-7.20491
-6.79251
-6.08603
-2.5119
1.3838
4.66286
10.0632
12.4938
12.6635
18.5125
26.6426
29.7816
43.179
47.6806
48.0355
49.1688
51.3571
54.3507
56.8201
71.5446
74.1236
76.3807
78.5391
88.5519
92.4633
93.2688

80.6359
-57.3704
-69.3813
10.3271
-3.98969
68.5817
-26.1263
0.728851
-77.1886
64.0551
14.0476
90.671
-58.061
-83.3269
98.3551
40.0991
-25.8139
17.3507
-51.1308
-57.984
26.6312
7.70113
73.2431
32.3146
92.8977
38.6988
-83.4183
-29.5937
97.5038
-29.9463
-96.4204
-23.1799
1.24088
24.9844
-46.4292
97.5955
12.8713
30.1483
62.3959
67.6967
-93.9895
63.9822
67.1965
90.3089
-35.1147
-70.8731
1.41795
-15.4384
84.9058
15.0601
5.43987
96.8825
-42.636
73.6018
42.8649
-55.9607
-53.0983
-91.3197
67.4837
-17.0863
-94.7169
39.4843
-8.76632
-4.3657
44.8176
-50.3666
-33.1693
-56.163
54.5267
79.5303
85.9079
6.90108
66.9242
80.2657
-86.7156
79.7194
-85.7028
60.3542
-35.0926
100.102
-46.7183
85.9437
61.6245
60.6525
-45.4819
-78.7741
-79.3052
-54.3167
12.7794
-15.7249
-35.3781
75.5481
-86.1194
-62.5055
-100.308
-75.2111

-100.308
-96.4204
-94.7169
-93.9895
-91.3197
-86.7156
-86.1194
-85.7028
-83.4183
-83.3269
-79.3052
-78.7741
-77.1886
-75.2111
-70.8731
-69.3813
-62.5055
-58.061
-57.984
-57.3704
-56.163
-55.9607
-54.3167
-53.0983
-51.1308
-50.3666
-46.7183
-46.4292
-45.4819
-42.636
-35.3781
-35.1147
-35.0926
-33.1693
-29.9463
-29.5937
-26.1263
-25.8139
-23.1799
-17.0863
-15.7249
-15.4384
-8.76632
-4.3657
-3.98969
0.728851
1.24088
1.41795
5.43987
6.90108
7.70113
10.3271
12.7794
12.8713
14.0476
15.0601
17.3507
24.9844
26.6312
30.1483
32.3146
38.6988
39.4843
40.0991
42.8649
44.8176
54.5267
60.3542
60.6525
61.6245
62.3959
63.9822
64.0551
66.9242
67.1965
67.4837
67.6967
68.5817
73.2431
73.6018
75.5481
79.5303
79.7194
80.2657
80.6359
84.9058
85.9079
85.9437
90.3089
90.671
92.8977
96.8825
97.5038
97.5955
98.3551
100.102

75.8717
12.6814
0.220695
84.2099
80.3035
15.2019
-50.551
39.6882
-52.6649
-3.80894
-76.7242
-45.8109
59.8901
26.8588
-63.154
69.5352
-31.449
-65.8979
54.4681
98.4889
36.26
-43.9752
-71.5334
-74.605
-17.4381
18.5775
-15.1818
11.5325
-77.7809
-29.1532
12.5464
18.0636
-24.2727
-19.5956
65.325
86.5191
-4.78041
-8.78887
-41.8889
-71.2103
-43.4313
28.033
15.885
-25.5601
-0.558746
-50.2833
11.4196
63.8056
78.2812
-76.3531
-5.32252
-97.3961
92.8235
95.0547
82.4598
-80.6076
-28.3894
-26.4981
-90.7559
-75.3486
-86.4754
-48.8311
69.5139
11.0576
59.3607
-31.523
-80.093
-6.27108
-30.7339
-84.9854
-66.7072
67.1466
-18.694
48.1254
57.84
1.42035
70.6866
18.5172
-24.2337
98.9875
91.3675
-9.45675
-29.6322
-87.4001
86.7614
39.1643
18.1233
-11.8432
18.9631
87.2055

-97.3961
-90.7559
-87.4001
-86.4754
-84.9854
-80.6076
-80.093
-77.7809
-76.7242
-76.3531
-75.3486
-74.605
-71.5334
-71.2103
-66.7072
-65.8979
-63.154
-52.6649
-50.551
-50.2833
-48.8311
-45.8109
-43.9752
-43.4313
-41.8889
-31.523
-31.449
-30.7339
-29.6322
-29.1532
-28.3894
-26.4981
-25.5601
-24.2727
-24.2337
-19.5956
-18.694
-17.4381
-15.1818
-11.8432
-9.45675
-8.78887
-6.27108
-5.32252
-4.78041
-3.80894
-0.558746
0.220695
1.42035
11.0576
11.4196
11.5325
12.5464
12.6814
15.2019
15.885
18.0636
18.1233
18.5172
18.5775
18.9631
26.8588
28.033
36.26
39.1643
39.6882
48.1254
54.4681
57.84
59.3607
59.8901
63.8056
65.325
67.1466
69.5139
69.5352
70.6866
75.8717
78.2812
80.3035
82.4598
84.2099
86.5191
86.7614
87.2055
91.3675
92.8235
95.0547
98.4889
98.9875

-10.2444
-64.4159
29.7769
73.1402
-74.1008
86.6343
61.6793
-68.156
-83.9856
31.199
-96.1532
-0.774574
86.4685
-79.6112
13.9956
49.4628
13.6543
98.2074
91.0757
44.6854
-93.3078
-72.6664
-57.7821
53.2143
-32.6354
35.9124
40.8781
-85.6184
89.6179
70.292
68.3428
-29.2129
-54.9755
-12.8815
95.7287
-19.2465
-10.2034
96.2718
72.9208
70.8049
-59.3957
100.431
-45.3975
65.9792
-22.3028
-39.2511
15.4045
79.7245
63.3092
8.95094
98.5199
98.4488
38.9554
7.62254
48.015
-52.3456
77.0637
52.9462
-77.8456
-80.3721
-23.193
-61.4704
-82.7424
16.4279
-73.1374
61.8539
-67.7521
-2.00323
28.1493
65.2597
72.0026
3.70515
-47.0326
-52.9071
4.05585
-7.28333
-49.0129
39.3833
2.90743
60.6761
-100.045
-72.2043
-18.7991
-100.456
-20.8552
-90.4104
28.3012
40.8886
-51.633
34.9421
69.2695
-86.4484

-100.456
-100.045
-96.1532
-93.3078
-90.4104
-86.4484
-85.6184
-83.9856
-82.7424
-80.3721
-79.6112
-77.8456
-74.1008
-73.1374
-72.6664
-72.2043
-68.156
-67.7521
-64.4159
-61.4704
-59.3957
-57.7821
-54.9755
-52.9071
-52.3456
-51.633
-49.0129
-47.0326
-45.3975
-39.2511
-32.6354
-29.2129
-23.193
-22.3028
-20.8552
-19.2465
-18.7991
-12.8815
-10.2444
-10.2034
-7.28333
-2.00323
-0.774574
2.90743
3.70515
4.05585
7.62254
8.95094
13.6543
13.9956
15.4045
16.4279
28.1493
28.3012
29.7769
31.199
34.9421
35.9124
38.9554
39.3833
40.8781
40.8886
44.6854
48.015
49.4628
52.9462
53.2143
60.6761
61.6793
61.8539
63.3092
65.2597
65.9792
68.3428
69.2695
70.292
70.8049
72.0026
72.9208
73.1402
77.0637
79.7245
86.4685
86.6343
89.6179
91.0757
95.7287
96.2718
98.2074
98.4488
98.5199
100.431

97.6991
-43.458
1.33686
-34.6093
2.35973
56.4166
63.9574
12.3482
75.5723
-3.68333
-35.4773
-95.4221
24.4822
84.373
64.5644
52.3396
65.0959
-59.5354
-13.5523
10.7977
-94.7343
77.7139
-97.7995
73.5866
-17.8462
-4.17882
94.2825
-75.7351
-43.749
-27.8304
-65.2725
-8.79507
-77.088
11.09
-39.5023
94.823
-72.4583
-97.3984
-10.7727
51.0834
-35.4913
-27.0574
-62.6495
64.8172
-25.0538
32.4604
56.9406
-61.8498
20.0477
54.2786
70.7753
70.9062
94.4638
89.6678
-10.2202
54.8635
25.6132
94.2581
95.4897
-24.3679
86.4734
-50.0403
-82.3209

-97.7995
-97.3984
-95.4221
-94.7343
-82.3209
-77.088
-75.7351
-72.4583
-65.2725
-62.6495
-61.8498
-59.5354
-50.0403
-43.749
-43.458
-39.5023
-35.4913
-35.4773
-34.6093
-27.8304
-27.0574
-25.0538
-24.3679
-17.8462
-13.5523
-10.7727
-10.2202
-8.79507
-4.17882
-3.68333
1.33686
2.35973
10.7977
11.09
12.3482
20.0477
24.4822
25.6132
32.4604
51.0834
52.3396
54.2786
54.8635
56.4166
56.9406
63.9574
64.5644
64.8172
65.0959
70.7753
70.9062
73.5866
75.5723
77.7139
84.373
86.4734
89.6678
94.2581
94.2825
94.4638
94.823
95.4897
97.6991

-35.5581
-28.6577
-93.8003
7.68989
29.0222
-8.20077
-25.996
-43.8281
-70.9003
68.9241
24.598
-75.0077
-55.7585

-93.8003
-75.0077
-70.9003
-55.7585
-43.8281
-35.5581
-28.6577
-25.996
-8.20077
7.68989
24.598
29.0222
68.9241

-17.763
94.7387
16.2226
64.9503
19.0928
-87.1125
92.0809
43.74
-89.6163
-8.77265
45.5704
57.3167
-58.1894
75.3625
24.6232
-39.8264
38.2367
-75.2573
-87.0373
3.25375
-56.281
41.8515
16.3861
96.2973
-67.9002
-12.3113
-54.7126
82.411
-85.9091
55.8354
-69.3099
-39.5718
27.5622
57.8446
4.8243
33.6903
68.7094
35.7754
-5.54729
-12.7798
-26.5925
89.0126
27.6646
-64.1558
-11.7356
-73.6085
-88.6725
43.3157
99.367
44.7643
67.5584
-31.2642
9.27184
25.5275
87.1285
-53.8513
0.826057
-89.8073
53.4708
-51.1682
61.4696
73.6084
-8.86105
-79.162
10.429
-80.0523
22.5749
77.2742
56.0476
-58.4447
13.874
69.4581
33.2268
19.5761
-85.6223
-40.5811
-81.4857
-25.6947
9.39431
16.8894
49.518
-71.6923
-29.4709
-95.2378
-84.1345
-82.0308
-15.4097
-39.3345
57.7527
16.0814
-78.521
63.888
37.983
41.2573
78.4584

-95.2378
-89.8073
-89.6163
-88.6725
-87.1125
-87.0373
-85.9091
-85.6223
-84.1345
-82.0308
-81.4857
-80.0523
-79.162
-78.521
-75.2573
-73.6085
-71.6923
-69.3099
-67.9002
-64.1558
-58.4447
-58.1894
-56.281
-54.7126
-53.8513
-51.1682
-40.5811
-39.8264
-39.5718
-39.3345
-31.2642
-29.4709
-26.5925
-25.6947
-17.763
-15.4097
-12.7798
-12.3113
-11.7356
-8.86105
-8.77265
-5.54729
0.826057
3.25375
4.8243
9.27184
9.39431
10.429
13.874
16.0814
16.2226
16.3861
16.8894
19.0928
19.5761
22.5749
24.6232
25.5275
27.5622
27.6646
33.2268
33.6903
35.7754
37.983
38.2367
41.2573
41.8515
43.3157
43.74
44.7643
45.5704
49.518
53.4708
55.8354
56.0476
57.3167
57.7527
57.8446
61.4696
63.888
64.9503
67.5584
68.7094
69.4581
73.6084
75.3625
77.2742
78.4584
82.411
87.1285
89.0126
92.0809
94.7387
96.2973
99.367

80.7218
-41.7202
-17.8224
-96.036
-45.2502
-98.6238
39.5934
-51.4769
13.7938
-44.3146
97.8661
-51.996
85.9476
-86.2582
-62.7995
33.4105
51.9458
93.434
66.47
87.2529
-43.4886
-38.4002
-89.645
-19.167
-70.6361
-46.0233
-54.0913
-42.8376
-65.0215
6.82853
-5.75914
27.9877
44.2658
62.0958
-41.0848
38.8007
5.5576
55.1194
-3.26211
85.1928
53.4976
-14.8296
-3.97785
57.6141
-52.3695
69.9625
-69.9671
-88.1284
84.4957
74.5999
65.0058
76.5135
-25.9701
44.0518
89.7293
-29.8508

-98.6238
-96.036
-89.645
-88.1284
-86.2582
-70.6361
-69.9671
-65.0215
-62.7995
-54.0913
-52.3695
-51.996
-51.4769
-46.0233
-45.2502
-44.3146
-43.4886
-42.8376
-41.7202
-41.0848
-38.4002
-29.8508
-25.9701
-19.167
-17.8224
-14.8296
-5.75914
-3.97785
-3.26211
5.5576
6.82853
13.7938
27.9877
33.4105
38.8007
39.5934
44.0518
44.2658
51.9458
53.4976
55.1194
57.6141
62.0958
65.0058
66.47
69.9625
74.5999
76.5135
80.7218
84.4957
85.1928
85.9476
87.2529
89.7293
93.434
97.8661

49.9828
21.9652
-1.89645
60.9905
-3.90003
96.7292
13.661
81.0905
47.7518
-17.3417
-89.2541
3.52892
-49.3141
-91.5544
-43.1975
27.8585
54.7848
54.8092
-20.6878
-88.7171
-38.4695
-52.4987
-83.2567
85.1139
-49.2359
5.83271
65.9433
54.7145
-14.0457
-61.122
14.4834
-62.2871
57.5628
27.3689
-85.3832
12.9585
20.9878
-5.314
-42.4932
66.0389
-10.8058
-41.374
51.9239
35.785
-6.32824
45.333
-70.3585
-14.5244
5.952

-91.5544
-89.2541
-88.7171
-85.3832
-83.2567
-70.3585
-62.2871
-61.122
-52.4987
-49.3141
-49.2359
-43.1975
-42.4932
-41.374
-38.4695
-20.6878
-17.3417
-14.5244
-14.0457
-10.8058
-6.32824
-5.314
-3.90003
-1.89645
3.52892
5.83271
5.952
12.9585
13.661
14.4834
20.9878
21.9652
27.3689
27.8585
35.785
45.333
47.7518
49.9828
51.9239
54.7145
54.7848
54.8092
57.5628
60.9905
65.9433
66.0389
81.0905
85.1139
96.7292

-39.9827
98.9021
-51.8492
38.7462
57.2255
77.6646
53.2763
33.9209
43.8142
85.596
44.9713
-93.8805
-71.1688
-0.102425
99.6854
52.9844
35.4964
41.8598
4.14342
-64.6113
39.2862
-67.7159
-4.50081
-0.0895996
-13.8948
32.8534
60.663
-56.398
-53.7062

-93.8805
-71.1688
-67.7159
-64.6113
-56.398
-53.7062
-51.8492
-39.9827
-13.8948
-4.50081
-0.102425
-0.0895996
4.14342
32.8534
33.9209
35.4964
38.7462
39.2862
41.8598
43.8142
44.9713
52.9844
53.2763
57.2255
60.663
77.6646
85.596
98.9021
99.6854

-28.9844
51.8449
-20.4515
8.62588
26.5276
-22.5214
-75.6942
97.4505
52.7774
17.1693
-87.3466
30.6531
27.1094
8.13698
98.1911
-32.5442
-94.5426
-27.4927
41.1484
5.72528
-24.9161
-69.7706
-56.518
-13.9852
19.5713
-0.727036
37.2477
40.287
35.239
-91.9516
-66.2527
63.4767
-47.4073
48.5334
30.1826
77.1769
-77.6954
-31.1307
82.8472
-72.9745
-61.7075
-64.7686
-13.2724
-75.9359
54.259
53.7165
35.5213
80.1243
29.6405
59.031
21.6429
1.89905
27.0419
-16.6419
-36.0962
5.83028
-73.3937
26.7221

-94.5426
-91.9516
-87.3466
-77.6954
-75.9359
-75.6942
-73.3937
-72.9745
-69.7706
-66.2527
-64.7686
-61.7075
-56.518
-47.4073
-36.0962
-32.5442
-31.1307
-28.9844
-27.4927
-24.9161
-22.5214
-20.4515
-16.6419
-13.9852
-13.2724
-0.727036
1.89905
5.72528
5.83028
8.13698
8.62588
17.1693
19.5713
21.6429
26.5276
26.7221
27.0419
27.1094
29.6405
30.1826
30.6531
35.239
35.5213
37.2477
40.287
41.1484
48.5334
51.8449
52.7774
53.7165
54.259
59.031
63.4767
77.1769
80.1243
82.8472
97.4505
98.1911

-54.4069
26.2823
77.9356
98.287
-79.8658
12.4393
62.3119
75.6615
-5.20419
-69.7679
63.3334
-42.5899
-4.38688
71.4437
-86.1044
89.8879
-79.6329
23.8616
22.0273
-78.4736
23.2403
-76.9981
-22.0853
-4.0775
50.7487
-49.262
63.1403
-12.5591
-52.7856
60.3223
29.299
60.4545
46.1132
-16.2958
-69.7658
74.4678
17.6252
84.0169
54.7722
-83.2019
25.2421
78.1298
93.5888
40.7972
-88.8406
42.673
75.0199
-18.3782
-6.98806
-86.6931
-82.7441
-4.87283
53.4036
-73.2977
21.2641
35.338
31.2295
4.41872
24.992
89.6639
12.1969
-2.88636
-91.4143
-66.256
1.22498
-82.629
79.8401
-79.254
-62.8907
-56.9095
45.1973
89.9046
-16.7849
-82.8588
4.11444
97.7233
0.064827
97.3306
-59.295
-61.9133
58.8639
99.2186
-67.8225
30.2533
-88.0463
4.12419
-95.3027
47.7943
85.7448
-6.58047
20.5945
74.3483

-95.3027
-91.4143
-88.8406
-88.0463
-86.6931
-86.1044
-83.2019
-82.8588
-82.7441
-82.629
-79.8658
-79.6329
-79.254
-78.4736
-76.9981
-73.2977
-69.7679
-69.7658
-67.8225
-66.256
-62.8907
-61.9133
-59.295
-56.9095
-54.4069
-52.7856
-49.262
-42.5899
-22.0853
-18.3782
-16.7849
-16.2958
-12.5591
-6.98806
-6.58047
-5.20419
-4.87283
-4.38688
-4.0775
-2.88636
0.064827
1.22498
4.11444
4.12419
4.41872
12.1969
12.4393
17.6252
20.5945
21.2641
22.0273
23.2403
23.8616
24.992
25.2421
26.2823
29.299
30.2533
31.2295
35.338
40.7972
42.673
45.1973
46.1132
47.7943
50.7487
53.4036
54.7722
58.8639
60.3223
60.4545
62.3119
63.1403
63.3334
71.4437
74.3483
74.4678
75.0199
75.6615
77.9356
78.1298
79.8401
84.0169
85.7448
89.6639
89.8879
89.9046
93.5888
97.3306
97.7233
98.287
99.2186

58.1255
41.8743
30.1066
52.7699
70.1245
-4.20421
78.6268
15.6327
-99.2153
7.35034
-18.4167
53.6638
21.3896
-10.7999
3.5152
48.5827
3.13086
33.8478
-4.88235
-81.3979
49.818
39.2837
94.8889
-37.139
-48.6057
-38.9354
74.3015
7.30169
-93.523
-68.5267
-58.3123
84.0214
-28.0041
30.5127
-88.6976
-46.9436
52.2228
86.6811
-56.6328
41.3397
81.9243
-19.8364

-99.2153
-93.523
-88.6976
-81.3979
-68.5267
-58.3123
-56.6328
-48.6057
-46.9436
-38.9354
-37.139
-28.0041
-19.8364
-18.4167
-10.7999
-4.88235
-4.20421
3.13086
3.5152
7.30169
7.35034
15.6327
21.3896
30.1066
30.5127
33.8478
39.2837
41.3397
41.8743
48.5827
49.818
52.2228
52.7699
53.6638
58.1255
70.1245
74.3015
78.6268
81.9243
84.0214
86.6811
94.8889

37.8309
-53.5383
91.6036
-89.9503
-64.7931
-15.6221
95.1973
70.2896
-26.8765
64.577
-86.7378
-65.5273
-29.6903
-72.3171
22.8563
-22.5733
-53.2404
42.6576
-18.5264
-60.7818
21.2046
91.8145
22.2109
59.479
-77.4572
-92.3116
-76.8536
-89.758
3.78288
30.6198
-38.0731
-1.15831
16.773
20.1497
-37.8919
-97.6568
77.1862
75.6866
-90.5507
73.5453
97.5356
90.8018
-87.3562
-62.1274
-35.1984
63.2274
-74.4102
-79.9049
-34.2626
23.9956
73.3989
-58.5759
-12.619
78.5571
-53.1026
-60.989
-57.9959
-74.0476
-29.6394
-93.5525
73.5349
-94.0231
83.5814
87.5055
76.9105
-84.9922
57.7044
70.6658
100.496
40.6688
-6.43004
-42.0956
-7.71793
28.7467
-5.80412
-61.8116
92.9504
2.24844
12.4039
75.967
-20.9473
-77.1136
-95.0656
-43.2015
-4.47441
78.0513
-90.2649
60.8259
-28.8523
-43.3991
82.3697
16.562
-58.2931
-69.0498
11.0556
-66.0998
-70.1576
36.8628
-24.4611
36.704
-97.5385

-97.6568
-97.5385
-95.0656
-94.0231
-93.5525
-92.3116
-90.5507
-90.2649
-89.9503
-89.758
-87.3562
-86.7378
-84.9922
-79.9049
-77.4572
-77.1136
-76.8536
-74.4102
-74.0476
-72.3171
-70.1576
-69.0498
-66.0998
-65.5273
-64.7931
-62.1274
-61.8116
-60.989
-60.7818
-58.5759
-58.2931
-57.9959
-53.5383
-53.2404
-53.1026
-43.3991
-43.2015
-42.0956
-38.0731
-37.8919
-35.1984
-34.2626
-29.6903
-29.6394
-28.8523
-26.8765
-24.4611
-22.5733
-20.9473
-18.5264
-15.6221
-12.619
-7.71793
-6.43004
-5.80412
-4.47441
-1.15831
2.24844
3.78288
11.0556
12.4039
16.562
16.773
20.1497
21.2046
22.2109
22.8563
23.9956
28.7467
30.6198
36.704
36.8628
37.8309
40.6688
42.6576
57.7044
59.479
60.8259
63.2274
64.577
70.2896
70.6658
73.3989
73.5349
73.5453
75.6866
75.967
76.9105
77.1862
78.0513
78.5571
82.3697
83.5814
87.5055
90.8018
91.6036
91.8145
92.9504
95.1973
97.5356
100.496

-57.788
66.0829
-99.4926
18.3344
-78.1416
-71.1115
0.460007
-80.9258
-98.9209
37.6953
-74.5716
70.6112
-92.5316
43.3652
26.9327
67.2485
-59.2754
-29.5386
-20.8763
97.7547
-32.7653
65.8357
-28.2261
94.8032
-91.7015
-45.077
28.9489
-8.75427
-6.02854
29.1327
-21.4781
94.7113
-28.7832
93.9744
-6.86916
-62.4741
82.7396
100.091
-56.6617
78.4191
-85.0956
-36.8465
33.2515
-96.0449
-77.864
-63.3092
60.1848
-54.6287
76.6568
-4.04658
1.3473
-66.8565
-28.4353
-87.7209
10.3278
-7.70021
11.4005
-47.1375
88.0272
-16.3197
70.5746
65.6823
91.114
-34.4624
-94.4898
84.0546
-46.563

-99.4926
-98.9209
-96.0449
-94.4898
-92.5316
-91.7015
-87.7209
-85.0956
-80.9258
-78.1416
-77.864
-74.5716
-71.1115
-66.8565
-63.3092
-62.4741
-59.2754
-57.788
-56.6617
-54.6287
-47.1375
-46.563
-45.077
-36.8465
-34.4624
-32.7653
-29.5386
-28.7832
-28.4353
-28.2261
-21.4781
-20.8763
-16.3197
-8.75427
-7.70021
-6.86916
-6.02854
-4.04658
0.460007
1.3473
10.3278
11.4005
18.3344
26.9327
28.9489
29.1327
33.2515
37.6953
43.3652
60.1848
65.6823
65.8357
66.0829
67.2485
70.5746
70.6112
76.6568
78.4191
82.7396
84.0546
88.0272
91.114
93.9744
94.7113
94.8032
97.7547
100.091

-94.6498
-45.2027
15.7773
83.0231
-28.0396
31.1294
5.8232
41.1161
-3.6286
22.9281
-25.5191
85.6683
-3.21924
27.508
-37.5258
8.48731
83.1075
68.1794
25.1791
-58.1213
47.4078
-25.3632
-92.3937
45.9344
45.4408
30.7588
-67.2274
17.4929
-76.5462
-53.9209
-73.0854
-85.4203
-15.1079
-82.5835
8.19427
-96.5365
46.169
52.6507
-79.995
-24.1562
-22.7571
-69.7154
-85.8386
75.0558
-9.31644
70.9263
-44.2503
29.4524
-42.1563
-27.03
-53.295
11.9481
41.8503
-15.5604
-83.7973
29.1859
63.0572
60.5386
37.1966

-96.5365
-94.6498
-92.3937
-85.8386
-85.4203
-83.7973
-82.5835
-79.995
-76.5462
-73.0854
-69.7154
-67.2274
-58.1213
-53.9209
-53.295
-45.2027
-44.2503
-42.1563
-37.5258
-28.0396
-27.03
-25.5191
-25.3632
-24.1562
-22.7571
-15.5604
-15.1079
-9.31644
-3.6286
-3.21924
5.8232
8.19427
8.48731
11.9481
15.7773
17.4929
22.9281
25.1791
27.508
29.1859
29.4524
30.7588
31.1294
37.1966
41.1161
41.8503
45.4408
45.9344
46.169
47.4078
52.6507
60.5386
63.0572
68.1794
70.9263
75.0558
83.0231
83.1075
85.6683

61.1284
-91.5523
-22.3794
35.8501
42.8153
-35.0423
40.4148
-90.5054
-84.5404
50.8374
80.8376
-23.0555
-23.6612
36.7806
87.3159
76.669
55.7573
69.0318
85.2272
-62.7618
6.91354
-49.8744
-21.1563
-35.431
-3.37222
-100.2
-46.4236
13.2064
-27.7155
-10.2477
-4.61319
-83.0496
20.0025
-25.1221
23.9538
12.2986
80.4336
37.5147
83.2271
49.5141
-34.2739
-33.9463
12.8485
-44.0902
32.9897
-34.3285
-50.8846
34.5408
66.5939
-76.8879
47.1303
-94.4982
3.37065
-56.7099
-62.5871
-71.4827
-16.1319
65.4601

-100.2
-94.4982
-91.5523
-90.5054
-84.5404
-83.0496
-76.8879
-71.4827
-62.7618
-62.5871
-56.7099
-50.8846
-49.8744
-46.4236
-44.0902
-35.431
-35.0423
-34.3285
-34.2739
-33.9463
-27.7155
-25.1221
-23.6612
-23.0555
-22.3794
-21.1563
-16.1319
-10.2477
-4.61319
-3.37222
3.37065
6.91354
12.2986
12.8485
13.2064
20.0025
23.9538
32.9897
34.5408
35.8501
36.7806
37.5147
40.4148
42.8153
47.1303
49.5141
50.8374
55.7573
61.1284
65.4601
66.5939
69.0318
76.669
80.4336
80.8376
83.2271
85.2272
87.3159

37.5144
69.2102
33.7496
95.4678
12.2425
-49.0674
96.0871
-24.3611
93.8255
36.4875
-1.51973
13.2802
-25.8526
-17.126
-41.1162
-1.93378
-37.8528
-46.734
14.6176
-71.8171
83.8708
-9.44405
65.9548
47.2521
-17.3766
53.4823
25.2389
53.0896
-92.5896
84.3674
-73.7808
63.1704
86.0411
-63.0964
38.4958
-74.0658
-76.3607
59.2979
-77.2443
-65.5588
79.4241
73.2132
41.8851
8.02764
76.6077
-37.4113
-61.7535
-80.8828
66.6134
-51.0673
-11.3937
37.0903
37.1235
-50.5728
-36.6503
-96.5024
-1.7193
-78.5302

-96.5024
-92.5896
-80.8828
-78.5302
-77.2443
-76.3607
-74.0658
-73.7808
-71.8171
-65.5588
-63.0964
-61.7535
-51.0673
-50.5728
-49.0674
-46.734
-41.1162
-37.8528
-37.4113
-36.6503
-25.8526
-24.3611
-17.3766
-17.126
-11.3937
-9.44405
-1.93378
-1.7193
-1.51973
8.02764
12.2425
13.2802
14.6176
25.2389
33.7496
36.4875
37.0903
37.1235
37.5144
38.4958
41.8851
47.2521
53.0896
53.4823
59.2979
63.1704
65.9548
66.6134
69.2102
73.2132
76.6077
79.4241
83.8708
84.3674
86.0411
93.8255
95.4678
96.0871

-80.8348
-21.1881
88.4102
-9.75901
-5.57969
21.0907
50.5821
15.6985
98.6132
-54.9865
83.3662
-32.465
-32.9076
-87.948
54.0337
-58.2634
0.169945
-56.4588
97.8715
-23.4189
-54.5912
-36.6365
36.4941
-48.4575
-93.6984
-80.5873
88.5596
-78.6006
97.3531
-38.8038
20.4008
-19.2373
-5.0177
21.4918
78.3456
64.9048
-99.7187
-61.2332
82.8498
-64.2597
-18.0632
22.1644
25.862
55.7954
30.7105
-38.6159
-19.6629
-28.362
99.2785
54.8005
30.9949
45.0959
63.3777
99.0255
-88.1456
39.0932
26.6926
1.21786
43.8971
60.4158
-82.9798
-4.10608
90.9257
-86.8042
86.3743
79.4504
-43.793
-85.4055
5.22592
87.8021
6.3373
28.1001
1.34187
-25.5202
-62.989
80.4361
14.9321
-58.658
-73.0077
-72.7084
21.6692
-33.9766
-48.0332
-99.1548
33.7062
-87.3355
-88.931
3.93601
55.2235
66.5553
-0.957367
-73.0013
81.5198
-99.8645
-62.0954
12.676
18.0797
-3.0487
-46.1681

-99.8645
-99.7187
-99.1548
-93.6984
-88.931
-88.1456
-87.948
-87.3355
-86.8042
-85.4055
-82.9798
-80.8348
-80.5873
-78.6006
-73.0077
-73.0013
-72.7084
-64.2597
-62.989
-62.0954
-61.2332
-58.658
-58.2634
-56.4588
-54.9865
-54.5912
-48.4575
-48.0332
-46.1681
-43.793
-38.8038
-38.6159
-36.6365
-33.9766
-32.9076
-32.465
-28.362
-25.5202
-23.4189
-21.1881
-19.6629
-19.2373
-18.0632
-9.75901
-5.57969
-5.0177
-4.10608
-3.0487
-0.957367
0.169945
1.21786
1.34187
3.93601
5.22592
6.3373
12.676
14.9321
15.6985
18.0797
20.4008
21.0907
21.4918
21.6692
22.1644
25.862
26.6926
28.1001
30.7105
30.9949
33.7062
36.4941
39.0932
43.8971
45.0959
50.5821
54.0337
54.8005
55.2235
55.7954
60.4158
63.3777
64.9048
66.5553
78.3456
79.4504
80.4361
81.5198
82.8498
83.3662
86.3743
87.8021
88.4102
88.5596
90.9257
97.3531
97.8715
98.6132
99.0255
99.2785

37.3252
-78.1663
46.7099
36.689
-19.7781
63.4219
-61.9998
75.8601
92.7813
-67.2481
46.9891
2.8955
82.2261
-91.9666
-22.2066
18.9263
-5.79913
-4.7587
-10.1241
-37.5032
-21.9173
-74.0163
72.5207
-75.0657
49.343
36.9125
-75.2408
98.41
86.8674
2.27986
-17.0128
-62.6898
26.1887
24.4337
-21.6289
4.08341
-87.1072
65.5117
94.8046
34.5832
-47.3813
53.4107
-71.9634
27.6071
-22.3681
1.82188
-48.6649
82.5191
90.4688
-79.9497
-60.3058
-60.7518
-35.5509
82.5415
-31.1527
-90.3832
-3.46124
83.6478
44.8618
59.644
84.3638
78.2722
61.6152
-95.5798
-83.4144
75.3995
22.126
80.1464
-0.208931
72.6333
16.0893
-73.097
-34.4252
-59.9245
51.1267
61.6185
100.162
-21.9968
13.2597
44.1773
49.3173
84.667
-4.42612
-39.5763
-24.6486
84.3692
19.9103
-82.2242
-30.89
65.9084
53.2039
77.688
82.0373
-81.9333

-95.5798
-91.9666
-90.3832
-87.1072
-83.4144
-82.2242
-81.9333
-79.9497
-78.1663
-75.2408
-75.0657
-74.0163
-73.097
-71.9634
-67.2481
-62.6898
-61.9998
-60.7518
-60.3058
-59.9245
-48.6649
-47.3813
-39.5763
-37.5032
-35.5509
-34.4252
-31.1527
-30.89
-24.6486
-22.3681
-22.2066
-21.9968
-21.9173
-21.6289
-19.7781
-17.0128
-10.1241
-5.79913
-4.7587
-4.42612
-3.46124
-0.208931
1.82188
2.27986
2.8955
4.08341
13.2597
16.0893
18.9263
19.9103
22.126
24.4337
26.1887
27.6071
34.5832
36.689
36.9125
37.3252
44.1773
44.8618
46.7099
46.9891
49.3173
49.343
51.1267
53.2039
53.4107
59.644
61.6152
61.6185
63.4219
65.5117
65.9084
72.5207
72.6333
75.3995
75.8601
77.688
78.2722
80.1464
82.0373
82.2261
82.5191
82.5415
83.6478
84.3638
84.3692
84.667
86.8674
90.4688
92.7813
94.8046
98.41
100.162

83.3305
11.9609
35.5234
-41.8174
37.3876
-40.6963
-9.75011
97.1583
59.0776
78.5948
62.6458
65.6198
-44.9285
-65.3837
32.9946
47.4996
-69.4754
26.5064
-27.2896

-69.4754
-65.3837
-44.9285
-41.8174
-40.6963
-27.2896
-9.75011
11.9609
26.5064
32.9946
35.5234
37.3876
47.4996
59.0776
62.6458
65.6198
78.5948
83.3305
97.1583

-44.5522
51.8472
15.9031
73.7018
14.4469
37.1027
-27.3509
50.3881
64.1244
-81.8849
-81.28
90.34
-29.4566
7.75664
42.5168
8.26752
53.6416
-67.1844
-54.6498
-16.1422
-98.0713
-50.3678
90.3875
94.8708
10.1859
-19.7949
-32.8315
-3.19701
-95.0663
100.46
75.9975
74.7697
59.3193
-58.5393
47.1248
20.709
99.9992
-81.9205
9.3758
60.6397
56.5236
-13.2194
86.9464
15.941
-29.1402
-100.116
-9.22858
30.0361
90.7384
-59.0093
-62.0484
-53.8735
2.70242
12.6301
79.2527
-67.9695
-15.4257
-1.30637
-59.917
34.809

-100.116
-98.0713
-95.0663
-81.9205
-81.8849
-81.28
-67.9695
-67.1844
-62.0484
-59.917
-59.0093
-58.5393
-54.6498
-53.8735
-50.3678
-44.5522
-32.8315
-29.4566
-29.1402
-27.3509
-19.7949
-16.1422
-15.4257
-13.2194
-9.22858
-3.19701
-1.30637
2.70242
7.75664
8.26752
9.3758
10.1859
12.6301
14.4469
15.9031
15.941
20.709
30.0361
34.809
37.1027
42.5168
47.1248
50.3881
51.8472
53.6416
56.5236
59.3193
60.6397
64.1244
73.7018
74.7697
75.9975
79.2527
86.9464
90.34
90.3875
90.7384
94.8708
99.9992
100.46

-41.364
12.1605
78.0219
82.8553
85.0239
25.0998
-43.5053
-92.3187
-56.7022
50.6072
33.6336

-92.3187
-56.7022
-43.5053
-41.364
12.1605
25.0998
33.6336
50.6072
78.0219
82.8553
85.0239

89.2586
-78.3945
-74.7074
88.1448
95.3065
93.5337
84.2686
56.4344
39.47
23.3585
-80.6743
-13.0073
-46.2433
39.8998
-50.0611
113.001
100.326
-107.598
55.3249
-53.3917
-79.8508
-27.545
-37.6946
-93.3915
-26.4538
58.7383
89.6669
-77.4067
88.8103
-87.417
2.6179
48.5012
30.2257
101.505
-96.5262
-3.32882
-78.9628
-65.5486
13.283
-29.0077
79.7674
64.4819
-73.584
-56.2352
113.363
52.5743
53.7893
61.5189
-85.8927
-28.662
45.6587
-3.20199
-89.1722
24.9605
-85.7732
116.355
109.036
41.6331
10.6095
-44.9849
116.603
-103.087
10.3547
-48.2192
15.852
102.068
20.8109
68.731
-35.3563
61.7487
-37.4092
-48.6335
-41.7625
-34.9534
-32.7603
120.027
31.9825
32.8197
-18.1544
-96.4261
-13.7569
-80.2057
-103.044
-59.8658
51.963
123.307
-44.0305
-15.8839

-107.598
-103.087
-103.044
-96.5262
-96.4261
-93.3915
-89.1722
-87.417
-85.8927
-85.7732
-80.6743
-80.2057
-79.8508
-78.9628
-78.3945
-77.4067
-74.7074
-73.584
-65.5486
-59.8658
-56.2352
-53.3917
-50.0611
-48.6335
-48.2192
-46.2433
-44.9849
-44.0305
-41.7625
-37.6946
-37.4092
-35.3563
-34.9534
-32.7603
-29.0077
-28.662
-27.545
-26.4538
-18.1544
-15.8839
-13.7569
-13.0073
-3.32882
-3.20199
2.6179
10.3547
10.6095
13.283
15.852
20.8109
23.3585
24.9605
30.2257
31.9825
32.8197
39.47
39.8998
41.6331
45.6587
48.5012
51.963
52.5743
53.7893
55.3249
56.4344
58.7383
61.5189
61.7487
64.4819
68.731
79.7674
84.2686
88.1448
88.8103
89.2586
89.6669
93.5337
95.3065
100.326
101.505
102.068
109.036
113.001
113.363
116.355
116.603
120.027
123.307

93.6258
-58.3083
16.4823
83.5836
103.712
-101.484
-45.2682
-48.6691
4.89433
11.0992
-54.3685
-79.6451
-35.8175
46.9132
36.0898
-6.07107
113.548
68.3034
-18.9681
58.9071
74.584
-32.8921
-97.8887
116.363
18.0411
-74.99
74.2315
-32.3573
-28.6607
-92.2322
-98.7206
23.6705
121.822
75.5489
-84.5731
4.22258
-36.7315
99.1461
-111.4
114.734
45.1901
-79.6682
74.9764
71.8786
28.1142
62.34
-17.4987
-35.6366
-87.1533
-22.0055
35.4062
24.4752
6.38179
114.569
48.0903
-106.747
58.6865
-96.1976
24.2442
-34.8803
13.742
-6.03245
-29.4772
117.254
108.042
-76.7555
-81.9975
-99.8844
113.444
82.9414
-15.3483
50.2485
17.2494
18.1552
16.5215
16.5563
-92.5784
-69.9121
94.1003
-102.957
28.1946
-102.751
-35.739
72.1408

-111.4
-106.747
-102.957
-102.751
-101.484
-99.8844
-98.7206
-97.8887
-96.1976
-92.5784
-92.2322
-87.1533
-84.5731
-81.9975
-79.6682
-79.6451
-76.7555
-74.99
-69.9121
-58.3083
-54.3685
-48.6691
-45.2682
-36.7315
-35.8175
-35.739
-35.6366
-34.8803
-32.8921
-32.3573
-29.4772
-28.6607
-22.0055
-18.9681
-17.4987
-15.3483
-6.07107
-6.03245
4.22258
4.89433
6.38179
11.0992
13.742
16.4823
16.5215
16.5563
17.2494
18.0411
18.1552
23.6705
24.2442
24.4752
28.1142
28.1946
35.4062
36.0898
45.1901
46.9132
48.0903
50.2485
58.6865
58.9071
62.34
68.3034
71.8786
72.1408
74.2315
74.584
74.9764
75.5489
82.9414
83.5836
93.6258
94.1003
99.1461
103.712
108.042
113.444
113.548
114.569
114.734
116.363
117.254
121.822

-39.8666
-76.6283
-14.8778
20.4886
5.84455
-100.76
42.602
56.7572
-98.0427
-56.9936
80.0738
-13.6706
29.3598
75.858
55.9487
-23.2086
-23.0271
-9.45574
113.465
-54.1412
114.806
23.3994
-23.2402
-65.1802
-57.9507
-109.732
-77.9416
50.6826
-15.8478
90.742

-109.732
-100.76
-98.0427
-77.9416
-76.6283
-65.1802
-57.9507
-56.9936
-54.1412
-39.8666
-23.2402
-23.2086
-23.0271
-15.8478
-14.8778
-13.6706
-9.45574
5.84455
20.4886
23.3994
29.3598
42.602
50.6826
55.9487
56.7572
75.858
80.0738
90.742
113.465
114.806

-38.2926
-28.3493
-96.3578
9.58935
-1.28594
22.5728
17.3555
-34.1852
-7.3085
60.8451
17.3226
72.7907
-53.7736
19.5318
-54.5248

-96.3578
-54.5248
-53.7736
-38.2926
-34.1852
-28.3493
-7.3085
-1.28594
9.58935
17.3226
17.3555
19.5318
22.5728
60.8451
72.7907

51.3295
-80.3293
-23.1274
-57.5777
-97.6099
98.5204
-68.3213
65.8147
41.155
50.9464
25.5937
21.0991
85.2157
11.4594
63.7826
117.979
-91.9989

-97.6099
-91.9989
-80.3293
-68.3213
-57.5777
-23.1274
11.4594
21.0991
25.5937
41.155
50.9464
51.3295
63.7826
65.8147
85.2157
98.5204
117.979

8.17476
-99.7959
-14.0183
34.022
-40.29
85.8228
12.7366
100.674
-10.4446
-20.5428
42.056
121.837
-33.8034
21.1086
-80.1179
8.04535
-8.24467
-38.2276
33.6868
-29.0295
5.8825
33.9834
-20.6587
104.912
25.4205
94.6013
115.812
-92.9129
99.6479
49.3093
-72.7954
-109.226
52.6397
-39.9103
31.3647

-109.226
-99.7959
-92.9129
-80.1179
-72.7954
-40.29
-39.9103
-38.2276
-33.8034
-29.0295
-20.6587
-20.5428
-14.0183
-10.4446
-8.24467
5.8825
8.04535
8.17476
12.7366
21.1086
25.4205
31.3647
33.6868
33.9834
34.022
42.056
49.3093
52.6397
85.8228
94.6013
99.6479
100.674
104.912
115.812
121.837

-21.8064
44.2413
114.988
-59.4709
-67.1588
82.7373
120.041
62.0817
-107.283
108.28
-27.4183
-75.6109
82.4845
-84.7537
58.9144
37.0848
96.9817
13.8083
-50.3508
-51.317
13.5803
-11.7437
103.541
-26.8943
-35.5084
-17.5306
-29.2508
25.2668
6.19911
107.603
80.7677
-41.0355
-101.845
-44.5246
13.9899
-37.8839
3.81365
90.6744
110.688
-104.157
94.8239
19.5452
55.877
89.3726
76.8871
-77.1838
122.308
-38.0517
-76.3426
-41.3867
97.7194
-74.1115
49.9206
-42.3811
30.5667
9.393
38.1871
-20.1018
20.8424
-85.5713

-107.283
-104.157
-101.845
-85.5713
-84.7537
-77.1838
-76.3426
-75.6109
-74.1115
-67.1588
-59.4709
-51.317
-50.3508
-44.5246
-42.3811
-41.3867
-41.0355
-38.0517
-37.8839
-35.5084
-29.2508
-27.4183
-26.8943
-21.8064
-20.1018
-17.5306
-11.7437
3.81365
6.19911
9.393
13.5803
13.8083
13.9899
19.5452
20.8424
25.2668
30.5667
37.0848
38.1871
44.2413
49.9206
55.877
58.9144
62.0817
76.8871
80.7677
82.4845
82.7373
89.3726
90.6744
94.8239
96.9817
97.7194
103.541
107.603
108.28
110.688
114.988
120.041
122.308

-19.0711
72.2394
43.6014
-42.5257
-6.075
91.263
-3.00175
-31.8259
0.83832
-35.4414
-39.4324
70.2709
89.2943
95.9209
-78.4304
51.459
120.194
116.307
68.8454
-68.3501
-20.0793
-0.142254
-49.0541
-3.08734
81.0461
93.1467
49.3285
42.8506
65.3168
60.0312
-26.6152
54.142
-15.4274
-38.7003
-59.9652
-99.2534
-41.977
39.1922
15.5789
106.059
84.9886
-40.7105
62.6205
-105.628
-77.5026
113.378
-96.2641
-67.9846
-103.39
85.7974
-17.1049
-69.4536
-78.9877
15.6204
-11.4412
-54.6848
-37.2712
122.131
-39.6385
29.3184
-10.5153
63.554
0.284886
69.5665
-24.6386
66.4924
76.5059
-39.3506
-58.7752
-24.3657
-55.942
6.80952
115.536
66.1709
5.50772
72.0413
115.02
83.9924
-68.9151

-105.628
-103.39
-99.2534
-96.2641
-78.9877
-78.4304
-77.5026
-69.4536
-68.9151
-68.3501
-67.9846
-59.9652
-58.7752
-55.942
-54.6848
-49.0541
-42.5257
-41.977
-40.7105
-39.6385
-39.4324
-39.3506
-38.7003
-37.2712
-35.4414
-31.8259
-26.6152
-24.6386
-24.3657
-20.0793
-19.0711
-17.1049
-15.4274
-11.4412
-10.5153
-6.075
-3.08734
-3.00175
-0.142254
0.284886
0.83832
5.50772
6.80952
15.5789
15.6204
29.3184
39.1922
42.8506
43.6014
49.3285
51.459
54.142
60.0312
62.6205
63.554
65.3168
66.1709
66.4924
68.8454
69.5665
70.2709
72.0413
72.2394
76.5059
81.0461
83.9924
84.9886
85.7974
89.2943
91.263
93.1467
95.9209
106.059
113.378
115.02
115.536
116.307
120.194
122.131

-60.487
-21.5191
-112.087
-78.8741
-63.5521
83.4208
77.0666
-11.2349
74.1254
-8.55193
-36.0361
-25.3101
-10.6717
-47.9233
-35.498
9.33294
8.16447
-39.7091
10.3221
-21.9972
54.6594
29.994
-75.8028
83.6604
17.1779
-52.7203
-50.1688
4.05827
99.5567
7.14824
-38.2991
-89.5298
96.7063
110.406
55.4993
-66.8293
23.6892
-89.7892
113.069
68.462
-73.9772
121.211
99.9435
-84.3614
101.22
95.8846
103.184
105.735
-39.5183
-50.7028
-5.72314
-47.1083
-75.6089
102.436
33.0221
121.995
55.7446
18.7691
94.122
-13.9375
109.373
-64.5783
-83.2448
3.64148
-83.2464
-36.0494
-14.3407
-23.8461
84.9671
-41.7426
-46.3532
55.8095
48.5271
-94.8484
71.9231
24.5427
113.828
-112.24

-112.24
-112.087
-94.8484
-89.7892
-89.5298
-84.3614
-83.2464
-83.2448
-78.8741
-75.8028
-75.6089
-73.9772
-66.8293
-64.5783
-63.5521
-60.487
-52.7203
-50.7028
-50.1688
-47.9233
-47.1083
-46.3532
-41.7426
-39.7091
-39.5183
-38.2991
-36.0494
-36.0361
-35.498
-25.3101
-23.8461
-21.9972
-21.5191
-14.3407
-13.9375
-11.2349
-10.6717
-8.55193
-5.72314
3.64148
4.05827
7.14824
8.16447
9.33294
10.3221
17.1779
18.7691
23.6892
24.5427
29.994
33.0221
48.5271
54.6594
55.4993
55.7446
55.8095
68.462
71.9231
74.1254
77.0666
83.4208
83.6604
84.9671
94.122
95.8846
96.7063
99.5567
99.9435
101.22
102.436
103.184
105.735
109.373
110.406
113.069
113.828
121.211
121.995

-65.7713
-74.3399
-112.015
80.9993
102.927
-48.149
83.328
63.7509
42.4325
-0.842191
97.8395
11.4196
67.2302
104.869
-2.73329
-30.0445
-78.634
-9.83406
-82.4514
-11.7665
25.5436
-17.7875
24.4312
-10.3162
37.6602
104.454
93.7986
-26.4645
-95.236
108.133
38.8677
111.031
-48.1284
5.41928
-63.8931
22.52
52.0702
105.638
-96.2067
-38.6568
67.6783
122.104
113.396
12.4157
97.6478
27.8818
46.3565
59.2048
-25.8753
-5.73369
95.2422
115.989
39.1636
45.9491
-13.3776
1.12379
44.4206
-45.0725
85.755
-34.0616
-33.7186
-69.6164
73.8999
84.2356
80.7437
10.1293
121.553
-82.0773
-83.8584
-73.2449
74.1746
93.945
-98.4954
-28.3113
108.215
101.024
47.7329
103.405
76.6963
-16.8969
-87.4815
10.8001
72.2474
-19.9127
-98.5045
-78.8736
53.0328
-42.5951
-92.6289
24.9929
-102.183
-45.0449
-30.5073
-12.5544
122.566
-33.8836
93.0398
-62.678
26.3415
57.8722
93.8727
-11.4384
-40.9013

-112.015
-102.183
-98.5045
-98.4954
-96.2067
-95.236
-92.6289
-87.4815
-83.8584
-82.4514
-82.0773
-78.8736
-78.634
-74.3399
-73.2449
-69.6164
-65.7713
-63.8931
-62.678
-48.149
-48.1284
-45.0725
-45.0449
-42.5951
-40.9013
-38.6568
-34.0616
-33.8836
-33.7186
-30.5073
-30.0445
-28.3113
-26.4645
-25.8753
-19.9127
-17.7875
-16.8969
-13.3776
-12.5544
-11.7665
-11.4384
-10.3162
-9.83406
-5.73369
-2.73329
-0.842191
1.12379
5.41928
10.1293
10.8001
11.4196
12.4157
22.52
24.4312
24.9929
25.5436
26.3415
27.8818
37.6602
38.8677
39.1636
42.4325
44.4206
45.9491
46.3565
47.7329
52.0702
53.0328
57.8722
59.2048
63.7509
67.2302
67.6783
72.2474
73.8999
74.1746
76.6963
80.7437
80.9993
83.328
84.2356
85.755
93.0398
93.7986
93.8727
93.945
95.2422
97.6478
97.8395
101.024
102.927
103.405
104.454
104.869
105.638
108.133
108.215
111.031
113.396
115.989
121.553
122.104
122.566

-1.49245
68.8501
-46.881
-40.018
89.6644
-104.61
83.4176
-72.2431
111.468
-98.3148
122.096
7.22659
104.69
-97.2228
120.392
59.1379
121.879
34.9788
10.4019
28.7232
66.3471
100.827
37.2376
41.3315
27.2147
-45.2097
-37.9074
-66.6837
-78.5141
-6.18272
99.728
-22.5094
-16.5817
34.6166
121.316
6.06435
-88.3228
2.91141
-74.0022
-52.0418
-28.632
-5.57995
-51.3714
-34.9407
-2.65202
67.7878
106.839
3.74695
-112.179
80.0972
-48.0469
-36.6887
-108.583
-107.068
-7.39772
-97.0108
40.2053
-27.1266
82.1913
-76.993
114.665
122.777
-38.032
122.34

-112.179
-108.583
-107.068
-104.61
-98.3148
-97.2228
-97.0108
-88.3228
-78.5141
-76.993
-74.0022
-72.2431
-66.6837
-52.0418
-51.3714
-48.0469
-46.881
-45.2097
-40.018
-38.032
-37.9074
-36.6887
-34.9407
-28.632
-27.1266
-22.5094
-16.5817
-7.39772
-6.18272
-5.57995
-2.65202
-1.49245
2.91141
3.74695
6.06435
7.22659
10.4019
27.2147
28.7232
34.6166
34.9788
37.2376
40.2053
41.3315
59.1379
66.3471
67.7878
68.8501
80.0972
82.1913
83.4176
89.6644
99.728
100.827
104.69
106.839
111.468
114.665
120.392
121.316
121.879
122.096
122.34
122.777

-82.6224
-63.9932
51.3123
83.8949
3.74365
-38.6201
-49.0203
-26.0063
-39.7359
-61.8794
29.2452
-59.0677
-65.7627
73.8148
-17.3495
44.7458
-23.8217
111.521
-27.0035
104.393
54.9498
-49.4427
45.9342
66.4542
43.2269
-90.7257
-96.9521
4.48368
17.8352
-97.3245
-33.4119
29.6438
-19.2995
-56.7363
-72.3632
-2.47774
-39.7701
69.6515
-82.4421
-49.0542
-14.2794
113.009
93.0523
-73.056
-33.8618
76.5215
-56.0308
18.0155
106.941
89.2754
65.892
119.618
105.466
-63.4223
-49.9377
-41.7799
-82.423
-9.31554
118.936
-13.8067
-70.4552
-24.0132
69.4088
8.68912
-6.18351

-97.3245
-96.9521
-90.7257
-82.6224
-82.4421
-82.423
-73.056
-72.3632
-70.4552
-65.7627
-63.9932
-63.4223
-61.8794
-59.0677
-56.7363
-56.0308
-49.9377
-49.4427
-49.0542
-49.0203
-41.7799
-39.7701
-39.7359
-38.6201
-33.8618
-33.4119
-27.0035
-26.0063
-24.0132
-23.8217
-19.2995
-17.3495
-14.2794
-13.8067
-9.31554
-6.18351
-2.47774
3.74365
4.48368
8.68912
17.8352
18.0155
29.2452
29.6438
43.2269
44.7458
45.9342
51.3123
54.9498
65.892
66.4542
69.4088
69.6515
73.8148
76.5215
83.8949
89.2754
93.0523
104.393
105.466
106.941
111.521
113.009
118.936
119.618

-14.0249
-10.5253
85.9351
-98.8976
-106.867
57.6991
-15.5067
63.3239
-34.345
71.6925
87.7746
13.7422
12.5565
-61.4282
-99.0674
-84.5833
-15.6293
109.426
-44.9207
100.607
-92.3649
68.5046
23.5701
-36.8564
56.2077
-110.602
51.1459
46.8329
-65.714
114.373
12.4749
-35.9219
122.51
-65.2863
71.7507
-10.9272
48.9535
-20.8495
101.398
-85.7921
-45.2179
-23.6662
86.5028
90.701
-53.469
76.7892
-5.87183
-0.784131
87.5041
-37.775
-5.62041
-2.27158
-59.4317
45.507
34.7158
-96.5678
113.709
15.5555
-26.8018
-105.512
12.3914

-110.602
-106.867
-105.512
-99.0674
-98.8976
-96.5678
-92.3649
-85.7921
-84.5833
-65.714
-65.2863
-61.4282
-59.4317
-53.469
-45.2179
-44.9207
-37.775
-36.8564
-35.9219
-34.345
-26.8018
-23.6662
-20.8495
-15.6293
-15.5067
-14.0249
-10.9272
-10.5253
-5.87183
-5.62041
-2.27158
-0.784131
12.3914
12.4749
12.5565
13.7422
15.5555
23.5701
34.7158
45.507
46.8329
48.9535
51.1459
56.2077
57.6991
63.3239
68.5046
71.6925
71.7507
76.7892
85.9351
86.5028
87.5041
87.7746
90.701
100.607
101.398
109.426
113.709
114.373
122.51

26.9303
67.3881
-3.22701
-1.12177
8.37523
58.2528
-44.2698
-3.38149
-83.4043
24.1777
-8.26553
78.8832
-23.9946
-41.0312
70.7688
77.9983
66.3184
-23.6369
77.1614
55.3252
-4.10809
36.7095
46.6357
-73.5954

-83.4043
-73.5954
-44.2698
-41.0312
-23.9946
-23.6369
-8.26553
-4.10809
-3.38149
-3.22701
-1.12177
8.37523
24.1777
26.9303
36.7095
46.6357
55.3252
58.2528
66.3184
67.3881
70.7688
77.1614
77.9983
78.8832

-91.2585
3.38191
74.9805
119.698
94.5476
-93.3169
67.9381
-62.1277
88.9812
104.948
61.3659
-39.6944
107.247
64.0252
-104.822
99.4343
96.8582
-72.1011
-105.406
52.704
117.951
51.3224
74.6722
25.4007
-35.5203
28.8488
122.614
9.07672
-29.6311
-16.6978
93.9995
31.4919
75.33
-68.2975
-105.69
-105.466
64.2529
-33.4277
-37.1804
95.5121
-8.72273
74.3669
83.4702
-23.3472
56.4408
119.514
-98.6667
87.102
-101.868
67.4261
-51.9364
38.7071
47.0341
103.099
-74.6133

-105.69
-105.466
-105.406
-104.822
-101.868
-98.6667
-93.3169
-91.2585
-74.6133
-72.1011
-68.2975
-62.1277
-51.9364
-39.6944
-37.1804
-35.5203
-33.4277
-29.6311
-23.3472
-16.6978
-8.72273
3.38191
9.07672
25.4007
28.8488
31.4919
38.7071
47.0341
51.3224
52.704
56.4408
61.3659
64.0252
64.2529
67.4261
67.9381
74.3669
74.6722
74.9805
75.33
83.4702
87.102
88.9812
93.9995
94.5476
95.5121
96.8582
99.4343
103.099
104.948
107.247
117.951
119.514
119.698
122.614

-109.881
55.5456
42.359
58.3217
103.143
-62.3417
-4.80086
-111.693
69.0043
-96.8985
-30.3911
-20.3776
89.38
-83.1533
-45.1436
57.0604
89.7171
108.869
-7.05702
114.529
-64.946
81.574
-111.5
-29.3958
-77.8213
11.1403
82.7607
80.4346
84.0514
-69.4684
5.24845
103.382
107.3
-66.2489
51.751
-92.8128
69.4417
-13.5775
-94.5846
107.442
84.2352
45.7083
-83.7544
-94.2759
119.272
11.043
-89.3466
-54.2777
-3.0155
4.8899
52.0273
-38.0042
81.9443
-111.861
68.8896
107.093
-58.1439
31.7849
74.1136
-31.7675
100.24
-90.5188
-35.1916
-87.1395

-111.861
-111.693
-111.5
-109.881
-96.8985
-94.5846
-94.2759
-92.8128
-90.5188
-89.3466
-87.1395
-83.7544
-83.1533
-77.8213
-69.4684
-66.2489
-64.946
-62.3417
-58.1439
-54.2777
-45.1436
-38.0042
-35.1916
-31.7675
-30.3911
-29.3958
-20.3776
-13.5775
-7.05702
-4.80086
-3.0155
4.8899
5.24845
11.043
11.1403
31.7849
42.359
45.7083
51.751
52.0273
55.5456
57.0604
58.3217
68.8896
69.0043
69.4417
74.1136
80.4346
81.574
81.9443
82.7607
84.0514
84.2352
89.38
89.7171
100.24
103.143
103.382
107.093
107.3
107.442
108.869
114.529
119.272

114.532
-23.7769
21.9594
-87.3581
27.4751
-31.1468
-68.6085
8.81868
1.65015
-48.3239
105.07
-93.4757
-93.0442
97.6346
-89.9479
32.3312
49.0014
23.6018
-91.4065
-87.0329

-93.4757
-93.0442
-91.4065
-89.9479
-87.3581
-87.0329
-68.6085
-48.3239
-31.1468
-23.7769
1.65015
8.81868
21.9594
23.6018
27.4751
32.3312
49.0014
97.6346
105.07
114.532

91.9615
18.3235
99.1331
-13.0746
54.6244
-81.5127
51.3953
16.8041
-72.7485
57.9618
-39.9023
63.8274
-44.3362
111.232
45.3479
115.458
-95.9855
120.894
42.2694
-97.7156
62.5267
-10.6169
107.002
-44.4925
-68.6487
-71.0649
48.826
-43.035
83.4845
97.7155
31.5839
-63.231

-97.7156
-95.9855
-81.5127
-72.7485
-71.0649
-68.6487
-63.231
-44.4925
-44.3362
-43.035
-39.9023
-13.0746
-10.6169
16.8041
18.3235
31.5839
42.2694
45.3479
48.826
51.3953
54.6244
57.9618
62.5267
63.8274
83.4845
91.9615
97.7155
99.1331
107.002
111.232
115.458
120.894

52.1754
35.9941
-44.3494
40.0128
107.798
-39.9539
-59.5169
-42.2832
-62.0679
-36.765
18.1276
74.0817
-5.43085
-105.313
-6.99021
109.126
-57.3776
89.0063

-105.313
-62.0679
-59.5169
-57.3776
-44.3494
-42.2832
-39.9539
-36.765
-6.99021
-5.43085
18.1276
35.9941
40.0128
52.1754
74.0817
89.0063
107.798
109.126

77.9069
-32.236
44.6505
-54.2388
13.7388
-2.66838
-11.2617
-22.6419
-91.2796
33.1249
-84.5235
120.404
-19.6359
-100.753
80.0458
-111.125
115.117
68.9023
-44.3009
49.6102
122.23
-59.7784
93.4253
-32.5056
-18.3878
-110.282
79.7016
112.339
119.521
-34.8142
119.829
118.641
72.1861
76.451
100.134
-83.2491
43.1268
-98.7296
20.7097
90.0501
86.2618
-74.1193
71.881
-63.1833
42.3653
68.5267
-3.34085
54.4384
51.8843
37.8453
-69.872
-48.4872
-40.5792
-105.344
-36.9276
-97.5238
3.61603
-65.5392
48.1117
-24.1005

-111.125
-110.282
-105.344
-100.753
-98.7296
-97.5238
-91.2796
-84.5235
-83.2491
-74.1193
-69.872
-65.5392
-63.1833
-59.7784
-54.2388
-48.4872
-44.3009
-40.5792
-36.9276
-34.8142
-32.5056
-32.236
-24.1005
-22.6419
-19.6359
-18.3878
-11.2617
-3.34085
-2.66838
3.61603
13.7388
20.7097
33.1249
37.8453
42.3653
43.1268
44.6505
48.1117
49.6102
51.8843
54.4384
68.5267
68.9023
71.881
72.1861
76.451
77.9069
79.7016
80.0458
86.2618
90.0501
93.4253
100.134
112.339
115.117
118.641
119.521
119.829
120.404
122.23

-47.0233
53.9424
-30.2669
-11.1309
68.4612
36.4611
-108.06
-12.5572
55.8381
7.79711
-56.7497
40.8349
76.4969
-79.6894
-23.0589
-23.0281
60.1877
51.564
-18.5119
-64.1842
-92.3218
-89.2356
-81.8336
66.3929
45.5524
50.4475
110.247
57.5369
39.9168
-90.6649
40.5211
24.3284
53.3254
9.56192
-17.7631
68.4211
-71.9651
-81.1165
-110.637
13.3746
118.526
-100.65
110.804
1.74438
-51.8034
112.299
81.5287
63.8859
74.5969
11.7202
-100.036
-1.52052
-70.0096
-0.549182
-60.392
81.3253
118.021
2.56198
44.2996
106.563
-108.569
-104.723
-67.4299
-74.059
-30.148
-62.2139
86.9343
41.1923
25.8883

-110.637
-108.569
-108.06
-104.723
-100.65
-100.036
-92.3218
-90.6649
-89.2356
-81.8336
-81.1165
-79.6894
-74.059
-71.9651
-70.0096
-67.4299
-64.1842
-62.2139
-60.392
-56.7497
-51.8034
-47.0233
-30.2669
-30.148
-23.0589
-23.0281
-18.5119
-17.7631
-12.5572
-11.1309
-1.52052
-0.549182
1.74438
2.56198
7.79711
9.56192
11.7202
13.3746
24.3284
25.8883
36.4611
39.9168
40.5211
40.8349
41.1923
44.2996
45.5524
50.4475
51.564
53.3254
53.9424
55.8381
57.5369
60.1877
63.8859
66.3929
68.4211
68.4612
74.5969
76.4969
81.3253
81.5287
86.9343
106.563
110.247
110.804
112.299
118.021
118.526

-90.0298
19.1898
-20.1128
48.3337
-61.1442
98.6813
41.2235
-33.5478
7.88128
-62.1468
-91.3328
106.988
-100.644
-10.9714

-100.644
-91.3328
-90.0298
-62.1468
-61.1442
-33.5478
-20.1128
-10.9714
7.88128
19.1898
41.2235
48.3337
98.6813
106.988

37.3076
-16.5942
-63.7144
61.7282
-87.9527
-29.3275
71.6132
-82.6973
-24.0183
40.8041
-5.34771
86.8057
77.9353
56.636
54.005
60.3973
-110.884
22.6747
-85.6774
62.4489
-1.9456
47.1716
-55.9565
57.5016
-13.0092
-35.6193
63.2174
46.9722
-7.75914
-21.3504
6.02384
71.5962
16.3521
-99.2034
14.7355
-25.3777
85.2827
-29.1083
44.5558
7.42523
19.2498
-49.6287
-61.3098
17.1309
107.247
39.2219
65.7884
5.22851
79.1235
-47.1701
-48.1764
92.1502
86.4192
37.2477
-55.4221
-92.7861
109.144
119.92
117.642
-103.747
7.34774
-88.0611
16.4028
-40.3919
-20.5224
-79.4652
-109.381
59.4019
-43.8333
-21.9744
-4.60559
-86.6347
-48.7414
-51.7155

-110.884
-109.381
-103.747
-99.2034
-92.7861
-88.0611
-87.9527
-86.6347
-85.6774
-82.6973
-79.4652
-63.7144
-61.3098
-55.9565
-55.4221
-51.7155
-49.6287
-48.7414
-48.1764
-47.1701
-43.8333
-40.3919
-35.6193
-29.3275
-29.1083
-25.3777
-24.0183
-21.9744
-21.3504
-20.5224
-16.5942
-13.0092
-7.75914
-5.34771
-4.60559
-1.9456
5.22851
6.02384
7.34774
7.42523
14.7355
16.3521
16.4028
17.1309
19.2498
22.6747
37.2477
37.3076
39.2219
40.8041
44.5558
46.9722
47.1716
54.005
56.636
57.5016
59.4019
60.3973
61.7282
62.4489
63.2174
65.7884
71.5962
71.6132
77.9353
79.1235
85.2827
86.4192
86.8057
92.1502
107.247
109.144
117.642
119.92

-5.45386
-37.4122
34.9542
83.1696
-83.8959
28.4096
-85.3764
64.1765
59.6018
-6.53408
-57.1494
97.2733
52.3304
-84.2417
34.8064
122.503
22.9934
-37.7079
41.4545
118.516
37.2559
60.2959
106.388
63.1402
-27.2709
94.8253
99.9852
-100.11
40.9744
123.399
59.6509
-105.606
25.1121
-2.60895
-1.21126
-4.29255
-18.8684
26.2333
40.4284
-86.1958
-54.0881
115.644
-71.675
-29.0481
-105.592
-48.1426
11.8391
-57.0769
-3.58261
-12.7389
7.4899
53.5483
-108.795
64.8906
75.0214
-103.108
-45.6626
-16.8002
-3.69205
97.776
58.6395
4.50985
-5.19246
75.2248
-69.9927
106.007
-55.0567
2.30586
13.7408
15.5956
3.96885
-13.693
-91.9389
37.5028
20.7868

-108.795
-105.606
-105.592
-103.108
-100.11
-91.9389
-86.1958
-85.3764
-84.2417
-83.8959
-71.675
-69.9927
-57.1494
-57.0769
-55.0567
-54.0881
-48.1426
-45.6626
-37.7079
-37.4122
-29.0481
-27.2709
-18.8684
-16.8002
-13.693
-12.7389
-6.53408
-5.45386
-5.19246
-4.29255
-3.69205
-3.58261
-2.60895
-1.21126
2.30586
3.96885
4.50985
7.4899
11.8391
13.7408
15.5956
20.7868
22.9934
25.1121
26.2333
28.4096
34.8064
34.9542
37.2559
37.5028
40.4284
40.9744
41.4545
52.3304
53.5483
58.6395
59.6018
59.6509
60.2959
63.1402
64.1765
64.8906
75.0214
75.2248
83.1696
94.8253
97.2733
97.776
99.9852
106.007
106.388
115.644
118.516
122.503
123.399

5.43553
-107.648
99.4102
-70.9654
50.9187
108.186
-67.6588
-17.126
-62.2848
105.799
15.2425
-6.92476
-102.523
102.493
113.717
49.0102
-96.0114
101.436
76.2781
-78.914

-107.648
-102.523
-96.0114
-78.914
-70.9654
-67.6588
-62.2848
-17.126
-6.92476
5.43553
15.2425
49.0102
50.9187
76.2781
99.4102
101.436
102.493
105.799
108.186
113.717

ciao
Torino
Davide
zebra
Bergamo
Anna
contessa
film
programmazione
calcolo
scientifico
Luca
libro
videogioco

Anna
Bergamo
Davide
Luca
Torino
calcolo
ciao
contessa
film
libro
programmazione
scientifico
videogioco
zebra

<end of output>
Test time =   0.01 sec
----------------------------------------------------------
Test Passed.
"bubblesort" end time: Apr 29 13:09 UTC
"bubblesort" time elapsed: 00:00:00
----------------------------------------------------------

2/5 Testing: insertionsort
2/5 Test: insertionsort
Command: "/home/pcsdocker/Data/ES_PCS_2026/esercitazione5/build_relase/test_insertionsort"
Directory: /home/pcsdocker/Data/ES_PCS_2026/esercitazione5/build_relase
"insertionsort" start time: Apr 29 13:09 UTC
Output:
----------------------------------------------------------
-73
30
49
-31
18
-100
23
-57
-2
-69
91
56
-90
-10
-23
9
9
82
13
65
-83
28
-10
-91
-14
-60
26
-100
89
-41
62
53
-74
-70
-65
-75
-41
77
-51
-9
81
4
-41
93
-85
-11
86
52
69
-26
-41
-2
51
89
72
95
-5
-41
13
61
32
39

-100
-100
-91
-90
-85
-83
-75
-74
-73
-70
-69
-65
-60
-57
-51
-41
-41
-41
-41
-41
-31
-26
-23
-14
-11
-10
-10
-9
-5
-2
-2
4
9
9
13
13
18
23
26
28
30
32
39
49
51
52
53
56
61
62
65
69
72
77
81
82
86
89
89
91
93
95

-10
21
80
26
-58
-6
5
74
-99
25
10
8

-99
-58
-10
-6
5
8
10
21
25
26
74
80

26
-27
-41
-62
-73
-45
43
40
-36
-58
-74
12
63
-70
8
39
-94
71
-79
-61
78
-7
-46
-6
69
-22
-58
-42
-25
-24
22
55

-94
-79
-74
-73
-70
-62
-61
-58
-58
-46
-45
-42
-41
-36
-27
-25
-24
-22
-7
-6
8
12
22
26
39
40
43
55
63
69
71
78

-7
80
96
-20
60
18
60
95
84
20
20
64
-64
41
7
77
1
-88
16
-83
-94
71
62
20
74
-17
82
-89
59
-91
-44
41
-92
99
-15
-24
-4
-14
-22
23
99
-90
-65
20
86

-94
-92
-91
-90
-89
-88
-83
-65
-64
-44
-24
-22
-20
-17
-15
-14
-7
-4
1
7
16
18
20
20
20
20
23
41
41
59
60
60
62
64
71
74
77
80
82
84
86
95
96
99
99

4
75
80
-73
-96
-60
-79
48
60
-51
-44
10
68
-37
-45
-12
-12
33
63
70
-59
-69
77
-16
88
61
-60
-85
-76
-73
-16
-12
-63
3
51
-84
-69
-41
77
-40
-70
-61
-68
94
35
-9
28
-15
-20
63
17
5
-36
79
-70
74
48
55
-98
60
88
-24
-80
-23
-40
-30
-35
73
-85
82
-8
-47
-95
99
14
-43
-18
-54
73
-95
25
66
88
-94

-98
-96
-95
-95
-94
-85
-85
-84
-80
-79
-76
-73
-73
-70
-70
-69
-69
-68
-63
-61
-60
-60
-59
-54
-51
-47
-45
-44
-43
-41
-40
-40
-37
-36
-35
-30
-24
-23
-20
-18
-16
-16
-15
-12
-12
-12
-9
-8
3
4
5
10
14
17
25
28
33
35
48
48
51
55
60
60
61
63
63
66
68
70
73
73
74
75
77
77
79
80
82
88
88
88
94
99

45
-83
60
70
87
-43
-39
47

-83
-43
-39
45
47
60
70
87

-30
-1
48
50
-82
-26
-87
-10
-23
75
61
16
83
30
84
46
-14
47
-40
90
-94
16
-95
40
-50
-98
-28
-42
-46
45
-69
-16
29
21
-69
-99
54
73
-21
52
-69
63
47
2
-5
-98
-89
-75
-63
-37
13
1
69
-18
8
-98
-93
25
62
31
21
70
12
-35
38
-52
-76

-99
-98
-98
-98
-95
-94
-93
-89
-87
-82
-76
-75
-69
-69
-69
-63
-52
-50
-46
-42
-40
-37
-35
-30
-28
-26
-23
-21
-18
-16
-14
-10
-5
-1
1
2
8
12
13
16
16
21
21
25
29
30
31
38
40
45
46
47
47
48
50
52
54
61
62
63
69
70
73
75
83
84
90

63
90
24
72
-57
-14
24
-95
-98
30
-41
-41
22
33
-95
-95
92
-79
-90
-25
-54
66
32
-26
-74
43
-68
-77
9
-89
-5
-24
36
-56
-29
16
97
-30
-96
-29
68
54
-87
84
10
-48
-5
-26
39
68
-63
90
-58
-10
-27
95
85
36
-48
-56
-67
-76
24
0
67
-11
83
44
66

-98
-96
-95
-95
-95
-90
-89
-87
-79
-77
-76
-74
-68
-67
-63
-58
-57
-56
-56
-54
-48
-48
-41
-41
-30
-29
-29
-27
-26
-26
-25
-24
-14
-11
-10
-5
-5
0
9
10
16
22
24
24
24
30
32
33
36
36
39
43
44
54
63
66
66
67
68
68
72
83
84
85
90
90
92
95
97

33
95
96
-50
2
8
27
-11
16
-28
92
54
-51
88
-60
69
3
47
93
68
5
-88
9
8
100
66
-73
37
38
-28
97
-61
24
-17
95
43
78
-2
-58
16
50
-71
56
-41
-59
-31
54
-27
0
95
-82
-72
27
70
6
-83
-12
-69
-86
34
-24
98
97
36
4
-39
55
-60
99
-35
-2
-64
-21
68
50
24
-71

-88
-86
-83
-82
-73
-72
-71
-71
-69
-64
-61
-60
-60
-59
-58
-51
-50
-41
-39
-35
-31
-28
-28
-27
-24
-21
-17
-12
-11
-2
-2
0
2
3
4
5
6
8
8
9
16
16
24
24
27
27
33
34
36
37
38
43
47
50
50
54
54
55
56
66
68
68
69
70
78
88
92
93
95
95
95
96
97
97
98
99
100

54
87
37
-26
-86
-31
23
51
40
89
57
-5
-72
55
-54
-31
23
-82
51
69
93
7
-66
59
-69
44
1
-22
-80
-87
51
4
71
1
-23
-29

-87
-86
-82
-80
-72
-69
-66
-54
-31
-31
-29
-26
-23
-22
-5
1
1
4
7
23
23
37
40
44
51
51
51
54
55
57
59
69
71
87
89
93

43
5
8
59
-82
62
66
-15
-78
27
-99
-15
-26
-49
-71
53
20
78
-48
-28
40
74
76
56
87
2
-62

-99
-82
-78
-71
-62
-49
-48
-28
-26
-15
-15
2
5
8
20
27
40
43
53
56
59
62
66
74
76
78
87

58
-6
-63
93
-20
65
-69
40
33
58
-71
-77
-40
43
-87
-14
52
-66
-81
39
-97
12
62
44
20
-32
17
23
-71
-74
-6
5
-48
-53
-2
-98
-22
86
-100
53
-17
14
-69
-15
-38
-58
-17
44
-10
-96
80
-62
67
96
-39
-50
72
-86
62
-79
6
-53
-98
84
59
-79
-44
-8
65
-69
-87
62
-90

-100
-98
-98
-97
-96
-90
-87
-87
-86
-81
-79
-79
-77
-74
-71
-71
-69
-69
-69
-66
-63
-62
-58
-53
-53
-50
-48
-44
-40
-39
-38
-32
-22
-20
-17
-17
-15
-14
-10
-8
-6
-6
-2
5
6
12
14
17
20
23
33
39
40
43
44
44
52
53
58
58
59
62
62
62
65
65
67
72
80
84
86
93
96

-99
80
-46
-76
14
-65
-2
-33
75
64
35
-39
94
55
-8
-14
78
93
3
-60
-3
82
12
-19
71
63
-8
70
46
13
95
-75
-88
78
-25
50
-71
-61
-6
39
15
-46
9
74
-22
25
16
-96
100
-55
-68
91
91
-53
-42
47
67
94
68
-75
-31
-16
-39
55
-80
-49
35
-54
46
87
-90
10
12
59
-29
55
-87
-29
64
58
-80
100

-99
-96
-90
-88
-87
-80
-80
-76
-75
-75
-71
-68
-65
-61
-60
-55
-54
-53
-49
-46
-46
-42
-39
-39
-33
-31
-29
-29
-25
-22
-19
-16
-14
-8
-8
-6
-3
-2
3
9
10
12
12
13
14
15
16
25
35
35
39
46
46
47
50
55
55
55
58
59
63
64
64
67
68
70
71
74
75
78
78
80
82
87
91
91
93
94
94
95
100
100

-69
-74
-79
-10
-36
-93
-27
62

-93
-79
-74
-69
-36
-27
-10
62

42
-62
-16
89
-12
78
-74
-39
80
-84
-18
35
-28
19
-69
-39
96
95
27
-59
80
98
73
67
10
-98
-23
71
-99
-83
17
-48
-42
-47
-13
-47
79
68
6
52
71
-88
-59
55
26
30
-77
95
-84
-35
100
91
84
51
24
-93
20
80
-15
14
-92
-77
-72
52
-28
14
-42
23
44

-99
-98
-93
-92
-88
-84
-84
-83
-77
-77
-74
-72
-69
-62
-59
-59
-48
-47
-47
-42
-42
-39
-39
-35
-28
-28
-23
-18
-16
-15
-13
-12
6
10
14
14
17
19
20
23
24
26
27
30
35
42
44
51
52
52
55
67
68
71
71
73
78
79
80
80
80
84
89
91
95
95
96
98
100

32
-91
-10
68
-36
55
67

-91
-36
-10
32
55
67
68

98
-67
92
61
94
2
62
8
84
44
-29
-41
91
35
31

-67
-41
-29
2
8
31
35
44
61
62
84
91
92
94
98

49
-26
-84
-4
14
-88
83
-68
-4
-26
-26
36
47
-48
-74
-19
-36
37
-91
-50
89
29
-90
97
93
1
60
71
37
61
7
-4
92
-15
-64
-96
90
41
96
92
96
13
-59
50
-86
54
-42
-48
36
31
63
67
80
-88
-32
96
-59
58
-21
-16
95

-96
-91
-90
-88
-88
-86
-84
-74
-68
-64
-59
-59
-50
-48
-48
-42
-36
-32
-26
-26
-26
-21
-19
-16
-15
-4
-4
-4
1
7
13
14
29
31
36
36
37
37
41
47
49
50
54
58
60
61
63
67
71
80
83
89
90
92
92
93
95
96
96
96
97

-37
-20
99
70
67
61
91
-87
2
60
-60
-5
-61
55
2
-72
-94
44
65
81
-50
27
45
72
66
10
-76
-100
-48
33
14
68
-62
-16
-99
53
71
-92
36
-53
-3
-53
-32
-96
-94
-85
-3
36
48
-41
-5
-18
-93
40
32
-19
-78
17
-54
-32
-44
-70
-16
80
73
68
7
28
51
-41
-51
90
42
32
-71
-3
-38
87
6
-52
-9
33
0
-69
34
-72
-19
87
7
21
-37

-100
-99
-96
-94
-94
-93
-92
-87
-85
-78
-76
-72
-72
-71
-70
-69
-62
-61
-60
-54
-53
-53
-52
-51
-50
-48
-44
-41
-41
-38
-37
-37
-32
-32
-20
-19
-19
-18
-16
-16
-9
-5
-5
-3
-3
-3
0
2
2
6
7
7
10
14
17
21
27
28
32
32
33
33
34
36
36
40
42
44
45
48
51
53
55
60
61
65
66
67
68
68
70
71
72
73
80
81
87
87
90
91
99

-2
-55
77
60
65
-63
24
-31
-19
87
85
-42
35
-73
93
-90
85
-90
88
65
-26
59
19
-76
-77
-70
-6
-46
61
-15
-24
75
72
17
-13
-63
-87
-57
-39
71
-87
49
-59
-66
73
-40
12
-23
73
42
3
63
0
-81
-17
-27
16
-47
-19
57
100
46
43
54
-23
-23
-85
37
-78
-7
33

-90
-90
-87
-87
-85
-81
-78
-77
-76
-73
-70
-66
-63
-63
-59
-57
-55
-47
-46
-42
-40
-39
-31
-27
-26
-24
-23
-23
-23
-19
-19
-17
-15
-13
-7
-6
-2
0
3
12
16
17
19
24
33
35
37
42
43
46
49
54
57
59
60
61
63
65
65
71
72
73
73
75
77
85
85
87
88
93
100

46
-70
-7
-36
-87
91
70
-62
-84
6
58
93
45
18
-54
-60
72
-67
-12
49
79
37
-95
76
-61
-7
-18
92
36
2
-5
65
23
-57

-95
-87
-84
-70
-67
-62
-61
-60
-57
-54
-36
-18
-12
-7
-7
-5
2
6
18
23
36
37
45
46
49
58
65
70
72
76
79
91
92
93

-84
-21
24
-3
70
-1
-87
37
-55
-73
20
-99
85
67
-41
66
92
0
46
75
6
-60
93
69
-66
49
-15
36
31
2
-55
57
4
-43
-72
-7
13
-91
-100
-44
-19
85
-28
-5
72
-62
70
19
14
-53
73
-17
57
55
-77
92
41
7
-74
-59
-67
7
4
-77
-85
-100
-50
73
-91
59
-48
86
4
-42
9
22
-28
-38
82
-89
-95
-81
43
-72
-58
-96
48
-31
2
-49

-100
-100
-99
-96
-95
-91
-91
-89
-87
-85
-84
-81
-77
-77
-74
-73
-72
-72
-67
-66
-62
-60
-59
-58
-55
-55
-53
-50
-49
-48
-44
-43
-42
-41
-38
-31
-28
-28
-21
-19
-17
-15
-7
-5
-3
-1
0
2
2
4
4
4
6
7
7
9
13
14
19
20
22
24
31
36
37
41
43
46
48
49
55
57
57
59
66
67
69
70
70
72
73
73
75
82
85
85
86
92
92
93

15
-76
-96
-44
-1
100
-79
-13
-50
-94
33
-8
-31
-54
-40
28
10
12
60
76
88
19
-75
3
-12
-53
-84
60
-42
0
-95
-26
8
-66
39
-20
96
-81
-50
-98
100
-92
63
11
24
23
27
-33
33
25
52

-98
-96
-95
-94
-92
-84
-81
-79
-76
-75
-66
-54
-53
-50
-50
-44
-42
-40
-33
-31
-26
-20
-13
-12
-8
-1
0
3
8
10
11
12
15
19
23
24
25
27
28
33
33
39
52
60
60
63
76
88
96
100
100

30
27
-17
-65
-69
-60
88
54
2
82
-23
-14
-96
-11
95
-82
-18
58
23
51
1
-11
74
-81
-71
18
-32
85

-96
-82
-81
-71
-69
-65
-60
-32
-23
-18
-17
-14
-11
-11
1
2
18
23
27
30
51
54
58
74
82
85
88
95

71
-73
92
15
-98
15
-82
5
-69
-55
79
-44
-94
30
-14
23
-47
33
81
-5
74
-74
7
13
-60
-12
-8
70
56
-87
29
59
-36
61
10
72
82
-27
-83
-50
-67
50
97
-35
-95
60
44
-16
89

-98
-95
-94
-87
-83
-82
-74
-73
-69
-67
-60
-55
-50
-47
-44
-36
-35
-27
-16
-14
-12
-8
-5
5
7
10
13
15
15
23
29
30
33
44
50
56
59
60
61
70
71
72
74
79
81
82
89
92
97

-90
36
68
-12
40
-39
26
-52
-54
-90
-98
32
-90
98
30
38
21
-59
-10
-23

-98
-90
-90
-90
-59
-54
-52
-39
-23
-12
-10
21
26
30
32
36
38
40
68
98

-95
-66
-71
-59
23
46
-59
85
-72
78
-11
30
-87
12
-80
93
-88
30
9
75
-67
23
-19
38
-38
-96
-75
28

-96
-95
-88
-87
-80
-75
-72
-71
-67
-66
-59
-59
-38
-19
-11
9
12
23
23
28
30
30
38
46
75
78
85
93

55
-98
-78
59
71
-64
-18
-28

-98
-78
-64
-28
-18
55
59
71

14
95
-44
47
-53
42
77
82
89
-25
-19
59
-84
44
-2
41
75
-53
45
99
85
-14
-76
26
77
-81
24
35
28
18
-42
55
11
56
-13
13
77
88
-84
62
-24
-28
93
61
8
1
-18
-34
83
14
82
-74
-25
-50
19
-56
-78
-99
16
-83
43
-36
10
91
-84
-33
17
-5
25
90
43
-36
85
70
31
-15
68
84
23
-92
54
88
26
52
68
-6
62
85
-55
68
43
-87
1
47
83
91
67
2

-99
-92
-87
-84
-84
-84
-83
-81
-78
-76
-74
-56
-55
-53
-53
-50
-44
-42
-36
-36
-34
-33
-28
-25
-25
-24
-19
-18
-15
-14
-13
-6
-5
-2
1
1
2
8
10
11
13
14
14
16
17
18
19
23
24
25
26
26
28
31
35
41
42
43
43
43
44
45
47
47
52
54
55
56
59
61
62
62
67
68
68
68
70
75
77
77
77
82
82
83
83
84
85
85
85
88
88
89
90
91
91
93
95
99

47
-81
46
-18
78
-82
100
71
45
-73
16
-29
89
50
45
66
42
-45
28
10
-81
58
82
-43
40
-43
26
58
-83
-70
24
79
-91
-40
73
-4
8
-56
33
-90
13
43
-1
-52
78
-12
-50
-85
26
-47
97
-88
-87
-27
95
50
5
16
14
28
-35
63
60
83
-4
-3
53
-40
82
41
29
-14
-64
-35
95
-18
3
-74
-2
-62
-53
38
94
-54
72
-47
-55
88
6

-91
-90
-88
-87
-85
-83
-82
-81
-81
-74
-73
-70
-64
-62
-56
-55
-54
-53
-52
-50
-47
-47
-45
-43
-43
-40
-40
-35
-35
-29
-27
-18
-18
-14
-12
-4
-4
-3
-2
-1
3
5
6
8
10
13
14
16
16
24
26
26
28
28
29
33
38
40
41
42
43
45
45
46
47
50
50
53
58
58
60
63
66
71
72
73
78
78
79
82
82
83
88
89
94
95
95
97
100

67
-56
83
28
91
-84
-85
-32
7
-56
36
84
-84
94
-82
-90
-67
-36
-87
-85
-79
50
30
9
-6
-44
-70
-39
-94
82
-18
90
-53
90
36
-4
61
48
-2

-94
-90
-87
-85
-85
-84
-84
-82
-79
-70
-67
-56
-56
-53
-44
-39
-36
-32
-18
-6
-4
-2
7
9
28
30
36
36
48
50
61
67
82
83
84
90
90
91
94

93
69
-57
-54
40
-84
21
5
1
-56
-69
40
-51
-35
-17
83
47
63
45
-71
90
25
-9
-71
-40
-39
-95
78
-45
-50
-1
47
39
-41
-1
-63
34
-33
82
-32
-59
-98
-99
-80
-33
49
-96
72
28
70
73
48
-6
18
50

-99
-98
-96
-95
-84
-80
-71
-71
-69
-63
-59
-57
-56
-54
-51
-50
-45
-41
-40
-39
-35
-33
-33
-32
-17
-9
-6
-1
-1
1
5
18
21
25
28
34
39
40
40
45
47
47
48
49
50
63
69
70
72
73
78
82
83
90
93

-8
67
90
14
-36
70
-78
79
-37
-25
-68
61
-58
97
-59
-18
-70
-38
-74
14
-1
-70
69
12
-45
-9
5
-29
-64
-8
23
48
17
-2
-11
-47
10
-49
-58
-55
-41
99
15
-55
-26
-17
14
-63

-78
-74
-70
-70
-68
-64
-63
-59
-58
-58
-55
-55
-49
-47
-45
-41
-38
-37
-36
-29
-26
-25
-18
-17
-11
-9
-8
-8
-2
-1
5
10
12
14
14
14
15
17
23
48
61
67
69
70
79
90
97
99

-18
-50
58
80
27
-23
52
-59
-31
33
88
63
-81
-59
-68
89
5
-70
-60
-61
-42
66
38
-39
71
-87
93
97
71
63
23
-61
-46
-2
55
94
58
31
-40
-5
-23
44
-100
-53
44
46
-62
-83
-59
-94
39
-90
-32
-82
55
-77
-93
-98
0
-75
52
-87
41
14
-71
-41

-100
-98
-94
-93
-90
-87
-87
-83
-82
-81
-77
-75
-71
-70
-68
-62
-61
-61
-60
-59
-59
-59
-53
-50
-46
-42
-41
-40
-39
-32
-31
-23
-23
-18
-5
-2
0
5
14
23
27
31
33
38
39
41
44
44
46
52
52
55
55
58
58
63
63
66
71
71
80
88
89
93
94
97

-83
-33
-87
29
-92
-20
-21
37
37
56
-5
-6
-63
-80
82
68
39
2
64
39
100
40
20
61
-31
-3
3
-37
-19
-73
-95
-76
27
-75
-38
44
84
71
-77
8
53
-18
88
-82
-99
-69
-38
67

-99
-95
-92
-87
-83
-82
-80
-77
-76
-75
-73
-69
-63
-38
-38
-37
-33
-31
-21
-20
-19
-18
-6
-5
-3
2
3
8
20
27
29
37
37
39
39
40
44
53
56
61
64
67
68
71
82
84
88
100

66
-40
74
-28
3
43
47
-70
90
-75
94
-76
22
34
-35
-74
47
37
-58
21
-91
-34
96
3
60
13
6

-91
-76
-75
-74
-70
-58
-40
-35
-34
-28
3
3
6
13
21
22
34
37
43
47
47
60
66
74
90
94
96

-27
13
-56
-60
-84
-99
-65
7
0
-40
10
-14
-39
-54
49
-96
-21
8
-81
69
-73

-99
-96
-84
-81
-73
-65
-60
-56
-54
-40
-39
-27
-21
-14
0
7
8
10
13
49
69

-2
1
44
7
-90
37
-35
-24
-50
31

-90
-50
-35
-24
-2
1
7
31
37
44

48
1
-32
31
87
68
-90
-42
-70
-56
-97
-52
50
-61
-47
-49
-88
-43
-25
18
-12
-97
-1
-18
-29
-35
29
48
-46
-61
-20
26
22
-11
-92
19
96
-60
-55
78
-75
-32
-63
-30

-97
-97
-92
-90
-88
-75
-70
-63
-61
-61
-60
-56
-55
-52
-49
-47
-46
-43
-42
-35
-32
-32
-30
-29
-25
-20
-18
-12
-11
-1
1
18
19
22
26
29
31
48
48
50
68
78
87
96

7
50
79
-17
46
-48
5
33
88
-28
89
53
-24
49
53
89
60
-31
-80
85
37
13
-81
-57
-87
31
-100
100
-15
-44
42
77
-37
99
33
83
71
-11
100
-94
64
72
0
46
49

-100
-94
-87
-81
-80
-57
-48
-44
-37
-31
-28
-24
-17
-15
-11
0
5
7
13
31
33
33
37
42
46
46
49
49
50
53
53
60
64
71
72
77
79
83
85
88
89
89
99
100
100

-51
-64
57
-38
-82
75
-96
-32
43
39
66
91
-30
29
98
97
-49
65
-19
-19
-57
64
-80
-52
-35
-77
-89
27
-94
59
1
-53
93
99
-92
-56
-44
4
-14
-83
85

-96
-94
-92
-89
-83
-82
-80
-77
-64
-57
-56
-53
-52
-51
-49
-44
-38
-35
-32
-30
-19
-19
-14
1
4
27
29
39
43
57
59
64
65
66
75
85
91
93
97
98
99

-71
-8
85
45
-31
-13
68
7
19
36
-82
91
32
6
87
73
15
-100
8
95
56
-30
97
-79
-37
-35
53
-99
2
-16
40
-16
100
62
31
57
41
88
-68
-50
67
90
-59
73
72
43
-19
34
-66
17
19
14
-62
-90
49
71
-87
-86
-45
54
-8
87
17
-91
74
54

-100
-99
-91
-90
-87
-86
-82
-79
-71
-68
-66
-62
-59
-50
-45
-37
-35
-31
-30
-19
-16
-16
-13
-8
-8
2
6
7
8
14
15
17
17
19
19
31
32
34
36
40
41
43
45
49
53
54
54
56
57
62
67
68
71
72
73
73
74
85
87
87
88
90
91
95
97
100

-12
77
77
[...]
-39.4859
-39.1243
-38.8107
-38.7889
-38.5432
-36.139
-35.4396
-27.8772
-17.3318
-6.79128
-5.51465
-3.2265
-2.73502
-1.66621
-1.10828
4.1703
9.2391
15.324
16.2587
16.9337
17.2417
17.3012
19.1036
21.2989
27.5445
29.8909
33.0071
33.4481
35.8435
44.7714
48.3123
50.2432
51.6108
52.1699
53.6496
55.4812
57.1389
58.4668
58.9158
63.8248
66.9708
67.5111
68.6432
72.929
74.3028
74.7572
75.6142
77.584
80.9487
84.0541
85.6412
86.8966
89.0579
90.6968
91.5646
95.0378
95.3013
104.293
105.978
107.518
108.679
109.861
117.634
123.203

76.4027
30.7243
-5.2189
-90.6984
66.1712
-77.4606
112.012
-54.004
-60.1996
63.1388
76.2533
109.581
-12.5247
-41.4866
45.5305
19.9058
79.2031
42.2171
115.62
116.228
86.2097
-27.6084
80.5626
110.953
21.0189
-27.8919
0.710153
-10.4645
11.0156
88.6278

-90.6984
-77.4606
-60.1996
-54.004
-41.4866
-27.8919
-27.6084
-12.5247
-10.4645
-5.2189
0.710153
11.0156
19.9058
21.0189
30.7243
42.2171
45.5305
63.1388
66.1712
76.2533
76.4027
79.2031
80.5626
86.2097
88.6278
109.581
110.953
112.012
115.62
116.228

-62.861
122.58
-106.979
-44.5545
-8.59295
121.593
80.2908
64.2718
0.639162
-67.2733
-29.0399
18.9542
-91.9457
91.3304
13.226

-106.979
-91.9457
-67.2733
-62.861
-44.5545
-29.0399
-8.59295
0.639162
13.226
18.9542
64.2718
80.2908
91.3304
121.593
122.58

105.974
108.244
40.6599
-106.425
-86.9255
28.0341
33.4349
109.343
96.465
-42.581
16.2035
33.5302
-87.7993
-29.3798
8.13421
-18.1518
-1.06732

-106.425
-87.7993
-86.9255
-42.581
-29.3798
-18.1518
-1.06732
8.13421
16.2035
28.0341
33.4349
33.5302
40.6599
96.465
105.974
108.244
109.343

-25.5107
-88.8093
-89.4653
87.3435
-44.6899
16.4042
101.823
-98.8295
60.3157
41.4015
8.80091
90.0713
42.7186
94.1155
-45.5961
-61.14
10.1468
70.2051
-9.1243
55.1935
69.3305
-36.986
-34.5272
65.0213
-30.6009
29.5622
-58.6249
101.87
-83.2025
-109.303
-101.621
99.4817
49.3384
-59.5244
0.0377218

-109.303
-101.621
-98.8295
-89.4653
-88.8093
-83.2025
-61.14
-59.5244
-58.6249
-45.5961
-44.6899
-36.986
-34.5272
-30.6009
-25.5107
-9.1243
0.0377218
8.80091
10.1468
16.4042
29.5622
41.4015
42.7186
49.3384
55.1935
60.3157
65.0213
69.3305
70.2051
87.3435
90.0713
94.1155
99.4817
101.823
101.87

97.0195
-96.9278
-100.534
-102.603
-62.4798
20.864
82.1461
42.5651
-0.840641
5.81678
-44.1677
-53.7677
51.1968
53.4062
3.14849
80.4868
-16.8915
27.817
3.67272
-25.3576
-80.5285
-101.201
89.711
9.64984
54.2334
-39.2423
18.6283
-79.8236
1.87342
83.7156
92.7843
47.6487
-95.6248
-88.3219
-14.4335
21.8702
7.48659
-77.6202
34.9061
80.9558
-60.785
-27.5507
-94.2946
-95.3617
-80.6207
-54.3529
91.9108
100.223
20.5952
-98.5982
-61.693
49.3631
-39.5768
61.5308
38.4009
-101.589
117.82
-106.498
-38.9948
23.1058

-106.498
-102.603
-101.589
-101.201
-100.534
-98.5982
-96.9278
-95.6248
-95.3617
-94.2946
-88.3219
-80.6207
-80.5285
-79.8236
-77.6202
-62.4798
-61.693
-60.785
-54.3529
-53.7677
-44.1677
-39.5768
-39.2423
-38.9948
-27.5507
-25.3576
-16.8915
-14.4335
-0.840641
1.87342
3.14849
3.67272
5.81678
7.48659
9.64984
18.6283
20.5952
20.864
21.8702
23.1058
27.817
34.9061
38.4009
42.5651
47.6487
49.3631
51.1968
53.4062
54.2334
61.5308
80.4868
80.9558
82.1461
83.7156
89.711
91.9108
92.7843
97.0195
100.223
117.82

-67.1437
24.5584
96.8854
-50.4994
104.314
58.5295
53.2373
-16.7065
-83.5128
62.7342
-68.2497
-5.11175
89.7888
39.386
27.7302
-26.6675
-21.2089
-53.7999
-49.9444
-75.6128
42.7644
-72.2691
-47.4595
-37.4547
3.44034
51.2691
-85.8628
31.4646
-82.2901
75.1866
103.42
-64.0558
37.9098
114.958
55.7211
7.21628
-104.51
43.675
-2.8657
86.2475
56.1282
109.466
-55.1636
88.7462
46.4484
113.846
80.1308
46.0952
-44.7176
69.4149
-48.7151
-24.5547
119.094
-102.058
-13.7429
-77.4973
65.7724
18.0143
-60.9004
-90.2813
-26.2243
-32.4608
55.5383
122.252
49.5141
-87.1222
-0.214524
66.0425
-1.20918
51.2309
-51.3171
96.7904
100.266
42.1876
-41.5841
-111.304
1.07878
-71.0788
117.693

-111.304
-104.51
-102.058
-90.2813
-87.1222
-85.8628
-83.5128
-82.2901
-77.4973
-75.6128
-72.2691
-71.0788
-68.2497
-67.1437
-64.0558
-60.9004
-55.1636
-53.7999
-51.3171
-50.4994
-49.9444
-48.7151
-47.4595
-44.7176
-41.5841
-37.4547
-32.4608
-26.6675
-26.2243
-24.5547
-21.2089
-16.7065
-13.7429
-5.11175
-2.8657
-1.20918
-0.214524
1.07878
3.44034
7.21628
18.0143
24.5584
27.7302
31.4646
37.9098
39.386
42.1876
42.7644
43.675
46.0952
46.4484
49.5141
51.2309
51.2691
53.2373
55.5383
55.7211
56.1282
58.5295
62.7342
65.7724
66.0425
69.4149
75.1866
80.1308
86.2475
88.7462
89.7888
96.7904
96.8854
100.266
103.42
104.314
109.466
113.846
114.958
117.693
119.094
122.252

-66.2368
-71.7758
-49.4291
71.9631
86.5954
-69.054
-31.7409
30.3824
-97.9535
74.539
-65.1381
-9.2538
-112.052
69.2604
0.90561
-96.1114
80.8124
-67.3166
98.4433
0.179346
2.96132
5.20475
-76.006
13.5207
-11.8224
112.241
13.3251
117.627
51.864
84.9154
-92.552
19.8141
1.24168
-98.3856
61.5331
-77.9884
-100.069
31.6179
87.4621
-93.9177
-105.816
53.2245
106.129
-25.3243
75.1936
51.0912
5.15158
120.916
-44.5902
91.0441
-19.3048
79.6973
92.4021
34.5818
5.09437
-60.4338
-50.8251
90.5265
112.164
-22.1434
72.3166
40.7678
-81.2895
93.3644
-106.577
61.206
-108.672
33.8545
-87.1644
37.2084
0.943884
29.6931
-75.6433
118.771
-72.5644
-107.673
85.0209
101.706

-112.052
-108.672
-107.673
-106.577
-105.816
-100.069
-98.3856
-97.9535
-96.1114
-93.9177
-92.552
-87.1644
-81.2895
-77.9884
-76.006
-75.6433
-72.5644
-71.7758
-69.054
-67.3166
-66.2368
-65.1381
-60.4338
-50.8251
-49.4291
-44.5902
-31.7409
-25.3243
-22.1434
-19.3048
-11.8224
-9.2538
0.179346
0.90561
0.943884
1.24168
2.96132
5.09437
5.15158
5.20475
13.3251
13.5207
19.8141
29.6931
30.3824
31.6179
33.8545
34.5818
37.2084
40.7678
51.0912
51.864
53.2245
61.206
61.5331
69.2604
71.9631
72.3166
74.539
75.1936
79.6973
80.8124
84.9154
85.0209
86.5954
87.4621
90.5265
91.0441
92.4021
93.3644
98.4433
101.706
106.129
112.164
112.241
117.627
118.771
120.916

82.5189
53.6794
-65.785
-60.9804
-36.4539
-30.2241
-12.919
-5.88378
62.8047
2.46755
90.1078
-41.1473
99.0046
-87.1874
-58.6185
-9.15544
-103.766
-92.7174
7.17157
57.9508
28.8539
12.4466
21.0863
-88.5199
44.6264
54.0212
80.8568
103.543
72.0966
-33.0813
-53.7369
22.3733
27.3048
-90.9911
-78.9283
74.3017
-72.0345
96.084
-75.4847
-53.2836
32.1259
-11.3421
19.9838
6.25147
31.1487
-33.2247
-73.2201
109.626
-48.0902
94.9049
94.0987
27.1444
-107.484
-15.7988
-58.4406
-54.2346
107.607
-53.2345
29.9748
-53.1214
58.4704
-36.3422
90.3951
-42.3503
-76.705
-102.083
86.7187
79.196
-58.6502
100.631
15.0277
-35.7212
56.2329
-9.97808
45.9298
59.4878
-37.8794
-6.56504
-20.4266
-105.076
-43.0623
116.686
50.89
23.9952
-89.9897
27.4151
49.7024
-103.462
-106.603
108.617
70.5694
20.2073
-110.927
0.747364
-52.4498
87.5165
-84.4793
21.6234
-53.3633
-12.8347
8.54313
-106.013
88.4828

-110.927
-107.484
-106.603
-106.013
-105.076
-103.766
-103.462
-102.083
-92.7174
-90.9911
-89.9897
-88.5199
-87.1874
-84.4793
-78.9283
-76.705
-75.4847
-73.2201
-72.0345
-65.785
-60.9804
-58.6502
-58.6185
-58.4406
-54.2346
-53.7369
-53.3633
-53.2836
-53.2345
-53.1214
-52.4498
-48.0902
-43.0623
-42.3503
-41.1473
-37.8794
-36.4539
-36.3422
-35.7212
-33.2247
-33.0813
-30.2241
-20.4266
-15.7988
-12.919
-12.8347
-11.3421
-9.97808
-9.15544
-6.56504
-5.88378
0.747364
2.46755
6.25147
7.17157
8.54313
12.4466
15.0277
19.9838
20.2073
21.0863
21.6234
22.3733
23.9952
27.1444
27.3048
27.4151
28.8539
29.9748
31.1487
32.1259
44.6264
45.9298
49.7024
50.89
53.6794
54.0212
56.2329
57.9508
58.4704
59.4878
62.8047
70.5694
72.0966
74.3017
79.196
80.8568
82.5189
86.7187
87.5165
88.4828
90.1078
90.3951
94.0987
94.9049
96.084
99.0046
100.631
103.543
107.607
108.617
109.626
116.686

-20.4563
101.429
84.9539
77.5281
-106.874
8.18764
-43.0528
-47.8333
80.272
60.1313
8.94835
67.5685
84.6871
30.0523
62.3326
83.4988
-73.4534
63.2919
39.2881
64.0848
-28.4433
-20.8963
-23.2684
1.18893
110.924
1.72827
-34.9296
-76.8649
-5.03545
99.883
-71.5153
76.0441
8.91966
35.2752
-49.6375
-18.1652
5.58088
-49.9431
90.5027
-112.321
-88.1008
-24.5615
97.2011
3.91103
-10.7785
15.1629
115.828
-47.2486
-34.4274
-102.805
66.2724
-63.177
90.4402
-104.969
-98.426
-96.6753
19.4566
-58.4062
42.1618
-71.483
-40.1188
52.2643
53.8244
48.9684

-112.321
-106.874
-104.969
-102.805
-98.426
-96.6753
-88.1008
-76.8649
-73.4534
-71.5153
-71.483
-63.177
-58.4062
-49.9431
-49.6375
-47.8333
-47.2486
-43.0528
-40.1188
-34.9296
-34.4274
-28.4433
-24.5615
-23.2684
-20.8963
-20.4563
-18.1652
-10.7785
-5.03545
1.18893
1.72827
3.91103
5.58088
8.18764
8.91966
8.94835
15.1629
19.4566
30.0523
35.2752
39.2881
42.1618
48.9684
52.2643
53.8244
60.1313
62.3326
63.2919
64.0848
66.2724
67.5685
76.0441
77.5281
80.272
83.4988
84.6871
84.9539
90.4402
90.5027
97.2011
99.883
101.429
110.924
115.828

-80.2581
-71.7489
105.144
96.1657
107.232
-33.838
114.332
93.1841
-63.3224
74.4081
48.8074
75.9172
-77.3613
-102.963
65.0984
6.94163
-5.88477
-43.1503
15.9646
14.2745
-23.8822
-91.807
-66.0295
-80.4798
7.44496
-34.3877
-16.7826
-52.0716
-23.7844
34.898
14.1245
-4.90829
94.4673
103.374
100.226
-42.7556
-103.062
-68.9094
95.9503
-89.6494
111.813
93.8896
-24.8225
82.626
-48.4344
-48.2654
41.8431
7.00964
91.0629
-80.9449
32.1555
70.9462
-68.6516
-31.8634
1.41668
-67.6095
-110.156
113.518
7.65848
19.7221
-93.7612
21.2639
-95.433
-53.3159
-54.6986

-110.156
-103.062
-102.963
-95.433
-93.7612
-91.807
-89.6494
-80.9449
-80.4798
-80.2581
-77.3613
-71.7489
-68.9094
-68.6516
-67.6095
-66.0295
-63.3224
-54.6986
-53.3159
-52.0716
-48.4344
-48.2654
-43.1503
-42.7556
-34.3877
-33.838
-31.8634
-24.8225
-23.8822
-23.7844
-16.7826
-5.88477
-4.90829
1.41668
6.94163
7.00964
7.44496
7.65848
14.1245
14.2745
15.9646
19.7221
21.2639
32.1555
34.898
41.8431
48.8074
65.0984
70.9462
74.4081
75.9172
82.626
91.0629
93.1841
93.8896
94.4673
95.9503
96.1657
100.226
103.374
105.144
107.232
111.813
113.518
114.332

-86.3201
117.534
-106.577
-44.4999
74.4722
29.392
59.7199
-42.4789
64.4415
3.81749
-11.6937
-100.826
-60.2171
106.128
-19.4782
-55.6777
8.0103
-108.802
-0.653115
20.15
-94.2143
62.7865
-17.5624
-56.841
115.994
2.67497
-89.7674
28.3475
-15.7495
90.8971
-5.82289
42.5058
56.592
18.2045
-15.9628
-29.8786
72.8545
-11.8056
-1.82987
-52.2959
-75.7624
11.5275
-87.5048
-25.6713
46.9738
11.4263
-101.444
-108.025
97.9162
91.3536
-50.6161
12.4062
-62.3366
-85.8049
17.9528
21.8491
-14.9208
19.8312
8.08673
31.9987
77.5536

-108.802
-108.025
-106.577
-101.444
-100.826
-94.2143
-89.7674
-87.5048
-86.3201
-85.8049
-75.7624
-62.3366
-60.2171
-56.841
-55.6777
-52.2959
-50.6161
-44.4999
-42.4789
-29.8786
-25.6713
-19.4782
-17.5624
-15.9628
-15.7495
-14.9208
-11.8056
-11.6937
-5.82289
-1.82987
-0.653115
2.67497
3.81749
8.0103
8.08673
11.4263
11.5275
12.4062
17.9528
18.2045
19.8312
20.15
21.8491
28.3475
29.392
31.9987
42.5058
46.9738
56.592
59.7199
62.7865
64.4415
72.8545
74.4722
77.5536
90.8971
91.3536
97.9162
106.128
115.994
117.534

-77.5166
47.8121
-16.5189
88.7539
-85.9843
-11.1666
-62.6236
68.9936
110.023
-79.753
-55.3941
5.95686
-10.9282
64.8436
59.2169
21.6261
68.3506
94.2078
80.6789
-81.487
114.859
-93.4286
44.4859
-59.9194

-93.4286
-85.9843
-81.487
-79.753
-77.5166
-62.6236
-59.9194
-55.3941
-16.5189
-11.1666
-10.9282
5.95686
21.6261
44.4859
47.8121
59.2169
64.8436
68.3506
68.9936
80.6789
88.7539
94.2078
110.023
114.859

76.6574
-0.152696
114.907
-18.5945
85.9728
16.4697
88.657
-59.3977
-111.135
62.2448
6.74879
-37.8917
-84.4863
68.8734
40.3156
77.6906
41.5646
63.6873
6.39658
106.503
66.1037
-47.0934
-49.1106
-57.2757
37.2691
-86.5187
-67.7639
-106.964
50.1054
-103.101
50.0642
-76.2805
109.053
19.0972
91.9702
71.1633
-46.6389
-6.45243
27.6278
-43.5771
-103.18
-25.6902
77.2273
118.593
71.1959
95.7948
57.5446
-59.7459
29.2203
51.9076
79.3779
-7.45842
99.6266
-2.23816
-32.5641

-111.135
-106.964
-103.18
-103.101
-86.5187
-84.4863
-76.2805
-67.7639
-59.7459
-59.3977
-57.2757
-49.1106
-47.0934
-46.6389
-43.5771
-37.8917
-32.5641
-25.6902
-18.5945
-7.45842
-6.45243
-2.23816
-0.152696
6.39658
6.74879
16.4697
19.0972
27.6278
29.2203
37.2691
40.3156
41.5646
50.0642
50.1054
51.9076
57.5446
62.2448
63.6873
66.1037
68.8734
71.1633
71.1959
76.6574
77.2273
77.6906
79.3779
85.9728
88.657
91.9702
95.7948
99.6266
106.503
109.053
114.907
118.593

-55.7604
-77.0039
-4.65789
-88.6752
98.767
55.5187
96.6067
-44.3326
21.2788
-16.2372
71.4667
-1.48043
-29.6405
-98.2487
-43.516
63.1985
-11.5584
24.4417
-89.9108
-56.5009
-7.33498
-5.44947
104.293
78.75
109.727
19.7057
51.1857
-3.44037
-82.4667
62.9064
39.595
19.1858
-45.2461
87.6123
-112.063
84.7646
-49.0411
5.67518
84.5766
44.9352
11.2051
112.38
60.6862
75.3357
23.8126
-64.9832
53.6864
119.443
58.1886
-105.251
16.3877
45.8876
-19.1137
-86.1404
-55.245
-56.1331
-74.6501
-60.381
-88.9669
-45.2822
22.9239
-21.2445
-68.409
63.2699

-112.063
-105.251
-98.2487
-89.9108
-88.9669
-88.6752
-86.1404
-82.4667
-77.0039
-74.6501
-68.409
-64.9832
-60.381
-56.5009
-56.1331
-55.7604
-55.245
-49.0411
-45.2822
-45.2461
-44.3326
-43.516
-29.6405
-21.2445
-19.1137
-16.2372
-11.5584
-7.33498
-5.44947
-4.65789
-3.44037
-1.48043
5.67518
11.2051
16.3877
19.1858
19.7057
21.2788
22.9239
23.8126
24.4417
39.595
44.9352
45.8876
51.1857
53.6864
55.5187
58.1886
60.6862
62.9064
63.1985
63.2699
71.4667
75.3357
78.75
84.5766
84.7646
87.6123
96.6067
98.767
104.293
109.727
112.38
119.443

-37.6605
94.2643
95.8183
-97.5405
24.866
-58.2456
-35.0826
50.9826
-93.1567
-54.6027
-92.2476
-42.193
105.955
87.0699
-43.3656
-65.9365
-96.347
44.6451
-31.7051
-90.0427

-97.5405
-96.347
-93.1567
-92.2476
-90.0427
-65.9365
-58.2456
-54.6027
-43.3656
-42.193
-37.6605
-35.0826
-31.7051
24.866
44.6451
50.9826
87.0699
94.2643
95.8183
105.955

-75.151
41.1509
117.794
8.75986
-26.2041
-4.65985
111.546
92.5686
120.859
-52.9175
-44.8439
25.8242
112.754
46.9193
97.3618
-13.8403
-100.94
108.124
-95.115
26.877
-89.003
115.641
64.9724
20.7489
-26.9101
-24.5807
62.3884
-71.9345
117.603
26.1602
52.2155
122.971

-100.94
-95.115
-89.003
-75.151
-71.9345
-52.9175
-44.8439
-26.9101
-26.2041
-24.5807
-13.8403
-4.65985
8.75986
20.7489
25.8242
26.1602
26.877
41.1509
46.9193
52.2155
62.3884
64.9724
92.5686
97.3618
108.124
111.546
112.754
115.641
117.603
117.794
120.859
122.971

48.0355
76.4149
13.6615
-32.5865
68.7046
-78.3108
-23.1226
32.5621
-51.6621
95.6636
11.1053
-56.966
76.1371
123.163
33.1788
-6.33862
23.0336
30.798

-78.3108
-56.966
-51.6621
-32.5865
-23.1226
-6.33862
11.1053
13.6615
23.0336
30.798
32.5621
33.1788
48.0355
68.7046
76.1371
76.4149
95.6636
123.163

58.6796
-44.6249
-66.8825
38.1786
48.1139
-64.8231
88.1659
-77.7743
43.1909
35.885
118.54
37.9193
-41.8703
2.6542
38.5185
-37.8557
2.4816
117.787
29.5666
-64.8092
-49.4996
105.231
8.8273
-90.1147
116.462
113.283
86.2828
96.9877
-74.2012
103.488
-101.754
31.1156
94.3623
25.9788
-59.6954
-54.0624
122.84
-22.472
-5.99705
0.721452
88.3936
117.407
-72.8826
-52.1269
-49.0572
58.8947
45.8897
-7.37591
-46.4126
110.005
-110.05
-61.2033
-48.092
-67.044
-99.9123
82.8646
94.2546
37.9881
-6.32174
-20.5234

-110.05
-101.754
-99.9123
-90.1147
-77.7743
-74.2012
-72.8826
-67.044
-66.8825
-64.8231
-64.8092
-61.2033
-59.6954
-54.0624
-52.1269
-49.4996
-49.0572
-48.092
-46.4126
-44.6249
-41.8703
-37.8557
-22.472
-20.5234
-7.37591
-6.32174
-5.99705
0.721452
2.4816
2.6542
8.8273
25.9788
29.5666
31.1156
35.885
37.9193
37.9881
38.1786
38.5185
43.1909
45.8897
48.1139
58.6796
58.8947
82.8646
86.2828
88.1659
88.3936
94.2546
94.3623
96.9877
103.488
105.231
110.005
113.283
116.462
117.407
117.787
118.54
122.84

69.4352
44.9725
-38.2717
122.09
-20.3234
25.3674
100.614
-81.0034
103.581
99.5632
60.3826
59.7107
-57.0225
100.354
-87.9798
121.169
97.3717
55.1946
-99.66
6.60174
85.7699
82.7742
12.8415
-17.2004
-16.9267
86.6503
-55.25
111.015
-73.2387
-104.17
88.1948
46.1013
-29.4174
-13.4663
95.9054
20.9273
47.6301
93.9323
13.9821
-52.1018
-105.726
-40.3062
35.9516
-52.7428
-68.0315
2.62647
-55.0912
-55.9211
-4.14839
107.702
84.5573
88.4448
53.8093
-106.873
-57.8673
-106.136
97.259
69.7501
42.0931
58.1861
72.4613
72.915
38.8827
-5.62435
14.1951
111.047
-94.2174
1.766
51.9496

-106.873
-106.136
-105.726
-104.17
-99.66
-94.2174
-87.9798
-81.0034
-73.2387
-68.0315
-57.8673
-57.0225
-55.9211
-55.25
-55.0912
-52.7428
-52.1018
-40.3062
-38.2717
-29.4174
-20.3234
-17.2004
-16.9267
-13.4663
-5.62435
-4.14839
1.766
2.62647
6.60174
12.8415
13.9821
14.1951
20.9273
25.3674
35.9516
38.8827
42.0931
44.9725
46.1013
47.6301
51.9496
53.8093
55.1946
58.1861
59.7107
60.3826
69.4352
69.7501
72.4613
72.915
82.7742
84.5573
85.7699
86.6503
88.1948
88.4448
93.9323
95.9054
97.259
97.3717
99.5632
100.354
100.614
103.581
107.702
111.015
111.047
121.169
122.09

-110.792
-0.804888
-10.2373
-19.5666
43.1822
115.263
78.5039
107.522
-86.6984
-78.0854
123.212
57.1113
38.2876
113.895

-110.792
-86.6984
-78.0854
-19.5666
-10.2373
-0.804888
38.2876
43.1822
57.1113
78.5039
107.522
113.895
115.263
123.212

28.3848
85.3611
-13.5485
94.7963
-4.33181
83.2741
-89.5197
-32.5505
54.157
31.3956
9.29342
98.0619
-11.4574
84.1617
-91.5946
74.3804
10.9494
-17.6706
-28.8794
118.874
64.1615
29.9145
-20.8837
121.048
-69.9379
26.962
75.232
18.9561
81.9065
-105.594
66.5442
-54.0049
99.3826
59.2488
-56.2334
43.1866
-45.3684
29.3617
2.60948
-97.1564
-26.8168
91.6477
84.5539
46.0094
112.891
86.4237
16.1393
2.94826
-107.229
-40.7552
114.228
-104.438
51.8438
70.0243
36.0428
85.4497
-97.9371
23.0576
92.0677
-13.8275
67.4716
18.7801
-77.7406
21.8684
59.0515
47.8643
27.1381
15.448
103.046
2.42499
-19.1287
-54.9161
10.9895
92.363

-107.229
-105.594
-104.438
-97.9371
-97.1564
-91.5946
-89.5197
-77.7406
-69.9379
-56.2334
-54.9161
-54.0049
-45.3684
-40.7552
-32.5505
-28.8794
-26.8168
-20.8837
-19.1287
-17.6706
-13.8275
-13.5485
-11.4574
-4.33181
2.42499
2.60948
2.94826
9.29342
10.9494
10.9895
15.448
16.1393
18.7801
18.9561
21.8684
23.0576
26.962
27.1381
28.3848
29.3617
29.9145
31.3956
36.0428
43.1866
46.0094
47.8643
51.8438
54.157
59.0515
59.2488
64.1615
66.5442
67.4716
70.0243
74.3804
75.232
81.9065
83.2741
84.1617
84.5539
85.3611
85.4497
86.4237
91.6477
92.0677
92.363
94.7963
98.0619
99.3826
103.046
112.891
114.228
118.874
121.048

94.1281
81.9561
-42.7564
-52.2338
76.7584
-83.1024
111.792
1.98846
-20.0401
-27.2407
-85.346
-19.723
-15.1606
17.8138
-16.0316
101.362
-40.3559
26.7605
-82.1151
89.8077
-7.8978
-4.38559
111.754
-40.8305
85.4344
-107.56
112.483
-28.7833
-85.9801
-111.439
79.1322
10.6582
119.281
-1.16595
8.13808
-35.3969
-30.2304
-87.8825
-59.0562
-55.9044
97.7609
36.9216
37.6929
-48.3986
100.013
57.797
44.2531
-106.475
84.9408
-60.2568
30.5992
105.319
-13.1115
5.87955
-104.819
-105.072
65.8483
-82.9945
50.311
-110.755
102.173
-63.0309
85.1977
-74.7975
-101.02
31.0772
-49.1997
108.957
59.3418
49.1269
-48.3377
41.4736
118.27
81.8971
-81.3612

-111.439
-110.755
-107.56
-106.475
-105.072
-104.819
-101.02
-87.8825
-85.9801
-85.346
-83.1024
-82.9945
-82.1151
-81.3612
-74.7975
-63.0309
-60.2568
-59.0562
-55.9044
-52.2338
-49.1997
-48.3986
-48.3377
-42.7564
-40.8305
-40.3559
-35.3969
-30.2304
-28.7833
-27.2407
-20.0401
-19.723
-16.0316
-15.1606
-13.1115
-7.8978
-4.38559
-1.16595
1.98846
5.87955
8.13808
10.6582
17.8138
26.7605
30.5992
31.0772
36.9216
37.6929
41.4736
44.2531
49.1269
50.311
57.797
59.3418
65.8483
76.7584
79.1322
81.8971
81.9561
84.9408
85.1977
85.4344
89.8077
94.1281
97.7609
100.013
101.362
102.173
105.319
108.957
111.754
111.792
112.483
118.27
119.281

-15.9461
67.206
83.6311
-59.371
7.5075
107.611
-87.273
-47.399
-20.9629
-68.8695
49.3197
-92.3594
-97.9458
-74.7644
102.766
-101.826
-16.2074
-3.17784
42.9172
-1.70584

-101.826
-97.9458
-92.3594
-87.273
-74.7644
-68.8695
-59.371
-47.399
-20.9629
-16.2074
-15.9461
-3.17784
-1.70584
7.5075
42.9172
49.3197
67.206
83.6311
102.766
107.611

ciao
Torino
Davide
zebra
Bergamo
Anna
contessa
film
programmazione
calcolo
scientifico
Luca
libro
videogioco

Anna
Bergamo
Davide
Luca
Torino
calcolo
ciao
contessa
film
libro
programmazione
scientifico
videogioco
zebra

<end of output>
Test time =   0.02 sec
----------------------------------------------------------
Test Passed.
"mergesort" end time: Apr 29 13:09 UTC
"mergesort" time elapsed: 00:00:00
----------------------------------------------------------

End testing: Apr 29 13:09 UTC
