Start testing: Apr 29 13:10 UTC
----------------------------------------------------------
1/5 Testing: bubblesort
1/5 Test: bubblesort
Command: "/home/pcsdocker/Data/ES_PCS_2026/esercitazione5/build_debug/test_bubblesort"
Directory: /home/pcsdocker/Data/ES_PCS_2026/esercitazione5/build_debug
"bubblesort" start time: Apr 29 13:10 UTC
Output:
----------------------------------------------------------
3
30
-64
60
59
60
-16
-27

-64
-27
-16
3
30
59
60
60

89
-52
-12
27
-51
-5
95
63
-18
45
-1
-99
3
24
-46
45
-65
-23
-93
-62
63
3
26
-75
-15
0
-25
46
-79
86
-6
-42
-34
8
19
-92
-27
19
-9

-99
-93
-92
-79
-75
-65
-62
-52
-51
-46
-42
-34
-27
-25
-23
-18
-15
-12
-9
-6
-5
-1
0
3
3
8
19
19
24
26
27
45
45
46
63
63
86
89
95

-18
-39
-11
22
-37
72
20
22
-91
86
51
-43
26
-5
8
40
32
7
-49
58
-64
59
-53
-48
30
31
-41
-18
-51
-22
-76
-64
-80
-50
66
26
-43
-65
-26
-78
80
12

-91
-80
-78
-76
-65
-64
-64
-53
-51
-50
-49
-48
-43
-43
-41
-39
-37
-26
-22
-18
-18
-11
-5
7
8
12
20
22
22
26
26
30
31
32
40
51
58
59
66
72
80
86

89
58
18
94
3
25
75
-53
-18
48
-25
10
-67
22
-84
-17
74
83
58
-33
46
77
86
-79
-62
-9
55
35
97
-45
-22
63
-50
0
-63
-7
-100
100
69
-55
-34
68
56
83
-54
-33
47
63
46
-92
49
16
-2
95
-76
60
-79
-28
79
-81
68
11
-68
35
86
-12
31
-48
-87
93
97
58
66
-45
-83
-47
-67
-29
100
75
-45
-2
26

-100
-92
-87
-84
-83
-81
-79
-79
-76
-68
-67
-67
-63
-62
-55
-54
-53
-50
-48
-47
-45
-45
-45
-34
-33
-33
-29
-28
-25
-22
-18
-17
-12
-9
-7
-2
-2
0
3
10
11
16
18
22
25
26
31
35
35
46
46
47
48
49
55
56
58
58
58
60
63
63
66
68
68
69
74
75
75
77
79
83
83
86
86
89
93
94
95
97
97
100
100

-89
-92
-52
-72
77
56
29
-18
-98
16
17
-27
-3
-14
-15
-56
61
-42
27
-62
-78
-67
-46
24
-81
-42
88
63
-19
-30
37
10
31
81
-21
-11
-67
-13
-60
-60
-2
89
49
86
-86
71
-72
42
65
-83
76
31
38
51
-11
-94
-63
-28
-58
-67
-14
68
16
63
-97
-19
-13
17
55
-5
74
-4
-94
17
-85

-98
-97
-94
-94
-92
-89
-86
-85
-83
-81
-78
-72
-72
-67
-67
-67
-63
-62
-60
-60
-58
-56
-52
-46
-42
-42
-30
-28
-27
-21
-19
-19
-18
-15
-14
-14
-13
-13
-11
-11
-5
-4
-3
-2
10
16
16
17
17
17
24
27
29
31
31
37
38
42
49
51
55
56
61
63
63
65
68
71
74
76
77
81
86
88
89

-80
-84
14
-93
-55
15
-89
99
-35
58
-57
-55
-23
81
82
-27
60
-18
44
-23
-87
20
-21
83
-96
-40
-34
-37
-76
93
-5
-79
-82
86
15
61
-11
-34
16
-33
-2
10
56
-10
-54
-48

-96
-93
-89
-87
-84
-82
-80
-79
-76
-57
-55
-55
-54
-48
-40
-37
-35
-34
-34
-33
-27
-23
-23
-21
-18
-11
-10
-5
-2
10
14
15
15
16
20
44
56
58
60
61
81
82
83
86
93
99

-96
-68
41
59
-90
-96
41
-49
-91
22
54
6
-83
16
74
36
64
-47
88
-96
-64

-96
-96
-96
-91
-90
-83
-68
-64
-49
-47
6
16
22
36
41
41
54
59
64
74
88

85
-52
-6
17
28
92
-79
-73
-45
-4
-46
68
-98
-54
51
20
83
-63
45
-98
98

-98
-98
-79
-73
-63
-54
-52
-46
-45
-6
-4
17
20
28
45
51
68
83
85
92
98

79
87
73
-63
71
19
-87
-11
98
-63
49
66
-71
-12
5

-87
-71
-63
-63
-12
-11
5
19
49
66
71
73
79
87
98

-68
1
-52
77
68
-3
-51
-78
39
-17
-52
-81
-100
-16
71
65
-62
5
-8
-11
-17
77
76
-97
-56
-16
71
-5
-53
-54
8
-32
-48
37
90
72
20
-40
41
91
8
-96

-100
-97
-96
-81
-78
-68
-62
-56
-54
-53
-52
-52
-51
-48
-40
-32
-17
-17
-16
-16
-11
-8
-5
-3
1
5
8
8
20
37
39
41
65
68
71
71
72
76
77
77
90
91

-34
-67
-43
71
-50
-49
8
48
72
32
-74
-8
64
-15
75
29
-63
73
-11
-18
-73
-45
52
-89
-15
64
50
8
88
41
18
-79
-85
62
58
25
-2
-83
-38
-88
50
9
1
-95
-75

-95
-89
-88
-85
-83
-79
-75
-74
-73
-67
-63
-50
-49
-45
-43
-38
-34
-18
-15
-15
-11
-8
-2
1
8
8
9
18
25
29
32
41
48
50
50
52
58
62
64
64
71
72
73
75
88

21
46
-36
-28
85
-79
61
-3
-39
-11
-65
-47
-89
-82
32
91
-68
-19
25
-61
-96
-56
-97
-92
93
-38
42
-81
13
4
42
64
-64
81
-27
59
86
-12
-19
0
90
40
-27
3
-5
-11
-75
-8
58
-17
34
49
8
-93
22

-97
-96
-93
-92
-89
-82
-81
-79
-75
-68
-65
-64
-61
-56
-47
-39
-38
-36
-28
-27
-27
-19
-19
-17
-12
-11
-11
-8
-5
-3
0
3
4
8
13
21
22
25
32
34
40
42
42
46
49
58
59
61
64
81
85
86
90
91
93

41
8
-66
-9
27
14
-53
43
-80
-67
-20
88
-19
-7
-86
67
-90
-68
-65
-63
25
71
27
4
-56
76
-43
52
37
11
77
3
24
12
-47
24
14
-12
-93
17
79
84
-77
5
83
24
4
-3
71
-33
94
-12
88
-31
32
70
100
71
-27
-18
43
-57
21
6
63
43
-14

-93
-90
-86
-80
-77
-68
-67
-66
-65
-63
-57
-56
-53
-47
-43
-33
-31
-27
-20
-19
-18
-14
-12
-12
-9
-7
-3
3
4
4
5
6
8
11
12
14
14
17
21
24
24
24
25
27
27
32
37
41
43
43
43
52
63
67
70
71
71
71
76
77
79
83
84
88
88
94
100

44
-4
50
13
60
28
39
73
92
-61
95
46
-28
27
-28
-30
72
42

-61
-30
-28
-28
-4
13
27
28
39
42
44
46
50
60
72
73
92
95

-18
8
-73
-76
91
84
-93
-51
-88
-27
-34
-51
-40
-29
-24
-93
-62
-32
41
-79
-97
69
-79
-1
25
-71
55
-67
62
-85
-35
-16
54
-11
-42
14
-24
83
-85
-79
43
-91
-5
67
-63
76
63
31
-61
88
-99
94
-13
-46
-5
33
-55
11
-95
31
6
15
56
-33
65
47
7
-22
-49
-46
96
-7
-51
-70
-32
7
-32
-43
-86
-1
1
-18
96
96
99
-95
-40
79
54
17
-91
82
10
-28
54
40
97
-58
24
-37

-99
-97
-95
-95
-93
-93
-91
-91
-88
-86
-85
-85
-79
-79
-79
-76
-73
-71
-70
-67
-63
-62
-61
-58
-55
-51
-51
-51
-49
-46
-46
-43
-42
-40
-40
-37
-35
-34
-33
-32
-32
-32
-29
-28
-27
-24
-24
-22
-18
-18
-16
-13
-11
-7
-5
-5
-1
-1
1
6
7
7
8
10
11
14
15
17
24
25
31
31
33
40
41
43
47
54
54
54
55
56
62
63
65
67
69
76
79
82
83
84
88
91
94
96
96
96
97
99

25
90
62
-75
-70
-44
-67
8
36
-21
-81
83
46
53
-91
-14
7
72
-46
9
21
18
65
34
2
-37
-84
-100
46
-73
-7
-67
-77
35
-39
-43
8
33
-45
-4
87
61
-38
78
-60
47
-93
-63
100
72
57
14
-93
-86
-80
51
77
-91
35
-52
40
24
-25
-83
3
9
33
61
31
-48
73
96
-84
-30
-3
76
-44
34
-30
33
-36
37
-39

-100
-93
-93
-91
-91
-86
-84
-84
-83
-81
-80
-77
-75
-73
-70
-67
-67
-63
-60
-52
-48
-46
-45
-44
-44
-43
-39
-39
-38
-37
-36
-30
-30
-25
-21
-14
-7
-4
-3
2
3
7
8
8
9
9
14
18
21
24
25
31
33
33
33
34
34
35
35
36
37
40
46
46
47
51
53
57
61
61
62
65
72
72
73
76
77
78
83
87
90
96
100

-67
90
-33
41
86
43
-42
-78
-83
-21
-72
66
83
80
34
-16
-70
-20
56
43
-92

-92
-83
-78
-72
-70
-67
-42
-33
-21
-20
-16
34
41
43
43
56
66
80
83
86
90

-20
67
93
63
-64
6
-80
53
-86
-52
79
7
-97
16
9
90
-93
-90
63
47
-4

-97
-93
-90
-86
-80
-64
-52
-20
-4
6
7
9
16
47
53
63
63
67
79
90
93

-8
-58
-83
88
-85
-76
0
-30
64
44
78
-81
77
17
-71
-56
89
-21
-14
-32
28
75
60
-56
-49
51
-97
28
55
-92
87
-79
91
35
-43
78
-59
16
5
-83
2
-38
18
37
-57
-21
18
67
-74
-98
-61
52
-13
-37

-98
-97
-92
-85
-83
-83
-81
-79
-76
-74
-71
-61
-59
-58
-57
-56
-56
-49
-43
-38
-37
-32
-30
-21
-21
-14
-13
-8
0
2
5
16
17
18
18
28
28
35
37
44
51
52
55
60
64
67
75
77
78
78
87
88
89
91

98
21
-31
-43
28
-35
97
-50
15
-73
93
-89
-31
39
-37
-3
24
-70
-69
-4
-8
-61
84
-36
-4
-80
-79
-70
78
79
-97
60
-81
-57
-8
49
5
-76
-86
-46
-74
47
-94
24
29
44
-30
-63
-53
-45
-71
95
-27
96
62
86
-85
-6
-63
71
-37
88
-36
79
38
-69
88
84
47
33
44
-20
27
-83
65
94
-17
62
43
-79
-55
-39
8
-55
-18
-15
-47
13
60
-39
32
56
-90
-3
99
-52
-9

-97
-94
-90
-89
-86
-85
-83
-81
-80
-79
-79
-76
-74
-73
-71
-70
-70
-69
-69
-63
-63
-61
-57
-55
-55
-53
-52
-50
-47
-46
-45
-43
-39
-39
-37
-37
-36
-36
-35
-31
-31
-30
-27
-20
-18
-17
-15
-9
-8
-8
-6
-4
-4
-3
-3
5
8
13
15
21
24
24
27
28
29
32
33
38
39
43
44
44
47
47
49
56
60
60
62
62
65
71
78
79
79
84
84
86
88
88
93
94
95
96
97
98
99

-42
-73
-5
54
6
-10
-11
16
47
78
89
-59
-42
38
31
80
89
37
62
-44
76
69
-9
2
-74
-5
7
85
65
100
-55
18
-67
6
-57
-27
76
-83
-99
86
85
73
21
-73
41
-4
81
9
-98
89
68
-38
-98
-42
-9
68
-24
-4
7
1
-84
33

-99
-98
-98
-84
-83
-74
-73
-73
-67
-59
-57
-55
-44
-42
-42
-42
-38
-27
-24
-11
-10
-9
-9
-5
-5
-4
-4
1
2
6
6
7
7
9
16
18
21
31
33
37
38
41
47
54
62
65
68
68
69
73
76
76
78
80
81
85
85
86
89
89
89
100

-74
-1
4
1
8
-51
-35
-24
35
45
-90
72
-89
-14
78
68
-4
-25
82
-90
-93
-88
-74
29
82
82
-89
14
98
-92
-29
-84
-93
67
43
51
54
-95
-18
42
90
-89
-36
65
73
29
63
48
-56
53
-57
54
-28
-80
71
97
-26
-53
-90
67
2
88
-11
10
-48
78
-42
-40
-22
81

-95
-93
-93
-92
-90
-90
-90
-89
-89
-89
-88
-84
-80
-74
-74
-57
-56
-53
-51
-48
-42
-40
-36
-35
-29
-28
-26
-25
-24
-22
-18
-14
-11
-4
-1
1
2
4
8
10
14
29
29
35
42
43
45
48
51
53
54
54
63
65
67
67
68
71
72
73
78
78
81
82
82
82
88
90
97
98

82
0
40
17
-11
-35
74
48
-31
59
-75
91
-73
-89
91
-50
52
97
42
15
37
-42
-68
-41
95
-60
99
-58
-13
48
12
91
-98
64
-72
47
-28
-12
95
38
24
85
-81
-35
19
-80
-63
-90
-76
71
96
-89
-27
-16
-61
-85
30
79
-97
-90
-77
4
-47
-76
-8
55
25
38
39
37
-71
17
61
88
5
84
-84
98
66
71
12
-7
-31
24
-37
-21
62
-25
84
-50

-98
-97
-90
-90
-89
-89
-85
-84
-81
-80
-77
-76
-76
-75
-73
-72
-71
-68
-63
-61
-60
-58
-50
-50
-47
-42
-41
-37
-35
-35
-31
-31
-28
-27
-25
-21
-16
-13
-12
-11
-8
-7
0
4
5
12
12
15
17
17
19
24
24
25
30
37
37
38
38
39
40
42
47
48
48
52
55
59
61
62
64
66
71
71
74
79
82
84
84
85
88
91
91
91
95
95
96
97
98
99

-87
-1
89
-94
-69
-91
-19
-88

-94
-91
-88
-87
-69
-19
-1
89

-21
-56
3
-65
61
84
-53
45
85
93
-53
19
-27
13
0
-53
91
1
-6
-3
52
-39
8
-65
-12
-3
39
-47
-50
58
8
-55
-91
-66
37
-9
97
90
-55
23
-92
-35
33
-63
39
-91
40
30
46
-99
5
11
-57
10

-99
-92
-91
-91
-66
-65
-65
-63
-57
-56
-55
-55
-53
-53
-53
-50
-47
-39
-35
-27
-21
-12
-9
-6
-3
-3
0
1
3
5
8
8
10
11
13
19
23
30
33
37
39
39
40
45
46
52
58
61
84
85
90
91
93
97

95
55
36
-18
-7
1
79
91
-31
-57
-85
39
58
82
-47
-4
89
-95
-9
-1

-95
-85
-57
-47
-31
-18
-9
-7
-4
-1
1
36
39
55
58
79
82
89
91
95

-74
56
21
52
80
72
-95
-3
85
-72
5
-27
-5
-14
12
71
-27
-70
8
63
-53
-23
52
-96
-4
3
-3
-4
-83
81
28
-47
-49
-2
78
-85
29
22
9
-96
-75
-57
-56
88
-25
81
-33
68
-60
-100
-41
-6
74
40
-14
64
-61
10
-81
-44
-77
46
97
19
65
-77
65
74
14
-62
84
-2
-34
11
75
74
-10
-72

-100
-96
-96
-95
-85
-83
-81
-77
-77
-75
-74
-72
-72
-70
-62
-61
-60
-57
-56
-53
-49
-47
-44
-41
-34
-33
-27
-27
-25
-23
-14
-14
-10
-6
-5
-4
-4
-3
-3
-2
-2
3
5
8
9
10
11
12
14
19
21
22
28
29
40
46
52
52
56
63
64
65
65
68
71
72
74
74
74
75
78
80
81
81
84
85
88
97

-50
16
67
74
-21
-2
81
88
94
15
55
62
16
62
-9
-90
29
-2
72
94
-22
-48
100
-15
57
-26
-84
60
-36
25
-33
-45
-82
34
-10
22
87
55
-58
-55
-75
22
-98

-98
-90
-84
-82
-75
-58
-55
-50
-48
-45
-36
-33
-26
-22
-21
-15
-10
-9
-2
-2
15
16
16
22
22
25
29
34
55
55
57
60
62
62
67
72
74
81
87
88
94
94
100

-9
66
-45
-16
-32
84
-63
-82
-73
13
-97
1
-41
4
96
-97
-67
84
-75
93
-77
-86
56
-22
28
22
-59
-27
-87
-89
-5
7
89
68
-83
-73
-75
-6
-74
64

-97
-97
-89
-87
-86
-83
-82
-77
-75
-75
-74
-73
-73
-67
-63
-59
-45
-41
-32
-27
-22
-16
-9
-6
-5
1
4
7
13
22
28
56
64
66
68
84
84
89
93
96

-13
19
92
-35
74
-34
-27
-96
-28
-83
-63
100
93
0
-45
12
-72
52
-67
-37
9
-90
-10
-80
-58
18
82
75
-21
56
82
-61
79
-63
-97

-97
-96
-90
-83
-80
-72
-67
-63
-63
-61
-58
-45
-37
-35
-34
-28
-27
-21
-13
-10
0
9
12
18
19
52
56
74
75
79
82
82
92
93
100

-11
-77
-5
-50
94
15
66
4
45
-13
37
-95
56
26
-69
23
-34
6
53
-97
81
95
5
-39
36
90
-100
-23

-100
-97
-95
-77
-69
-50
-39
-34
-23
-13
-11
-5
4
5
6
15
23
26
36
37
45
53
56
66
81
90
94
95

16
74
-59
64
12
-75
-42
82
-78
99
5
-42
-46
-12
-87
-28
-66
89
-1
48
12
-65
-1
-1
-15
-24
52
-25
-58
-21
19
-27
3
-78
-39
-70
-61
71
-59
-68
-72
20
-12
-68
-4
40
38
-70
-27
-71
-98
97
-82
80
38
-88
49
45
-13
-98
43
-53
10
-48
13
-11
-82
-20
45
-98
-59
49
50
49
-99
-7
-98
27
89
-82
-72
-31
32
30
20
45
81
-20
-76
88
30
-83
-2
-14
49

-99
-98
-98
-98
-98
-88
-87
-83
-82
-82
-82
-78
-78
-76
-75
-72
-72
-71
-70
-70
-68
-68
-66
-65
-61
-59
-59
-59
-58
-53
-48
-46
-42
-42
-39
-31
-28
-27
-27
-25
-24
-21
-20
-20
-15
-14
-13
-12
-12
-11
-7
-4
-2
-1
-1
-1
3
5
10
12
12
13
16
19
20
20
27
30
30
32
38
38
40
43
45
45
45
48
49
49
49
49
50
52
64
71
74
80
81
82
88
89
89
97
99

-26
-47
-89
72
25
42
25
-75
21
-70
22
87
39
-58
-2
-58
58
63
-50
73
-48
-47
-62
16
-61
5
-11
-70
29
-82
-71
-39
-92
54
68
35
19
85
78
57
-32
-26
-100
-26
-80
-72
-28
78
-64
-96
-88
-52
-45
51
38
-5
-53
50
-62
20
-87
21
-90
-52
-90
-14
-38
2
58

-100
-96
-92
-90
-90
-89
-88
-87
-82
-80
-75
-72
-71
-70
-70
-64
-62
-62
-61
-58
-58
-53
-52
-52
-50
-48
-47
-47
-45
-39
-38
-32
-28
-26
-26
-26
-14
-11
-5
-2
2
5
16
19
20
21
21
22
25
25
29
35
38
39
42
50
51
54
57
58
58
63
68
72
73
78
78
85
87

97
-52
-57
-15
-9
-27
16
-96
-69
-10
35
67
-60
18
23
31
61

-96
-69
-60
-57
-52
-27
-15
-10
-9
16
18
23
31
35
61
67
97

97
11
-48
82
-37
44
67
2
76
-4
68
-62
-67
23
70
19
100
-10
-55
34
-69
-63
12
-85
76
63
83
45
80
47
-35
-52
-43
-94
-38
73
-60
63
76
-16
-65
18
-30
61
-99
-97
51
-40
-13
97
13
100
49
15
-85
55
-93
43
-46
-98
81
66
75
16
-99
69
64
15
-87
39
23
-51
77

-99
-99
-98
-97
-94
-93
-87
-85
-85
-69
-67
-65
-63
-62
-60
-55
-52
-51
-48
-46
-43
-40
-38
-37
-35
-30
-16
-13
-10
-4
2
11
12
13
15
15
16
18
19
23
23
34
39
43
44
45
47
49
51
55
61
63
63
64
66
67
68
69
70
73
75
76
76
76
77
80
81
82
83
97
97
100
100

-29
-45
-4
43
-28
19
22
-20
81
-81
-73
-37
-10
-64
-20
37
96
-69
27
21
40
-57
51
-18
-51
89
35
-18
44
-92
14
-98
43
-5
-3
10
60
-59
-4

-98
-92
-81
-73
-69
-64
-59
-57
-51
-45
-37
-29
-28
-20
-20
-18
-18
-10
-5
-4
-4
-3
10
14
19
21
22
27
35
37
40
43
43
44
51
60
81
89
96

45
85
32
81
-55
99
-58
-19
-88
29
96
69
11
1
32
-21
-50
79
90
-36
79
1
-55
87
-10
59
26
-8
-50
64
-5
32
-9
65
-54
-71
-17
-39
77
38
75
83
23
-36
53
-28
41
39
-57
78
5
28
-98
-2
62
-75
28
-73

-98
-88
-75
-73
-71
-58
-57
-55
-55
-54
-50
-50
-39
-36
-36
-28
-21
-19
-17
-10
-9
-8
-5
-2
1
1
5
11
23
26
28
28
29
32
32
32
38
39
41
45
53
59
62
64
65
69
75
77
78
79
79
81
83
85
87
90
96
99

-9
-14
96
37
92
14
-22
72
71
30
-33
-86
-60
-48
-62
-14
-86
97
3
-6
35
-29
0
64
-44
-41
-47
30
-16
-43
94
71
-7
-79
-27
-67
50
-94
-89
45
-22
-64
-70
47
68
26
24
49
-62
3
-91
25
5
84
28
-46
-34
94
-29
5
-14
79
36
-40
-74
51
40
-58
61
-82
46
83
-70
-52
-81
82
56
-61
95
-85
57
64
39
3
-1
83
91
-79
-65
59

-94
-91
-89
-86
-86
-85
-82
-81
-79
-79
-74
-70
-70
-67
-65
-64
-62
-62
-61
-60
-58
-52
-48
-47
-46
-44
-43
-41
-40
-34
-33
-29
-29
-27
-22
-22
-16
-14
-14
-14
-9
-7
-6
-1
0
3
3
3
5
5
14
24
25
26
28
30
30
35
36
37
39
40
45
46
47
49
50
51
56
57
59
61
64
64
68
71
71
72
79
82
83
83
84
91
92
94
94
95
96
97

18
-39
-42
-81
-44
18
80
94

-81
-44
-42
-39
18
18
80
94

-45
-7
-45
-21
7
51
80
-60
-53
42
-79
-62
64
44
-87
18
-89
-5
43
-57

-89
-87
-79
-62
-60
-57
-53
-45
-45
-21
-7
-5
7
18
42
43
44
51
64
80

88
-74
6
11
-17
-60
27
-94
-7
8
97
-6
-10
-50
40
-37
-4
77
98
7
39
87
-92
-35
-66
-52
39
57
7
-78
-46
-5
-46
-15
79
-68
69
33
-10
59
49
22
-3
-56
-22
49
-78
70
-15
66
-82
-11
8
43
-24
-10
8
-67
-33
-48
-40
-83
-20
-28
100
-66
-97
-73
99
-61
21
12
93
-73
-65
92
-45
18
-66

-97
-94
-92
-83
-82
-78
-78
-74
-73
-73
-68
-67
-66
-66
-66
-65
-61
-60
-56
-52
-50
-48
-46
-46
-45
-40
-37
-35
-33
-28
-24
-22
-20
-17
-15
-15
-11
-10
-10
-10
-7
-6
-5
-4
-3
6
7
7
8
8
8
11
12
18
21
22
27
33
39
39
40
43
49
49
57
59
66
69
70
77
79
87
88
92
93
97
98
99
100

78
91
-52
-73
26
-48
-52
3
95
-76
-75
-61
39
11
-86
-34
35
63
83
73
76
-18
83
-90
23
-65
-34
-55
-44
80
-90
0
-80
-70
15
56
-11
87
-15
72
-6
-37
-97
45
43
39
-73
-41

-97
-90
-90
-86
-80
-76
-75
-73
-73
-70
-65
-61
-55
-52
-52
-48
-44
-41
-37
-34
-34
-18
-15
-11
-6
0
3
11
15
23
26
35
39
39
43
45
56
63
72
73
76
78
80
83
83
87
91
95

61
12
65
13
-5
88
-35
-24
-90
5
-34
43
70
96
49
66
31
41
-34
-33
-31
-10
86
-99
-61
18
-16
-54
32
20
-29
-26
78
87
-55
-95
-76
-56
-4
44
-100
-76
31
-55
-21
54
33
-50
93
-43
13
6
8
-39
5
-1
-51
-51
-49
78
-62
-28
47
41
-7
-19
78
43
37
-7

-100
-99
-95
-90
-76
-76
-62
-61
-56
-55
-55
-54
-51
-51
-50
-49
-43
-39
-35
-34
-34
-33
-31
-29
-28
-26
-24
-21
-19
-16
-10
-7
-7
-5
-4
-1
5
5
6
8
12
13
13
18
20
31
31
32
33
37
41
41
43
43
44
47
49
54
61
65
66
70
78
78
78
86
87
88
93
96

-67
34
12
-97
48
63
-47
-71
-58
-77
94
-88
-27
69
-55
54
-43
56
71
81
95
-4
-17
-9
60
67
-90
8
-53
-86
93
-59
-62
-35
-42
-28
55
90
29
-3
43
43
-26
35
-35
89
6
-83
-21
-84
14
-45
70
74
-86
-4
74
-88
16
-19
-9
73
11
-48
20
35
-92
-81
-1
57
-89
46
6
-34
57
-41
20
27
68
-18
2
57
14
-25
-47
-65
-33
42
-99
48
-79
86
78

-99
-97
-92
-90
-89
-88
-88
-86
-86
-84
-83
-81
-79
-77
-71
-67
-65
-62
-59
-58
-55
-53
-48
-47
-47
-45
-43
-42
-41
-35
-35
-34
-33
-28
-27
-26
-25
-21
-19
-18
-17
-9
-9
-4
-4
-3
-1
2
6
6
8
11
12
14
14
16
20
20
27
29
34
35
35
42
43
43
46
48
48
54
55
56
57
57
57
60
63
67
68
69
70
71
73
74
74
78
81
86
89
90
93
94
95

28
22
-95
34
-10
89
95
-100
-64
29
-3
-86
-69
4
-25
-2
54
48
84
69
75
100
28
27
64
-28
60
-36
-78
95
-61
30
-77
83
-9
28
77
85
79
-94
-59
76
71
-18
38
-78
-77
-65
-33
-23
-69
-29
86
23
-3
-25
-85
57
-81
-10
-69
-68

-100
-95
-94
-86
-85
-81
-78
-78
-77
-77
-69
-69
-69
-68
-65
-64
-61
-59
-36
-33
-29
-28
-25
-25
-23
-18
-10
-10
-9
-3
-3
-2
4
22
23
27
28
28
28
29
30
34
38
48
54
57
60
64
69
71
75
76
77
79
83
84
85
86
89
95
95
100

-73
-87
-43
-40
-82
-35
-77
90
-14
2
22
-69
-46
87
13
25
-41

-87
-82
-77
-73
-69
-46
-43
-41
-40
-35
-14
2
13
22
25
87
90

92
24
27
67
22
8
84
-86
-60
43
-64
-23
0
2
-47
-92
36
-40
81
-10
-90
29
-66
25
90
92
33
-1
-69
-98
100
-39
-100
4
49
-79
-9
7
-23
-54
15
-75
-92
-82
73
-4
2
-29
-94
17
-16
73
-49
-39
18
-90
62
-80
9
64
61
71
1
80
28
95
-15
-15
-64
-85
-42

-100
-98
-94
-92
-92
-90
-90
-86
-85
-82
-80
-79
-75
-69
-66
-64
-64
-60
-54
-49
-47
-42
-40
-39
-39
-29
-23
-23
-16
-15
-15
-10
-9
-4
-1
0
1
2
2
4
7
8
9
15
17
18
22
24
25
27
28
29
33
36
43
49
61
62
64
67
71
73
73
80
81
84
90
92
92
95
100

-6
-33
41
56
76
1
21
61
-3
62
71
-87
76
-43
29
-38
-8
-19
-99
18
-51
18
59
-12
100
-62
58
-90
33
38
-57
72
2
91
40
-63
-18
-95
-34
-7
-81
73
50
-48
93
62
45
-67
37
64
70
-13
18
91
-16
-97
74
-54
-59
-22
99
65
-82
-20
80
94
-57
64
-52
-33
53
-42
91
-23
-30
-20
1
-10

-99
-97
-95
-90
-87
-82
-81
-67
-63
-62
-59
-57
-57
-54
-52
-51
-48
-43
-42
-38
-34
-33
-33
-30
-23
-22
-20
-20
-19
-18
-16
-13
-12
-10
-8
-7
-6
-3
1
1
2
18
18
18
21
29
33
37
38
40
41
45
50
53
56
58
59
61
62
62
64
64
65
70
71
72
73
74
76
76
80
91
91
91
93
94
99
100

52
-44
15
98
-1
-43
-47
96
13
2
-82
78
61
-11
22
-29
-44
-87
-96
-17
-71
-22
1
-28
11
-30
-36
-41
40
28
52
58
-13
-25
-43
72
81
85
15
53
76
-54
-45
91
-99
-89
-72
95
11
-63
-66
-25
31
-97
-73
-23
57
-49
65
-13
80
15
-72
22
-23
25
-88
68
6
-68
92
37
-89
39
-100
94
-20
60
5
-9
-30
50
-68
-3
-7

-100
-99
-97
-96
-89
-89
-88
-87
-82
-73
-72
-72
-71
-68
-68
-66
-63
-54
-49
-47
-45
-44
-44
-43
-43
-41
-36
-30
-30
-29
-28
-25
-25
-23
-23
-22
-20
-17
-13
-13
-11
-9
-7
-3
-1
1
2
5
6
11
11
13
15
15
15
22
22
25
28
31
37
39
40
50
52
52
53
57
58
60
61
65
68
72
76
78
80
81
85
91
92
94
95
96
98

-35
95
60
53
87
-82
51
-52
7
-58
26
74
-67
-17
41
-16
21
99
-14
81

-82
-67
-58
-52
-35
-17
-16
-14
7
21
26
41
51
53
60
74
81
87
95
99

-94.983
31.7995
17.9064
-40.8559
-36.2408
97.7162
65.258
-41.0876
45.3672
53.9613
42.3934
37.6924
44.5584
-41.48
11.6287
90.5517
-31.2422
-66.1826
-50.6538
-81.1151
-19.9225
35.0121

-94.983
-81.1151
-66.1826
-50.6538
-41.48
-41.0876
-40.8559
-36.2408
-31.2422
-19.9225
11.6287
17.9064
31.7995
35.0121
37.6924
42.3934
44.5584
45.3672
53.9613
65.258
90.5517
97.7162

1.76891
-4.67314
-7.17279
-62.6181
100.287
84.6777
15.6532
54.1447
-71.0752
-2.34167
-41.5313
63.6782
-87.4093
-50.3074
46.2887
77.8201
49.9112
81.002
85.6701
-32.657
-45.7307
-52.4025
-70.9435
-91.1419
-55.8543
44.3534
-5.97684
-8.81326
-37.6591
-58.0119
80.1408
96.9018
15.9083
44.2364
-54.23
-93.3637
-8.25939
45.9631
-32.0019
-40.1871
-95.2494
86.2781

-95.2494
-93.3637
-91.1419
-87.4093
-71.0752
-70.9435
-62.6181
-58.0119
-55.8543
-54.23
-52.4025
-50.3074
-45.7307
-41.5313
-40.1871
-37.6591
-32.657
-32.0019
-8.81326
-8.25939
-7.17279
-5.97684
-4.67314
-2.34167
1.76891
15.6532
15.9083
44.2364
44.3534
45.9631
46.2887
49.9112
54.1447
63.6782
77.8201
80.1408
81.002
84.6777
85.6701
86.2781
96.9018
100.287

-48.4784
-66.977
-93.318
35.059
-37.9942
47.6125
-9.45348
-97.8047
-41.7488
63.7703
52.3266
36.2989
14.5849
-23.9552
-47.0784
54.7041
54.8869
-91.2903
35.4473
-81.9039
22.8255
76.4644
67.8605
-52.2847
-19.5315
-37.604
18.6476
49.1023
57.7621
76.2206
0.0390549
-33.5844
-53.6252
44.3974
38.8879
-56.3753
-57.7133
8.38739

-97.8047
-93.318
-91.2903
-81.9039
-66.977
-57.7133
-56.3753
-53.6252
-52.2847
-48.4784
-47.0784
-41.7488
-37.9942
-37.604
-33.5844
-23.9552
-19.5315
-9.45348
0.0390549
8.38739
14.5849
18.6476
22.8255
35.059
35.4473
36.2989
38.8879
44.3974
47.6125
49.1023
52.3266
54.7041
54.8869
57.7621
63.7703
67.8605
76.2206
76.4644

68.5158
-41.778
93.451
-68.3656
44.6474
-29.9678
63.8201

-68.3656
-41.778
-29.9678
44.6474
63.8201
68.5158
93.451

-12.3276
-35.2888
76.2261
-22.2052
-87.1513
-47.11
27.6721
-59.3861
-63.4786
37.7633
-5.85957
61.7232
-69.9634
84.8346
10.2283
-59.2199
-14.5244
59.149
-94.1997
-57.7379
55.1726
-85.2183
-59.9827
25.9821
-87.0577
-72.0793
43.0643
75.8059
-44.1338
30.1867
-22.1982
-37.4906
28.9314
85.6389
14.897
52.6445
49.8899
51.6428
60.244
34.981
66.1711
-52.2798
-12.5208
38.2164
39.214
94.7689
-2.1787
-93.3559
-15.2629
-21.7781
83.6606
94.2323
-50.5367
-66.3214
88.2474
61.4883
2.22357
35.7078
99.3663
-2.18247
-34.8322
41.1918
-87.0045
15.1049
50.0172
48.2522
35.8614
61.7025
35.7148
22.3706
56.6298
61.6088
-74.4146
95.3274
-91.3389
-77.7626
-55.3309
-81.9046
54.9861
35.687
8.80028
-82.216
-21.2572
-68.098
-18.1369
-41.403
52.4939
41.7728
83.2244
-16.2962
-42.7538
37.708
49.3264
-58.7913
63.7432
-80.9742
-21.1664

-94.1997
-93.3559
-91.3389
-87.1513
-87.0577
-87.0045
-85.2183
-82.216
-81.9046
-80.9742
-77.7626
-74.4146
-72.0793
-69.9634
-68.098
-66.3214
-63.4786
-59.9827
-59.3861
-59.2199
-58.7913
-57.7379
-55.3309
-52.2798
-50.5367
-47.11
-44.1338
-42.7538
-41.403
-37.4906
-35.2888
-34.8322
-22.2052
-22.1982
-21.7781
-21.2572
-21.1664
-18.1369
-16.2962
-15.2629
-14.5244
-12.5208
-12.3276
-5.85957
-2.18247
-2.1787
2.22357
8.80028
10.2283
14.897
15.1049
22.3706
25.9821
27.6721
28.9314
30.1867
34.981
35.687
35.7078
35.7148
35.8614
37.708
37.7633
38.2164
39.214
41.1918
41.7728
43.0643
48.2522
49.3264
49.8899
50.0172
51.6428
52.4939
52.6445
54.9861
55.1726
56.6298
59.149
60.244
61.4883
61.6088
61.7025
61.7232
63.7432
66.1711
75.8059
76.2261
83.2244
83.6606
84.8346
85.6389
88.2474
94.2323
94.7689
95.3274
99.3663

5.68314
89.2996
-80.3221
-40.4229
12.9163
-90.6819
-84.6638
-84.7708
-26.3241
73.135
-42.9391
-40.2678
-69.0406
25.8972
-36.2524
-18.815
-70.2515
38.5373
-24.6707
64.6775
78.8784
33.2187
74.6534
28.8614
97.5336
-89.5995
-91.6438
-67.2379
-64.8359
-86.0175
95.72
63.4369
-94.5925
79.6224
3.29957
34.8952
96.8482
89.4687
20.1566
-8.61454
52.8037
16.4784
-5.98572
2.63277
-19.9782
83.409
56.5115
52.8815
-11.5837
-20.1385
90.8414
-34.4541
96.1304
100.379
92.392
-82.8964
99.7408
-16.945
-23.2808
2.01083
-65.1633
21.0099
-47.6843
83.343
58.6478
-65.6673
-68.9348
-86.5325
-44.2528
-18.1986
-75.1923
52.5452
50.5415
-71.9162
-53.2442
72.2555
-79.854
-79.6289
28.183
-80.6356
-80.2919
-13.0321
-62.894
55.7788
57.8281
48.3576
60.3917

-94.5925
-91.6438
-90.6819
-89.5995
-86.5325
-86.0175
-84.7708
-84.6638
-82.8964
-80.6356
-80.3221
-80.2919
-79.854
-79.6289
-75.1923
-71.9162
-70.2515
-69.0406
-68.9348
-67.2379
-65.6673
-65.1633
-64.8359
-62.894
-53.2442
-47.6843
-44.2528
-42.9391
-40.4229
-40.2678
-36.2524
-34.4541
-26.3241
-24.6707
-23.2808
-20.1385
-19.9782
-18.815
-18.1986
-16.945
-13.0321
-11.5837
-8.61454
-5.98572
2.01083
2.63277
3.29957
5.68314
12.9163
16.4784
20.1566
21.0099
25.8972
28.183
28.8614
33.2187
34.8952
38.5373
48.3576
50.5415
52.5452
52.8037
52.8815
55.7788
56.5115
57.8281
58.6478
60.3917
63.4369
64.6775
72.2555
73.135
74.6534
78.8784
79.6224
83.343
83.409
89.2996
89.4687
90.8414
92.392
95.72
96.1304
96.8482
97.5336
99.7408
100.379

34.9363
-35.7947
60.8533
-14.6051
83.3766
-61.3027
80.781
-7.86385
45.2676
54.6446
-53.5471
-77.1817
87.8726
-38.7447
-64.5518
42.7199
24.0704
85.8859
-58.4732
92.5916
-67.8167
70.0424
-36.4887

-77.1817
-67.8167
-64.5518
-61.3027
-58.4732
-53.5471
-38.7447
-36.4887
-35.7947
-14.6051
-7.86385
24.0704
34.9363
42.7199
45.2676
54.6446
60.8533
70.0424
80.781
83.3766
85.8859
87.8726
92.5916

17.9153
42.1939
40.9329
-0.49437
-43.3972
-66.7666
-58.5407
-18.6281
-95.9925
3.66395
94.8902
56.6619
-71.979
88.8785
-6.89033
10.4652
72.082
100.168
-77.3222
-79.47
63.2106
43.794

-95.9925
-79.47
-77.3222
-71.979
-66.7666
-58.5407
-43.3972
-18.6281
-6.89033
-0.49437
3.66395
10.4652
17.9153
40.9329
42.1939
43.794
56.6619
63.2106
72.082
88.8785
94.8902
100.168

-90.9414
-86.8471
39.4598
50.0961
-15.4729
68.0315
9.34242
41.9382
-31.7955
-27.7616
79.6955
75.1099
-53.2592
31.9804
-94.2346
55.5173
87.0152
-7.71262
-88.8258
-50.5257
40.9872
-41.0769
-34.2819
-0.0120468
-20.1711

-94.2346
-90.9414
-88.8258
-86.8471
-53.2592
-50.5257
-41.0769
-34.2819
-31.7955
-27.7616
-20.1711
-15.4729
-7.71262
-0.0120468
9.34242
31.9804
39.4598
40.9872
41.9382
50.0961
55.5173
68.0315
75.1099
79.6955
87.0152

-73.313
62.3976
0.645798
-56.214
36.1726
3.07301
-17.9118
-25.8927
-21.2019
83.3369

-73.313
-56.214
-25.8927
-21.2019
-17.9118
0.645798
3.07301
36.1726
62.3976
83.3369

90.8299
6.71658
29.5429
96.6527
0.574669
26.4667
-28.1411
77.2885
-41.34
-97.8323
-41.7397
18.0936
-36.7855
-6.58298
-42.9438
-39.1009
-88.7174
-77.4696
88.5632
99.6715
-90.5213
-34.79
-40.5846
43.2464
63.3455
-55.9667
-18.3637
-11.0732
-6.33667
-38.6304
47.7381
84.6244
74.3442
12.0253
75.066
-70.3185
-13.842
-23.7006
-31.9775
35.6366
8.28416
50.5813
52.7358
29.2298
-58.6468
-7.12724
8.5724
44.8294
42.8238
53.0652
-17.6104
-74.2216
71.4235

-97.8323
-90.5213
-88.7174
-77.4696
-74.2216
-70.3185
-58.6468
-55.9667
-42.9438
-41.7397
-41.34
-40.5846
-39.1009
-38.6304
-36.7855
-34.79
-31.9775
-28.1411
-23.7006
-18.3637
-17.6104
-13.842
-11.0732
-7.12724
-6.58298
-6.33667
0.574669
6.71658
8.28416
8.5724
12.0253
18.0936
26.4667
29.2298
29.5429
35.6366
42.8238
43.2464
44.8294
47.7381
50.5813
52.7358
53.0652
63.3455
71.4235
74.3442
75.066
77.2885
84.6244
88.5632
90.8299
96.6527
99.6715

-91.5172
18.2509
-96.4828
-71.4125
-83.9494
-22.9316
-7.71437
100.059
68.2309
56.1623
-60.4995
-56.8001
91.8639
-87.6901
65.5449
28.5131
89.7145
45.5449
52.8483
-44.3082
49.7685
-12.062
-21.769
54.6415
38.3064
-21.3878
23.1191
65.8846
72.185
16.0504
-97.4732
6.88805
-86.8655
-22.1755
4.69514
92.3605
8.52155
15.978
46.1004
45.8563
-50.717
-0.883842
-84.4357
45.8267
-84.6372
72.8421
-65.8845
41.8012
-34.396
-10.9806
-63.2206
3.07985
78.1365
29.8687
54.0913
52.6842
89.3664
8.41421
-12.6381
-43.8019
-39.1377
-37.6073
-79.4872
69.6992
11.38
-94.1028
-71.0161
-98.7379
33.39
96.4825
61.5688
-74.1348
48.1057
54.1462
-13.5194
64.8013
-54.5977
40.013
-79.7694
83.8121
46.9043
-61.0122
87.082
-59.28
-18.1404
66.4438
89.5821
78.5857
19.4247
-92.4966
-70.3211
-64.7812
-65.8762
-43.8503
-77.947
96.5935
-100.054
-22.1279
28.4873
-8.04823

-100.054
-98.7379
-97.4732
-96.4828
-94.1028
-92.4966
-91.5172
-87.6901
-86.8655
-84.6372
-84.4357
-83.9494
-79.7694
-79.4872
-77.947
-74.1348
-71.4125
-71.0161
-70.3211
-65.8845
-65.8762
-64.7812
-63.2206
-61.0122
-60.4995
-59.28
-56.8001
-54.5977
-50.717
-44.3082
-43.8503
-43.8019
-39.1377
-37.6073
-34.396
-22.9316
-22.1755
-22.1279
-21.769
-21.3878
-18.1404
-13.5194
-12.6381
-12.062
-10.9806
-8.04823
-7.71437
-0.883842
3.07985
4.69514
6.88805
8.41421
8.52155
11.38
15.978
16.0504
18.2509
19.4247
23.1191
28.4873
28.5131
29.8687
33.39
38.3064
40.013
41.8012
45.5449
45.8267
45.8563
46.1004
46.9043
48.1057
49.7685
52.6842
52.8483
54.0913
54.1462
54.6415
56.1623
61.5688
64.8013
65.5449
65.8846
66.4438
68.2309
69.6992
72.185
72.8421
78.1365
78.5857
83.8121
87.082
89.3664
89.5821
89.7145
91.8639
92.3605
96.4825
96.5935
100.059

28.9895
32.8907
-27.5218
-22.8203
93.1068
-45.4591
-48.1328
32.5074
37.4462
48.8843
-16.9631
76.914
-39.4982
2.55676
-45.169
-30.4984
-80.1587
-82.7812
73.3159
78.8568
-3.92205
46.9945
-74.7284
84.4127
-31.5492
60.6871
46.6473
-1.23568
63.0964
-21.8262
-13.1516
-8.64192
-3.00402
53.8091
-97.928
-86.0361
-24.6381
69.7335
84.2074
-86.8385
-99.382
-38.8504
-39.1396
-66.0819
-85.5216
46.6756
87.7103
-55.7266
68.9117
-39.8112
29.9728
54.7764
-12.4484
93.9184
23.5578
69.1382
-43.1101
91.0536
47.7208
-72.1469
-23.1115
1.38622
37.0387
-6.10719
-45.572
-16.9788
88.5225
96.1458
-19.9859
58.9015
-97.1393
-24.5442
0.126503
99.3646
32.2811
-94.3236
71.2093
50.23
87.2175
32.9518
63.1865
90.9394
-36.7598
62.0558
13.7229
14.8302
85.0008
19.058
75.5879
59.8046
13.0555
29.6505
29.4544
39.506
-67.7005
66.8504
-59.1975
94.4368
9.19761
-84.5323

-99.382
-97.928
-97.1393
-94.3236
-86.8385
-86.0361
-85.5216
-84.5323
-82.7812
-80.1587
-74.7284
-72.1469
-67.7005
-66.0819
-59.1975
-55.7266
-48.1328
-45.572
-45.4591
-45.169
-43.1101
-39.8112
-39.4982
-39.1396
-38.8504
-36.7598
-31.5492
-30.4984
-27.5218
-24.6381
-24.5442
-23.1115
-22.8203
-21.8262
-19.9859
-16.9788
-16.9631
-13.1516
-12.4484
-8.64192
-6.10719
-3.92205
-3.00402
-1.23568
0.126503
1.38622
2.55676
9.19761
13.0555
13.7229
14.8302
19.058
23.5578
28.9895
29.4544
29.6505
29.9728
32.2811
32.5074
32.8907
32.9518
37.0387
37.4462
39.506
46.6473
46.6756
46.9945
47.7208
48.8843
50.23
53.8091
54.7764
58.9015
59.8046
60.6871
62.0558
63.0964
63.1865
66.8504
68.9117
69.1382
69.7335
71.2093
73.3159
75.5879
76.914
78.8568
84.2074
84.4127
85.0008
87.2175
87.7103
88.5225
90.9394
91.0536
93.1068
93.9184
94.4368
96.1458
99.3646

-89.8885
1.55601
52.9903
13.0866
53.7309
16.3763
35.5865
-32.3745
-67.6068
-22.3365
30.8144
56.8895
76.6753
87.4454
71.382
4.68041
-97.3395
-62.7571
-67.7752
-46.5752
84.029
38.4865
-43.4875
-27.9918
-19.9622
3.94336
-55.776
-73.6398
31.8251
93.6407
-64.2154
49.1875
-9.52273
-51.1669
93.5756
53.8993
-30.831
-43.6854
74.517
71.7173
27.7592
-48.1133
-62.1422
-82.4421
81.3522
-76.1131
31.475
-46.0771
77.6618
-91.526
-64.3459
-45.6916
-38.6911
-66.3733
-30.3472
51.1073
49.4386
15.0631
44.5292
-82.2976
23.3704
-65.5268
86.7199
95.2275
-30.8422
-57.9499
-93.0024
-12.9624
-48.6831

-97.3395
-93.0024
-91.526
-89.8885
-82.4421
-82.2976
-76.1131
-73.6398
-67.7752
-67.6068
-66.3733
-65.5268
-64.3459
-64.2154
-62.7571
-62.1422
-57.9499
-55.776
-51.1669
-48.6831
-48.1133
-46.5752
-46.0771
-45.6916
-43.6854
-43.4875
-38.6911
-32.3745
-30.8422
-30.831
-30.3472
-27.9918
-22.3365
-19.9622
-12.9624
-9.52273
1.55601
3.94336
4.68041
13.0866
15.0631
16.3763
23.3704
27.7592
30.8144
31.475
31.8251
35.5865
38.4865
44.5292
49.1875
49.4386
51.1073
52.9903
53.7309
53.8993
56.8895
71.382
71.7173
74.517
76.6753
77.6618
81.3522
84.029
86.7199
87.4454
93.5756
93.6407
95.2275

12.841
95.2161
40.1492
7.16069
-69.6448
-35.3965
52.4319
1.77118
24.0962
-59.8097
10.9951
-83.7986
-73.5545
13.0679
81.1531
76.2749
74.4325
-77.0844
-30.004
11.0381
-14.1416
-24.2751
-43.9376
-9.88002
-21.0721
33.9289
86.8036
-15.8567
-29.4547
34.1025
-36.3118
51.2351
89.3826
-77.542
46.1534
-42.6468
-85.3928
-57.4303
-18.3675
64.7555
-22.9212
60.3913
-98.6993
30.5982
93.8666
53.7616
86.8066
28.6908
36.2668
66.0338
-29.2454
-50.2806
55.2303
-64.4558
-26.4506
64.8673
-63.2095
-35.2832
26.247
28.78
-43.8164
-14.0912
70.9317
67.5588

-98.6993
-85.3928
-83.7986
-77.542
-77.0844
-73.5545
-69.6448
-64.4558
-63.2095
-59.8097
-57.4303
-50.2806
-43.9376
-43.8164
-42.6468
-36.3118
-35.3965
-35.2832
-30.004
-29.4547
-29.2454
-26.4506
-24.2751
-22.9212
-21.0721
-18.3675
-15.8567
-14.1416
-14.0912
-9.88002
1.77118
7.16069
10.9951
11.0381
12.841
13.0679
24.0962
26.247
28.6908
28.78
30.5982
33.9289
34.1025
36.2668
40.1492
46.1534
51.2351
52.4319
53.7616
55.2303
60.3913
64.7555
64.8673
66.0338
67.5588
70.9317
74.4325
76.2749
81.1531
86.8036
86.8066
89.3826
93.8666
95.2161

95.3403
48.3942
7.45341
70.4372
53.2334
23.6058
10.7642
57.0549
2.20126
-16.5203
62.7115
-82.7459
17.5752
-22.9722
-43.8877
-8.16989
66.7631
58.3843
44.712
-44.9332
97.0186

-82.7459
-44.9332
-43.8877
-22.9722
-16.5203
-8.16989
2.20126
7.45341
10.7642
17.5752
23.6058
44.712
48.3942
53.2334
57.0549
58.3843
62.7115
66.7631
70.4372
95.3403
97.0186

-87.2142
98.953
16.5229
-49.168
-64.7256
30.9535
-18.3441
-27.9656
69.5479
-34.6182
-90.4085
38.8015
-67.2533
-49.1845
-47.8307
7.87433
-28.0098
-45.0391
47.8576
98.9086
94.4749
35.8385
74.4679
0.458328
-96.2203
-83.9563
-68.5192
8.61977
-54.1091
74.922
54.8169
-28.7184
74.7428
-6.35366
-100.492
38.9604
-56.0202
20.5591
31.0766
45.8976
-49.2596
-73.162
-0.495377
-49.8682
-50.8755
-54.3307
83.8346
88.9084
-48.5408
-87.6043
34.3644
70.0119
41.1934
13.9926
-91.8183
-82.3174

-100.492
-96.2203
-91.8183
-90.4085
-87.6043
-87.2142
-83.9563
-82.3174
-73.162
-68.5192
-67.2533
-64.7256
-56.0202
-54.3307
-54.1091
-50.8755
-49.8682
-49.2596
-49.1845
-49.168
-48.5408
-47.8307
-45.0391
-34.6182
-28.7184
-28.0098
-27.9656
-18.3441
-6.35366
-0.495377
0.458328
7.87433
8.61977
13.9926
16.5229
20.5591
30.9535
31.0766
34.3644
35.8385
38.8015
38.9604
41.1934
45.8976
47.8576
54.8169
69.5479
70.0119
74.4679
74.7428
74.922
83.8346
88.9084
94.4749
98.9086
98.953

-24.0043
29.7574
-84.8541
5.94765
61.6269
43.7981
39.3481
-93.7456
98.9125
-18.5866
1.37438
-31.5619
-22.8488
-62.5555
20.1876
53.4825
34.8802

-93.7456
-84.8541
-62.5555
-31.5619
-24.0043
-22.8488
-18.5866
1.37438
5.94765
20.1876
29.7574
34.8802
39.3481
43.7981
53.4825
61.6269
98.9125

-23.3553
-59.2663
16.1207
55.2424
73.6971
6.46024
51.1511
51.8964
-15.7895
-84.8249
-6.38298
10.3268
-86.8687
-6.89074
36.3578
52.4882
73.378
-53.3895
47.7889
-68.7137
-5.94577
68.1301
-17.1565
-66.3124
-63.8226
3.7839
-52.4706
-92.7162
17.4639
39.4082
67.6616
46.3285
56.6604
-8.3061
4.6142
-91.9565
63.9207
-17.8356
-77.9764
97.0469
30.0294
95.5391
57.0545
-27.4115
10.4733
30.8474
-80.0053
-58.3375
89.7419
-22.6592
8.9805
36.8892
87.6553
46.0853
1.91531
91.3702
-80.7226
57.646

-92.7162
-91.9565
-86.8687
-84.8249
-80.7226
-80.0053
-77.9764
-68.7137
-66.3124
-63.8226
-59.2663
-58.3375
-53.3895
-52.4706
-27.4115
-23.3553
-22.6592
-17.8356
-17.1565
-15.7895
-8.3061
-6.89074
-6.38298
-5.94577
1.91531
3.7839
4.6142
6.46024
8.9805
10.3268
10.4733
16.1207
17.4639
30.0294
30.8474
36.3578
36.8892
39.4082
46.0853
46.3285
47.7889
51.1511
51.8964
52.4882
55.2424
56.6604
57.0545
57.646
63.9207
67.6616
68.1301
73.378
73.6971
87.6553
89.7419
91.3702
95.5391
97.0469

5.41873
-87.2374
-3.79672
-95.8101
-77.9564
31.2795
-53.118
52.9563
-55.589
43.632
38.436
15.8241
75.9486
36.1517
-38.7991
-21.9668
98.9108
37.8339
-14.94
-28.8429
78.8681
54.4051
95.3837
50.6981
-42.1217
-24.231
54.0128
79.8646
-41.1374
18.0191
-59.026
19.4058
26.6321
50.0759
-88.2177
88.0926
8.8102
22.0774
-11.068
-78.0298
-4.8411
-1.82513
-98.0024
-71.0365
92.8858
18.2458
-55.9906
-47.1391
-91.2833
-36.7516
-49.1492
-61.887
66.6718
41.0127
-27.7978
18.3172
51.1517
-67.212
39.4004

-98.0024
-95.8101
-91.2833
-88.2177
-87.2374
-78.0298
-77.9564
-71.0365
-67.212
-61.887
-59.026
-55.9906
-55.589
-53.118
-49.1492
-47.1391
-42.1217
-41.1374
-38.7991
-36.7516
-28.8429
-27.7978
-24.231
-21.9668
-14.94
-11.068
-4.8411
-3.79672
-1.82513
5.41873
8.8102
15.8241
18.0191
18.2458
18.3172
19.4058
22.0774
26.6321
31.2795
36.1517
37.8339
38.436
39.4004
41.0127
43.632
50.0759
50.6981
51.1517
52.9563
54.0128
54.4051
66.6718
75.9486
78.8681
79.8646
88.0926
92.8858
95.3837
98.9108

88.2368
-7.54871
-45.5799
2.79565
-84.1427
-53.2101
83.9348
18.3044
24.6224
18.6321
24.5195
71.7622
92.1177
23.1858
-56.5289
-35.5367
-79.6153
96.2813
-19.9723
-95.5357
-33.1848
-88.9886
0.971397
-23.3298
2.76328
-44.9908
89.8761
-66.0206
-12.9059
95.2868
92.2822
24.2768
-31.8907
48.0493
-34.9702
-39.8085
76.5128
-24.0804
-79.319
-78.1049
48.8911
85.0787
-11.5071
-53.1502
34.1859
69.1034
35.1206
6.15847
94.8228
28.941
-93.6901
-88.8993
-69.932
-34.9275
-62.1267
-41.0412
1.6368
-42.9528
39.5449
37.325
-80.7421
-41.303
-81.599
-9.6807
-37.6329
-12.7479
-53.033
-15.8408
-74.9996
50.8097
-20.3344
68.2579
70.7373
41.1316
-82.6621
-42.3546
-92.5261
76.0825
43.3837
-70.1086
76.6567
83.3292
-2.38749
31.3071

-95.5357
-93.6901
-92.5261
-88.9886
-88.8993
-84.1427
-82.6621
-81.599
-80.7421
-79.6153
-79.319
-78.1049
-74.9996
-70.1086
-69.932
-66.0206
-62.1267
-56.5289
-53.2101
-53.1502
-53.033
-45.5799
-44.9908
-42.9528
-42.3546
-41.303
-41.0412
-39.8085
-37.6329
-35.5367
-34.9702
-34.9275
-33.1848
-31.8907
-24.0804
-23.3298
-20.3344
-19.9723
-15.8408
-12.9059
-12.7479
-11.5071
-9.6807
-7.54871
-2.38749
0.971397
1.6368
2.76328
2.79565
6.15847
18.3044
18.6321
23.1858
24.2768
24.5195
24.6224
28.941
31.3071
34.1859
35.1206
37.325
39.5449
41.1316
43.3837
48.0493
48.8911
50.8097
68.2579
69.1034
70.7373
71.7622
76.0825
76.5128
76.6567
83.3292
83.9348
85.0787
88.2368
89.8761
92.1177
92.2822
94.8228
95.2868
96.2813

-85.962
-75.6143
43.67
68.8682
-78.292
83.4679
-24.9896
-60.5872
-92.9836
-43.5879
45.0562
-61.5696
-25.066
-5.41704
-4.85127
-81.3143
65.3757
83.337
46.4789
-53.8503
84.3406
98.0534
-76.4391
15.4108
-73.2749
-49.8107
-3.24074
40.7094
-10.9125
-11.132
0.104637
89.5989

-92.9836
-85.962
-81.3143
-78.292
-76.4391
-75.6143
-73.2749
-61.5696
-60.5872
-53.8503
-49.8107
-43.5879
-25.066
-24.9896
-11.132
-10.9125
-5.41704
-4.85127
-3.24074
0.104637
15.4108
40.7094
43.67
45.0562
46.4789
65.3757
68.8682
83.337
83.4679
84.3406
89.5989
98.0534

43.8301
26.466
81.8446
-41.7478
-92.7081
53.7488
-52.2687
28.5487
-22.4029
-52.4843
37.2419
53.5005
2.89476
-49.6906
-87.3574
82.3107
-28.6515
72.6094
-73.2599
-28.3346
13.1794
40.9595
88.893
-98.4496
59.7943
30.8458
62.7216
86.6474
-82.0634
40.9581
45.9576
12.7132
15.2055
-81.4647
20.0807
-0.805
-20.4063
-38.5108
-28.8312
-3.19942
-36.9469
-27.5837
-49.0981
89.4294
-6.97285
-3.22261
-70.6544
-40.6406
21.5653
-81.3034
-28.6142
-57.7806
3.58843
-24.2265
56.0782
-63.7484
62.705
57.5612
46.5687
46.7967
89.2036
-19.8861
65.4974
81.3298
24.5733
99.3844
41.4773
-95.589
-71.9715
77.6409
94.9651
40.3517
-23.4621
17.3687
-14.2172
49.7377
8.57206
95.1094
32.159
-41.6866
-52.0292
68.8504
-31.8106
-76.1429
-2.79539
4.68232
88.0706
-7.36565
-43.8297
-70.8831
21.0055
-95.1437
-29.7794
1.51561
73.3738
-52.024
62.7292
-83.9215
91.206
5.36966
-67.8749
-23.8817

-98.4496
-95.589
-95.1437
-92.7081
-87.3574
-83.9215
-82.0634
-81.4647
-81.3034
-76.1429
-73.2599
-71.9715
-70.8831
-70.6544
-67.8749
-63.7484
-57.7806
-52.4843
-52.2687
-52.0292
-52.024
-49.6906
-49.0981
-43.8297
-41.7478
-41.6866
-40.6406
-38.5108
-36.9469
-31.8106
-29.7794
-28.8312
-28.6515
-28.6142
-28.3346
-27.5837
-24.2265
-23.8817
-23.4621
-22.4029
-20.4063
-19.8861
-14.2172
-7.36565
-6.97285
-3.22261
-3.19942
-2.79539
-0.805
1.51561
2.89476
3.58843
4.68232
5.36966
8.57206
12.7132
13.1794
15.2055
17.3687
20.0807
21.0055
21.5653
24.5733
26.466
28.5487
30.8458
32.159
37.2419
40.3517
40.9581
40.9595
41.4773
43.8301
45.9576
46.5687
46.7967
49.7377
53.5005
53.7488
56.0782
57.5612
59.7943
62.705
62.7216
62.7292
65.4974
68.8504
72.6094
73.3738
77.6409
81.3298
81.8446
82.3107
86.6474
88.0706
88.893
89.2036
89.4294
91.206
94.9651
95.1094
99.3844

-39.7704
4.92376
86.248
64.7721
-42.7372
39.9064
41.5898
-38.9053
13.7066
86.4441
18.8693
2.34011
-90.7696
-56.2421
-63.476
38.8065
-57.0229
-95.1419
-87.2163
82.7971
-35.5165
-95.1963
21.3708
36.6409
23.1849
-81.5253
78.4544
54.8898
15.3885
89.196
-52.3137
-64.4931
-71.438
25.4615
7.186
-82.7607
-46.9698
85.4217
-92.9377
23.7666
-60.013
-50.2478
43.9726
13.0632
-78.141
-98.9693
-58.2944
94.6866
-70.3729
6.09972
89.6603
-84.2092
-66.387
73.0909
-35.5103
-68.569
72.1555
-43.5565
-42.5361
-20.6733
86.771
7.58173
-80.8074
-86.9737
77.073
-95.6506
-33.5677
52.1042
92.0291
-64.8746
-20.01
49.0811
-23.9021
18.983
-15.2242
46.2898
65.1704
77.6057
86.9061
-76.8016
-32.8594
18.495
22.8622
61.4003
10.0788
18.7433
37.6412
-27.059
6.87205
-18.2833
-14.5594
11.7072
15.006
-79.3009
22.6174
-62.6549
50.8756
-96.7236
52.7059
-74.3064
78.2195

-98.9693
-96.7236
-95.6506
-95.1963
-95.1419
-92.9377
-90.7696
-87.2163
-86.9737
-84.2092
-82.7607
-81.5253
-80.8074
-79.3009
-78.141
-76.8016
-74.3064
-71.438
-70.3729
-68.569
-66.387
-64.8746
-64.4931
-63.476
-62.6549
-60.013
-58.2944
-57.0229
-56.2421
-52.3137
-50.2478
-46.9698
-43.5565
-42.7372
-42.5361
-39.7704
-38.9053
-35.5165
-35.5103
-33.5677
-32.8594
-27.059
-23.9021
-20.6733
-20.01
-18.2833
-15.2242
-14.5594
2.34011
4.92376
6.09972
6.87205
7.186
7.58173
10.0788
11.7072
13.0632
13.7066
15.006
15.3885
18.495
18.7433
18.8693
18.983
21.3708
22.6174
22.8622
23.1849
23.7666
25.4615
36.6409
37.6412
38.8065
39.9064
41.5898
43.9726
46.2898
49.0811
50.8756
52.1042
52.7059
54.8898
61.4003
64.7721
65.1704
72.1555
73.0909
77.073
77.6057
78.2195
78.4544
82.7971
85.4217
86.248
86.4441
86.771
86.9061
89.196
89.6603
92.0291
94.6866

-57.4433
50.3182
-73.6626
100.402
-48.7645
41.1977
54.3423
41.995
-27.7364
17.7473
-20.5247
81.0106
-39.4485
80.8461
33.4032
59.5956
65.9576
96.8788
43.6975
-76.2606
78.0986
-28.1411
-74.4362
5.00984
16.5626
35.5532
-81.0693
-53.7174
89.8767
-2.52792
80.6564
-57.9203
-69.9761
54.0617
-80.2672
84.1221
-65.7977
51.1631
-14.9767
11.4259
-11.3069
-19.0543
-45.7608
39.915
26.5272
-80.5871
52.0061
-67.3236
-66.1989
4.97905
75.5897
100.457
-4.04575
10.3614
-18.6396
38.4867
-88.3648
-56.4931
-99.0498
76.8228
-7.10818
-55.7228
-63.1913
-77.5121
33.4335
94.8423
66.7135
-86.5437
67.3945
29.34
-79.6831
44.3382

-99.0498
-88.3648
-86.5437
-81.0693
-80.5871
-80.2672
-79.6831
-77.5121
-76.2606
-74.4362
-73.6626
-69.9761
-67.3236
-66.1989
-65.7977
-63.1913
-57.9203
-57.4433
-56.4931
-55.7228
-53.7174
-48.7645
-45.7608
-39.4485
-28.1411
-27.7364
-20.5247
-19.0543
-18.6396
-14.9767
-11.3069
-7.10818
-4.04575
-2.52792
4.97905
5.00984
10.3614
11.4259
16.5626
17.7473
26.5272
29.34
33.4032
33.4335
35.5532
38.4867
39.915
41.1977
41.995
43.6975
44.3382
50.3182
51.1631
52.0061
54.0617
54.3423
59.5956
65.9576
66.7135
67.3945
75.5897
76.8228
78.0986
80.6564
80.8461
81.0106
84.1221
89.8767
94.8423
96.8788
100.402
100.457

49.5715
-47.1183
28.8366
-92.8139
-7.94619
4.32734
-109.549
-54.5684
-102.912
-26.5376
-72.907
60.137
-44.5527
77.8933
-4.49117
-76.6362
-34.1021
-57.0219
37.6581
93.0927
16.3907
20.2591
91.2429
-109.261
-24.5451
-34.9273
-36.0688
119.718
-35.69
-93.6312
109.643
-9.03115
98.2446
46.5801
63.7916
32.6168
28.2973
-103.414
-27.4827
4.19686
64.5456
-49.4494
44.244
-29.179
30.499
109.252
122.464
-0.787257
116.396
-19.8856
-81.6816
-79.46
-15.455
-102.9
28.4414
47.2403
-79.9733
46.5178
-99.491

-109.549
-109.261
-103.414
-102.912
-102.9
-99.491
-93.6312
-92.8139
-81.6816
-79.9733
-79.46
-76.6362
-72.907
-57.0219
-54.5684
-49.4494
-47.1183
-44.5527
-36.0688
-35.69
-34.9273
-34.1021
-29.179
-27.4827
-26.5376
-24.5451
-19.8856
-15.455
-9.03115
-7.94619
-4.49117
-0.787257
4.19686
4.32734
16.3907
20.2591
28.2973
28.4414
28.8366
30.499
32.6168
37.6581
44.244
46.5178
46.5801
47.2403
49.5715
60.137
63.7916
64.5456
77.8933
91.2429
93.0927
98.2446
109.252
109.643
116.396
119.718
122.464

-87.6108
-19.5126
-94.7387
-101.793
-24.625
26.0041
35.1832
94.6086
-84.1939
-82.4427
16.844
92.4432
82.1651

-101.793
-94.7387
-87.6108
-84.1939
-82.4427
-24.625
-19.5126
16.844
26.0041
35.1832
82.1651
92.4432
94.6086

-58.1867
69.2165
67.9295
-13.5553
77.0551
4.49834
36.3942
-39.3042
-7.91714
-30.2404
68.8684
-73.0575
94.6101
-58.2244
98.3753
-38.421
-28.1551
122.754
-39.8434
48.196
-51.4855
112.418
76.4427
-100.36
-30.8547
-11.4661
-70.1033
47.9413
-26.7476
-43.6381
14.7367
-66.7245
-97.6737
-98.6445
59.1631
-43.2016
24.6986
61.1395

-100.36
-98.6445
-97.6737
-73.0575
-70.1033
-66.7245
-58.2244
-58.1867
-51.4855
-43.6381
-43.2016
-39.8434
-39.3042
-38.421
-30.8547
-30.2404
-28.1551
-26.7476
-13.5553
-11.4661
-7.91714
4.49834
14.7367
24.6986
36.3942
47.9413
48.196
59.1631
61.1395
67.9295
68.8684
69.2165
76.4427
77.0551
94.6101
98.3753
112.418
122.754

83.1991
56.131
110.837
-108.783
-16.3668
-59.9081
20.9011
45.365
6.70044
-44.6536
14.9057
90.8688
42.278
-87.1354
103.322
34.3459
-45.1731
-5.62008
-54.2845
-63.4857
109.163
109.569
55.8827
106.929
43.5943
71.9047
100.172
-30.2905
62.9831
17.1251
32.8184
118.381
-31.3123
112.999
-20.5036
-57.8177
35.4371
-47.9217
85.8651
119.792
-35.5332
94.9105
18.3412
117.739
-111.048
-64.6544
-72.9564
-112.129
-57.9565
16.6871
19.8608
69.1657
27.6377
-33.1051
38.9533
-77.4348
-0.153405
119.273
-104.007
29.2976
-11.8736
-41.1709
81.2715
-90.7156
48.2806
38.2879
89.4
-110.251
88.1932
20.1392
100.554
93.9723
75.5821
113.486
82.7995
85.7649
16.1959
-23.5614
101.758
-99.529
59.4849
-80.9836
66.9903
45.8594

-112.129
-111.048
-110.251
-108.783
-104.007
-99.529
-90.7156
-87.1354
-80.9836
-77.4348
-72.9564
-64.6544
-63.4857
-59.9081
-57.9565
-57.8177
-54.2845
-47.9217
-45.1731
-44.6536
-41.1709
-35.5332
-33.1051
-31.3123
-30.2905
-23.5614
-20.5036
-16.3668
-11.8736
-5.62008
-0.153405
6.70044
14.9057
16.1959
16.6871
17.1251
18.3412
19.8608
20.1392
20.9011
27.6377
29.2976
32.8184
34.3459
35.4371
38.2879
38.9533
42.278
43.5943
45.365
45.8594
48.2806
55.8827
56.131
59.4849
62.9831
66.9903
69.1657
71.9047
75.5821
81.2715
82.7995
83.1991
85.7649
85.8651
88.1932
89.4
90.8688
93.9723
94.9105
100.172
100.554
101.758
103.322
106.929
109.163
109.569
110.837
112.999
113.486
117.739
118.381
119.273
119.792

-82.6554
79.3431
96.4371
32.5088
71.38
-55.1659
65.3087
47.4822
-41.7857
23.5439
-84.2233
-36.5571
94.4847
19.2641
-89.8302
104.181
-77.9575
-82.44
105.711
16.0493
31.3146
9.27907
-7.56006
-35.5811
-109.233
-80.7834
98.7629
9.1646
-61.1006
58.8965
82.2623
-44.0285
3.24346
113.074
-21.7178
-71.3495
10.842
3.44191
-40.9179
-73.5354
-81.1398
107.623
60.8116
-97.6981
54.0701

-109.233
-97.6981
-89.8302
-84.2233
-82.6554
-82.44
-81.1398
-80.7834
-77.9575
-73.5354
-71.3495
-61.1006
-55.1659
-44.0285
-41.7857
-40.9179
-36.5571
-35.5811
-21.7178
-7.56006
3.24346
3.44191
9.1646
9.27907
10.842
16.0493
19.2641
23.5439
31.3146
32.5088
47.4822
54.0701
58.8965
60.8116
65.3087
71.38
79.3431
82.2623
94.4847
96.4371
98.7629
104.181
105.711
107.623
113.074

-79.0775
55.2737
-51.2689
76.2594
95.8842

-79.0775
-51.2689
55.2737
76.2594
95.8842

65.1755
-42.9352
107.452
81.1732
-6.46303
50.1189
-1.29218
-57.5288
15.194
74.5091
-17.4752
112.334
45.1773
80.0722
-4.44316
-63.4988
2.48723
55.5874
-69.6316
77.8457
-109.536
-38.5199
-59.6352
-61.8225
81.8976
-96.6
-14.2232
13.6079
6.71385
-66.131
-85.5047
-25.0953
46.5752
69.1345
105.134
-37.4782
12.0368
28.0685
122.889
-17.0854
15.5934
103.618
103.163
57.4901
-95.4465
65.9535
20.5188
35.7029
-9.94201
-86.5469
54.0829
-53.9198
49.5362
85.4333
83.5393
-10.1776
-36.6314
33.813
-71.8886
13.125
108.708
106.207
-107.43
7.28846
-19.0868
89.6781
-14.6468
29.5429
80.1025
22.7511
-100.758
91.3064
-77.401
53.5796
98.6448
100.93
-13.8918
115.163
65.4513
-90.5319
-15.6156
-87.7227
-102.513
122.958
92.7808
-46.9157
33.2083
67.1623
-9.17337
95.0593
69.9845
61.7532
74.9559
90.9653
66.202
39.9787
11.1977
45.3805
101.306
98.2546
121.233
34.015

-109.536
-107.43
-102.513
-100.758
-96.6
-95.4465
-90.5319
-87.7227
-86.5469
-85.5047
-77.401
-71.8886
-69.6316
-66.131
-63.4988
-61.8225
-59.6352
-57.5288
-53.9198
-46.9157
-42.9352
-38.5199
-37.4782
-36.6314
-25.0953
-19.0868
-17.4752
-17.0854
-15.6156
-14.6468
-14.2232
-13.8918
-10.1776
-9.94201
-9.17337
-6.46303
-4.44316
-1.29218
2.48723
6.71385
7.28846
11.1977
12.0368
13.125
13.6079
15.194
15.5934
20.5188
22.7511
28.0685
29.5429
33.2083
33.813
34.015
35.7029
39.9787
45.1773
45.3805
46.5752
49.5362
50.1189
53.5796
54.0829
55.5874
57.4901
61.7532
65.1755
65.4513
65.9535
66.202
67.1623
69.1345
69.9845
74.5091
74.9559
77.8457
80.0722
80.1025
81.1732
81.8976
83.5393
85.4333
89.6781
90.9653
91.3064
92.7808
95.0593
98.2546
98.6448
100.93
101.306
103.163
103.618
105.134
106.207
107.452
108.708
112.334
115.163
121.233
122.889
122.958

-27.9942
-100.365
-32.1397
16.351
34.4185
80.4344
2.32623
25.4327
28.3703
54.4445
97.4269
-81.3756
-74.3482
13.2115
22.3258
55.8668
-84.9991
31.5213
66.4181
95.8248
106.068
34.617
31.8341
84.2772
-60.4543
35.5403
-93.6846
-103.589
-44.865
119.712
45.1646
-87.4739
58.5101
-64.0757

-103.589
-100.365
-93.6846
-87.4739
-84.9991
-81.3756
-74.3482
-64.0757
-60.4543
-44.865
-32.1397
-27.9942
2.32623
13.2115
16.351
22.3258
25.4327
28.3703
31.5213
31.8341
34.4185
34.617
35.5403
45.1646
54.4445
55.8668
58.5101
66.4181
80.4344
84.2772
95.8248
97.4269
106.068
119.712

92.7833
-63.0272
-53.633
65.8776
-47.2447
40.9904
19.0869
18.7488
109.539
89.8156
18.8489
16.5289
-31.5314
81.0383
63.9185
-24.7491
36.43
35.9467
30.4476
-109.177
-88.9716
-102.214
88.7219
-90.6536
-43.9222
-42.091
86.7567
-106.932
-57.695
-18.1131
-85.7361
94.3495
31.2303
122.731
-50.7048
84.8413
11.0601
19.229

-109.177
-106.932
-102.214
-90.6536
-88.9716
-85.7361
-63.0272
-57.695
-53.633
-50.7048
-47.2447
-43.9222
-42.091
-31.5314
-24.7491
-18.1131
11.0601
16.5289
18.7488
18.8489
19.0869
19.229
30.4476
31.2303
35.9467
36.43
40.9904
63.9185
65.8776
81.0383
84.8413
86.7567
88.7219
89.8156
92.7833
94.3495
109.539
122.731

87.6289
121.71
-53.3349
21.0992
36.9208
26.4559
-4.02231
15.3619
-40.5119
-57.7789
-44.2749
-14.483
3.73435
40.4737
85.648
-80.874
-91.0564
-69.3397
-78.0967
-32.4961
88.2974
-99.4075
51.1358
-94.7865
103.059
-53.781
-41.3951
24.3909
-24.9164
26.4127
-105.327
50.5368
2.49971
20.8151
-55.6558
90.2352
14.2284
-32.4269
-77.3786
-90.9413
10.6416
62.2684
-89.8695
-36.9974
55.267
-109.52
20.0407
73.2331
-19.3979
89.5488
-62.0089
-103.739
92.2058
91.1366
17.1084
104.008
27.2066
87.1362
-85.6409
75.9526
102.349
-92.1481
118.909
118.892
-57.8932
-44.5771
14.2735
8.72324
49.4811
-86.6433
35.2833
116.195
-12.192
52.6129
70.4022
32.0249
-5.5341
-4.10746
-27.9349
-48.7079
-58.1007
20.7719
-16.6607
-56.0279
-48.4908
-73.0183
-41.1276
-27.7689
5.95363
59.6587
89.7294
-8.30319
103.444
-63.5698
-79.9815
70.0345
-58.5027
-109.533
-71.9222
106.637
-85.1383
-89.006
-18.9809
30.9402

-109.533
-109.52
-105.327
-103.739
-99.4075
-94.7865
-92.1481
-91.0564
-90.9413
-89.8695
-89.006
-86.6433
-85.6409
-85.1383
-80.874
-79.9815
-78.0967
-77.3786
-73.0183
-71.9222
-69.3397
-63.5698
-62.0089
-58.5027
-58.1007
-57.8932
-57.7789
-56.0279
-55.6558
-53.781
-53.3349
-48.7079
-48.4908
-44.5771
-44.2749
-41.3951
-41.1276
-40.5119
-36.9974
-32.4961
-32.4269
-27.9349
-27.7689
-24.9164
-19.3979
-18.9809
-16.6607
-14.483
-12.192
-8.30319
-5.5341
-4.10746
-4.02231
2.49971
3.73435
5.95363
8.72324
10.6416
14.2284
14.2735
15.3619
17.1084
20.0407
20.7719
20.8151
21.0992
24.3909
26.4127
26.4559
27.2066
30.9402
32.0249
35.2833
36.9208
40.4737
49.4811
50.5368
51.1358
52.6129
55.267
59.6587
62.2684
70.0345
70.4022
73.2331
75.9526
85.648
87.1362
87.6289
88.2974
89.5488
89.7294
90.2352
91.1366
92.2058
102.349
103.059
103.444
104.008
106.637
116.195
118.892
118.909
121.71

0.365635
-29.201
-45.3073
17.2968
-0.960487
66.8406
113.075
79.3812
-70.026
-86.6395
-62.1115
-82.7744
-59.6193
40.9773
71.5226
12.8696
-25.3464
-102.043
-105.388
50.6149
43.0438
-43.9181
33.9828
112.498
0.797404
-100.931
114.161

-105.388
-102.043
-100.931
-86.6395
-82.7744
-70.026
-62.1115
-59.6193
-45.3073
-43.9181
-29.201
-25.3464
-0.960487
0.365635
0.797404
12.8696
17.2968
33.9828
40.9773
43.0438
50.6149
66.8406
71.5226
79.3812
112.498
113.075
114.161

77.0633
63.273
97.4413
-94.6243
-75.2116
-55.0632
-92.2285
-98.1509
103.06
7.15144
-84.6763
-111.812
-52.5966
-13.5976
96.2106
109.76
-6.12541
64.9242
-73.7037
55.3319
-44.0736
-94.475
-2.44478
-10.5036
111.309
-5.08578
-7.44969
-8.8065
-77.8054
116.191
-27.5194
-92.5181
-17.3367
-109.214
-68.0972
44.8669
-22.9528
26.7012
112.471
40.5338
3.02434
71.8292
61.8958
63.7413
13.673
-101.012
-74.7676
-77.5359
87.0304
2.07967
-38.8022
-30.5336
84.5403
47.2634
-99.0884
41.3463
41.4421
40.9543
-104.09
-87.9829
-46.1842
-89.3478
-47.6892
-88.0002
116.733
83.3383
-71.3876
73.7164
121.43
84.8586
30.648
-70.6438

-111.812
-109.214
-104.09
-101.012
-99.0884
-98.1509
-94.6243
-94.475
-92.5181
-92.2285
-89.3478
-88.0002
-87.9829
-84.6763
-77.8054
-77.5359
-75.2116
-74.7676
-73.7037
-71.3876
-70.6438
-68.0972
-55.0632
-52.5966
-47.6892
-46.1842
-44.0736
-38.8022
-30.5336
-27.5194
-22.9528
-17.3367
-13.5976
-10.5036
-8.8065
-7.44969
-6.12541
-5.08578
-2.44478
2.07967
3.02434
7.15144
13.673
26.7012
30.648
40.5338
40.9543
41.3463
41.4421
44.8669
47.2634
55.3319
61.8958
63.273
63.7413
64.9242
71.8292
73.7164
77.0633
83.3383
84.5403
84.8586
87.0304
96.2106
97.4413
103.06
109.76
111.309
112.471
116.191
116.733
121.43

13.5459
-51.4328
47.3668
2.50681
-16.9275
27.9215
109.773
25.1468
-58.9066
-89.9468
94.1391
-72.07
3.40302
123.231
47.1715
-66.0293
-27.7954
66.8908
-40.4989
50.4269
-75.6113
59.0826
110.482
-38.2175
31.4402
97.5427
81.3947
64.723
114.449
-94.6063
-47.8844
-59.3724
1.94197
-100.699
-27.764
-13.7157
-23.5794
-15.5889
26.1354
-111.929
77.2478
-24.6983
-13.5026
-101.749
-28.6121
-33.3412
-27.557
-13.8248
32.0599
54.1278
85.7378
-81.3668
23.4618
-66.2282
103.912
94.1567
77.5851
-72.356
72.5961
-95.7403
71.7826
-4.57026
-26.7853
-64.316
-73.8203
-17.5835
83.547
-66.1875
57.4285
23.0352
61.7615
33.3954
-36.1664
-84.1755

-111.929
-101.749
-100.699
-95.7403
-94.6063
-89.9468
-84.1755
-81.3668
-75.6113
-73.8203
-72.356
-72.07
-66.2282
-66.1875
-66.0293
-64.316
-59.3724
-58.9066
-51.4328
-47.8844
-40.4989
-38.2175
-36.1664
-33.3412
-28.6121
-27.7954
-27.764
-27.557
-26.7853
-24.6983
-23.5794
-17.5835
-16.9275
-15.5889
-13.8248
-13.7157
-13.5026
-4.57026
1.94197
2.50681
3.40302
13.5459
23.0352
23.4618
25.1468
26.1354
27.9215
31.4402
32.0599
33.3954
47.1715
47.3668
50.4269
54.1278
57.4285
59.0826
61.7615
64.723
66.8908
71.7826
72.5961
77.2478
77.5851
81.3947
83.547
85.7378
94.1391
94.1567
97.5427
103.912
109.773
110.482
114.449
123.231

59.6665
-0.412452
67.764
-10.3612
-21.7478
82.3544
32.0268
-83.3077
112.678
-42.6275
-74.9821
-89.3719
115.11
-22.4446
-54.9532
-39.8773
-99.4091
44.7473
-37.0663
16.529
71.4059
117.387
77.4355
77.4211
12.8234
41.1465
-79.2833
-53.9664
0.272189
18.4781
-97.1077
91.6022
123.304
49.9772
52.4502
-82.3996
-90.6992
36.9176
16.5094
-86.9407
-13.6101
27.0662
-60.4815
90.9596

-99.4091
-97.1077
-90.6992
-89.3719
-86.9407
-83.3077
-82.3996
-79.2833
-74.9821
-60.4815
-54.9532
-53.9664
-42.6275
-39.8773
-37.0663
-22.4446
-21.7478
-13.6101
-10.3612
-0.412452
0.272189
12.8234
16.5094
16.529
18.4781
27.0662
32.0268
36.9176
41.1465
44.7473
49.9772
52.4502
59.6665
67.764
71.4059
77.4211
77.4355
82.3544
90.9596
91.6022
112.678
115.11
117.387
123.304

-111.924
90.7894
89.0826
75.1316
-22.837
-109.938
18.8917
27.4882
40.2733
51.6052
100.628
-19.5446
89.6015
-11.639
22.9078
-22.3776
105.102
-58.3526
-81.4524
-44.3443
-83.9859
67.9687
-6.08913
32.741
71.9751
35.4149
111.484
59.3647
-13.8319
105.884
-38.6589
-42.8854
104.231
-30.2901
65.326
4.35135
-94.522
-13.5097
72.2321
45.5446
42.5397
22.0299
-49.6503
57.1831
30.7189
2.86014
-30.9048
56.3476
23.0881
88.2538
-23.8879
-23.6184
51.4192
-75.3051
-111.347
50.7106
-23.5717
81.7556
75.0684
-58.4023
-61.4684
17.1969
70.2008
28.058
-1.58715
-86.8555
91.3091
-59.9428
77.8573
93.0304
-105.178
55.655
40.3704
-5.80338
104.451
63.2841
22.0836
55.41
29.4446
103.799
117.641
-78.8666
-56.1334
19.5076
6.8969
49.0018
7.4477
-25.5311
105.135
40.7826
14.5105
20.6978

-111.924
-111.347
-109.938
-105.178
-94.522
-86.8555
-83.9859
-81.4524
-78.8666
-75.3051
-61.4684
-59.9428
-58.4023
-58.3526
-56.1334
-49.6503
-44.3443
-42.8854
-38.6589
-30.9048
-30.2901
-25.5311
-23.8879
-23.6184
-23.5717
-22.837
-22.3776
-19.5446
-13.8319
-13.5097
-11.639
-6.08913
-5.80338
-1.58715
2.86014
4.35135
6.8969
7.4477
14.5105
17.1969
18.8917
19.5076
20.6978
22.0299
22.0836
22.9078
23.0881
27.4882
28.058
29.4446
30.7189
32.741
35.4149
40.2733
40.3704
40.7826
42.5397
45.5446
49.0018
50.7106
51.4192
51.6052
55.41
55.655
56.3476
57.1831
59.3647
63.2841
65.326
67.9687
70.2008
71.9751
72.2321
75.0684
75.1316
77.8573
81.7556
88.2538
89.0826
89.6015
90.7894
91.3091
93.0304
100.628
103.799
104.231
104.451
105.102
105.135
105.884
111.484
117.641

-101.484
-63.7604
95.0286
-65.6331
24.1632
93.7924
59.9074
-77.0418
-43.1593
-20.6786
-9.10505
-43.3253
-83.7358
-15.752
-55.7875
-40.3404
120.579
-3.54412
-33.5443
55.6787
6.99597
-12.8992
99.9372
-0.75944
0.207974
85.2659
-40.5124
59.0982
12.4909
46.9656
97.198
43.6548
84.8978
58.1332
-25.5411
18.0602
-99.7195
83.0762
101.515
73.2438
-94.6902
-61.9632
-1.2191
88.4147
-75.4311
-0.560877
1.88101
-86.3385
28.3955
72.1913
81.0454
23.4962
112.34
91.1166
-46.881
-72.5311
-59.8521
43.0434
-26.838
117.012
57.9791
17.1037
-78.5461
-1.78843
-31.9718
54.4986
-83.1964
109.57
-79.0277
-56.8552
64.8755
-66.0305
-43.4735
54.022
-89.9095
-23.9496
-41.5216
17.2964
-26.5446

-101.484
-99.7195
-94.6902
-89.9095
-86.3385
-83.7358
-83.1964
-79.0277
-78.5461
-77.0418
-75.4311
-72.5311
-66.0305
-65.6331
-63.7604
-61.9632
-59.8521
-56.8552
-55.7875
-46.881
-43.4735
-43.3253
-43.1593
-41.5216
-40.5124
-40.3404
-33.5443
-31.9718
-26.838
-26.5446
-25.5411
-23.9496
-20.6786
-15.752
-12.8992
-9.10505
-3.54412
-1.78843
-1.2191
-0.75944
-0.560877
0.207974
1.88101
6.99597
12.4909
17.1037
17.2964
18.0602
23.4962
24.1632
28.3955
43.0434
43.6548
46.9656
54.022
54.4986
55.6787
57.9791
58.1332
59.0982
59.9074
64.8755
72.1913
73.2438
81.0454
83.0762
84.8978
85.2659
88.4147
91.1166
93.7924
95.0286
97.198
99.9372
101.515
109.57
112.34
117.012
120.579

68.0857
36.8983
48.5454
-57.9326
-39.1315
-81.4654
50.4835
23.2068
87.2488
7.47954
-103.238
-59.4732
21.2089
32.3664
31.5035
50.2921
90.6268
35.0374
78.8491
21.0839
-40.6939
-33.3255
92.6944
78.3243
25.0603
-96.3304
-49.5981
90.4825
-43.0689
37.5088
-70.8119
31.2816
-6.5875
-27.6645
-91.7438
-88.4197
-65.1729
-71.5703
64.2541
-59.0541
-28.834
91.9369
-52.4426
13.3881
46.7047
53.4788
-28.8488
-79.976
70.2119
-32.0322
-103.616
-91.1545
10.3444
-3.36181
46.0025
-3.35954
47.7074
57.042
57.4512
66.6637
-35.7352
39.5116
62.5403
-30.965
80.9324
-3.61893
121.409
-84.3369
75.742
-77.4089
93.4776
-68.2828
93.23
90.9133
41.9598
32.2308
78.4959
-56.6596
118.885
-31.405
-71.5297
-23.2418
-49.3666
4.60736
27.7602
-100.585
-75.562
-24.6628
-100.459
55.4749
21.2006
69.9672

-103.616
-103.238
-100.585
-100.459
-96.3304
-91.7438
-91.1545
-88.4197
-84.3369
-81.4654
-79.976
-77.4089
-75.562
-71.5703
-71.5297
-70.8119
-68.2828
-65.1729
-59.4732
-59.0541
-57.9326
-56.6596
-52.4426
-49.5981
-49.3666
-43.0689
-40.6939
-39.1315
-35.7352
-33.3255
-32.0322
-31.405
-30.965
-28.8488
-28.834
-27.6645
-24.6628
-23.2418
-6.5875
-3.61893
-3.36181
-3.35954
4.60736
7.47954
10.3444
13.3881
21.0839
21.2006
21.2089
23.2068
25.0603
27.7602
31.2816
31.5035
32.2308
32.3664
35.0374
36.8983
37.5088
39.5116
41.9598
46.0025
46.7047
47.7074
48.5454
50.2921
50.4835
53.4788
55.4749
57.042
57.4512
62.5403
64.2541
66.6637
68.0857
69.9672
70.2119
75.742
78.3243
78.4959
78.8491
80.9324
87.2488
90.4825
90.6268
90.9133
91.9369
92.6944
93.23
93.4776
118.885
121.409

-64.8628
-2.01754
14.1374
-48.2271
-3.72604
-79.1879
-73.947
102.47
-66.0698
96.1303
-74.9796
100.359
71.0649
-18.4264
48.4248
-54.2561
-61.8096
21.1047
99
47.0919
23.7292
-35.9304
-94.8456
2.17019
-59.432
-53.5177
26.6019
30.391
-92.466
-54.2049
70.2043
70.4518
18.7444
-90.2251
-42.3059
84.5659
1.27945
41.2015
-17.016

-94.8456
-92.466
-90.2251
-79.1879
-74.9796
-73.947
-66.0698
-64.8628
-61.8096
-59.432
-54.2561
-54.2049
-53.5177
-48.2271
-42.3059
-35.9304
-18.4264
-17.016
-3.72604
-2.01754
1.27945
2.17019
14.1374
18.7444
21.1047
23.7292
26.6019
30.391
41.2015
47.0919
48.4248
70.2043
70.4518
71.0649
84.5659
96.1303
99
100.359
102.47

-2.84942
40.9049
13.1988
-76.5505
4.37969
-22.4
-8.20239
2.725
43.0963
1.10946
21.034
42.9065
-72.2226
-17.7645
102.929
71.5759
-66.0061
35.8144
41.7821
37.9353
51.3018
-65.6471
73.6534
-18.5585
24.8999
-5.86785
91.7457

-76.5505
-72.2226
-66.0061
-65.6471
-22.4
-18.5585
-17.7645
-8.20239
-5.86785
-2.84942
1.10946
2.725
4.37969
13.1988
21.034
24.8999
35.8144
37.9353
40.9049
41.7821
42.9065
43.0963
51.3018
71.5759
73.6534
91.7457
102.929

122.358
40.7828
68.6748
40.0593
-110.581
88.2492
113.743
-12.9781
-49.759

-110.581
-49.759
-12.9781
40.0593
40.7828
68.6748
88.2492
113.743
122.358

-50.548
-18.7783
-51.7196
30.7973
-47.491
62.8925
-67.7826
101.836
-53.8947
24.3337
2.95969
-44.0225
44.514
-59.2005
58.6206
80.9339
-52.6937
90.5698
78.6095
85.0736
-53.4624
-79.9278
28.9288
37.9975
89.0494
12.5739
16.2202
-20.7
67.8848
-91.0603
37.6015
24.4783
-23.9742
78.7114
-91.1808
115.093
7.84526
-29.4136
92.6829
-37.9493
-58.7328
-104.345
55.8147
87.5341
8.71648
-87.9148
120.229
84.5328
117.992
-44.9205
96.9199
106.596
-82.855
-41.0393
-43.6459
-93.448
56.0756
1.45172
-4.45673
110.96
102.313
-57.9702
10.6784
25.8756
65.9593
40.3813
110.09
-108.317
-27.9295
121.869
106.082
-16.3704
-97.3319
-21.7731
-107.029
-111.822
89.7473
46.6957
59.6892
-31.3178
12.4061
86.2895
113.899
36.1356
19.8287
-86.3712
32.6777
-8.07136
23.0974
61.3159
-33.5306
-109.676
34.0684
18.6154
0.831459
74.2056
112.74
6.59579

-111.822
-109.676
-108.317
-107.029
-104.345
-97.3319
-93.448
-91.1808
-91.0603
-87.9148
-86.3712
-82.855
-79.9278
-67.7826
-59.2005
-58.7328
-57.9702
-53.8947
-53.4624
-52.6937
-51.7196
-50.548
-47.491
-44.9205
-44.0225
-43.6459
-41.0393
-37.9493
-33.5306
-31.3178
-29.4136
-27.9295
-23.9742
-21.7731
-20.7
-18.7783
-16.3704
-8.07136
-4.45673
0.831459
1.45172
2.95969
6.59579
7.84526
8.71648
10.6784
12.4061
12.5739
16.2202
18.6154
19.8287
23.0974
24.3337
24.4783
25.8756
28.9288
30.7973
32.6777
34.0684
36.1356
37.6015
37.9975
40.3813
44.514
46.6957
55.8147
56.0756
58.6206
59.6892
61.3159
62.8925
65.9593
67.8848
74.2056
78.6095
78.7114
80.9339
84.5328
85.0736
86.2895
87.5341
89.0494
89.7473
90.5698
92.6829
96.9199
101.836
102.313
106.082
106.596
110.09
110.96
112.74
113.899
115.093
117.992
120.229
121.869

113.71
45.4359
16.0264
2.1292
71.3866
-60.6929
-4.47063
10.6458
-27.9268
30.399
-14.5186
-49.1344
7.60533
-53.3312
-28.875
-90.0505
-64.584
-42.7159
-59.3846
72.2213
64.5697
-86.52
122.484
79.134
-95.1746
85.2294
-22.0814
64.5446
39.3832
56.3025
0.564011
86.0417
-91.6008
-34.3398
27.3175
-92.6655
23.6929
18.0183
59.5216
-68.1186
96.0795
113.122
84.2383
-53.9747
16.8364
-39.5242
-105.228
-7.17239
25.0574
-51.6884
-34.4784
80.0218
-8.90511
-61.4739
-81.7496
39.3972
-76.6859
-47.8855
110.412
-80.6949
28.8577
-53.7183
123.317
7.73087
10.8823
43.0849
119.034
14.6577
47.3922
13.4443
97.6799
-104.514
40.7003
12.8449
40.1356
36.6262
118.247
114.464
87.1319
19.0879
-54.7426
-31.3428
89.4799
-34.6552
21.3256
-41.5573
-106.391
-98.6941
117.173
-110.13
37.2453
-109.957
13.656
-72.9391
-30.9699

-110.13
-109.957
-106.391
-105.228
-104.514
-98.6941
-95.1746
-92.6655
-91.6008
-90.0505
-86.52
-81.7496
-80.6949
-76.6859
-72.9391
-68.1186
-64.584
-61.4739
-60.6929
-59.3846
-54.7426
-53.9747
-53.7183
-53.3312
-51.6884
-49.1344
-47.8855
-42.7159
-41.5573
-39.5242
-34.6552
-34.4784
-34.3398
-31.3428
-30.9699
-28.875
-27.9268
-22.0814
-14.5186
-8.90511
-7.17239
-4.47063
0.564011
2.1292
7.60533
7.73087
10.6458
10.8823
12.8449
13.4443
13.656
14.6577
16.0264
16.8364
18.0183
19.0879
21.3256
23.6929
25.0574
27.3175
28.8577
30.399
36.6262
37.2453
39.3832
39.3972
40.1356
40.7003
43.0849
45.4359
47.3922
56.3025
59.5216
64.5446
64.5697
71.3866
72.2213
79.134
80.0218
84.2383
85.2294
86.0417
87.1319
89.4799
96.0795
97.6799
110.412
113.122
113.71
114.464
117.173
118.247
119.034
122.484
123.317

87.2634
-44.4586
14.7984
-69.5672
18.0185
20.0798
-27.3155
-62.3542
-26.5808
79.9014
21.4025
-2.17565
63.9952
-100.722
74.3351
123.144
-72.2322
-71.8919
-35.6457
19.4932
-37.7322
99.2869
-43.3211
66.9036
20.6435
-7.31483
92.245
-84.6155
62.6185
118.904
3.12846
-94.7529
-90.7417
77.7753
-108.003
61.6108
-67.9403
68.4409
-69.0188
24.9324
-31.519
-88.8237
5.20218
-34.1646
80.5852
26.2663
-31.509
20.9643
6.93481
22.349
-57.1382
-1.28749
108.63
117.521
104.417
-48.7111
89.2017
43.5702
-21.4894
-39.3105

-108.003
-100.722
-94.7529
-90.7417
-88.8237
-84.6155
-72.2322
-71.8919
-69.5672
-69.0188
-67.9403
-62.3542
-57.1382
-48.7111
-44.4586
-43.3211
-39.3105
-37.7322
-35.6457
-34.1646
-31.519
-31.509
-27.3155
-26.5808
-21.4894
-7.31483
-2.17565
-1.28749
3.12846
5.20218
6.93481
14.7984
18.0185
19.4932
20.0798
20.6435
20.9643
21.4025
22.349
24.9324
26.2663
43.5702
61.6108
62.6185
63.9952
66.9036
68.4409
74.3351
77.7753
79.9014
80.5852
87.2634
89.2017
92.245
99.2869
104.417
108.63
117.521
118.904
123.144

34.2264
51.6561
71.5868
4.82951
48.7056
38.162
-110.031
-23.7542
95.0133
-15.6273
44.9154
-17.7149
71.6741
60.5992
-35.2813
90.4363
113.003
2.20861
62.5854
63.6625
72.9911
115.027
-21.6928
20.4669
-82.5033
-82.8083
96.1405
-1.90243
-60.558
6.01016
16.7633
102.941
63.7804
-108.868
-96.8764
78.1619
-0.0359548
8.84908
-39.0315
19.2493
86.152
66.8903
-77.9419
36.2087
-92.7469
90.2216
-70.3045
9.23748
-107.085
-13.845
41.8479
19.2847
72.1002
6.5533
-14.7871
71.9289
-106.243
-25.8429
55.9049
5.82819
7.20495
16.7636

-110.031
-108.868
-107.085
-106.243
-96.8764
-92.7469
-82.8083
-82.5033
-77.9419
-70.3045
-60.558
-39.0315
-35.2813
-25.8429
-23.7542
-21.6928
-17.7149
-15.6273
-14.7871
-13.845
-1.90243
-0.0359548
2.20861
4.82951
5.82819
6.01016
6.5533
7.20495
8.84908
9.23748
16.7633
16.7636
19.2493
19.2847
20.4669
34.2264
36.2087
38.162
41.8479
44.9154
48.7056
51.6561
55.9049
60.5992
62.5854
63.6625
63.7804
66.8903
71.5868
71.6741
71.9289
72.1002
72.9911
78.1619
86.152
90.2216
90.4363
95.0133
96.1405
102.941
113.003
115.027

122.231
-7.5002
-107.167
-9.11657
115.746
-48.6357
116.926
-56.4535
65.6007
-68.8351
-22.8273
14.9671
-70.4254
-100.458
-61.4911
-24.9756
-102.638
119.243
-59.1442
-86.0411
-7.25978
-47.9334
46.9025
25.6002
-72.9584
15.3321
-56.2999
-89.2121
82.4034
118.127
71.9751
-87.7703
-77.4408
104.126
13.3861
82.832
-107.264
-64.5416
120.055
-96.6675
-22.5379
-11.3573
43.9632
-53.1664
29.0514
21.535
-31.0801
16.7955

-107.264
-107.167
-102.638
-100.458
-96.6675
-89.2121
-87.7703
-86.0411
-77.4408
-72.9584
-70.4254
-68.8351
-64.5416
-61.4911
-59.1442
-56.4535
-56.2999
-53.1664
-48.6357
-47.9334
-31.0801
-24.9756
-22.8273
-22.5379
-11.3573
-9.11657
-7.5002
-7.25978
13.3861
14.9671
15.3321
16.7955
21.535
25.6002
29.0514
43.9632
46.9025
65.6007
71.9751
82.4034
82.832
104.126
115.746
116.926
118.127
119.243
120.055
122.231

ciao
Torino
Davide
zebra
Bergamo
Anna
contessa
film
programmazione
calcolo
scientifico
Luca
libro
videogioco

Anna
Bergamo
Davide
Luca
Torino
calcolo
ciao
contessa
film
libro
programmazione
scientifico
videogioco
zebra

<end of output>
Test time =   0.02 sec
----------------------------------------------------------
Test Passed.
"bubblesort" end time: Apr 29 13:10 UTC
"bubblesort" time elapsed: 00:00:00
----------------------------------------------------------

2/5 Testing: insertionsort
2/5 Test: insertionsort
Command: "/home/pcsdocker/Data/ES_PCS_2026/esercitazione5/build_debug/test_insertionsort"
Directory: /home/pcsdocker/Data/ES_PCS_2026/esercitazione5/build_debug
"insertionsort" start time: Apr 29 13:10 UTC
Output:
----------------------------------------------------------
-14
-65
-39
17
-80
59
19
-86

-86
-80
-65
-39
-14
17
19
59

-98
50
60
-71
-51
-21
-32
18
-52
18
18
-85
-61
41
-69
-38
-1
96
-35
29
-16
6
-90
-70
87
59
-11
-4
-92
-1
32
-100
6
85
28
-45
75
-35
-85

-100
-98
-92
-90
-85
-85
-71
-70
-69
-61
-52
-51
-45
-38
-35
-35
-32
-21
-16
-11
-4
-1
-1
6
6
18
18
18
28
29
32
41
50
59
60
75
85
87
96

21
75
-100
-2
51
-64
6
13
-97
95
-46
-60
-33
43
-58
40
-7
-47
-6
-25
-59
35
-13
97
-53
2
-2
-86
-18
-100
90
-54
35
-41
-96
-50
-23
-89
-38
26
7
-16

-100
-100
-97
-96
-89
-86
-64
-60
-59
-58
-54
-53
-50
-47
-46
-41
-38
-33
-25
-23
-18
-16
-13
-7
-6
-2
-2
2
6
7
13
21
26
35
35
40
43
51
75
90
95
97

-92
-45
-29
35
-32
-45
-54
-44
44
-21
-94
-46
51
23
-76
-44
-69
62
-48
25
67
-90
50
-42
91
92
-28
-22
56
94
-71
59
-59
-5
14
-21
-76
11
5
-99
-93
-73
-66
-1
70
20
-90
-94
-94
7
52
-8
-41
32
69
52
-30
-50
17
-13
-38
23
-54
-86
63
-38
59
-45
65
62
-29
49
-87
65
-47
-42
-80
33
-16
14
-18
-37
17

-99
-94
-94
-94
-93
-92
-90
-90
-87
-86
-80
-76
-76
-73
-71
-69
-66
-59
-54
-54
-50
-48
-47
-46
-45
-45
-45
-44
-44
-42
-42
-41
-38
-38
-37
-32
-30
-29
-29
-28
-22
-21
-21
-18
-16
-13
-8
-5
-1
5
7
11
14
14
17
17
20
23
23
25
32
33
35
44
49
50
51
52
52
56
59
59
62
62
63
65
65
67
69
70
91
92
94

-74
23
-25
-70
35
-75
-6
-94
-73
-72
-55
47
36
55
-20
-36
84
35
31
91
-43
31
-34
4
-9
25
11
-100
68
-29
2
69
19
-83
-35
29
-21
-96
5
-86
-29
-71
-80
47
-26
34
76
-30
-53
7
64
30
-21
69
42
90
-41
53
87
-60
73
-99
60
64
-73
-53
1
-36
24
-27
-4
31
92
-72
-57

-100
-99
-96
-94
-86
-83
-80
-75
-74
-73
-73
-72
-72
-71
-70
-60
-57
-55
-53
-53
-43
-41
-36
-36
-35
-34
-30
-29
-29
-27
-26
-25
-21
-21
-20
-9
-6
-4
1
2
4
5
7
11
19
23
24
25
29
30
31
31
31
34
35
35
36
42
47
47
53
55
60
64
64
68
69
69
73
76
84
87
90
91
92

54
34
38
71
49
-32
1
45
-8
13
-5
-58
-32
-22
-71
35
-27
84
-9
-88
53
27
-51
-11
6
91
-45
82
7
76
79
60
87
1
-82
-60
98
-11
75
71
-30
60
-72
-14
90
81

-88
-82
-72
-71
-60
-58
-51
-45
-32
-32
-30
-27
-22
-14
-11
-11
-9
-8
-5
1
1
6
7
13
27
34
35
38
45
49
53
54
60
60
71
71
75
76
79
81
82
84
87
90
91
98

-48
36
-81
-39
3
94
84
2
36
55
-68
84
92
-73
40
-47
43
-76
34
69
47

-81
-76
-73
-68
-48
-47
-39
2
3
34
36
36
40
43
47
55
69
84
84
92
94

25
-38
-1
-56
-57
-25
24
-100
-37
-32
51
51
89
50
84
70
-55
-43
-31
44
10

-100
-57
-56
-55
-43
-38
-37
-32
-31
-25
-1
10
24
25
44
50
51
51
70
84
89

-72
28
-51
-54
83
-26
-46
63
21
-70
20
67
9
-39
-23

-72
-70
-54
-51
-46
-39
-26
-23
9
20
21
28
63
67
83

-73
40
72
77
-50
-4
7
-75
-6
-40
-87
92
-52
4
10
-93
77
-45
-2
-71
75
18
-64
-6
8
-54
53
45
15
18
-47
4
9
15
3
-39
12
37
-82
-92
92
32

-93
-92
-87
-82
-75
-73
-71
-64
-54
-52
-50
-47
-45
-40
-39
-6
-6
-4
-2
3
4
4
7
8
9
10
12
15
15
18
18
32
37
40
45
53
72
75
77
77
92
92

-23
76
-23
-77
51
44
7
50
68
62
5
49
57
-62
23
50
-28
-20
-18
60
-10
5
-18
23
-54
68
1
-95
-4
53
-57
-31
-87
8
-35
-85
-79
63
-58
-75
-20
95
-74
4
37

-95
-87
-85
-79
-77
-75
-74
-62
-58
-57
-54
-35
-31
-28
-23
-23
-20
-20
-18
-18
-10
-4
1
4
5
5
7
8
23
23
37
44
49
50
50
51
53
57
60
62
63
68
68
76
95

-23
-50
-31
-74
38
58
34
-58
52
3
-34
100
18
63
-93
46
78
-4
68
25
-58
18
-8
82
-20
-27
-32
40
-100
47
-25
-5
-35
-28
71
-56
-3
-38
-50
19
40
-25
-35
-84
-76
-89
-79
50
-28
47
18
-25
7
-90
-79

-100
-93
-90
-89
-84
-79
-79
-76
-74
-58
-58
-56
-50
-50
-38
-35
-35
-34
-32
-31
-28
-28
-27
-25
-25
-25
-23
-20
-8
-5
-4
-3
3
7
18
18
18
19
25
34
38
40
40
46
47
47
50
52
58
63
68
71
78
82
100

0
-71
14
-37
75
67
-85
-57
95
-74
9
43
75
93
77
54
44
99
84
-88
54
17
-20
21
-47
43
-28
57
-7
-66
45
66
-79
-44
-69
63
58
86
21
-16
-64
50
-5
-45
95
-93
68
-69
-27
85
-52
-34
-30
62
77
-39
68
-49
47
-100
-68
-27
-49
-39
-24
-49
-89

-100
-93
-89
-88
-85
-79
-74
-71
-69
-69
-68
-66
-64
-57
-52
-49
-49
-49
-47
-45
-44
-39
-39
-37
-34
-30
-28
-27
-27
-24
-20
-16
-7
-5
0
9
14
17
21
21
43
43
44
45
47
50
54
54
57
58
62
63
66
67
68
68
75
75
77
77
84
85
86
93
95
95
99

83
40
60
-27
-57
-59
87
100
18
85
60
55
76
86
-87
-63
-12
-66

-87
-66
-63
-59
-57
-27
-12
18
40
55
60
60
76
83
85
86
87
100

-72
27
-40
-86
-47
-5
54
2
-79
22
-56
-69
-54
98
5
32
-69
23
11
1
-57
-11
28
-72
-66
2
33
62
-80
-54
-56
92
-14
-28
-43
-96
77
83
-24
62
-33
31
-12
15
60
51
-9
-61
70
-94
-89
-87
-12
27
71
-11
-57
-38
45
-51
-11
15
61
13
-51
-48
51
-55
-39
46
-100
-77
-82
24
-53
-81
89
-40
99
48
24
-75
-51
-28
-72
-72
39
63
75
59
71
30
-8
-21
12
82
-30
-92
-27
86

-100
-96
-94
-92
-89
-87
-86
-82
-81
-80
-79
-77
-75
-72
-72
-72
-72
-69
-69
-66
-61
-57
-57
-56
-56
-55
-54
-54
-53
-51
-51
-51
-48
-47
-43
-40
-40
-39
-38
-33
-30
-28
-28
-27
-24
-21
-14
-12
-12
-11
-11
-11
-9
-8
-5
1
2
2
5
11
12
13
15
15
22
23
24
24
27
27
28
30
31
32
33
39
45
46
48
51
51
54
59
60
61
62
62
63
70
71
71
75
77
82
83
86
89
92
98
99

78
-37
-79
93
91
95
-81
81
-78
-42
94
62
-3
10
95
-44
-48
-23
-92
86
-49
12
82
70
91
-1
94
-99
-90
1
-12
68
92
70
63
32
55
-72
27
-1
48
-55
42
37
-54
-69
-100
-52
-87
96
39
-20
-94
36
-65
-50
89
73
5
-34
80
33
30
-15
-81
-29
28
-71
60
26
81
-48
91
44
-65
18
70
-4
57
-26
-13
-55
29

-100
-99
-94
-92
-90
-87
-81
-81
-79
-78
-72
-71
-69
-65
-65
-55
-55
-54
-52
-50
-49
-48
-48
-44
-42
-37
-34
-29
-26
-23
-20
-15
-13
-12
-4
-3
-1
-1
1
5
10
12
18
26
27
28
29
30
32
33
36
37
39
42
44
48
55
57
60
62
63
68
70
70
70
73
78
80
81
81
82
86
89
91
91
91
92
93
94
94
95
95
96

-21
-65
-42
37
91
-27
-86
65
70
-54
33
12
37
98
5
-80
78
26
93
-84
11

-86
-84
-80
-65
-54
-42
-27
-21
5
11
12
26
33
37
37
65
70
78
91
93
98

75
22
63
-29
-41
7
7
-19
55
69
27
-2
-62
-85
-44
-24
-26
-33
91
-5
31

-85
-62
-44
-41
-33
-29
-26
-24
-19
-5
-2
7
7
22
27
31
55
63
69
75
91

25
-24
19
37
39
55
-53
-79
-5
64
4
-53
-13
-4
94
63
92
97
87
-93
97
-64
59
-43
-82
-39
-75
85
72
33
-59
79
93
-51
42
52
-47
34
36
-82
-93
-59
59
82
-31
-44
47
99
-46
-70
85
-55
29
-59

-93
-93
-82
-82
-79
-75
-70
-64
-59
-59
-59
-55
-53
-53
-51
-47
-46
-44
-43
-39
-31
-24
-13
-5
-4
4
19
25
29
33
34
36
37
39
42
47
52
55
59
59
63
64
72
79
82
85
85
87
92
93
94
97
97
99

-66
-13
-24
-46
-8
-93
-99
-74
97
91
-16
-78
84
49
-31
61
-86
31
-26
14
-42
-97
1
-4
-77
7
-14
30
72
-60
34
78
-59
-37
-67
49
44
-94
91
-95
73
-74
-32
91
40
-59
52
8
40
-2
-33
28
42
50
61
11
-18
-28
64
-7
-48
-24
-68
83
-41
5
35
-22
-27
-17
-51
-2
49
72
-83
-79
52
57
-81
-70
63
-10
-8
-43
-66
-71
55
-72
-72
74
32
61
9
55
81
-60
9

-99
-97
-95
-94
-93
-86
-83
-81
-79
-78
-77
-74
-74
-72
-72
-71
-70
-68
-67
-66
-66
-60
-60
-59
-59
-51
-48
-46
-43
-42
-41
-37
-33
-32
-31
-28
-27
-26
-24
-24
-22
-18
-17
-16
-14
-13
-10
-8
-8
-7
-4
-2
-2
1
5
7
8
9
9
11
14
28
30
31
32
34
35
40
40
42
44
49
49
49
50
52
52
55
55
57
61
61
61
63
64
72
72
73
74
78
81
83
84
91
91
91
97

-36
88
-49
11
-81
-2
52
-40
-71
25
90
-76
-59
35
0
-36
-55
81
-80
-76
11
54
87
34
-6
6
-12
-44
31
16
31
-25
-62
-93
-11
32
-44
-98
-71
-17
53
29
34
75
-7
74
-78
5
10
-97
5
-4
-21
-63
61
2
91
-17
15
-57
-75
6

-98
-97
-93
-81
-80
-78
-76
-76
-75
-71
-71
-63
-62
-59
-57
-55
-49
-44
-44
-40
-36
-36
-25
-21
-17
-17
-12
-11
-7
-6
-4
-2
0
2
5
5
6
6
10
11
11
15
16
25
29
31
31
32
34
34
35
52
53
54
61
74
75
81
87
88
90
91

4
-67
-74
-87
74
-18
-46
93
97
11
28
19
-14
20
41
-11
-67
5
-74
-76
69
-50
45
-50
-52
10
43
-35
-7
77
87
-91
-80
15
63
-25
50
68
44
-67
39
-69
-91
-26
-23
-69
-84
-96
-97
9
-50
98
-98
94
24
15
-34
39
21
-82
49
21
16
-92
-48
-17
77
-98
75
-8

-98
-98
-97
-96
-92
-91
-91
-87
-84
-82
-80
-76
-74
-74
-69
-69
-67
-67
-67
-52
-50
-50
-50
-48
-46
-35
-34
-26
-25
-23
-18
-17
-14
-11
-8
-7
4
5
9
10
11
15
15
16
19
20
21
21
24
28
39
39
41
43
44
45
49
50
63
68
69
74
75
77
77
87
93
94
97
98

74
23
9
-88
99
-79
46
-64
-94
63
44
-40
73
-61
89
-32
-90
47
13
-72
-41
38
-41
3
65
86
7
78
-82
-1
0
59
72
1
46
13
-73
-34
-6
56
-48
-63
10
-31
70
-15
24
-2
70
-76
-65
-76
43
-46
84
-61
15
-32
-85
-4
65
-60
-49
81
76
-49
-32
-43
37
-65
-71
30
76
99
-3
26
-53
6
-50
7
-1
83
-63
-84
23
95
9
68
62
37

-94
-90
-88
-85
-84
-82
-79
-76
-76
-73
-72
-71
-65
-65
-64
-63
-63
-61
-61
-60
-53
-50
-49
-49
-48
-46
-43
-41
-41
-40
-34
-32
-32
-32
-31
-15
-6
-4
-3
-2
-1
-1
0
1
3
6
7
7
9
9
10
13
13
15
23
23
24
26
30
37
37
38
43
44
46
46
47
56
59
62
63
65
65
68
70
70
72
73
74
76
76
78
81
83
84
86
89
95
99
99

-86
-65
79
-50
40
10
-31
86

-86
-65
-50
-31
10
40
79
86

-25
16
28
-94
63
-61
-71
-63
37
81
93
25
-58
29
-87
74
17
-79
94
-5
-22
3
47
45
-43
44
-35
65
25
-97
-20
63
-69
77
-42
-36
-97
-2
-16
32
-52
-65
21
-96
-2
46
-74
56
53
50
98
-31
-60
44

-97
-97
-96
-94
-87
-79
-74
-71
-69
-65
-63
-61
-60
-58
-52
-43
-42
-36
-35
-31
-25
-22
-20
-16
-5
-2
-2
3
16
17
21
25
25
28
29
32
37
44
44
45
46
47
50
53
56
63
63
65
74
77
81
93
94
98

43
-49
92
33
74
51
-54
74
70
-85
-94
99
59
-89
-78
71
73
93
20
-23

-94
-89
-85
-78
-54
-49
-23
20
33
43
51
59
70
71
73
74
74
92
93
99

18
-92
18
-46
23
-28
28
41
-87
-60
91
-62
54
54
63
83
31
25
-86
-24
5
-37
85
-64
53
-12
18
-78
48
53
-67
27
-29
3
-28
-77
-23
1
-45
40
-67
-35
7
-3
-53
-5
-86
-36
52
35
18
-14
65
-21
79
-22
94
86
-44
72
-100
-40
28
-6
-4
44
68
18
-96
-91
-96
-52
-18
63
-75
51
0
21

-100
-96
-96
-92
-91
-87
-86
-86
-78
-77
-75
-67
-67
-64
-62
-60
-53
-52
-46
-45
-44
-40
-37
-36
-35
-29
-28
-28
-24
-23
-22
-21
-18
-14
-12
-6
-5
-4
-3
0
1
3
5
7
18
18
18
18
18
21
23
25
27
28
28
31
35
40
41
44
48
51
52
53
53
54
54
63
63
65
68
72
79
83
85
86
91
94

24
-32
56
15
-38
16
89
-8
-85
-35
23
96
-82
-1
44
-78
-24
80
-91
62
-3
-50
78
-4
10
86
3
5
43
-34
24
84
10
19
-9
37
-58
1
-57
58
-29
-37
12

-91
-85
-82
-78
-58
-57
-50
-38
-37
-35
-34
-32
-29
-24
-9
-8
-4
-3
-1
1
3
5
10
10
12
15
16
19
23
24
24
37
43
44
56
58
62
78
80
84
86
89
96

-44
-54
-93
-3
-76
-56
26
-22
96
11
69
-46
-85
-54
-66
-100
-13
29
75
-34
-18
-10
-6
56
-94
35
67
-71
-1
3
-15
85
-42
-16
74
-17
-44
-98
25
98

-100
-98
-94
-93
-85
-76
-71
-66
-56
-54
-54
-46
-44
-44
-42
-34
-22
-18
-17
-16
-15
-13
-10
-6
-3
-1
3
11
25
26
29
35
56
67
69
74
75
85
96
98

99
83
-15
-24
-80
51
80
-95
-4
28
-43
97
83
20
62
-54
87
-64
-14
-80
-9
44
88
30
2
-74
73
-8
32
14
82
68
12
76
9

-95
-80
-80
-74
-64
-54
-43
-24
-15
-14
-9
-8
-4
2
9
12
14
20
28
30
32
44
51
62
68
73
76
80
82
83
83
87
88
97
99

-48
97
23
-9
-63
-93
-63
-14
-24
5
97
86
21
-74
63
-35
31
-22
41
4
65
17
-36
-73
75
-94
-46
31

-94
-93
-74
-73
-63
-63
-48
-46
-36
-35
-24
-22
-14
-9
4
5
17
21
23
31
31
41
63
65
75
86
97
97

-72
-3
23
-56
-58
70
-72
-71
15
-6
-67
-16
86
-48
-21
-42
52
-36
90
29
-97
33
74
-98
-66
26
100
-57
88
31
89
-59
34
-36
-65
-13
-74
37
71
57
-14
84
-57
-11
33
67
10
-87
-56
-37
14
25
16
100
-42
1
-86
25
25
30
-98
44
-24
-100
39
76
-31
48
97
77
87
12
63
93
-85
27
-93
23
51
-63
13
-11
20
-47
58
-99
-23
24
-62
45
-85
-87
-86
42
-3

-100
-99
-98
-98
-97
-93
-87
-87
-86
-86
-85
-85
-74
-72
-72
-71
-67
-66
-65
-63
-62
-59
-58
-57
-57
-56
-56
-48
-47
-42
-42
-37
-36
-36
-31
-24
-23
-21
-16
-14
-13
-11
-11
-6
-3
-3
1
10
12
13
14
15
16
20
23
23
24
25
25
25
26
27
29
30
31
33
33
34
37
39
42
44
45
48
51
52
57
58
63
67
70
71
74
76
77
84
86
87
88
89
90
93
97
100
100

-59
47
-8
21
-36
28
25
16
19
67
51
12
15
-38
-69
90
-35
-64
-3
-63
-52
-100
-10
-10
95
88
80
97
36
85
-62
99
77
-48
-94
-2
47
-30
82
6
-49
-1
3
49
-26
49
-61
-54
-31
46
-17
45
62
-7
39
-67
-15
22
24
59
45
-96
-31
-83
69
6
-79
70
38

-100
-96
-94
-83
-79
-69
-67
-64
-63
-62
-61
-59
-54
-52
-49
-48
-38
-36
-35
-31
-31
-30
-26
-17
-15
-10
-10
-8
-7
-3
-2
-1
3
6
6
12
15
16
19
21
22
24
25
28
36
38
39
45
45
46
47
47
49
49
51
59
62
67
69
70
77
80
82
85
88
90
95
97
99

-96
-43
36
-57
0
67
-67
22
69
34
-5
-60
-24
91
-49
45
34

-96
-67
-60
-57
-49
-43
-24
-5
0
22
34
34
36
45
67
69
91

42
-49
71
25
-94
52
-18
7
18
-31
5
-10
5
-25
-30
-51
1
-71
-94
76
-35
-45
-79
27
-84
-39
-33
-36
-82
100
38
-64
17
-62
-31
-43
88
56
39
92
40
37
52
-37
-52
83
-78
-9
-90
25
21
-33
-26
3
9
-16
100
-74
0
-72
7
-73
0
-28
16
11
-31
-5
-66
-94
4
81
99

-94
-94
-94
-90
-84
-82
-79
-78
-74
-73
-72
-71
-66
-64
-62
-52
-51
-49
-45
-43
-39
-37
-36
-35
-33
-33
-31
-31
-31
-30
-28
-26
-25
-18
-16
-10
-9
-5
0
0
1
3
4
5
5
7
7
9
11
16
17
18
21
25
25
27
37
38
39
40
42
52
52
56
71
76
81
83
88
92
99
100
100

-58
-79
-93
-18
62
-99
78
69
14
-84
73
-45
35
-98
29
86
-7
-66
-79
-43
-32
70
-49
-51
-93
-68
13
-45
-85
-50
-51
29
-62
32
7
-89
72
-26
32

-99
-98
-93
-93
-89
-85
-84
-79
-79
-68
-66
-62
-58
-51
-51
-50
-49
-45
-45
-43
-32
-26
-18
-7
7
13
14
29
29
32
32
35
62
69
70
72
73
78
86

64
-60
70
-21
81
-9
45
32
-89
-92
11
-28
-42
-61
-39
84
-53
26
-19
-45
17
10
13
78
-27
-16
45
-77
23
-35
51
27
56
-24
100
100
25
54
1
69
-76
-69
84
-40
88
-25
-54
-20
-25
24
91
-91
24
-44
40
100
-78
39

-92
-91
-89
-78
-77
-76
-69
-61
-60
-54
-53
-45
-44
-42
-40
-39
-35
-28
-27
-25
-25
-24
-21
-20
-19
-16
-9
1
10
11
13
17
23
24
24
25
26
27
32
39
40
45
45
51
54
56
64
69
70
78
81
84
84
88
91
100
100
100

-63
-13
40
-31
-45
-40
-28
-51
99
-25
-62
-88
-9
-95
-15
18
29
29
-71
82
25
70
25
65
53
-60
-44
56
67
22
94
-34
81
75
-73
51
50
45
20
-34
58
7
-27
-58
-77
53
-47
-48
65
-63
-96
-92
-26
21
-27
-19
3
-12
-52
-30
-32
-23
26
34
-52
28
34
-68
14
-9
-32
67
90
80
68
-2
72
-77
50
73
-62
-46
-26
30
16
64
-22
38
95
-100

-100
-96
-95
-92
-88
-77
-77
-73
-71
-68
-63
-63
-62
-62
-60
-58
-52
-52
-51
-48
-47
-46
-45
-44
-40
-34
-34
-32
-32
-31
-30
-28
-27
-27
-26
-26
-25
-23
-22
-19
-15
-13
-12
-9
-9
-2
3
7
14
16
18
20
21
22
25
25
26
28
29
29
30
34
34
38
40
45
50
50
51
53
53
56
58
64
65
65
67
67
68
70
72
73
75
80
81
82
90
94
95
99

-42
-7
-99
-51
83
-35
13
-95

-99
-95
-51
-42
-35
-7
13
83

-10
-52
58
32
-21
-85
-26
-43
-20
-25
30
-97
-33
21
17
-35
-55
-55
-93
-49

-97
-93
-85
-55
-55
-52
-49
-43
-35
-33
-26
-25
-21
-20
-10
17
21
30
32
58

82
-96
-35
-21
-51
26
-36
-21
-49
95
10
-25
-18
34
-10
68
14
35
-92
4
-9
-81
-78
10
-9
53
-74
-75
-56
94
47
-13
-27
-69
-91
78
-35
-17
15
-42
-89
-35
-69
-95
-61
-74
-48
55
-46
61
47
24
2
-41
-90
-2
67
-41
-19
-88
-45
-7
39
-1
24
86
-8
71
91
79
-69
45
-61
-54
-32
42
-10
9
-89

-96
-95
-92
-91
-90
-89
-89
-88
-81
-78
-75
-74
-74
-69
-69
-69
-61
-61
-56
-54
-51
-49
-48
-46
-45
-42
-41
-41
-36
-35
-35
-35
-32
-27
-25
-21
-21
-19
-18
-17
-13
-10
-10
-9
-9
-8
-7
-2
-1
2
4
9
10
10
14
15
24
24
26
34
35
39
42
45
47
47
53
55
61
67
68
71
78
79
82
86
91
94
95

-66
-41
-35
-12
-9
-35
-16
78
42
66
2
88
-31
-60
85
26
93
27
-54
-49
25
97
-15
84
96
-17
-68
10
-15
93
1
30
19
82
7
-84
7
6
8
-46
-31
5
9
-89
-21
81
-94
82

-94
-89
-84
-68
-66
-60
-54
-49
-46
-41
[...]
-30.9058
1.89102
-32.9605
104.675
-0.423597
-69.1087
70.0721
54.9513
45.1188
-92.4787
27.3263
67.9315
76.9399
-62.5105
100.408
36.7732
110.636
88.9043
-4.02011
-85.9232
-55.57
-43.5042
106.879
-90.3118
19.8527
-45.5013
15.17

-110.742
-109.194
-102.006
-97.4989
-92.9365
-92.4787
-91.5698
-90.3118
-89.083
-85.9232
-85.7038
-85.1257
-82.8082
-77.5627
-76.0341
-71.6064
-69.1087
-62.5698
-62.5105
-56.7366
-55.57
-45.8016
-45.6703
-45.5013
-44.2748
-43.691
-43.5042
-42.8759
-41.7437
-41.7278
-40.2234
-36.0822
-36.0236
-32.9605
-31.3027
-30.9058
-26.1357
-25.4948
-24.0045
-21.6589
-20.8698
-20.552
-20.0284
-19.4308
-17.2448
-13.4484
-8.6062
-8.51615
-7.81519
-7.78983
-4.9397
-4.02011
-3.90749
-1.78301
-0.423597
-0.0486331
0.839258
1.89102
3.62889
5.7408
7.15279
10.4903
15.17
19.8527
21.1115
21.9511
27.3263
27.3955
36.7732
37.5131
38.4063
40.0085
45.0662
45.1188
47.497
52.761
53.7578
54.9513
55.3803
56.3434
60.3313
67.9315
70.0721
72.7544
76.6862
76.9399
80.5566
88.9043
89.988
93.0528
98.5193
98.807
99.167
99.8972
100.408
100.657
104.675
106.879
110.636
113.161
113.41
118.717

113.657
-18.0706
-9.51781
-40.8303
-56.028
-106.642
9.89343
75.8513
-27.6542
14.6624
117.103
-77.7332
16.8659
-106.263
-80.5254
-15.8575
10.5951
-13.8978
-88.8071
-60.6687
-92.3783
-10.6931
78.8674
30.5345
-8.31457
55.088
-17.1206
60.0942
-41.965
-49.8267
98.5194
113.014
58.1759
55.5617

-106.642
-106.263
-92.3783
-88.8071
-80.5254
-77.7332
-60.6687
-56.028
-49.8267
-41.965
-40.8303
-27.6542
-18.0706
-17.1206
-15.8575
-13.8978
-10.6931
-9.51781
-8.31457
9.89343
10.5951
14.6624
16.8659
30.5345
55.088
55.5617
58.1759
60.0942
75.8513
78.8674
98.5194
113.014
113.657
117.103

66.3671
12.2055
-62.2273
-51.0479
-53.4668
-6.03758
-58.8563
-29.0928
59.6655
-90.318
26.1916
92.7797
82.3771
-83.0574
43.5564
-18.8097
104.077
-37.1915
-106.368
3.87474
-103.412
122.308
93.0044
103.533
-14.2743
-33.4518
28.7459
57.3377
-104.077
60.9092
-108.65
-87.1731
-29.5863
27.5719
-84.8965
-102.437
-7.75791
-61.1698

-108.65
-106.368
-104.077
-103.412
-102.437
-90.318
-87.1731
-84.8965
-83.0574
-62.2273
-61.1698
-58.8563
-53.4668
-51.0479
-37.1915
-33.4518
-29.5863
-29.0928
-18.8097
-14.2743
-7.75791
-6.03758
3.87474
12.2055
26.1916
27.5719
28.7459
43.5564
57.3377
59.6655
60.9092
66.3671
82.3771
92.7797
93.0044
103.533
104.077
122.308

-22.3037
30.3272
-13.4239
-37.4895
-25.2072
-50.4415
-37.7257
-72.6065
49.0006
-48.6761
-92.0766
113.914
-1.98398
-95.2307
-37.852
-47.4014
-33.4762
65.9004
-93.0139
54.6718
-32.3453
13.0463
75.6751
94.5967
5.68446
109.137
34.8972
39.8568
-41.8618
79.4749
-84.5162
80.1759
102.524
105.845
-96.6278
60.1379
-61.0756
-89.7181
-54.4672
36.9747
-30.0952
34.6794
-60.2718
71.4268
-38.7487
-89.5897
-44.3451
7.63426
80.1743
99.6895
107.298
-55.6941
-0.0274447
-103.134
121.029
114.065
103.315
71.8729
48.1693
-111.489
29.8044
-90.7071
89.6263
-89.4334
-26.7025
-13.8926
-47.5523
-33.2696
-54.8752
-72.1409
-108.87
36.403
65.8947
14.6915
-16.5026
-92.4124
37.5873
-72.5432
-59.2164
110.39
-43.4067
46.6103
-3.5621
36.2202
-81.8942
44.6051
35.0211
-77.0442
116.488
89.1633
-105.77
62.9856
-68.2925
51.6859
66.012
7.42355
-111.861
-77.3516
-12.528
-35.4223
47.0247
87.1881
-79.2384
79.0064

-111.861
-111.489
-108.87
-105.77
-103.134
-96.6278
-95.2307
-93.0139
-92.4124
-92.0766
-90.7071
-89.7181
-89.5897
-89.4334
-84.5162
-81.8942
-79.2384
-77.3516
-77.0442
-72.6065
-72.5432
-72.1409
-68.2925
-61.0756
-60.2718
-59.2164
-55.6941
-54.8752
-54.4672
-50.4415
-48.6761
-47.5523
-47.4014
-44.3451
-43.4067
-41.8618
-38.7487
-37.852
-37.7257
-37.4895
-35.4223
-33.4762
-33.2696
-32.3453
-30.0952
-26.7025
-25.2072
-22.3037
-16.5026
-13.8926
-13.4239
-12.528
-3.5621
-1.98398
-0.0274447
5.68446
7.42355
7.63426
13.0463
14.6915
29.8044
30.3272
34.6794
34.8972
35.0211
36.2202
36.403
36.9747
37.5873
39.8568
44.6051
46.6103
47.0247
48.1693
49.0006
51.6859
54.6718
60.1379
62.9856
65.8947
65.9004
66.012
71.4268
71.8729
75.6751
79.0064
79.4749
80.1743
80.1759
87.1881
89.1633
89.6263
94.5967
99.6895
102.524
103.315
105.845
107.298
109.137
110.39
113.914
114.065
116.488
121.029

-80.5649
4.48674
-101.399
-107.845
-38.411
68.2253
33.3234
83.2762
97.0898
-88.2812
-28.3142
37.9156
110.654
-13.283
-11.6314
-13.9144
-91.1778
76.4888
107.825
59.7827
35.3723
-37.5413
107.807
-34.3391
-5.49995
80.7801
-29.7727

-107.845
-101.399
-91.1778
-88.2812
-80.5649
-38.411
-37.5413
-34.3391
-29.7727
-28.3142
-13.9144
-13.283
-11.6314
-5.49995
4.48674
33.3234
35.3723
37.9156
59.7827
68.2253
76.4888
80.7801
83.2762
97.0898
107.807
107.825
110.654

-55.4097
109.137
-106.172
0.0711151
-85.0665
-40.1498
-1.56202
-58.3199
-109.574
5.59361
93.4387
87.956
-27.2938
-13.6995
64.3313
-86.9305
99.2143
100.605
16.0434
-48.2257
-59.4934
-27.37
76.9295
-78.5867
-8.77126
54.993
-10.0634
-1.81515
-105.374
92.5103
-95.7427
-95.3965
85.7334
-45.5341
-63.5588
45.8855
-105.505
-110.11
-76.9376
-10.8646
-80.8848
-41.3379
-92.0371
-35.5603
-2.76424
64.0107
25.2208
53.1145
-25.297
28.8254
-34.1038
85.6761
33.2455
9.727
-109.5
62.6903
-61.5951
-78.0554
43.027
116.204
42.0597
73.7022
108.355
81.5029
92.3289
-5.24458
64.8959
14.739
74.6568
-76.8188
2.80382
89.4612

-110.11
-109.574
-109.5
-106.172
-105.505
-105.374
-95.7427
-95.3965
-92.0371
-86.9305
-85.0665
-80.8848
-78.5867
-78.0554
-76.9376
-76.8188
-63.5588
-61.5951
-59.4934
-58.3199
-55.4097
-48.2257
-45.5341
-41.3379
-40.1498
-35.5603
-34.1038
-27.37
-27.2938
-25.297
-13.6995
-10.8646
-10.0634
-8.77126
-5.24458
-2.76424
-1.81515
-1.56202
0.0711151
2.80382
5.59361
9.727
14.739
16.0434
25.2208
28.8254
33.2455
42.0597
43.027
45.8855
53.1145
54.993
62.6903
64.0107
64.3313
64.8959
73.7022
74.6568
76.9295
81.5029
85.6761
85.7334
87.956
89.4612
92.3289
92.5103
93.4387
99.2143
100.605
108.355
109.137
116.204

-30.9305
-43.5578
53.2505
-8.29806
77.1035
-10.9549
111.617
81.3306
25.5589
25.3833
20.2647
-6.25521
45.8569
96.4942
40.056
-56.4311
-45.4137
89.3283
43.9946
-65.3726
84.8927
79.735
-5.70989
-45.6375
13.1375
59.5004
37.6576
-7.66028
34.0567
7.80897
59.3843
-81.6361
-62.1304
-106.851
-0.0728324
-47.8117
-49.7377
77.4832
-72.4192
-66.4941
3.86741
-35.3531
7.02926
16.9077
-18.2121
88.0933
-26.862
64.8382
-59.4663
-43.6321
-23.6821
42.16
30.9217
-42.2852
42.1168
28.2576
-77.1913
118.687
69.9491
-50.7404
27.7653
66.8765
-42.6292
94.164
82.8384
71.4251
-22.9084
57.0218
-5.44622
-85.8997
113.466
81.7083
20.7281
44.0582

-106.851
-85.8997
-81.6361
-77.1913
-72.4192
-66.4941
-65.3726
-62.1304
-59.4663
-56.4311
-50.7404
-49.7377
-47.8117
-45.6375
-45.4137
-43.6321
-43.5578
-42.6292
-42.2852
-35.3531
-30.9305
-26.862
-23.6821
-22.9084
-18.2121
-10.9549
-8.29806
-7.66028
-6.25521
-5.70989
-5.44622
-0.0728324
3.86741
7.02926
7.80897
13.1375
16.9077
20.2647
20.7281
25.3833
25.5589
27.7653
28.2576
30.9217
34.0567
37.6576
40.056
42.1168
42.16
43.9946
44.0582
45.8569
53.2505
57.0218
59.3843
59.5004
64.8382
66.8765
69.9491
71.4251
77.1035
77.4832
79.735
81.3306
81.7083
82.8384
84.8927
88.0933
89.3283
94.164
96.4942
111.617
113.466
118.687

-107.644
-56.254
-65.3584
97.4027
-6.83694
58.2939
-75.6737
-27.4611
-75.0658
75.786
62.7116
39.333
-93.335
33.0031
10.0839
-92.2359
12.1426
113.377
-15.7716
60.8805
-38.5069
-64.6424
112.994
67.3423
57.6854
-59.5775
-60.0808
38.6072
-52.4219
-46.9665
-60.2766
93.0312
85.8727
-9.63051
96.931
93.208
29.8044
15.7473
-99.8556
63.5863
-33.5813
15.3173
-28.4695
42.2735

-107.644
-99.8556
-93.335
-92.2359
-75.6737
-75.0658
-65.3584
-64.6424
-60.2766
-60.0808
-59.5775
-56.254
-52.4219
-46.9665
-38.5069
-33.5813
-28.4695
-27.4611
-15.7716
-9.63051
-6.83694
10.0839
12.1426
15.3173
15.7473
29.8044
33.0031
38.6072
39.333
42.2735
57.6854
58.2939
60.8805
62.7116
63.5863
67.3423
75.786
85.8727
93.0312
93.208
96.931
97.4027
112.994
113.377

43.282
-16.7668
-49.2773
-67.9882
67.8406
24.925
89.3915
10.1136
-63.3037
-72.5067
15.8261
74.7745
-6.85492
-78.1143
102.771
100.321
94.9675
79.5399
-5.40673
19.8409
-70.1069
57.9973
55.5004
-13.1177
9.63032
57.0843
99.3302
-75.8901
-47.0699
-47.8805
47.5158
109.025
-75.8366
65.858
50.6238
53.6002
24.0055
-60.0356
-32.9742
47.7702
-36.0264
24.2623
117.823
-109.28
-84.7153
-18.8636
118.722
107.062
50.2596
-10.0841
58.5697
-85.7914
-15.6483
-1.84245
110.994
72.8688
-107.302
-108.557
52.2965
24.1447
-23.6591
-103.147
31.544
-4.41981
-30.7885
105.028
-86.0182
36.0135
-69.028
-29.649
58.8641
-93.2093
28.9734
-88.5807
-39.9544
17.7023
71.1272
-2.57147
96.4524
109.614
-12.5371
43.1226
28.2035
79.0077
43.4923
89.6433
-94.5767
52.529
69.3443
116.891
108.024
56.5566

-109.28
-108.557
-107.302
-103.147
-94.5767
-93.2093
-88.5807
-86.0182
-85.7914
-84.7153
-78.1143
-75.8901
-75.8366
-72.5067
-70.1069
-69.028
-67.9882
-63.3037
-60.0356
-49.2773
-47.8805
-47.0699
-39.9544
-36.0264
-32.9742
-30.7885
-29.649
-23.6591
-18.8636
-16.7668
-15.6483
-13.1177
-12.5371
-10.0841
-6.85492
-5.40673
-4.41981
-2.57147
-1.84245
9.63032
10.1136
15.8261
17.7023
19.8409
24.0055
24.1447
24.2623
24.925
28.2035
28.9734
31.544
36.0135
43.1226
43.282
43.4923
47.5158
47.7702
50.2596
50.6238
52.2965
52.529
53.6002
55.5004
56.5566
57.0843
57.9973
58.5697
58.8641
65.858
67.8406
69.3443
71.1272
72.8688
74.7745
79.0077
79.5399
89.3915
89.6433
94.9675
96.4524
99.3302
100.321
102.771
105.028
107.062
108.024
109.025
109.614
110.994
116.891
117.823
118.722

-106.003
-52.4901
-56.9448
-3.58556
-108.144
-54.4519
-20.3015
-83.0164
-36.3129
98.1287
-68.9791
-84.4199
59.9252
-36.3796
-64.3482
-100.323
-28.3274
-84.6316
-31.4056
-9.841
-51.992
119.312
34.5544
-21.2189
-62.4428
19.1545
-29.9118
-63.664
18.6313
84.0927
46.226
-47.0476
-77.3962
-97.5474
-103.67
75.7475
70.8536
-81.3787
-56.9644
-8.74329
59.0774
-55.544
117.966
65.9413
-65.7494
99.5951
93.9721
-97.3825
-24.7197
-34.6149
-58.9072
52.0181
-39.9124
51.0666
43.852
36.013
13.3348
36.2488
-89.5504
-82.1367
19.583
-95.1966
18.9168
-34.3526
110.881
31.5284
-6.07585
-20.1903
64.5413
-6.07673
52.7565
-107.486
72.5901
2.06917
-105.029
-30.7392
44.7678
7.38078
89.3823

-108.144
-107.486
-106.003
-105.029
-103.67
-100.323
-97.5474
-97.3825
-95.1966
-89.5504
-84.6316
-84.4199
-83.0164
-82.1367
-81.3787
-77.3962
-68.9791
-65.7494
-64.3482
-63.664
-62.4428
-58.9072
-56.9644
-56.9448
-55.544
-54.4519
-52.4901
-51.992
-47.0476
-39.9124
-36.3796
-36.3129
-34.6149
-34.3526
-31.4056
-30.7392
-29.9118
-28.3274
-24.7197
-21.2189
-20.3015
-20.1903
-9.841
-8.74329
-6.07673
-6.07585
-3.58556
2.06917
7.38078
13.3348
18.6313
18.9168
19.1545
19.583
31.5284
34.5544
36.013
36.2488
43.852
44.7678
46.226
51.0666
52.0181
52.7565
59.0774
59.9252
64.5413
65.9413
70.8536
72.5901
75.7475
84.0927
89.3823
93.9721
98.1287
99.5951
110.881
117.966
119.312

6.68507
101.175
6.6383
2.56857
102.645
85.6454
-92.7834
100.518
77.3711
-92.5988
35.3711
-42.4331
-106.34
-22.7674
16.5786
-103.526
-45.4505
-99.3623
120.173
-54.9269
93.6174
114.308
-104.239
-88.6994
-106.933
25.7692
23.8365
70.2789
-48.9428
17.2858
93.1768
110.142
-55.454
-59.8778
-2.52753
76.5783
94.1725
-4.9782
-53.5067
-15.8363
26.9778
38.2471
115.879
-77.7962
-48.0632
18.3949
-74.777
74.1309
-71.7055
-97.175
-13.5527
115.506
1.88257
8.89071
67.8031
-18.5321
55.0708
19.7695
46.9876
5.29365
-110.099
-81.0958
-23.2825
-27.6752
-40.2287
29.5002
-74.3535
-72.6186
114.862
51.2699
8.45597
77.9329
-50.9283
-45.3749
16.4034
-23.5111
-61.5815
64.0127
66.7268
-83.9363
84.8066
-97.6387
38.5712
-6.64161
118.639
-57.7704
-53.9593
-12.7386
-83.1611
-74.1819
23.4048
123.122

-110.099
-106.933
-106.34
-104.239
-103.526
-99.3623
-97.6387
-97.175
-92.7834
-92.5988
-88.6994
-83.9363
-83.1611
-81.0958
-77.7962
-74.777
-74.3535
-74.1819
-72.6186
-71.7055
-61.5815
-59.8778
-57.7704
-55.454
-54.9269
-53.9593
-53.5067
-50.9283
-48.9428
-48.0632
-45.4505
-45.3749
-42.4331
-40.2287
-27.6752
-23.5111
-23.2825
-22.7674
-18.5321
-15.8363
-13.5527
-12.7386
-6.64161
-4.9782
-2.52753
1.88257
2.56857
5.29365
6.6383
6.68507
8.45597
8.89071
16.4034
16.5786
17.2858
18.3949
19.7695
23.4048
23.8365
25.7692
26.9778
29.5002
35.3711
38.2471
38.5712
46.9876
51.2699
55.0708
64.0127
66.7268
67.8031
70.2789
74.1309
76.5783
77.3711
77.9329
84.8066
85.6454
93.1768
93.6174
94.1725
100.518
101.175
102.645
110.142
114.308
114.862
115.506
115.879
118.639
120.173
123.122

-73.3186
68.4518
-95.2574
47.4493
92.2386
105.003
-103.193
116.134
-9.98525
-60.1852
86.2696
0.409395
24.6538
11.4674
6.39217
75.9075
48.2309
73.5355
23.0349
4.26456
99.3766
119.98
15.8134
41.8666
-22.6798
47.1807
-18.7434
-88.6398
9.88958
-57.2277
35.9107
69.755
57.3435
-63.9341
-64.5102
24.7328
-94.27
72.5914
-97.7389

-103.193
-97.7389
-95.2574
-94.27
-88.6398
-73.3186
-64.5102
-63.9341
-60.1852
-57.2277
-22.6798
-18.7434
-9.98525
0.409395
4.26456
6.39217
9.88958
11.4674
15.8134
23.0349
24.6538
24.7328
35.9107
41.8666
47.1807
47.4493
48.2309
57.3435
68.4518
69.755
72.5914
73.5355
75.9075
86.2696
92.2386
99.3766
105.003
116.134
119.98

-49.898
81.9832
59.2967
27.7882
-65.2305
79.9884
40.1817
0.255884
1.34968
-86.0734
9.05862
-30.1722
-79.1176
107.178
-90.7527
14.4158
62.7448
0.923516
-0.345416
-3.99185
38.33
-43.0243
-2.55908
-29.1368
-54.3196
87.0486
-11.0981

-90.7527
-86.0734
-79.1176
-65.2305
-54.3196
-49.898
-43.0243
-30.1722
-29.1368
-11.0981
-3.99185
-2.55908
-0.345416
0.255884
0.923516
1.34968
9.05862
14.4158
27.7882
38.33
40.1817
59.2967
62.7448
79.9884
81.9832
87.0486
107.178

-25.1811
-8.02481
88.9176
113.93
-70.5919
1.2959
42.3764
57.5003
42.7408

-70.5919
-25.1811
-8.02481
1.2959
42.3764
42.7408
57.5003
88.9176
113.93

-61.131
88.2911
52.4245
-95.7949
-26.785
15.5689
14.9343
122.878
77.8372
-85.0964
22.974
19.7319
-104.827
54.8332
-88.2381
44.4725
72.7848
60.225
107.133
44.6428
-26.7037
13.3242
-108.4
80.7292
107.847
107.241
24.6354
110.957
-4.42982
83.6219
-7.9397
4.08211
30.3585
-18.2866
18.4972
-34.2436
79.1287
-67.9066
95.5162
-4.86242
30.1424
-24.3089
-84.4972
46.8413
-32.2749
104.314
91.7958
-96.5494
49.0554
-102.188
43.3934
5.35507
38.1791
-36.641
-25.9397
94.7986
-100.115
-22.5775
65.0903
95.6479
47.3253
1.58307
-55.7489
17.9832
30.3599
-53.8447
91.9337
-25.4244
121.293
81.4449
101.387
-22.3716
-57.9
75.9542
-54.9476
6.049
-99.2841
-61.8493
73.3405
88.1151
44.8049
-60.1628
-80.2931
55.2564
11.3343
-89.7759
-56.5688
-58.7985
-86.1547
-58.9115
-53.8059
-62.9653
67.9698
106.935
86.9368
120.141
86.1916
-74.8239

-108.4
-104.827
-102.188
-100.115
-99.2841
-96.5494
-95.7949
-89.7759
-88.2381
-86.1547
-85.0964
-84.4972
-80.2931
-74.8239
-67.9066
-62.9653
-61.8493
-61.131
-60.1628
-58.9115
-58.7985
-57.9
-56.5688
-55.7489
-54.9476
-53.8447
-53.8059
-36.641
-34.2436
-32.2749
-26.785
-26.7037
-25.9397
-25.4244
-24.3089
-22.5775
-22.3716
-18.2866
-7.9397
-4.86242
-4.42982
1.58307
4.08211
5.35507
6.049
11.3343
13.3242
14.9343
15.5689
17.9832
18.4972
19.7319
22.974
24.6354
30.1424
30.3585
30.3599
38.1791
43.3934
44.4725
44.6428
44.8049
46.8413
47.3253
49.0554
52.4245
54.8332
55.2564
60.225
65.0903
67.9698
72.7848
73.3405
75.9542
77.8372
79.1287
80.7292
81.4449
83.6219
86.1916
86.9368
88.1151
88.2911
91.7958
91.9337
94.7986
95.5162
95.6479
101.387
104.314
106.935
107.133
107.241
107.847
110.957
120.141
121.293
122.878

33.479
103.454
22.257
88.3781
79.2874
-81.294
-95.1325
103.13
-110.606
74.6002
0.778627
-69.7641
11.7263
-63.6201
-52.2397
13.9068
-52.6614
-31.5685
-3.75495
-18.1886
-112.072
2.11418
-42.4274
-107.051
-34.7521
53.1293
-68.6479
-76.4668
-79.1454
-46.7997
111.257
-29.9215
-33.2073
-1.72733
3.62042
123.154
119.63
-13.469
-76.4197
74.3939
21.4347
-70.1586
26.3639
73.8742
-47.1691
36.1925
-105.835
-12.1889
-6.45782
117.716
57.7829
-16.0255
-76.3679
50.6028
46.8676
45.0595
-19.5329
-62.2596
96.7683
-110.661
-3.40222
71.3249
77.2329
5.45732
-97.6722
80.7806
85.7575
-60.0204
14.6222
-5.31077
-78.4849
-19.9297
111.595
-81.9289
23.7825
-17.1597
-6.10629
-87.6143
-3.52142
101.872
81.7371
-17.7202
-8.72495
60.9976
-71.5311
-95.8366
65.5457
118.606
6.00862
93.9043
-100.797
-92.2134
-9.1025
32.943
75.6185

-112.072
-110.661
-110.606
-107.051
-105.835
-100.797
-97.6722
-95.8366
-95.1325
-92.2134
-87.6143
-81.9289
-81.294
-79.1454
-78.4849
-76.4668
-76.4197
-76.3679
-71.5311
-70.1586
-69.7641
-68.6479
-63.6201
-62.2596
-60.0204
-52.6614
-52.2397
-47.1691
-46.7997
-42.4274
-34.7521
-33.2073
-31.5685
-29.9215
-19.9297
-19.5329
-18.1886
-17.7202
-17.1597
-16.0255
-13.469
-12.1889
-9.1025
-8.72495
-6.45782
-6.10629
-5.31077
-3.75495
-3.52142
-3.40222
-1.72733
0.778627
2.11418
3.62042
5.45732
6.00862
11.7263
13.9068
14.6222
21.4347
22.257
23.7825
26.3639
32.943
33.479
36.1925
45.0595
46.8676
50.6028
53.1293
57.7829
60.9976
65.5457
71.3249
73.8742
74.3939
74.6002
75.6185
77.2329
79.2874
80.7806
81.7371
85.7575
88.3781
93.9043
96.7683
101.872
103.13
103.454
111.257
111.595
117.716
118.606
119.63
123.154

86.9864
37.7077
86.1032
24.1731
-68.4475
97.6908
-9.75816
67.5293
-40.4378
-61.0929
73.7286
8.66957
-92.4473
29.6814
-46.7963
24.3184
-59.6663
-8.3709
-51.5458
-34.4803
-6.23122
13.2147
53.5575
67.6032
1.04134
60.1831
-39.9977
-13.3076
108.808
51.1779
-0.22913
96.7827
111.192
62.1225
26.7775
84.1115
82.72
38.7774
113.036
106.182
116.033
57.346
65.9798
-98.6014
55.4602
-92.7015
118.353
103.813
30.142
6.47873
23.5018
115.378
106.842
62.2258
-90.5014
-28.3373
64.9759
-105.036
91.8695
-50.2627

-105.036
-98.6014
-92.7015
-92.4473
-90.5014
-68.4475
-61.0929
-59.6663
-51.5458
-50.2627
-46.7963
-40.4378
-39.9977
-34.4803
-28.3373
-13.3076
-9.75816
-8.3709
-6.23122
-0.22913
1.04134
6.47873
8.66957
13.2147
23.5018
24.1731
24.3184
26.7775
29.6814
30.142
37.7077
38.7774
51.1779
53.5575
55.4602
57.346
60.1831
62.1225
62.2258
64.9759
65.9798
67.5293
67.6032
73.7286
82.72
84.1115
86.1032
86.9864
91.8695
96.7827
97.6908
103.813
106.182
106.842
108.808
111.192
113.036
115.378
116.033
118.353

14.7996
43.0327
-24.5645
-10.5288
-100.418
110.017
-52.9896
-9.40243
109.444
86.6668
0.806509
-44.1297
-13.443
-88.2409
102.174
-59.9711
-78.5748
-24.5541
-92.9962
-66.614
-54.2993
-70.1347
50.8648
-104.695
-107.397
-103.937
-92.8953
30.6275
-63.1906
-106.146
-31.416
-25.3824
-27.8109
122.639
-111.348
-87.2803
85.62
26.9089
-7.09305
-96.7308
49.2642
54.5031
30.7602
22.4644
-34.8946
20.7606
-65.6213
-78.0876
4.26895
-61.246
-75.0746
-55.2679
97.0426
0.682347
-81.2716
102.278
117.258
-42.3866
63.7
121.221
83.6358
-2.08282

-111.348
-107.397
-106.146
-104.695
-103.937
-100.418
-96.7308
-92.9962
-92.8953
-88.2409
-87.2803
-81.2716
-78.5748
-78.0876
-75.0746
-70.1347
-66.614
-65.6213
-63.1906
-61.246
-59.9711
-55.2679
-54.2993
-52.9896
-44.1297
-42.3866
-34.8946
-31.416
-27.8109
-25.3824
-24.5645
-24.5541
-13.443
-10.5288
-9.40243
-7.09305
-2.08282
0.682347
0.806509
4.26895
14.7996
20.7606
22.4644
26.9089
30.6275
30.7602
43.0327
49.2642
50.8648
54.5031
63.7
83.6358
85.62
86.6668
97.0426
102.174
102.278
109.444
110.017
117.258
121.221
122.639

9.27893
-48.6559
-59.9852
-0.618041
-42.8092
-44.0629
42.0835
-69.9328
103.859
120.192
-107.157
47.4555
63.2716
15.5521
-48.2462
120.605
-45.0687
-112.313
-51.6177
-65.5235
-20.3095
20.5955
63.4333
-45.444
21.6242
1.57616
54.4523
77.3923
-73.4628
-44.2399
4.37619
37.4287
-2.73589
-82.227
36.3365
56.3163
104.282
91.1642
35.515
-12.4205
115.129
43.35
-57.4306
-0.827041
-29.4667
-72.0452
-39.2796
-7.40906

-112.313
-107.157
-82.227
-73.4628
-72.0452
-69.9328
-65.5235
-59.9852
-57.4306
-51.6177
-48.6559
-48.2462
-45.444
-45.0687
-44.2399
-44.0629
-42.8092
-39.2796
-29.4667
-20.3095
-12.4205
-7.40906
-2.73589
-0.827041
-0.618041
1.57616
4.37619
9.27893
15.5521
20.5955
21.6242
35.515
36.3365
37.4287
42.0835
43.35
47.4555
54.4523
56.3163
63.2716
63.4333
77.3923
91.1642
103.859
104.282
115.129
120.192
120.605

ciao
Torino
Davide
zebra
Bergamo
Anna
contessa
film
programmazione
calcolo
scientifico
Luca
libro
videogioco

Anna
Bergamo
Davide
Luca
Torino
calcolo
ciao
contessa
film
libro
programmazione
scientifico
videogioco
zebra

<end of output>
Test time =   0.02 sec
----------------------------------------------------------
Test Passed.
"mergesort" end time: Apr 29 13:10 UTC
"mergesort" time elapsed: 00:00:00
----------------------------------------------------------

End testing: Apr 29 13:10 UTC
