Start testing: Apr 04 08:57 UTC
----------------------------------------------------------
1/3 Testing: bubblesort
1/3 Test: bubblesort
Command: "/home/pcsdocker/Data/ES_PCS_2026/esercitazione4/build_es4/test_bubblesort"
Directory: /home/pcsdocker/Data/ES_PCS_2026/esercitazione4/build_es4
"bubblesort" start time: Apr 04 08:57 UTC
Output:
----------------------------------------------------------
87
12
76
-10
14
-54
-99
90
-85
-85
-32
95
89
67
-83
-60
-11
49
8
-61
8
49
68
-5
58
-92
-56
-74
15
-32
-48
44

-99
-92
-85
-85
-83
-74
-61
-60
-56
-54
-48
-32
-32
-11
-10
-5
8
8
12
14
15
44
49
49
58
67
68
76
87
89
90
95

-55
-30
97
63
13
96
-30
-56
96
69
-26
-16
-97
-41
-87
5
13
-81
-82
-97
-89
96
-33
95
-53
-34
-83
-18
40
84
-91
-20
-78
51
65
5
-30
-38
-3
-92
-67
-49
7
83
-78
-59
5
10
-64
-67
-85
43
97
-99
86
-6
57
-84
-39
17
-82
-93
43
73
-11
30
-42
33
-98
51

-99
-98
-97
-97
-93
-92
-91
-89
-87
-85
-84
-83
-82
-82
-81
-78
-78
-67
-67
-64
-59
-56
-55
-53
-49
-42
-41
-39
-38
-34
-33
-30
-30
-30
-26
-20
-18
-16
-11
-6
-3
5
5
5
7
10
13
13
17
30
33
40
43
43
51
51
57
63
65
69
73
83
84
86
95
96
96
96
97
97

99
54
-90
87
21
-27
-86
-62
-39
-21
88
-80
-20
-99
-16
-35
98
43
-60
-76
-44
72
-58
17
-30
64
38
-51
-59
-73
47
-73
13
25
-27
-54

-99
-90
-86
-80
-76
-73
-73
-62
-60
-59
-58
-54
-51
-44
-39
-35
-30
-27
-27
-21
-20
-16
13
17
21
25
38
43
47
54
64
72
87
88
98
99

26
32
-71
-65
1
-38
85
-69
-97
-63
-38
26
-5
-5
-38
66
-94
89
20
38
-81
-67
-54
-50
-40
-68
-85
-5
32
49
16
99
78
-43
77
-84
-28
10
-1
33
-85
83
-14
-54
-69
-81
-53
18
32
84
-11
-30
-33
80
57
10
-46
-56
-72
17
65
-16
-83
20
-97
-55
-18
95
54
69
-64
-14
1
-42
-52
1
-34
-46
-36
-82
44
-2
-68
8
-67
76

-97
-97
-94
-85
-85
-84
-83
-82
-81
-81
-72
-71
-69
-69
-68
-68
-67
-67
-65
-64
-63
-56
-55
-54
-54
-53
-52
-50
-46
-46
-43
-42
-40
-38
-38
-38
-36
-34
-33
-30
-28
-18
-16
-14
-14
-11
-5
-5
-5
-2
-1
1
1
1
8
10
10
16
17
18
20
20
26
26
32
32
32
33
38
44
49
54
57
65
66
69
76
77
78
80
83
84
85
89
95
99

86
87
-14
84
68
-65
32
-42
-33
-98
93
44
-6
-20
-20
-30
-46
52
75
-87
0
100
-96
38
-78
-20
5
-4
-52
-73
80
58
42
12
63
-28
-26
80
63
-6
45
94
-8
24
-67
58
-1
-64
-85
83
10
-56
-3
-16
47
-75
-87
71
100
67
-97
44
-98
9
-47
56
97
-26
-54
-60
21
75
42
86
59
69
11
-52
87
17
11
-76
36
-17
-84
-50
-38
92
-34
-12
-57
-52
18
89
39
-98
-71

-98
-98
-98
-97
-96
-87
-87
-85
-84
-78
-76
-75
-73
-71
-67
-65
-64
-60
-57
-56
-54
-52
-52
-52
-50
-47
-46
-42
-38
-34
-33
-30
-28
-26
-26
-20
-20
-20
-17
-16
-14
-12
-8
-6
-6
-4
-3
-1
0
5
9
10
11
11
12
17
18
21
24
32
36
38
39
42
42
44
44
45
47
52
56
58
58
59
63
63
67
68
69
71
75
75
80
80
83
84
86
86
87
87
89
92
93
94
97
100
100

69
-97
-49
-74
-52
-62
2
-1
60
-19
-39
-40
-46
83
-74
-79
-30
18
19
76
-59
10
53
-60
-90
-90
-7
29
-73
-5
23
-14

-97
-90
-90
-79
-74
-74
-73
-62
-60
-59
-52
-49
-46
-40
-39
-30
-19
-14
-7
-5
-1
2
10
18
19
23
29
53
60
69
76
83

-27
15
39
-47
-63
-95
-2
71
-82
-9
-21
-47
48
-39
9
30
-85
31
48
-43
43
-41
-55
-15
89
-94
72
-52
-86
-63
17
16
16
49
-37
16
90
48
2
-69
-23
-8
82
-94
-51
-79
59
59
-67
-96
-96
-59
-97
61
-53
-12
45
3
2
-3
44
-14
-41
11
-29
76
-69
-7
-100
10
-100
11

-100
-100
-97
-96
-96
-95
-94
-94
-86
-85
-82
-79
-69
-69
-67
-63
-63
-59
-55
-53
-52
-51
-47
-47
-43
-41
-41
-39
-37
-29
-27
-23
-21
-15
-14
-12
-9
-8
-7
-3
-2
2
2
3
9
10
11
11
15
16
16
16
17
30
31
39
43
44
45
48
48
48
49
59
59
61
71
72
76
82
89
90

-75
28
-17
-40
-73
-70
32
1
-85
-15
-44
-56
-16
-63
-97
-64
28
-90
64
10
72
-32
-2
-68
19
-71
21
-7
-33
-56
-35
-9

-97
-90
-85
-75
-73
-71
-70
-68
-64
-63
-56
-56
-44
-40
-35
-33
-32
-17
-16
-15
-9
-7
-2
1
10
19
21
28
28
32
64
72

-83
49
-44
-64
21
-26
-38
-97
-31
-94
58
78
-60
64
25
-16
98
4

-97
-94
-83
-64
-60
-44
-38
-31
-26
-16
4
21
25
49
58
64
78
98

6
15
-30
-88
70
-30
-13
-97
-5
23
35
-100
-30
33
46
-51
-32
-50
-26
22
47
45
-66
65
-64
54
31
27
52
11
20
-71
97
-70
-11
61
-87
39
-64
-54
65
48
-67
-32
-17
72
-43
84
-37
-14
-38
71
29
13
-17
75
-23
-78
40
7
-75
-58
68
-37
-12
-25
28
-20
-61
93
-53
-12
-81
94
-33
-18
-98
36
15
32
-49
95
72

-100
-98
-97
-88
-87
-81
-78
-75
-71
-70
-67
-66
-64
-64
-61
-58
-54
-53
-51
-50
-49
-43
-38
-37
-37
-33
-32
-32
-30
-30
-30
-26
-25
-23
-20
-18
-17
-17
-14
-13
-12
-12
-11
-5
6
7
11
13
15
15
20
22
23
27
28
29
31
32
33
35
36
39
40
45
46
47
48
52
54
61
65
65
68
70
71
72
72
75
84
93
94
95
97

66
-20
-16
70
51
100
53
-84
85
13
64
55
3
15
-57
-33
74
57
38
20
54
-18
-77
-33
-16
28
-97
56
-98
-23
4
37
3
97
91
-92

-98
-97
-92
-84
-77
-57
-33
-33
-23
-20
-18
-16
-16
3
3
4
13
15
20
28
37
38
51
53
54
55
56
57
64
66
70
74
85
91
97
100

-49
67
-92
-57
-56
-18
73
-86
-81
-54
-60
2
-7
-65
19
48

-92
-86
-81
-65
-60
-57
-56
-54
-49
-18
-7
2
19
48
67
73

-97
-93
24
-23
90
3
92
32
16
-45

-97
-93
-45
-23
3
16
24
32
90
92

83
47
39
16
-61
10
-45
35
38
-41
34
88
42
-69
24
92
-80
95
-54
42
-14
52
-23
79
75
-65
40
-49
-80
4
49
48
81
-64
44
92
-49
-83
50
3
18
53
-77
73
40
-84
1
-72
-39
-69
-13
-61
-92
37
78
45
38
28
-95
-72
-11
34
23
-39
-33
38
-65
64
-61
36
70
-98
-40
69

-98
-95
-92
-84
-83
-80
-80
-77
-72
-72
-69
-69
-65
-65
-64
-61
-61
-61
-54
-49
-49
-45
-41
-40
-39
-39
-33
-23
-14
-13
-11
1
3
4
10
16
18
23
24
28
34
34
35
36
37
38
38
38
39
40
40
42
42
44
45
47
48
49
50
52
53
64
69
70
73
75
78
79
81
83
88
92
92
95

99
38
54
-54
46
-37
53
40
-12
-39
-61
72
45
-15
88
70

-61
-54
-39
-37
-15
-12
38
40
45
46
53
54
70
72
88
99

-32
80
97
60
-19
-82
11
-49
87
90
8
32
15
75
73
14
-23
20
-25
-52
-92

-92
-82
-52
-49
-32
-25
-23
-19
8
11
14
15
20
32
60
73
75
80
87
90
97

97
-15
-59
65
69
42
-30
84
44
-77
-3
-60
2
17
-87
-13
35
-99
-3
38
28
55
-53
57
53
89
-38
35
-58
-91
-73
-86
-23
-9
-94
59
26
3
23
79
98
-93
-2
-74
-69
-41
30
-95
-84
53
58
55
69
-42
-33
52
18
1
-62
33
76
91
67
18
77
28
-4
-2
-17
-63
39
-90
66
18
10
63
68
-4
70
-8
-18
-52
30
60
-69
-86
-57
57
-41
31
47

-99
-95
-94
-93
-91
-90
-87
-86
-86
-84
-77
-74
-73
-69
-69
-63
-62
-60
-59
-58
-57
-53
-52
-42
-41
-41
-38
-33
-30
-23
-18
-17
-15
-13
-9
-8
-4
-4
-3
-3
-2
-2
1
2
3
10
17
18
18
18
23
26
28
28
30
30
31
33
35
35
38
39
42
44
47
52
53
53
55
55
57
57
58
59
60
63
65
66
67
68
69
69
70
76
77
79
84
89
91
97
98

-44
73
-13
-44
-36
52
-5
-84
75
20
-48
69
-52
-91
86
-47
84
-19
89
91
-14
29
-41
-97
55
48
88
92
-57
5
-79
40
-59
-17
92
54
-30
-48
-16
70
-38
73
-78
11
-55
13
-51
-91
-77
-48
-26
38
61
-20
44
-72
-85
-64
-88
76
53
40
49
-47
51
-30
88
-84
31
32
-44
64
-40
-81
-99
-73
95
-24
40
2
-1
97
94
7
-45
-47
-31
-67
95
83
-7
-33
85
-44
58
-20
-29
100

-99
-97
-91
-91
-88
-85
-84
-84
-81
-79
-78
-77
-73
-72
-67
-64
-59
-57
-55
-52
-51
-48
-48
-48
-47
-47
-47
-45
-44
-44
-44
-44
-41
-40
-38
-36
-33
-31
-30
-30
-29
-26
-24
-20
-20
-19
-17
-16
-14
-13
-7
-5
-1
2
5
7
11
13
20
29
31
32
38
40
40
40
44
48
49
51
52
53
54
55
58
61
64
69
70
73
73
75
76
83
84
85
86
88
88
89
91
92
92
94
95
95
97
100

9
72
19
24
-38
-36
19
91
43
-36
-68
-89
64
-90
-38
36
66
15
31
28
25
47
-62
-50
-39
14
-65
-20
-94
-17
18
58
81
-69
-13
-40
-37
-12
100
-80
95
2
-28
-30
23
16
-56
-15
50
-56
76
88
-95
-45
11
-90
56
-68
-76
-85
-34
56
-13
-32
71
-29
-56
26
-18
-42
-83
2
93
-68
80
93
-73
-15
-78
-99
43
-36
-17
-61

-99
-95
-94
-90
-90
-89
-85
-83
-80
-78
-76
-73
-69
-68
-68
-68
-65
-62
-61
-56
-56
-56
-50
-45
-42
-40
-39
-38
-38
-37
-36
-36
-36
-34
-32
-30
-29
-28
-20
-18
-17
-17
-15
-15
-13
-13
-12
2
2
9
11
14
15
16
18
19
19
23
24
25
26
28
31
36
43
43
47
50
56
56
58
64
66
71
72
76
80
81
88
91
93
93
95
100

95
23
70
-65
-21
-46
65
16
72
-64
-100
16
-58
56
-11
-48
-45
-6
56
-15
11
86
23
49
15
-80
-37
-81
98
-6
58
86
58
32
-32
-92
11
35
-55
60
90
98
-8
60
-83
-41
38
69
12
5
-6
17
-17
-30
-27
13

-100
-92
-83
-81
-80
-65
-64
-58
-55
-48
-46
-45
-41
-37
-32
-30
-27
-21
-17
-15
-11
-8
-6
-6
-6
5
11
11
12
13
15
16
16
17
23
23
32
35
38
49
56
56
58
58
60
60
65
69
70
72
86
86
90
95
98
98

-45
98
79
72
14
-9
-64
-74
-38
9
74
-6
-50
56
0
-80
61
-8
27
28
-6
-14
84
68
42
27
77
-42
-4
-74
-94
12
-58
85
49
40
29
8
-58
40
40
-98
53
29
-14
95
-6
65
80
5
-52
99
-38
99
48
70
14
-37
-11
-51
-5
88
-80
-8

-98
-94
-80
-80
-74
-74
-64
-58
-58
-52
-51
-50
-45
-42
-38
-38
-37
-14
-14
-11
-9
-8
-8
-6
-6
-6
-5
-4
0
5
8
9
12
14
14
27
27
28
29
29
40
40
40
42
48
49
53
56
61
65
68
70
72
74
77
79
80
84
85
88
95
98
99
99

-75
54
-40
82
-47
50
25
-71
-83
-42
27
68
58
21
-64
69
-59
-43
11
-51
10
-9
39
-69
46
-87
63
93
-37
-6
-94

-94
-87
-83
-75
-71
-69
-64
-59
-51
-47
-43
-42
-40
-37
-9
-6
10
11
21
25
27
39
46
50
54
58
63
68
69
82
93

-30
-94
4
-33
-50
58
-69
-86
20
-59
-24
-57
82
0
-44
60
-36
-93
-54
92
4
28
-80
-97
-10
94
-39
13
-42
81
75
-28
5
17
-35
-51
-19
35
21
-36
-15
-91
13
37
38
-20
-64
74
89
-44
-56
-33
90
-83
66
3
-33
38
24
-17
75
7
-41
-15
74
50

-97
-94
-93
-91
-86
-83
-80
-69
-64
-59
-57
-56
-54
-51
-50
-44
-44
-42
-41
-39
-36
-36
-35
-33
-33
-33
-30
-28
-24
-20
-19
-17
-15
-15
-10
0
3
4
4
5
7
13
13
17
20
21
24
28
35
37
38
38
50
58
60
66
74
74
75
75
81
82
89
90
92
94

-24
-33
90
29
-28
-14
-71
62
-35
-57
78
17
57
55
-85
39
-58
-94
-45
1
-31
92
11
7
-75
-88
27
26
-30
-41
33
89
36
-60
35
35
-14
0
-61
34
50
78
-96
-12
-92
-54
81
49
47
81
-79
98
59
-3
0
67
37
-79
-3
39
-41
-26
-25
-63
-39
-43
-56
4
23
56
58
18
-56
8
85
-32
29
78
33
-4
-5
-55
77
-29
-41
54
-88
46
-66
-16
-30
87
62
55
-49
-76

-96
-94
-92
-88
-88
-85
-79
-79
-76
-75
-71
-66
-63
-61
-60
-58
-57
-56
-56
-55
-54
-49
-45
-43
-41
-41
-41
-39
-35
-33
-32
-31
-30
-30
-29
-28
-26
-25
-24
-16
-14
-14
-12
-5
-4
-3
-3
0
0
1
4
7
8
11
17
18
23
26
27
29
29
33
33
34
35
35
36
37
39
39
46
47
49
50
54
55
55
56
57
58
59
62
62
67
77
78
78
78
81
81
85
87
89
90
92
98

62
-55
-76
60
-96
-12
-93
84
-91
-89
-16
-18
77
88
-92
-26
-26
-66
64
-34
-2
24
8
86
-86
-63
69
-94
36
88
16
76
42
-84
90
-88
-17
-67
-12
39
-11
27
-13
43
-68
-43
96

-96
-94
-93
-92
-91
-89
-88
-86
-84
-76
-68
-67
-66
-63
-55
-43
-34
-26
-26
-18
-17
-16
-13
-12
-12
-11
-2
8
16
24
27
36
39
42
43
60
62
64
69
76
77
84
86
88
88
90
96

86
31
-4
2
94
29
9
92
77
65
5
57
-44
63
20
48
1
-89
15
-54
-57
21
64
-52
30
-76
-17
30
-23
-49
-18
-71
-18
-3
41
16
-72
100
-28
75
59
-6
-81

-89
-81
-76
-72
-71
-57
-54
-52
-49
-44
-28
-23
-18
-18
-17
-6
-4
-3
1
2
5
9
15
16
20
21
29
30
30
31
41
48
57
59
63
64
65
75
77
86
92
94
100

84
-18
22
30
-68
-46
-98
-74
-58
-39
-22
-19
-98
-87
25
44
-55
50
68
-66
-28
-65
-37
90
65
24
-92
-67
35
25
53
-76
-51
97
-96
74
39
-68
22
-87
-3
48
-78
-74
-8
-44
10
-60
34
31
-63
-61
82
51
20
52
-86
-24
-1
-36
80
-48
63
-85
-50
68
-30
72
-97
31
37
-60
-19
-33
-30
86
-23
-49
-24
49
-39
-99
-2
-55
28
-25
-19
-36
-80
96
-41
71
-12
95

-99
-98
-98
-97
-96
-92
-87
-87
-86
-85
-80
-78
-76
-74
-74
-68
-68
-67
-66
-65
-63
-61
-60
-60
-58
-55
-55
-51
-50
-49
-48
-46
-44
-41
-39
-39
-37
-36
-36
-33
-30
-30
-28
-25
-24
-24
-23
-22
-19
-19
-19
-18
-12
-8
-3
-2
-1
10
20
22
22
24
25
25
28
30
31
31
34
35
37
39
44
48
49
50
51
52
53
63
65
68
68
71
72
74
80
82
84
86
90
95
96
97

-72
-20
8
47
0
-13
-74
-80
15
4
12
85
-59
-81
68
65
-5
59
-14
-35
-3
-86
31
94
-94
-98
98

-98
-94
-86
-81
-80
-74
-72
-59
-35
-20
-14
-13
-5
-3
0
4
8
12
15
31
47
59
65
68
85
94
98

48
84
73
-78
29
-47
22
34
32
69
-40
14
97
-11
-10
-46
-69
-29
-24
-12
-19
-88
97
71
1
62
99
84
-53
26
-9
-86
-75
-7

-88
-86
-78
-75
-69
-53
-47
-46
-40
-29
-24
-19
-12
-11
-10
-9
-7
1
14
22
26
29
32
34
48
62
69
71
73
84
84
97
97
99

-78
55
17
-67
-58
-49
-39
-42
-83
-98
24
18
27
-20
-39
44
6
-76
27
-24
3
-97
-90
63
-11
-37
22
52
8
-5
41
-75
-71
19
-49
4
70
85
-28
-82

-98
-97
-90
-83
-82
-78
-76
-75
-71
-67
-58
-49
-49
-42
-39
-39
-37
-28
-24
-20
-11
-5
3
4
6
8
17
18
19
22
24
27
27
41
44
52
55
63
70
85

-18
-74
-100
29
83
34
100
-8
49
60
47
-3
-98
-82
56
46
27
-21
-91
89
62
-25
15
19
93
56
69
-76
9
1
-9
-50
49
-34
37
-2
-23
10
-99
-2
-44
-64
91
89
10
-43
-80
76
63
44
14
-34
95
-93

-100
-99
-98
-93
-91
-82
-80
-76
-74
-64
-50
-44
-43
-34
-34
-25
-23
-21
-18
-9
-8
-3
-2
-2
1
9
10
10
14
15
19
27
29
34
37
44
46
47
49
49
56
56
60
62
63
69
76
83
89
89
91
93
95
100

-19
-91
-98
-73
-89
-73
-33
77
71
-32
-23
43
84
-70
-78
73
53
69
-44
7
63
97
91
38
70
-81
37
-20
-11
-98
-35
-74
-85
-95
-93
-43
90
-99
77
-45
-69
-65
93
-43
-12
-69
-89
-95
-62
92
-88
70
-32
75
-4
-15
-77
-45
-89
94
-96

-99
-98
-98
-96
-95
-95
-93
-91
-89
-89
-89
-88
-85
-81
-78
-77
-74
-73
-73
-70
-69
-69
-65
-62
-45
-45
-44
-43
-43
-35
-33
-32
-32
-23
-20
-19
-15
-12
-11
-4
7
37
38
43
53
63
69
70
70
71
73
75
77
77
84
90
91
92
93
94
97

99
85
69
5
59

5
59
69
85
99

11
62
-78
-67
98
-64
-67
-8
-36
-60
-81
79
25
-75
38
-24
47
-32
16
72
-75
71
-3
84
-69
47
-29
-17
-41
55
100
50
-43
-62
35
63
-15

-81
-78
-75
-75
-69
-67
-67
-64
-62
-60
-43
-41
-36
-32
-29
-24
-17
-15
-8
-3
11
16
25
35
38
47
47
50
55
62
63
71
72
79
84
98
100

56
-43
10
41
-64
67
-26
48
-87
-9
48
85
-73
-69
-43
64
-8
74
-38
19
-9
18
-100
86
-87
29
-99
82
-43
79
82
-41
78
-8
-46
-94
19
-91
-14
-48
62
-89
49
-33
76
-97
47
-45
5
36
53
-21
80
57
31
27
-64
-27
-57
11
-57
52
-55
74
51
15
30
25
87
66
-54
82
52
-94
-97
97
-86
52
-48
-1
42
40
29
76
-28
32
-92
-56
-97
-26
-72
82
-49
23
-92

-100
-99
-97
-97
-97
-94
-94
-92
-92
-91
-89
-87
-87
-86
-73
-72
-69
-64
-64
-57
-57
-56
-55
-54
-49
-48
-48
-46
-45
-43
-43
-43
-41
-38
-33
-28
-27
-26
-26
-21
-14
-9
-9
-8
-8
-1
5
10
11
15
18
19
19
23
25
27
29
29
30
31
32
36
40
41
42
47
48
48
49
51
52
52
52
53
56
57
62
64
66
67
74
74
76
76
78
79
80
82
82
82
82
85
86
87
97

45
-69
-22
48
-16
27
-9
-50
100
75
-11
-19
68
-85
-4
82
-83
-85
-52
-77
-40
38
61
-94
-34
-25
-41
88
-6
43
18
-48
36
62
96
87
-5
30
-31
-93
23
5
-81
-52
51
-87
-1
-95
97

-95
-94
-93
-87
-85
-85
-83
-81
-77
-69
-52
-52
-50
-48
-41
-40
-34
-31
-25
-22
-19
-16
-11
-9
-6
-5
-4
-1
5
18
23
27
30
36
38
43
45
48
51
61
62
68
75
82
87
88
96
97
100

65
19
29
-49
29
-46
55
80
22
31
-49
-54
-19
75
14
76

-54
-49
-49
-46
-19
14
19
22
29
29
31
55
65
75
76
80

33
86
89
-60
48
54
36
68
64
-94
32
-36
2
75

-94
-60
-36
2
32
33
36
48
54
64
68
75
86
89

47
-56
46
65
-77
-99
89
41
-64
86
-93
26
-64
-54
-86
75
-28
-28
92
-30
-18
87
-84
37
-96
-19
9
16
-29
10
10
-62
15
-22
9
-96
67
43
-23
-39
-75
36
-30
-38
3
30
-24
-7
-63
53
48
-14
52
-77
65
47
28
-2
-32
-94
36
-58
36
63
-32
52
-37
79
-43
-19
-94
3
-36
28
18
4

-99
-96
-96
-94
-94
-93
-86
-84
-77
-77
-75
-64
-64
-63
-62
-58
-56
-54
-43
-39
-38
-37
-36
-32
-32
-30
-30
-29
-28
-28
-24
-23
-22
-19
-19
-18
-14
-7
-2
3
3
4
9
9
10
10
15
16
18
26
28
28
30
36
36
36
37
41
43
46
47
47
48
52
52
53
63
65
65
67
75
79
86
87
89
92

76
33
79
73
-97
-33
96
-50
-20
-67
33
-75
-28
81
-14
65
25
-26
49
1
-26
49
36
82
-9
-77
61
-75
1

-97
-77
-75
-75
-67
-50
-33
-28
-26
-26
-20
-14
-9
1
1
25
33
33
36
49
49
61
65
73
76
79
81
82
96

19
-91
-8
-27
71
64
-89
-76
-62
-36
82
-77
-15
15
32
-13
17
-96
-25
53
48
-25
0
-8
-21
-96
19
-98
40
16
58
-57
-91
47
4
12
-19
50
1
-46
-1
-41
-80
30
38
32
45
-18
0
50
99
-51
-15
98
-95
69
40
36
82
-53
-69
-100
29
-41
-25
66
-68
25
22
24
15
65
63
38
-10
-27
-62
87
25
-20
-34
93
-62
58
-90
-17
-75
-88
-50
26
88
20

-100
-98
-96
-96
-95
-91
-91
-90
-89
-88
-80
-77
-76
-75
-69
-68
-62
-62
-62
-57
-53
-51
-50
-46
-41
-41
-36
-34
-27
-27
-25
-25
-25
-21
-20
-19
-18
-17
-15
-15
-13
-10
-8
-8
-1
0
0
1
4
12
15
15
16
17
19
19
20
22
24
25
25
26
29
30
32
32
36
38
38
40
40
45
47
48
50
50
53
58
58
63
64
65
66
69
71
82
82
87
88
93
98
99

-21
22
31
-18
26
1
55
2
-18
-51
23
38
100
97
-100
-24
37
69
31
90
-83
64
-9
-31
-31
-6
58
-48
79
-70
5
61
37
1
-72
-23
-95
94
-26
-92
-74
-1
-2
-44
63
56
77
58
49
20
-32
34
88
57
95
1
-59
15
-85

-100
-95
-92
-85
-83
-74
-72
-70
-59
-51
-48
-44
-32
-31
-31
-26
-24
-23
-21
-18
-18
-9
-6
-2
-1
1
1
1
2
5
15
20
22
23
26
31
31
34
37
37
38
49
55
56
57
58
58
61
63
64
69
77
79
88
90
94
95
97
100

83
-27
-51
-73
-54
59
27
22
-79
82
-77
8
-60
-100
83
74
91
-67
69
-16
89
-24
-75
-37
83
-87
86
14
46
-7
-5
85
-61
-19
-33
92
37
-67
75
9
-62
100
-64
-66
-50
92
60
20
-73
-61
37
-5
99
-4
28
24
45
66
1
-38
-12
2
-52
-82
84
72
29
56
-39
-34
-76
51
-82
10
98
-74
-8
87
-50
7
-87
48
-65
17
80
-91
12
-25
-3
-37
-67
-93
46

-100
-93
-91
-87
-87
-82
-82
-79
-77
-76
-75
-74
-73
-73
-67
-67
-67
-66
-65
-64
-62
-61
-61
-60
-54
-52
-51
-50
-50
-39
-38
-37
-37
-34
-33
-27
-25
-24
-19
-16
-12
-8
-7
-5
-5
-4
-3
1
2
7
8
9
10
12
14
17
20
22
24
27
28
29
37
37
45
46
46
48
51
56
59
60
66
69
72
74
75
80
82
83
83
83
84
85
86
87
89
91
92
92
98
99
100

-27
-61
51
-59
38
-41
93
2
44
56
-39
83
22
-81
-84
-13
-97
80
86
78
98
86
3
94
-2
-53
-26
-81
-67
76
-91
-10
-100
-28
-37
13
57
-87
13
-7
-25
52
-84
-85
-14
26
31
-54
58
-62

-100
-97
-91
-87
-85
-84
-84
-81
-81
-67
-62
-61
-59
-54
-53
-41
-39
-37
-28
-27
-26
-25
-14
-13
-10
-7
-2
2
3
13
13
22
26
31
38
44
51
52
56
57
58
76
78
80
83
86
86
93
94
98

-11
32
85
35
48
18
-37
-38
96
-56
-31
55
89
38
-98
-82
93
92
80
16
40
-62
0
5
89
60
-1
30
-16
-22
31
35
-2
84
-62
-40
-73
-4
70
-71
-13
-91
91
-20
12
-48
-86
-2
41
-80
76
68
-47
45
11
37
-2
79
-37
58
91
29
74
-19
-40
-15
-98
-47
-14
-12
42
85
-36
-49
-28
-44
-64
1
19
-4
-60

-98
-98
-91
-86
-82
-80
-73
-71
-64
-62
-62
-60
-56
-49
-48
-47
-47
-44
-40
-40
-38
-37
-37
-36
-31
-28
-22
-20
-19
-16
-15
-14
-13
-12
-11
-4
-4
-2
-2
-2
-1
0
1
5
11
12
16
18
19
29
30
31
32
35
35
37
38
40
41
42
45
48
55
58
60
68
70
74
76
79
80
84
85
85
89
89
91
91
92
93
96

-94
-61
32
-19
10
22
12
-76
8
42
-14
65
63
68
53
-85
-94
64
91
75
-37
-19
-55
-48
-86
38
52
29
-83
-14
90
-12
0
26
-77
6
-90
18
72
-97
-82
-92
-31
40
62
58
71
-6
50
40
74
11
97
-16
9
25

-97
-94
-94
-92
-90
-86
-85
-83
-82
-77
-76
-61
-55
-48
-37
-31
-19
-19
-16
-14
-14
-12
-6
0
6
8
9
10
11
12
18
22
25
26
29
32
38
40
40
42
50
52
53
58
62
63
64
65
68
71
72
74
75
90
91
97

45
-11
-50
-58
69
18
96
-12
-31
-19
-33
-75
-44
-50
96
18
85
54

-75
-58
-50
-50
-44
-33
-31
-19
-12
-11
18
18
45
54
69
85
96
96

-72
64
-70
24
24
-12
28
44
-64
53
68
77
-72
40
-38
-71
-25
45
-70
-60
9
15
-12
-44
57
-58
19
-72
-55
-87
16
-77
49
-75
-38
-29
22
60
27
-86
30
-78
-84
68
-86
-20
-90
-70
94
-31
-28
38
60
-72
36
55
-17
57
-49
-65
19
69
70
68
30
12
18

-90
-87
-86
-86
-84
-78
-77
-75
-72
-72
-72
-72
-71
-70
-70
-70
-65
-64
-60
-58
-55
-49
-44
-38
-38
-31
-29
-28
-25
-20
-17
-12
-12
9
12
15
16
18
19
19
22
24
24
27
28
30
30
36
38
40
44
45
49
53
55
57
57
60
60
64
68
68
68
69
70
77
94

42
91
55
87
-4
51
29
-70
-26
9
-16
-61
91
-49
-10
-92
-59
-9
-8
-59
-30
2
1
71
20
-9
-39
97
12
-68
77
100
4
38
-41
-48
-68
-53
-75
-80
54
-7
63
-36
-64
93
53
42
20

-92
-80
-75
-70
-68
-68
-64
-61
-59
-59
-53
-49
-48
-41
-39
-36
-30
-26
-16
-10
-9
-9
-8
-7
-4
1
2
4
9
12
20
20
29
38
42
42
51
53
54
55
63
71
77
87
91
91
93
97
100

42
-35
3
36
26
83
-73
-60
66
-68
-65
9
-94
46
34
-72
-60
4
-83
94
27
2
22
86
30
88
-19
-99
-99
92
98
-93
79
22
-10
8
31
1
79
-34
63
72
3
46
100
-26
-97
-99
-82
-59
-14
19
100
-37
-84
-63
92
-72
-19
91
-74
-78
-24
-41
-39
-4
8
-68
-49
-59
-100
-78
47
80
29
63
-15
55
-14
15
-42
69
46
100
57
-57
96
-33
-15
-72
38
-67
-59
18
38
28
96

-100
-99
-99
-99
-97
-94
-93
-84
-83
-82
-78
-78
-74
-73
-72
-72
-72
-68
-68
-67
-65
-63
-60
-60
-59
-59
-59
-57
-49
-42
-41
-39
-37
-35
-34
-33
-26
-24
-19
-19
-15
-15
-14
-14
-10
-4
1
2
3
3
4
8
8
9
15
18
19
22
22
26
27
28
29
30
31
34
36
38
38
42
46
46
46
47
55
57
63
63
66
69
72
79
79
80
83
86
88
91
92
92
94
96
96
98
100
100
100

28.891
-11.5076
-28.1929
83.1491
2.05505
57.4701
-36.3651
-4.95008
-77.9681
-45.4595
91.3231
2.2418
17.299
-21.8524
-56.2026
63.3972
-100.405
10.0268
59.2906
61.9379
7.54073
-45.3073
27.3075
-91.9392
-2.25014
20.6894
61.941
-74.0269
-50.5004
97.651
-14.4039
-32.1238
-4.59404
7.93311
12.9169
-72.2471
19.472
5.42364
67.4124
63.8316
-26.0378
-10.0134
-88.4963
100.47
80.8752
-82.3261
-4.0439
-18.4674
-87.5793
-29.6466
34.6716
-32.8678
16.6055
6.06529
87.9656
71.6876
76.5074
-71.9746
68.2341
23.8814
60.4043
-97.8967
-2.18024
-85.9478
-56.407
-89.2775
-96.9333
-4.98266
9.91709
97.216

-100.405
-97.8967
-96.9333
-91.9392
-89.2775
-88.4963
-87.5793
-85.9478
-82.3261
-77.9681
-74.0269
-72.2471
-71.9746
-56.407
-56.2026
-50.5004
-45.4595
-45.3073
-36.3651
-32.8678
-32.1238
-29.6466
-28.1929
-26.0378
-21.8524
-18.4674
-14.4039
-11.5076
-10.0134
-4.98266
-4.95008
-4.59404
-4.0439
-2.25014
-2.18024
2.05505
2.2418
5.42364
6.06529
7.54073
7.93311
9.91709
10.0268
12.9169
16.6055
17.299
19.472
20.6894
23.8814
27.3075
28.891
34.6716
57.4701
59.2906
60.4043
61.9379
61.941
63.3972
63.8316
67.4124
68.2341
71.6876
76.5074
80.8752
83.1491
87.9656
91.3231
97.216
97.651
100.47

-16.9959
40.0941
53.114
24.0705
-32.0857
-92.0552
5.24328
63.6894

-92.0552
-32.0857
-16.9959
5.24328
24.0705
40.0941
53.114
63.6894

99.4515
-96.3463
-65.558
51.1012
0.318108
85.0892
-96.9571
-48.6881
6.42049
-67.9065
31.7136
-7.44268
66.0677
46.721
-40.3877
-7.23822
-95.2613
65.4304
-64.7616
-51.236
-25.9757
-27.7426
-30.0411
-2.26464
26.597
8.93279
-11.3083
-68.066
-16.084
-76.9715
-39.7218
1.61575
75.0185
31.7632
-45.0551
-61.2004
35.7947
-56.4816
98.9173
-89.5183
-76.1306
15.6139
-24.5959
49.9108
-71.9797
-60.5473
12.7204
-3.53119
-6.11153
-31.8412
-55.187
-83.685
21.5483
37.791
20.9007
-23.7125
-85.2411
72.4142
25.4883
-46.1318
-98.6269
-6.11609
-24.0876
49.2645
-88.9848
38.8219
-38.1873
-29.9242
23.1882
-48.3756
-33.9942
-15.3411
-92.1468
-36.5627
-44.4558

-98.6269
-96.9571
-96.3463
-95.2613
-92.1468
-89.5183
-88.9848
-85.2411
-83.685
-76.9715
-76.1306
-71.9797
-68.066
-67.9065
-65.558
-64.7616
-61.2004
-60.5473
-56.4816
-55.187
-51.236
-48.6881
-48.3756
-46.1318
-45.0551
-44.4558
-40.3877
-39.7218
-38.1873
-36.5627
-33.9942
-31.8412
-30.0411
-29.9242
-27.7426
-25.9757
-24.5959
-24.0876
-23.7125
-16.084
-15.3411
-11.3083
-7.44268
-7.23822
-6.11609
-6.11153
-3.53119
-2.26464
0.318108
1.61575
6.42049
8.93279
12.7204
15.6139
20.9007
21.5483
23.1882
25.4883
26.597
31.7136
31.7632
35.7947
37.791
38.8219
46.721
49.2645
49.9108
51.1012
65.4304
66.0677
72.4142
75.0185
85.0892
98.9173
99.4515

-71.9778
76.9067
-37.0032
12.4457
-16.3986
85.7474
-71.8313
-35.8445
62.7475
22.7896
-50.7449
32.2658
69.86
-7.42157
60.1365
95.9468
68.2955
-99.7072
-87.2422
90.0975
75.53
-29.803
8.68053
30.1888
-67.5143
-19.5478
-48.8115
80.4946
-26.1622
-6.21833
1.91331

-99.7072
-87.2422
-71.9778
-71.8313
-67.5143
-50.7449
-48.8115
-37.0032
-35.8445
-29.803
-26.1622
-19.5478
-16.3986
-7.42157
-6.21833
1.91331
8.68053
12.4457
22.7896
30.1888
32.2658
60.1365
62.7475
68.2955
69.86
75.53
76.9067
80.4946
85.7474
90.0975
95.9468

-38.7354
-59.8519
32.0773
14.5844
-83.3963
65.3838
2.70016
-7.87929
-9.71716
-49.0432
-70.4644
4.89659
50.0601
26.1119
32.2817
45.8556
37.0993
21.883
92.107
15.7792
65.1729
-2.66817
66.401
-43.9989
-51.3962
-24.2099
97.8853
58.22
88.7177
-78.3161
33.1535
-16.1139
30.9078
14.2954
-37.4091
-17.5281
-66.9273
-7.81575
-65.7685
92.0572
-77.1061
-23.4317
70.9588
-10.3723
-32.9128
63.6635
-99.927
52.586
96.1958
-26.886
96.9664

-99.927
-83.3963
-78.3161
-77.1061
-70.4644
-66.9273
-65.7685
-59.8519
-51.3962
-49.0432
-43.9989
-38.7354
-37.4091
-32.9128
-26.886
-24.2099
-23.4317
-17.5281
-16.1139
-10.3723
-9.71716
-7.87929
-7.81575
-2.66817
2.70016
4.89659
14.2954
14.5844
15.7792
21.883
26.1119
30.9078
32.0773
32.2817
33.1535
37.0993
45.8556
50.0601
52.586
58.22
63.6635
65.1729
65.3838
66.401
70.9588
88.7177
92.0572
92.107
96.1958
96.9664
97.8853

49.0482
21.4235
2.16147
12.535
91.6465
34.9766
77.681
-56.4907
22.5348
-70.9525
70.2528
16.2226
26.7944
48.5188
82.7361
-74.5413
-73.15
-73.7226

-74.5413
-73.7226
-73.15
-70.9525
-56.4907
2.16147
12.535
16.2226
21.4235
22.5348
26.7944
34.9766
48.5188
49.0482
70.2528
77.681
82.7361
91.6465

-45.0616
-53.21
65.5876
-2.32291
-51.5015
-45.2606
54.3019
-35.7035
5.5171
1.467
61.1497
-12.8715
81.4755
-39.3273
95.087
40.7983
48.1972
-53.92
-97.6221
68.2239
-49.0529

-97.6221
-53.92
-53.21
-51.5015
-49.0529
-45.2606
-45.0616
-39.3273
-35.7035
-12.8715
-2.32291
1.467
5.5171
40.7983
48.1972
54.3019
61.1497
65.5876
68.2239
81.4755
95.087

60.9098
-0.63343
-17.3025
63.2533
56.5475
-90.4801
61.1385
46.5319
75.3725
-91.6687
-23.7149
-99.8811
-82.6285
65.5109
-3.02341
-60.5583
77.1059
-48.742
69.7254
-72.2901
74.6092
-22.3992
72.7167
-36.5887
32.6759
-60.4582
-59.0199
51.7598
66.4553
-73.7652
49.3509
24.7124
3.91029
-60.4382
88.7578
-37.7479
-83.2933
-31.6262
15.6457
-61.1022
100.064

-99.8811
-91.6687
-90.4801
-83.2933
-82.6285
-73.7652
-72.2901
-61.1022
-60.5583
-60.4582
-60.4382
-59.0199
-48.742
-37.7479
-36.5887
-31.6262
-23.7149
-22.3992
-17.3025
-3.02341
-0.63343
3.91029
15.6457
24.7124
32.6759
46.5319
49.3509
51.7598
56.5475
60.9098
61.1385
63.2533
65.5109
66.4553
69.7254
72.7167
74.6092
75.3725
77.1059
88.7578
100.064

-100.16
59.7053
-37.2161
68.6356
-9.51639
96.8277
-91.8129
-7.02045
82.8415
28.7983
-20.7811
61.1609
86.6874
56.4106
30.9559
36.0057
63.0709
-97.9482
-7.74042
-88.3595
32.5712
90.6173
-17.1559
21.3497
67.0222
13.8641
19.1769
15.2186
-19.8506
-15.1007
25.7738
36.9088
-35.1183
64.5826
68.8125
-12.1733
57.3978
-80.0618
57.3513
1.77925
-99.6566
69.4337
-23.392
40.9168
87.5705
-49.093
75.1422
11.7461
-80.6144
-51.6328
-45.8925
-76.6547
13.2555
33.5112
86.014
-41.4139
49.627
-70.4407
-6.61487
86.9957
-64.7306
31.4501
13.831
-15.9516
-92.0231
-91.8819
-90.7893
-61.2188
78.5262
-73.0704
45.0128
-33.6892
29.7335
-84.7904
76.0069
-22.6621
99.4831
18.7402
51.0656
-37.1724
-87.6313
-76.7259
46.6397
-63.9033
2.88953
-69.9984
99.3379
-87.7641
8.8655
-60.8011
-38.2742
97.8399

-100.16
-99.6566
-97.9482
-92.0231
-91.8819
-91.8129
-90.7893
-88.3595
-87.7641
-87.6313
-84.7904
-80.6144
-80.0618
-76.7259
-76.6547
-73.0704
-70.4407
-69.9984
-64.7306
-63.9033
-61.2188
-60.8011
-51.6328
-49.093
-45.8925
-41.4139
-38.2742
-37.2161
-37.1724
-35.1183
-33.6892
-23.392
-22.6621
-20.7811
-19.8506
-17.1559
-15.9516
-15.1007
-12.1733
-9.51639
-7.74042
-7.02045
-6.61487
1.77925
2.88953
8.8655
11.7461
13.2555
13.831
13.8641
15.2186
18.7402
19.1769
21.3497
25.7738
28.7983
29.7335
30.9559
31.4501
32.5712
33.5112
36.0057
36.9088
40.9168
45.0128
46.6397
49.627
51.0656
56.4106
57.3513
57.3978
59.7053
61.1609
63.0709
64.5826
67.0222
68.6356
68.8125
69.4337
75.1422
76.0069
78.5262
82.8415
86.014
86.6874
86.9957
87.5705
90.6173
96.8277
97.8399
99.3379
99.4831

71.2329
51.0341
11.9682
82.1254
-44.6846
68.7846
-16.6526
67.4646
34.4696
91.0127
75.5089
51.8007
-55.5772
-50.8338
84.0201
-45.0872
-24.577
40.3337
48.9153
-17.3994
-62.2727
43.4286
68.8565
-55.9247
13.6753
-36.1348
46.531
-12.4375
52.9275
-16.3559
36.4009
14.0877
-20.7059
83.2375
-30.4364
34.808
60.6916
-15.0412
-68.6319
-80.1881
89.9935
96.793
77.2587
26.2529
75.8703
-22.4938
33.4508
59.7672
-28.0306
-59.1267

-80.1881
-68.6319
-62.2727
-59.1267
-55.9247
-55.5772
-50.8338
-45.0872
-44.6846
-36.1348
-30.4364
-28.0306
-24.577
-22.4938
-20.7059
-17.3994
-16.6526
-16.3559
-15.0412
-12.4375
11.9682
13.6753
14.0877
26.2529
33.4508
34.4696
34.808
36.4009
40.3337
43.4286
46.531
48.9153
51.0341
51.8007
52.9275
59.7672
60.6916
67.4646
68.7846
68.8565
71.2329
75.5089
75.8703
77.2587
82.1254
83.2375
84.0201
89.9935
91.0127
96.793

-75.5273
-9.29662
62.9574
-68.5563
-71.3584
97.6756
68.5889
-14.6225
79.4369
92.9316
81.0373
1.00197
100.157
16.836
57.1033
-54.0523
36.5361
3.28227
-75.5305
6.35515
72.8643
56.09
29.4128
96.8601
-65.0926
52.5695
52.1443
31.1834
-74.4739
-39.3597
-59.3031
63.2188
26.2832
-87.0263
-70.8666
-16.8862
38.8891
-56.9993
12.0826
35.0463
-75.8642
-81.0879
-22.7789
32.8059
-2.0658
73.8757
-41.8566
-21.6898
40.5824
35.8142
-81.5335
90.5277
93.5252
-47.4874
-98.4628
-30.6815
-60.584
99.4285
44.5864
12.0057
-10.9245
-48.5165
75.8683
-76.6387
-68.2869
79.0712
19.2036
51.3269
47.3809
57.1404
-55.983
-66.9671
-74.1543
9.53372
-73.8311
-8.76794

-98.4628
-87.0263
-81.5335
-81.0879
-76.6387
-75.8642
-75.5305
-75.5273
-74.4739
-74.1543
-73.8311
-71.3584
-70.8666
-68.5563
-68.2869
-66.9671
-65.0926
-60.584
-59.3031
-56.9993
-55.983
-54.0523
-48.5165
-47.4874
-41.8566
-39.3597
-30.6815
-22.7789
-21.6898
-16.8862
-14.6225
-10.9245
-9.29662
-8.76794
-2.0658
1.00197
3.28227
6.35515
9.53372
12.0057
12.0826
16.836
19.2036
26.2832
29.4128
31.1834
32.8059
35.0463
35.8142
36.5361
38.8891
40.5824
44.5864
47.3809
51.3269
52.1443
52.5695
56.09
57.1033
57.1404
62.9574
63.2188
68.5889
72.8643
73.8757
75.8683
79.0712
79.4369
81.0373
90.5277
92.9316
93.5252
96.8601
97.6756
99.4285
100.157

2.68108
27.4002
-28.3004
94.9299
27.3187
43.6091
-7.82307
54.282
61.9105
79.9636
-89.5397
-59.6464
-92.9158
57.9547
91.297
-23.6583
6.78911
-96.3129
-18.9936
-16.8922
77.0288
-38.5826
93.8069
19.5124
23.0484
-71.9837
5.27753
-57.9215
-66.7179
89.8815
62.2718
-60.7459
60.8711
33.5596
-25.1488
69.104
-47.5345
-32.9699
34.3477
-27.4523
-91.4601
66.3742
-81.7317
-92.5514
2.89581
94.8781
-58.4602
-72.5857
28.3295
-36.5209
-73.8838
39.1707
-24.2949
-44.3754
-85.5426
-3.77599
26.3208
-40.5855
62.8638
79.3718
45.7231
93.081
-77.8462
61.9057
-21.4016
71.0577
-16.7042
23.0804
-15.2476
14.7475
95.3795
67.8342
-72.2304
41.3736
-37.1882
-92.8728
23.3084
-20.5806
-52.4286
47.7034
7.93433
24.2418
-37.2846
32.799
48.2231
-36.5662
87.8247
71.8476
69.3151
-29.1753
6.68126
-19.1569
-68.6263

-96.3129
-92.9158
-92.8728
-92.5514
-91.4601
-89.5397
-85.5426
-81.7317
-77.8462
-73.8838
-72.5857
-72.2304
-71.9837
-68.6263
-66.7179
-60.7459
-59.6464
-58.4602
-57.9215
-52.4286
-47.5345
-44.3754
-40.5855
-38.5826
-37.2846
-37.1882
-36.5662
-36.5209
-32.9699
-29.1753
-28.3004
-27.4523
-25.1488
-24.2949
-23.6583
-21.4016
-20.5806
-19.1569
-18.9936
-16.8922
-16.7042
-15.2476
-7.82307
-3.77599
2.68108
2.89581
5.27753
6.68126
6.78911
7.93433
14.7475
19.5124
23.0484
23.0804
23.3084
24.2418
26.3208
27.3187
27.4002
28.3295
32.799
33.5596
34.3477
39.1707
41.3736
43.6091
45.7231
47.7034
48.2231
54.282
57.9547
60.8711
61.9057
61.9105
62.2718
62.8638
66.3742
67.8342
69.104
69.3151
71.0577
71.8476
77.0288
79.3718
79.9636
87.8247
89.8815
91.297
93.081
93.8069
94.8781
94.9299
95.3795

17.9023
29.8607
89.1625
35.3843
-69.2802
29.5882
-5.00555
-15.7024
-93.5301
68.2337
52.4885
-0.84063
94.5602
-35.2837
-42.8891
-47.1816
-33.5051
72.8592
99.7121
-67.1164
27.9886
-55.9629
-26.7948
62.9746
-9.10364
74.8774
-37.4551
-42.7751
0.973167
-52.061
48.1725
35.3093
24.3525
1.18391
93.7319
-2.68128
-37.6594
-29.9181
-97.2089
67.0686
49.4423
-16.0576
66.3789
-21.2254
85.7342
56.9514
-8.94594
8.69302
-88.4564
24.1305
-19.9241
33.4816
42.8359
-99.7352
-63.2286
-92.3564
97.5623
-24.0669
63.0155

-99.7352
-97.2089
-93.5301
-92.3564
-88.4564
-69.2802
-67.1164
-63.2286
-55.9629
-52.061
-47.1816
-42.8891
-42.7751
-37.6594
-37.4551
-35.2837
-33.5051
-29.9181
-26.7948
-24.0669
-21.2254
-19.9241
-16.0576
-15.7024
-9.10364
-8.94594
-5.00555
-2.68128
-0.84063
0.973167
1.18391
8.69302
17.9023
24.1305
24.3525
27.9886
29.5882
29.8607
33.4816
35.3093
35.3843
42.8359
48.1725
49.4423
52.4885
56.9514
62.9746
63.0155
66.3789
67.0686
68.2337
72.8592
74.8774
85.7342
89.1625
93.7319
94.5602
97.5623
99.7121

-96.36
-44.6984
54.9031
49.9956
-78.7819
-53.6469
11.779
-58.4338
-96.6167
-16.4331
45.5511
79.3887
-37.9861
-26.4511
-4.15524
4.93594
8.27252
-10.917
56.4146
58.0288
33.4296
-2.71494
-41.6992
-55.055
-67.8346
-7.5562
-95.9785
-79.3869

-96.6167
-96.36
-95.9785
-79.3869
-78.7819
-67.8346
-58.4338
-55.055
-53.6469
-44.6984
-41.6992
-37.9861
-26.4511
-16.4331
-10.917
-7.5562
-4.15524
-2.71494
4.93594
8.27252
11.779
33.4296
45.5511
49.9956
54.9031
56.4146
58.0288
79.3887

46.7241
-18.1731
83.9846
-52.5422
46.4819
-76.8131
17.8846
-42.0013
23.7498
-73.4066
48.3992
-28.8411
-11.3696
-46.9009
-74.2055
-88.5001
61.0061
-78.003
-61.0348
24.789
-16.1751
93.7442
15.4546
76.5641
13.7289
-51.5076

-88.5001
-78.003
-76.8131
-74.2055
-73.4066
-61.0348
-52.5422
-51.5076
-46.9009
-42.0013
-28.8411
-18.1731
-16.1751
-11.3696
13.7289
15.4546
17.8846
23.7498
24.789
46.4819
46.7241
48.3992
61.0061
76.5641
83.9846
93.7442

-70.6714
47.7577
-55.5305
-30.9941
7.8832
72.4011
-45.9146
-44.374
-87.4944
-45.1748
-47.5861
-16.5283
-57.4392
7.86256
9.92439
-7.64985
32.8987
-22.001
70.7127
29.0948
43.955
94.6141
-12.174
-53.0413
98.7907
40.1914
78.2561
-7.77111
70.7896
-4.68044
-40.1669
-4.73994
35.4889
-22.5184
20.4026
-87.945
-69.8213
51.1868
88.8224
99.0486
-5.64171
49.6591
-84.0603
-63.4885
60.1906
-9.35554
77.8593
67.9956
65.9341
43.3647
83.5508
-9.0201
-18.9217
-90.7172
42.4956
48.6631
86.8419
91.9941
-66.3827
54.6612
55.2618
-97.6641
78.613
33.2248
61.4273
-98.6686
0.0280228
18.0405
-67.1073
-14.2604
31.7002
83.572
59.2536
16.4243
-12.0652
60.9582
-81.0162
-56.5248
8.73682
36.9808
39.8084
53.4119
-36.6909
-12.1539
88.9225
65.3262
-100.429
-60.6382
-66.6642
-47.7304
20.3823
21.6095
-1.5131
-54.4895
-75.1019
-5.25153
60.1387
32.4944
-19.8058
11.4768
-31.203

-100.429
-98.6686
-97.6641
-90.7172
-87.945
-87.4944
-84.0603
-81.0162
-75.1019
-70.6714
-69.8213
-67.1073
-66.6642
-66.3827
-63.4885
-60.6382
-57.4392
-56.5248
-55.5305
-54.4895
-53.0413
-47.7304
-47.5861
-45.9146
-45.1748
-44.374
-40.1669
-36.6909
-31.203
-30.9941
-22.5184
-22.001
-19.8058
-18.9217
-16.5283
-14.2604
-12.174
-12.1539
-12.0652
-9.35554
-9.0201
-7.77111
-7.64985
-5.64171
-5.25153
-4.73994
-4.68044
-1.5131
0.0280228
7.86256
7.8832
8.73682
9.92439
11.4768
16.4243
18.0405
20.3823
20.4026
21.6095
29.0948
31.7002
32.4944
32.8987
33.2248
35.4889
36.9808
39.8084
40.1914
42.4956
43.3647
43.955
47.7577
48.6631
49.6591
51.1868
53.4119
54.6612
55.2618
59.2536
60.1387
60.1906
60.9582
61.4273
65.3262
65.9341
67.9956
70.7127
70.7896
72.4011
77.8593
78.2561
78.613
83.5508
83.572
86.8419
88.8224
88.9225
91.9941
94.6141
98.7907
99.0486

-26.8795
20.7334
-72.2843
-14.4103
29.1737
-52.4032
-7.74284
75.5557
-4.28912
-66.0225
-36.8097
95.7793
-8.63945
-34.5781
-48.5234
-82.8569
-4.16906
-73.7766
-3.86551
-31.6587
-96.143
9.38547
-99.5343
-64.1125
55.8726
84.9342
74.5917
10.6946
-78.4637
87.0754
50.2903
-22.6578
84.4914
23.7987
-15.3215
100.374
75.0051
10.9737
-93.1723
-81.9465
91.3588
71.8891
62.9935
-81.2239
29.1348
-49.5456
-13.2774
-33.627
35.0976
-67.8404
93.5661
40.6195
-13.9281
5.15045
75.6077
59.0251
-84.5246
-21.1497
-81.5299
-58.5196
-64.1492
-8.05422
-20.3966
-62.1111
-46.853
37.4062
56.7197
-55.4058
64.0807
-91.8997
-5.79066
-2.87463

-99.5343
-96.143
-93.1723
-91.8997
-84.5246
-82.8569
-81.9465
-81.5299
-81.2239
-78.4637
-73.7766
-72.2843
-67.8404
-66.0225
-64.1492
-64.1125
-62.1111
-58.5196
-55.4058
-52.4032
-49.5456
-48.5234
-46.853
-36.8097
-34.5781
-33.627
-31.6587
-26.8795
-22.6578
-21.1497
-20.3966
-15.3215
-14.4103
-13.9281
-13.2774
-8.63945
-8.05422
-7.74284
-5.79066
-4.28912
-4.16906
-3.86551
-2.87463
5.15045
9.38547
10.6946
10.9737
20.7334
23.7987
29.1348
29.1737
35.0976
37.4062
40.6195
50.2903
55.8726
56.7197
59.0251
62.9935
64.0807
71.8891
74.5917
75.0051
75.5557
75.6077
84.4914
84.9342
87.0754
91.3588
93.5661
95.7793
100.374

-59.2274
-28.6785
-16.82
-21.662
-27.755
14.7228
91.2845
42.4318
4.22937
-63.3293
61.8169
-56.1484
-15.3821
34.8652
49.0719
2.33751
-51.9177
-53.8493
42.2163
17.3753
-67.2233
-64.3263
-85.72
60.881
50.6111
-96.5742
-74.3718
38.9422
-91.7066
84.796
59.6236
-36.8753
-68.0268
-47.4176
-94.1833
-12.5002
79.4787

-96.5742
-94.1833
-91.7066
-85.72
-74.3718
-68.0268
-67.2233
-64.3263
-63.3293
-59.2274
-56.1484
-53.8493
-51.9177
-47.4176
-36.8753
-28.6785
-27.755
-21.662
-16.82
-15.3821
-12.5002
2.33751
4.22937
14.7228
17.3753
34.8652
38.9422
42.2163
42.4318
49.0719
50.6111
59.6236
60.881
61.8169
79.4787
84.796
91.2845

13.2883
-80.3572
80.7515
60.2599
-42.95
-38.9778
-68.9028
-82.5227
-55.1134
-73.5123

-82.5227
-80.3572
-73.5123
-68.9028
-55.1134
-42.95
-38.9778
13.2883
60.2599
80.7515

84.2835
41.987
54.0124
84.6251
25.0405
94.9973
-46.5663
-82.3542
-35.6348
-67.5399
-34.6343
-81.9818
34.4621
-100.335
6.65343
32.7899
-71.6845
-22.7738
76.2135
25.02
57.1987
97.6259
-17.8207
22.0572
14.0578
22.347
-74.5386
75.0716
-71.043
11.3212
53.4503
-99.9633
56.9642
19.1694
13.1841
76.6747
-78.9212
-7.37589
-75.9808
-92.763
-4.78481
81.507
-88.3515
-38.8062
-26.4943
70.6716
65.0983
1.14755
22.2576
90.4503
-67.6012
-28.5773
84.7191
-99.5941
37.3331
64.9152
87.3028
-69.3572
93.1705
-49.0089
-17.6598
41.9107
22.5057
-8.40877
1.45063
-89.7627
-9.79152
96.176
-18.7238
1.32401
-33.3043
12.3511
19.0068
-83.5992
7.06809
-67.2775
21.7751
67.807
38.2971
99.226
-27.7312
43.5826
93.7915
-17.6661
-32.6725
8.01882
87.1225
50.7697
-19.2013
25.6748
69.9216
-26.6829
-86.6341
41.8321
-39.1015

-100.335
-99.9633
-99.5941
-92.763
-89.7627
-88.3515
-86.6341
-83.5992
-82.3542
-81.9818
-78.9212
-75.9808
-74.5386
-71.6845
-71.043
-69.3572
-67.6012
-67.5399
-67.2775
-49.0089
-46.5663
-39.1015
-38.8062
-35.6348
-34.6343
-33.3043
-32.6725
-28.5773
-27.7312
-26.6829
-26.4943
-22.7738
-19.2013
-18.7238
-17.8207
-17.6661
-17.6598
-9.79152
-8.40877
-7.37589
-4.78481
1.14755
1.32401
1.45063
6.65343
7.06809
8.01882
11.3212
12.3511
13.1841
14.0578
19.0068
19.1694
21.7751
22.0572
22.2576
22.347
22.5057
25.02
25.0405
25.6748
32.7899
34.4621
37.3331
38.2971
41.8321
41.9107
41.987
43.5826
50.7697
53.4503
54.0124
56.9642
57.1987
64.9152
65.0983
67.807
69.9216
70.6716
75.0716
76.2135
76.6747
81.507
84.2835
84.6251
84.7191
87.1225
87.3028
90.4503
93.1705
93.7915
94.9973
96.176
97.6259
99.226

-78.8634
-91.914
-65.0087
-79.3377
94.0768
68.226
-50.6783
-81.4262
-5.72972
-30.01
36.4029
-45.5402
-67.0496
17.5843

-91.914
-81.4262
-79.3377
-78.8634
-67.0496
-65.0087
-50.6783
-45.5402
-30.01
-5.72972
17.5843
36.4029
68.226
94.0768

94.0016
61.5951
52.4955
-80.1008
91.798
-41.7931
65.2539
83.9366
66.1748
54.9389
-76.4986
-98.4371
-72.7582
24.7674
-66.7776
-74.9655
-66.4183
23.8232
-28.7353
-60.1542
37.3304
-28.5232
-7.87666
38.3427
97.6172
13.5578
-80.1459
-47.9591
-72.9366
0.339645
-2.25898
17.2279
95.8875
34.2742
-16.8195
-33.157
-81.1499
-34.3308
-39.2505
-45.4335
-93.2075
84.8869
7.18697
24.5769
-93.2422
2.9661
-11.6031
61.7115
-1.74421

-98.4371
-93.2422
-93.2075
-81.1499
-80.1459
-80.1008
-76.4986
-74.9655
-72.9366
-72.7582
-66.7776
-66.4183
-60.1542
-47.9591
-45.4335
-41.7931
-39.2505
-34.3308
-33.157
-28.7353
-28.5232
-16.8195
-11.6031
-7.87666
-2.25898
-1.74421
0.339645
2.9661
7.18697
13.5578
17.2279
23.8232
24.5769
24.7674
34.2742
37.3304
38.3427
52.4955
54.9389
61.5951
61.7115
65.2539
66.1748
83.9366
84.8869
91.798
94.0016
95.8875
97.6172

1.0055
4.91602
94.0739
-32.7395
-96.9753
25.3472
-97.8795
-34.1306
39.1799
-69.4181
-68.6647
79.7918
-2.24045
-82.2286
-94.3976
0.718224
91.8051
64.6883
-51.7352
27.8091
-89.0225
-25.3706
83.8791
-51.2029
59.9903
3.90668
-45.4417
83.3956
-35.7897
-7.20174
-11.5618
78.2501
-1.88422
-18.5179
82.1091
-39.7775
-95.9145
-86.7811
93.2795
60.7149
95.7292
84.8545
18.1095
-41.5881
-25.0372
-17.4094
88.903
50.3192
76.7468
93.6142

-97.8795
-96.9753
-95.9145
-94.3976
-89.0225
-86.7811
-82.2286
-69.4181
-68.6647
-51.7352
-51.2029
-45.4417
-41.5881
-39.7775
-35.7897
-34.1306
-32.7395
-25.3706
-25.0372
-18.5179
-17.4094
-11.5618
-7.20174
-2.24045
-1.88422
0.718224
1.0055
3.90668
4.91602
18.1095
25.3472
27.8091
39.1799
50.3192
59.9903
60.7149
64.6883
76.7468
78.2501
79.7918
82.1091
83.3956
83.8791
84.8545
88.903
91.8051
93.2795
93.6142
94.0739
95.7292

-88.1198
4.08409
-74.1214
77.4802
-39.3887
-97.3381
-42.2707
-15.6276
-56.3093
-71.6252
-60.6756
-70.9309
87.299
-52.9347
0.0323563
-45.5674
48.1966
0.549988
58.2078
90.3119
80.2059
-19.1961
-52.8092
-79.7329
-48.8089
38.6191
79.0139
54.6048
-15.866
66.9234
-44.0697
42.4735
89.2698
-47.6462
75.16
95.7089
-38.6139
-87.3733
19.217
-61.6195
-45.2039
79.8504
29.2812
64.8315
-61.4374
12.5167
-95.929
36.6768
18.9467
54.932
-58.0948
-99.3138
-89.9113
72.0792

-99.3138
-97.3381
-95.929
-89.9113
-88.1198
-87.3733
-79.7329
-74.1214
-71.6252
-70.9309
-61.6195
-61.4374
-60.6756
-58.0948
-56.3093
-52.9347
-52.8092
-48.8089
-47.6462
-45.5674
-45.2039
-44.0697
-42.2707
-39.3887
-38.6139
-19.1961
-15.866
-15.6276
0.0323563
0.549988
4.08409
12.5167
18.9467
19.217
29.2812
36.6768
38.6191
42.4735
48.1966
54.6048
54.932
58.2078
64.8315
66.9234
72.0792
75.16
77.4802
79.0139
79.8504
80.2059
87.299
89.2698
90.3119
95.7089

60.6297
-10.3646
-22.9871
32.7426
-63.5902
76.8212
-75.8246
27.2917
-42.688
-9.04944
64.463
23.256
82.4227
-91.6569
-2.97614
-78.5708
-45.5305
-67.5578
-27.8339
-13.385
-25.6488
85.5034
-16.6231
45.5629
92.9247
60.5595
27.5107
-36.1913
-49.7746
72.9122
36.9786
-91.0545
20.6466
-35.9308
-25.2015
29.7288
-83.7701
80.3696
76.427
45.6076
-68.0101
-33.4367
-39.2819
97.0537
53.0404
-45.9908

-91.6569
-91.0545
-83.7701
-78.5708
-75.8246
-68.0101
-67.5578
-63.5902
-49.7746
-45.9908
-45.5305
-42.688
-39.2819
-36.1913
-35.9308
-33.4367
-27.8339
-25.6488
-25.2015
-22.9871
-16.6231
-13.385
-10.3646
-9.04944
-2.97614
20.6466
23.256
27.2917
27.5107
29.7288
32.7426
36.9786
45.5629
45.6076
53.0404
60.5595
60.6297
64.463
72.9122
76.427
76.8212
80.3696
82.4227
85.5034
92.9247
97.0537

-112.097
-97.5968
18.4736
77.9266
-17.3699
-97.1126
-68.8196
33.6966
-62.4041
121.857
-85.4581
-86.5785
110.359
-74.8879
35.9585
-73.8023
84.7674
111.452
13.1273
-104.33
2.94134
121.243
-60.2025
103.908
44.0299
20.4923

-112.097
-104.33
-97.5968
-97.1126
-86.5785
-85.4581
-74.8879
-73.8023
-68.8196
-62.4041
-60.2025
-17.3699
2.94134
13.1273
18.4736
20.4923
33.6966
35.9585
44.0299
77.9266
84.7674
103.908
110.359
111.452
121.243
121.857

-55.9899
40.3796
-90.3762
-109.598
101.608

-109.598
-90.3762
-55.9899
40.3796
101.608

17.709
-94.5594
-105.746
-79.0665
-59.5401
-4.54213
-2.06332
-55.585
103.41
93.0157
4.06469
121.084
-91.6513
-38.0071
-17.6078
-9.3671
-53.7258
49.3059
54.4663
-70.7207
-65.933
-12.2421
-26.0752
19.9542
-33.9406
76.856
48.8675
112.012
-73.7659
33.3788
-43.5418
80.0314
53.8441
-76.9207
-61.1521
74.7529
-87.5261
84.7125
-28.1998
-109.532
75.3911
29.86
-61.9793
27.5762
-58.8806
3.98522
35.1294
-27.2455
110.39
-60.6294
-78.2518
46.1637
-19.2742
112.581
-35.1987
-53.4495
-7.25813
97.4531
87.8878
-31.1073

-109.532
-105.746
-94.5594
-91.6513
-87.5261
-79.0665
-78.2518
-76.9207
-73.7659
-70.7207
-65.933
-61.9793
-61.1521
-60.6294
-59.5401
-58.8806
-55.585
-53.7258
-53.4495
-43.5418
-38.0071
-35.1987
-33.9406
-31.1073
-28.1998
-27.2455
-26.0752
-19.2742
-17.6078
-12.2421
-9.3671
-7.25813
-4.54213
-2.06332
3.98522
4.06469
17.709
19.9542
27.5762
29.86
33.3788
35.1294
46.1637
48.8675
49.3059
53.8441
54.4663
74.7529
75.3911
76.856
80.0314
84.7125
87.8878
93.0157
97.4531
103.41
110.39
112.012
112.581
121.084

-30.1859
96.8443
83.0535
-51.3313
-27.4657
54.4325
77.1904
-25.539
87.8558
91.2959
118.979
64.6196
-55.5904
-109.63
31.7194
-24.6694
74.1717
7.34899
-97.7733
-54.1637
-53.3341
42.0664
-110.859
-93.7052
2.87163
-54.2845
74.5656
51.8489
-71.3658
-67.9216
89.7883
-68.3348
95.1497
-31.5413
36.9445
-68.3956
21.146
-16.3921
17.099
-72.3196

-110.859
-109.63
-97.7733
-93.7052
-72.3196
-71.3658
-68.3956
-68.3348
-67.9216
-55.5904
-54.2845
-54.1637
-53.3341
-51.3313
-31.5413
-30.1859
-27.4657
-25.539
-24.6694
-16.3921
2.87163
7.34899
17.099
21.146
31.7194
36.9445
42.0664
51.8489
54.4325
64.6196
74.1717
74.5656
77.1904
83.0535
87.8558
89.7883
91.2959
95.1497
96.8443
118.979

-10.8708
-44.0684
-11.6026
105.137
25.7219
89.5801
-33.1425
-111.24
82.9435
61.6761
-37.3364
15.9438
87.7722
-13.7668
-107.659
-44.6736
69.9568
-60.2523
26.7382
-84.8375
-30.6168
-108.388
-99.4327
10.5124
121.626
-78.4913
30.287
-34.239
28.1377
-91.135
47.7929
-89.0704
-87.5341
-75.6976
10.5451
107.418
-106.324
-18.9216
16.1608
-29.4953
-48.7701
-18.1924
111.782
-27.8597
-61.9957
-5.41132
-16.8295
21.231
-110.903

-111.24
-110.903
-108.388
-107.659
-106.324
-99.4327
-91.135
-89.0704
-87.5341
-84.8375
-78.4913
-75.6976
-61.9957
-60.2523
-48.7701
-44.6736
-44.0684
-37.3364
-34.239
-33.1425
-30.6168
-29.4953
-27.8597
-18.9216
-18.1924
-16.8295
-13.7668
-11.6026
-10.8708
-5.41132
10.5124
10.5451
15.9438
16.1608
21.231
25.7219
26.7382
28.1377
30.287
47.7929
61.6761
69.9568
82.9435
87.7722
89.5801
105.137
107.418
111.782
121.626

23.3909
50.7224
-96.4981
-68.7191
-76.626
-12.1156
8.74899
69.8753
-100.677
58.1245
78.3445
13.3018
-5.54791
-43.3357
0.494406
-57.3492
83.2089
122.809
-62.038
21.2296
83.6685
-70.073
-22.5279
-28.0871
-108.652
-13.8011
-46.5713
-63.7364
-75.6321
-45.6525
-64.2916
23.839
-111.291
-83.9562
-98.7538
-43.8551
65.1946
-0.366652
112.679
-43.8392
-51.495
-6.33873
29.4854
108.757
-109.535
57.4646
88.2544
27.9097
-15.7623
78.0727
-110.177
97.838
-81.5731
49.8367
-13.243
-70.7008
-96.6888
6.10749
56.5451
5.46014
-47.5204
66.8566
-104.016
93.2092
-34.9165
33.2291
-38.7901
-88.0645
-101.145
-97.6299
77.3629
47.3424
-100.739
-20.7629
80.1427
-81.7656
-69.0373
-60.3408
110.774
-110.71
-38.7426
-98.1677
10.4196
54.8437
16.92
31.9762
55.1847
-87.078
-94.1811
88.6648
90.4451
-102.079
91.0138
99.0664
-0.747528
-42.5982
-54.1032
-107.298
118.875
27.7585
-14.8932
115.424
87.0161
0.553415

-111.291
-110.71
-110.177
-109.535
-108.652
-107.298
-104.016
-102.079
-101.145
-100.739
-100.677
-98.7538
-98.1677
-97.6299
-96.6888
-96.4981
-94.1811
-88.0645
-87.078
-83.9562
-81.7656
-81.5731
-76.626
-75.6321
-70.7008
-70.073
-69.0373
-68.7191
-64.2916
-63.7364
-62.038
-60.3408
-57.3492
-54.1032
-51.495
-47.5204
-46.5713
-45.6525
-43.8551
-43.8392
-43.3357
-42.5982
-38.7901
-38.7426
-34.9165
-28.0871
-22.5279
-20.7629
-15.7623
-14.8932
-13.8011
-13.243
-12.1156
-6.33873
-5.54791
-0.747528
-0.366652
0.494406
0.553415
5.46014
6.10749
8.74899
10.4196
13.3018
16.92
21.2296
23.3909
23.839
27.7585
27.9097
29.4854
31.9762
33.2291
47.3424
49.8367
50.7224
54.8437
55.1847
56.5451
57.4646
58.1245
65.1946
66.8566
69.8753
77.3629
78.0727
78.3445
80.1427
83.2089
83.6685
87.0161
88.2544
88.6648
90.4451
91.0138
93.2092
97.838
99.0664
108.757
110.774
112.679
115.424
118.875
122.809

8.97297
-31.0122
-77.2098
21.9117
-108.802

-108.802
-77.2098
-31.0122
8.97297
21.9117

-37.0945
31.3757
-37.4707
87.1512
-105.524

-105.524
-37.4707
-37.0945
31.3757
87.1512

-9.16644
-44.69
66.7614
36.1689
-25.6971
-90.5549
17.775
-44.1681
24.4355
-44.0808
-58.2615
-108.882
-27.3514
47.5696
-32.0549
62.1683
47.2756
98.2824
44.8066
-103.573
102.108
40.1298
-43.8568
-112.088
93.0416
-21.2731
13.4731
-66.3889
-111.921
4.64665
-12.3301
-111.774
-73.3818
-27.5039
-91.7574
-96.9829
120.877
-78.9063
114.698
92.4963
-68.4076
52.3253
-75.401
-109.886
77.3211
-26.9685
-110.115
-52.8235
54.1178
28.9479
58.0103
-0.941074
79.1995
-22.018
110.327
92.1079
80.3409
-37.7416
-67.3661
-69.5012
-25.4411
54.4745
18.6377
-108.962
-37.7982
49.1521
-101.185
46.8279
-68.2989
65.6552
34.9341
-83.0855
-63.4525
16.8415
30.9523

-112.088
-111.921
-111.774
-110.115
-109.886
-108.962
-108.882
-103.573
-101.185
-96.9829
-91.7574
-90.5549
-83.0855
-78.9063
-75.401
-73.3818
-69.5012
-68.4076
-68.2989
-67.3661
-66.3889
-63.4525
-58.2615
-52.8235
-44.69
-44.1681
-44.0808
-43.8568
-37.7982
-37.7416
-32.0549
-27.5039
-27.3514
-26.9685
-25.6971
-25.4411
-22.018
-21.2731
-12.3301
-9.16644
-0.941074
4.64665
13.4731
16.8415
17.775
18.6377
24.4355
28.9479
30.9523
34.9341
36.1689
40.1298
44.8066
46.8279
47.2756
47.5696
49.1521
52.3253
54.1178
54.4745
58.0103
62.1683
65.6552
66.7614
77.3211
79.1995
80.3409
92.1079
92.4963
93.0416
98.2824
102.108
110.327
114.698
120.877

-58.1725
-110.178
-104.917
-92.0595
48.8078
97.9772
48.6523
70.5168
-16.3177
44.1877
-9.71855
114.727
-66.5894
27.0411
36.5888
70.2366
0.378294
3.33983
-108.765
57.0141
-60.9223
-95.4625
-12.8923
68.0216
51.3302
-12.0269
-90.1261
-72.4985
-47.1214
-5.09155
81.5014

-110.178
-108.765
-104.917
-95.4625
-92.0595
-90.1261
-72.4985
-66.5894
-60.9223
-58.1725
-47.1214
-16.3177
-12.8923
-12.0269
-9.71855
-5.09155
0.378294
3.33983
27.0411
36.5888
44.1877
48.6523
48.8078
51.3302
57.0141
68.0216
70.2366
70.5168
81.5014
97.9772
114.727

-63.5371
-87.2554
-108.091
29.5109
99.8065
15.0966
-111.454
67.4592
98.8378
111.221
96.6548
119.992
122.892
119.87
-29.0739
38.3274
-95.4393
100.779
71.2158
-102.66
109.444
80.715
18.5351
-88.3813
-19.158
92.7083
-65.3192
-33.3236
43.936
67.7082
17.4028
-55.7141
57.6633
93.5758
-55.0395
-64.3852
52.3696
76.5966
123.001
-19.285
115.131
52.8537
116.455
53.3634
-41.5663
82.8732
89.2444
60.8595
-101.801
-31.5696
-96.4219

-111.454
-108.091
-102.66
-101.801
-96.4219
-95.4393
-88.3813
-87.2554
-65.3192
-64.3852
-63.5371
-55.7141
-55.0395
-41.5663
-33.3236
-31.5696
-29.0739
-19.285
-19.158
15.0966
17.4028
18.5351
29.5109
38.3274
43.936
52.3696
52.8537
53.3634
57.6633
60.8595
67.4592
67.7082
71.2158
76.5966
80.715
82.8732
89.2444
92.7083
93.5758
96.6548
98.8378
99.8065
100.779
109.444
111.221
115.131
116.455
119.87
119.992
122.892
123.001

84.6489
-14.2498
-25.2153
59.3966
-7.80253
-69.7902
-109.602
95.0508
-77.9979
98.8935
-107.715
-86.5359
-61.5382
-6.57413
-42.8924
-63.4871
86.0293
32.467
26.9109
20.1437
-68.2158
-16.2535
-62.4972
99.0087
3.07976
45.9003
-41.0486
-107.609
-82.2059
-47.6095
69.3999
-59.8466
-94.539
-24.9259
113.39
8.35126
56.9722
69.2128
90.6513
-59.7633

-109.602
-107.715
-107.609
-94.539
-86.5359
-82.2059
-77.9979
-69.7902
-68.2158
-63.4871
-62.4972
-61.5382
-59.8466
-59.7633
-47.6095
-42.8924
-41.0486
-25.2153
-24.9259
-16.2535
-14.2498
-7.80253
-6.57413
3.07976
8.35126
20.1437
26.9109
32.467
45.9003
56.9722
59.3966
69.2128
69.3999
84.6489
86.0293
90.6513
95.0508
98.8935
99.0087
113.39

-37.5176
-18.7639
47.2446
-4.78195
-92.2251
-69.8004
27.4654
-28.6069
-103.079
9.79142
-24.5026
95.3918
-32.1384
109.209
20.3484
118.917
20.7401
28.573
29.3714
-45.3512
-39.6032
-35.9198
-89.6837
100.786
105.283
120.254
113.711
-80.7979
5.11709
79.1871
91.154
-71.7993
77.4694
53.7876
-6.83248
-68.2378
76.9826
-7.4967
-85.3124
-96.0011
44.6328
105.574
96.3168
52.0916
-23.0044
-6.28866
-25.1018

-103.079
-96.0011
-92.2251
-89.6837
-85.3124
-80.7979
-71.7993
-69.8004
-68.2378
-45.3512
-39.6032
-37.5176
-35.9198
-32.1384
-28.6069
-25.1018
-24.5026
-23.0044
-18.7639
-7.4967
-6.83248
-6.28866
-4.78195
5.11709
9.79142
20.3484
20.7401
27.4654
28.573
29.3714
44.6328
47.2446
52.0916
53.7876
76.9826
77.4694
79.1871
91.154
95.3918
96.3168
100.786
105.283
105.574
109.209
113.711
118.917
120.254

-3.68071
-12.3716
96.6003
-2.72709
103.4
-67.9413
115.02
19.5601
34.118
-43.3803
-35.0784
-50.7776
-76.645
-84.8917
-54.7749
94.9823
7.78959
119.256
112.372
73.9857
-54.1874
-6.43098
-86.9361
82.8886
60.2848
81.3335
62.2872
76.7443
-40.9121
-109.283
-43.2769
17.7859
79.073
115.863
-88.2896
24.6546
-73.285
77.0011
88.1187

-109.283
-88.2896
-86.9361
-84.8917
-76.645
-73.285
-67.9413
-54.7749
-54.1874
-50.7776
-43.3803
-43.2769
-40.9121
-35.0784
-12.3716
-6.43098
-3.68071
-2.72709
7.78959
17.7859
19.5601
24.6546
34.118
60.2848
62.2872
73.9857
76.7443
77.0011
79.073
81.3335
82.8886
88.1187
94.9823
96.6003
103.4
112.372
115.02
115.863
119.256

26.1965
51.5778
25.9542
-12.5234
34.945
-108.818
18.3235
-23.2908
-12.7799
27.9781
-85.7471
36.3927
88.8688
-31.6
67.6623
114.978
97.9346
78.3221
10.0415
-33.3258
32.0085
50.331
64.6884
-60.6265
-49.1647
-4.13323
-85.5337

-108.818
-85.7471
-85.5337
-60.6265
-49.1647
-33.3258
-31.6
-23.2908
-12.7799
-12.5234
-4.13323
10.0415
18.3235
25.9542
26.1965
27.9781
32.0085
34.945
36.3927
50.331
51.5778
64.6884
67.6623
78.3221
88.8688
97.9346
114.978

12.2549
85.9199
21.3609
6.84919
45.115
52.7973
50.5909
63.5145
-48.417
87.8294
52.7658
-35.7737
-36.7498
-21.3686
-95.534
119.612
104.815
49.6802
-67.4807
25.5338
-0.447082
-86.1027
112.258
-34.5653
-68.1157
21.8779
60.6966
29.1352
-2.74109
-60.9803
20.4958
94.9589
106.273
95.646
-42.2508
-40.391
-46.0933
91.8233
-112.054
-107.369
-69.8889
51.5447
0.547919
-76.6959

-112.054
-107.369
-95.534
-86.1027
-76.6959
-69.8889
-68.1157
-67.4807
-60.9803
-48.417
-46.0933
-42.2508
-40.391
-36.7498
-35.7737
-34.5653
-21.3686
-2.74109
-0.447082
0.547919
6.84919
12.2549
20.4958
21.3609
21.8779
25.5338
29.1352
45.115
49.6802
50.5909
51.5447
52.7658
52.7973
60.6966
63.5145
85.9199
87.8294
91.8233
94.9589
95.646
104.815
106.273
112.258
119.612

-47.4808
77.1686
123.09
5.23389
102.065
53.9326
38.9917
45.6254
100.597
53.0014
83.877
-17.2013
99.1078
-83.8755
-36.3741
31.8323
-19.0969
-55.1673
30.591
30.2086
-54.3838
-73.0118
-84.8136
28.6216
22.7431
80.8015
-86.6215
43.4483
-38.3966
-0.754825
-51.3402
61.8587
-75.0315
69.8961
73.9744
19.5733
83.392
27.3301
-14.5606
60.077
82.022
32.1867
80.5926
24.6173
-52.3107
-92.9432
98.1544
-48.5703
74.3557
13.6638
-50.81
110.298
45.3062
15.8247
-58.9527
-20.5358
-45.0515
6.91553
-41.6734
-60.7112
13.181
-39.9718

-92.9432
-86.6215
-84.8136
-83.8755
-75.0315
-73.0118
-60.7112
-58.9527
-55.1673
-54.3838
-52.3107
-51.3402
-50.81
-48.5703
-47.4808
-45.0515
-41.6734
-39.9718
-38.3966
-36.3741
-20.5358
-19.0969
-17.2013
-14.5606
-0.754825
5.23389
6.91553
13.181
13.6638
15.8247
19.5733
22.7431
24.6173
27.3301
28.6216
30.2086
30.591
31.8323
32.1867
38.9917
43.4483
45.3062
45.6254
53.0014
53.9326
60.077
61.8587
69.8961
73.9744
74.3557
77.1686
80.5926
80.8015
82.022
83.392
83.877
98.1544
99.1078
100.597
102.065
110.298
123.09

19.5249
83.9371
-101.523
-79.1769
17.1968
45.6886
3.74662
-11.3134
87.8617
69.8631
7.79217
80.7351
104.664
103.016
111.77
-87.2022
-101.851
119.914
61.1578
-66.3959
33.5206
-99.5212
-46.0632
-29.5436
-21.1578
20.5354
-12.6562
54.2115
-39.1851
3.15357
-84.2747
-55.4652
-58.8677
-38.3403
-53.0596
3.57912
29.124
-76.2873
43.8206
-55.7716
57.3415
50.8802
91.2429
-46.7414
102.35
13.6245
68.1004
-29.7731
93.5787
74.6141
117.656
-50.0507
105.674
81.0737
48.572
-15.7245
-58.6121
-50.7751
123.075
-17.2168
86.7231
-93.0381
85.9176
-55.0211
13.0235
113.476
82.9461
-0.81582

-101.851
-101.523
-99.5212
-93.0381
-87.2022
-84.2747
-79.1769
-76.2873
-66.3959
-58.8677
-58.6121
-55.7716
-55.4652
-55.0211
-53.0596
-50.7751
-50.0507
-46.7414
-46.0632
-39.1851
-38.3403
-29.7731
-29.5436
-21.1578
-17.2168
-15.7245
-12.6562
-11.3134
-0.81582
3.15357
3.57912
3.74662
7.79217
13.0235
13.6245
17.1968
19.5249
20.5354
29.124
33.5206
43.8206
45.6886
48.572
50.8802
54.2115
57.3415
61.1578
68.1004
69.8631
74.6141
80.7351
81.0737
82.9461
83.9371
85.9176
86.7231
87.8617
91.2429
93.5787
102.35
103.016
104.664
105.674
111.77
113.476
117.656
119.914
123.075

86.8782
116.72
99.1014
8.71066
-98.3415
-33.2793
11.912
-36.5076
70.831
18.5175
94.5017
65.0973
-29.1537
3.47035
-33.1928
-60.001
-30.0052
-4.43258
-39.8924
17.0032
10.2459
-72.6694
109.861
81.7938
-107.536
122.232
-56.1718
-4.04236
-13.5469
73.0033
-23.3304
6.30197
-69.5343
41.9818
6.63795
-107.297
-77.8629
40.4615
13.1194
99.8615
-31.1137
-95.7824
-6.72031
-2.51961
95.5854
50.7471
-87.8187
-15.5241
-64.0719
-10.098

-107.536
-107.297
-98.3415
-95.7824
-87.8187
-77.8629
-72.6694
-69.5343
-64.0719
-60.001
-56.1718
-39.8924
-36.5076
-33.2793
-33.1928
-31.1137
-30.0052
-29.1537
-23.3304
-15.5241
-13.5469
-10.098
-6.72031
-4.43258
-4.04236
-2.51961
3.47035
6.30197
6.63795
8.71066
10.2459
11.912
13.1194
17.0032
18.5175
40.4615
41.9818
50.7471
65.0973
70.831
73.0033
81.7938
86.8782
94.5017
95.5854
99.1014
99.8615
109.861
116.72
122.232

-82.3607
93.7093
-47.3234
92.5065
-71.5259
-36.7638
-23.1045
15.522
-97.1733
114.603
26.1528
87.6828
-9.63151
-23.4919
-26.0521
-48.0363
55.6849
-74.9966
70.7942
-89.8069
122.134
31.2458
96.0222
-49.6864
65.7146
-36.0717
-110.073
9.50039
96.9984
120.176
-86.6556
23.4108
-56.6654
64.1186
86.3722
8.64591
20.4592
-3.96256
5.62138
-45.3658
39.2636
53.1568
-22.1277
-1.25498
24.0527
-79.4252
-13.2505
-91.9252
22.3632
37.2073
-81.1604
15.0796
120.03
-39.5232
-96.6371
88.362
16.1197
78.3021
87.0212
43.0792
7.04646
32.4138
-64.1715
92.3038
92.9349
44.3992
-40.2556
-25.2155
-51.2716
15.5486
117.104
-16.969
21.9884
-9.39787
114.343
-0.238511
101.874
51.8706
56.4567
54.5479
70.6578
-71.6585
-89.2683
73.6504
-94.2514

-110.073
-97.1733
-96.6371
-94.2514
-91.9252
-89.8069
-89.2683
-86.6556
-82.3607
-81.1604
-79.4252
-74.9966
-71.6585
-71.5259
-64.1715
-56.6654
-51.2716
-49.6864
-48.0363
-47.3234
-45.3658
-40.2556
-39.5232
-36.7638
-36.0717
-26.0521
-25.2155
-23.4919
-23.1045
-22.1277
-16.969
-13.2505
-9.63151
-9.39787
-3.96256
-1.25498
-0.238511
5.62138
7.04646
8.64591
9.50039
15.0796
15.522
15.5486
16.1197
20.4592
21.9884
22.3632
23.4108
24.0527
26.1528
31.2458
32.4138
37.2073
39.2636
43.0792
44.3992
51.8706
53.1568
54.5479
55.6849
56.4567
64.1186
65.7146
70.6578
70.7942
73.6504
78.3021
86.3722
87.0212
87.6828
88.362
92.3038
92.5065
92.9349
93.7093
96.0222
96.9984
101.874
114.343
114.603
117.104
120.03
120.176
122.134

-19.4389
-45.8292
85.2627
-68.1075
40.4291
32.7221
45.4296
66.4642
-96.4695
11.7611
73.0126
51.7247
-72.5218
-47.568
-51.5557
-12.3034
-61.1506
27.5782
79.8304
-24.3687
-34.1626
76.606
-30.9794
-22.3147
-55.492
-85.838
-69.0771
45.1337
-23.4259
-15.8296
11.94
16.3661
54.6449
-11.7888
74.3694
-39.6231
-1.5576
92.9274
-1.85513
-90.6044
120.439

-96.4695
-90.6044
-85.838
-72.5218
-69.0771
-68.1075
-61.1506
-55.492
-51.5557
-47.568
-45.8292
-39.6231
-34.1626
-30.9794
-24.3687
-23.4259
-22.3147
-19.4389
-15.8296
-12.3034
-11.7888
-1.85513
-1.5576
11.7611
11.94
16.3661
27.5782
32.7221
40.4291
45.1337
45.4296
51.7247
54.6449
66.4642
73.0126
74.3694
76.606
79.8304
85.2627
92.9274
120.439

7.416
118.904
-83.2551
-9.24602
71.9923
113.939
120.491
-59.8978
79.4912
6.90017
50.3971
67.4435
100.03
-10.7263
-75.605
32.6706
32.0444
-18.5458
50.6287
101.35
32.692
-32.3093
-61.6074
-102.538
109.208
3.26624
97.4354
-17.1227
-3.30662
100.466
-58.8923
-88.9613
-74.8616
-71.663
103.856
-108.162
8.12806
0.308037
74.5007
30.7117
-103.062
-26.2831
111.694
-52.1141
-27.2584
-25.3553

-108.162
-103.062
-102.538
-88.9613
-83.2551
-75.605
-74.8616
-71.663
-61.6074
-59.8978
-58.8923
-52.1141
-32.3093
-27.2584
-26.2831
-25.3553
-18.5458
-17.1227
-10.7263
-9.24602
-3.30662
0.308037
3.26624
6.90017
7.416
8.12806
30.7117
32.0444
32.6706
32.692
50.3971
50.6287
67.4435
71.9923
74.5007
79.4912
97.4354
100.03
100.466
101.35
103.856
109.208
111.694
113.939
118.904
120.491

-34.7184
77.8165
-110.709
17.2079
-72.2914
1.5558
-77.3043
89.7558
3.32086
-13.3107
-105.618
10.888
-43.3404
25.9294
21.8316
28.8036
-58.9039
-59.7335
-52.7739
13.4481
72.2911
5.53016
70.2949
-97.7555
-49.0236
-0.0972906
42.4046
64.7527
-4.58062
41.8195
74.3329
-33.9241
15.0618
-92.4399
-17.8821
10.0879
109.522
-60.1049
-68.2043
108.397
-104.089
11.0166
91.2831
41.3415
-111.994
-22.439
-106.02
-107.183
-102.863
-51.9452
79.0457
85.1211
-63.9347
15.1298
68.525
106.14
121.004
-22.0144
-11.8615
85.2813
-54.5787
2.24584
18.4681
-97.8458
-106.107
-109.663
19.9016
61.0424
11.5131
77.3432
106.847
27.9183
105.315
12.6508
-11.1189
-47.3397
9.86033
-7.42614
99.9209
-32.9211
9.08952
-9.43447
-76.9624
-14.8349
19.7853
-36.9708
40.4935
81.1586
-74.0642
-23.932
18.5442
-52.1783
-105.617
-54.6933
24.3487
-96.8075
49.2422
13.7881
69.8095
53.3514
62.5104
28.3297
81.0099
-10.8426

-111.994
-110.709
-109.663
-107.183
-106.107
-106.02
-105.618
-105.617
-104.089
-102.863
-97.8458
-97.7555
-96.8075
-92.4399
-77.3043
-76.9624
-74.0642
-72.2914
-68.2043
-63.9347
-60.1049
-59.7335
-58.9039
-54.6933
-54.5787
-52.7739
-52.1783
-51.9452
-49.0236
-47.3397
-43.3404
-36.9708
-34.7184
-33.9241
-32.9211
-23.932
-22.439
-22.0144
-17.8821
-14.8349
-13.3107
-11.8615
-11.1189
-10.8426
-9.43447
-7.42614
-4.58062
-0.0972906
1.5558
2.24584
3.32086
5.53016
9.08952
9.86033
10.0879
10.888
11.0166
11.5131
12.6508
13.4481
13.7881
15.0618
15.1298
17.2079
18.4681
18.5442
19.7853
19.9016
21.8316
24.3487
25.9294
27.9183
28.3297
28.8036
40.4935
41.3415
41.8195
42.4046
49.2422
53.3514
61.0424
62.5104
64.7527
68.525
69.8095
70.2949
72.2911
74.3329
77.3432
77.8165
79.0457
81.0099
81.1586
85.1211
85.2813
89.7558
91.2831
99.9209
105.315
106.14
106.847
108.397
109.522
121.004

118.218
98.6836
76.889
-46.7925
12.525
-97.9838
-100.693
114.835
54.1481
-91.8994
-89.0868
40.4077
15.1992
54.9648
-54.5078
87.669
29.7856
44.2282
88.4061
-77.6131
105.78
120.924
-21.4186
-13.2736
103.232

-100.693
-97.9838
-91.8994
-89.0868
-77.6131
-54.5078
-46.7925
-21.4186
-13.2736
12.525
15.1992
29.7856
40.4077
44.2282
54.1481
54.9648
76.889
87.669
88.4061
98.6836
103.232
105.78
114.835
118.218
120.924

76.8054
-45.643
-12.1441
-7.31743
-77.1014
-48.9507
92.1367
-18.1738
-67.4975
121.772
115.119
27.772
-101.189
-7.71267
28.9101
-81.3668
-41.0014
29.9835
43.6687
117.473
-74.6938
-0.808222
63.3968
-102.71
-25.7409
-98.7929
89.3634
96.9712
89.3838
112.834
-65.8575
-47.6159
-24.7673
70.6719
121.983
-4.79936
-68.9472
-58.8727
10.9106
-54.0784
112.246
51.1178
89.5259
-58.3795
-103.354
-26.9761
-68.0731
-59.3244
56.3392
-17.0188
92.0567

-103.354
-102.71
-101.189
-98.7929
-81.3668
-77.1014
-74.6938
-68.9472
-68.0731
-67.4975
-65.8575
-59.3244
-58.8727
-58.3795
-54.0784
-48.9507
-47.6159
-45.643
-41.0014
-26.9761
-25.7409
-24.7673
-18.1738
-17.0188
-12.1441
-7.71267
-7.31743
-4.79936
-0.808222
10.9106
27.772
28.9101
29.9835
43.6687
51.1178
56.3392
63.3968
70.6719
76.8054
89.3634
89.3838
89.5259
92.0567
92.1367
96.9712
112.246
112.834
115.119
117.473
121.772
121.983

ciao
Torino
Davide
zebra
Bergamo
Anna
contessa
film
programmazione
calcolo
scientifico
Luca
libro
videogioco

Anna
Bergamo
Davide
Luca
Torino
calcolo
ciao
contessa
film
libro
programmazione
scientifico
videogioco
zebra

<end of output>
Test time =   0.04 sec
----------------------------------------------------------
Test Passed.
"bubblesort" end time: Apr 04 08:57 UTC
"bubblesort" time elapsed: 00:00:00
----------------------------------------------------------

2/3 Testing: insertionsort
2/3 Test: insertionsort
Command: "/home/pcsdocker/Data/ES_PCS_2026/esercitazione4/build_es4/test_insertionsort"
Directory: /home/pcsdocker/Data/ES_PCS_2026/esercitazione4/build_es4
"insertionsort" start time: Apr 04 08:57 UTC
Output:
----------------------------------------------------------
-82
-57
-100
-99
71
-21
-4
-71
-53
-72
-92
20
-26
-62
60
-53
96
-96
8
-63
-66
81
-72
36
-18
-56
30
-39
-87
-53
-68
-5

-100
-99
-96
-92
-87
-82
-72
-72
-71
-68
-66
-63
-62
-57
-56
-53
-53
-53
-39
-26
-21
-18
-5
-4
8
20
30
36
60
71
81
96

-58
50
48
-98
-62
-76
31
-21
-24
77
-75
-29
0
15
-20
-35
-36
90
51
-13
25
-15
-29
68
62
-1
16
62
-20
-9
-12
55
97
30
37
36
-38
-64
-3
-82
23
5
-40
18
-3
-100
-23
12
-67
57
-85
98
-22
75
-73
-16
-16
94
42
86
53
43
-30
34
-33
-49
54
15
-38
-9

-100
-98
-85
-82
-76
-75
-73
-67
-64
-62
-58
-49
-40
-38
-38
-36
-35
-33
-30
-29
-29
-24
-23
-22
-21
-20
-20
-16
-16
-15
-13
-12
-9
-9
-3
-3
-1
0
5
12
15
15
16
18
23
25
30
31
34
36
37
42
43
48
50
51
53
54
55
57
62
62
68
75
77
86
90
94
97
98

30
-70
-100
49
94
-25
-13
-75
-21
-28
49
-10
-85
-25
-26
-5
51
52
20
67
95
82
-24
78
77
19
-48
-1
77
-55
-12
74
-100
-9
1
93

-100
-100
-85
-75
-70
-55
-48
-28
-26
-25
-25
-24
-21
-13
-12
-10
-9
-5
-1
1
19
20
30
49
49
51
52
67
74
77
77
78
82
93
94
95

-32
9
4
-2
-77
3
92
40
-6
55
-67
-17
11
-54
38
24
-41
27
-50
18
29
51
-60
6
89
98
-33
65
-31
-90
-54
-99
70
-44
-40
-77
-6
-22
98
-47
-10
-63
42
64
-16
60
44
-26
68
-97
80
-37
-3
-92
19
13
-11
50
-22
13
73
-32
-85
-57
-12
67
-83
19
-3
-84
0
-54
-58
-83
19
-24
43
-69
12
-44
73
-28
-35
-39
31
93

-99
-97
-92
-90
-85
-84
-83
-83
-77
-77
-69
-67
-63
-60
-58
-57
-54
-54
-54
-50
-47
-44
-44
-41
-40
-39
-37
-35
-33
-32
-32
-31
-28
-26
-24
-22
-22
-17
-16
-12
-11
-10
-6
-6
-3
-3
-2
0
3
4
6
9
11
12
13
13
18
19
19
19
24
27
29
31
38
40
42
43
44
50
51
55
60
64
65
67
68
70
73
73
80
89
92
93
98
98

-59
26
58
74
-73
27
78
8
-38
2
78
-93
63
79
60
-95
65
76
38
-34
-27
30
35
-18
39
-65
54
-97
70
-13
57
98
52
74
-2
-54
65
-71
-16
-91
92
-5
-63
36
57
-82
54
-99
-18
29
-15
15
91
33
-75
-26
-31
-63
-7
-46
-58
-58
-19
83
-16
-12
-99
-30
-82
-44
-63
33
4
57
-86
-83
-25
-63
-4
-31
13
-40
-24
95
97
-4
76
25
95
-23
-53
-70
39
13
-92
17
1

-99
-99
-97
-95
-93
-92
-91
-86
-83
-82
-82
-75
-73
-71
-70
-65
-63
-63
-63
-63
-59
-58
-58
-54
-53
-46
-44
-40
-38
-34
-31
-31
-30
-27
-26
-25
-24
-23
-19
-18
-18
-16
-16
-15
-13
-12
-7
-5
-4
-4
-2
1
2
4
8
13
13
15
17
25
26
27
29
30
33
33
35
36
38
39
39
52
54
54
57
57
57
58
60
63
65
65
70
74
74
76
76
78
78
79
83
91
92
95
95
97
98

-64
-93
82
-67
77
-17
-88
87
-85
-41
-83
58
-3
97
-58
15
58
-80
-66
-47
100
95
-11
-97
14
-76
-19
34
2
-26
67
85

-97
-93
-88
-85
-83
-80
-76
-67
-66
-64
-58
-47
-41
-26
-19
-17
-11
-3
2
14
15
34
58
58
67
77
82
85
87
95
97
100

-95
66
2
-62
-39
4
42
-32
-37
-14
-56
-52
-45
-22
-75
-64
94
63
-64
-8
87
4
22
-38
-33
51
-91
2
50
-33
-100
31
32
99
82
9
-2
77
-85
-54
44
79
-100
-20
25
13
-75
68
-26
-50
-80
39
36
-34
-1
44
3
-95
5
63
-41
-5
-35
80
74
-96
-73
-17
-41
-26
-75
82

-100
-100
-96
-95
-95
-91
-85
-80
-75
-75
-75
-73
-64
-64
-62
-56
-54
-52
-50
-45
-41
-41
-39
-38
-37
-35
-34
-33
-33
-32
-26
-26
-22
-20
-17
-14
-8
-5
-2
-1
2
2
3
4
4
5
9
13
22
25
31
32
36
39
42
44
44
50
51
63
63
66
68
74
77
79
80
82
82
87
94
99

-36
-69
57
-38
-59
62
-77
-17
-89
29
-22
34
1
82
12
-25
-30
3
-84
42
79
58
24
62
-41
67
11
-30
-63
25
18
-88

-89
-88
-84
-77
-69
-63
-59
-41
-38
-36
-30
-30
-25
-22
-17
1
3
11
12
18
24
25
29
34
42
57
58
62
62
67
79
82

-33
27
-68
91
-69
-3
34
75
-70
-62
-75
-9
-36
-67
-6
-72
-71
-39

-75
-72
-71
-70
-69
-68
-67
-62
-39
-36
-33
-9
-6
-3
27
34
75
91

-72
49
34
-50
70
-55
2
7
41
-80
-10
47
-21
84
72
40
73
-94
55
-21
58
61
70
-88
62
8
-39
58
-50
-29
9
99
-33
-37
22
-48
-9
-4
59
46
66
99
-52
-12
33
43
-96
-11
29
28
98
52
-47
-80
26
-1
-9
-32
2
0
86
-15
-53
2
36
-7
27
37
51
-80
16
50
69
38
-64
-73
91
-24
-94
6
-80
-64
98

-96
-94
-94
-88
-80
-80
-80
-80
-73
-72
-64
-64
-55
-53
-52
-50
-50
-48
-47
-39
-37
-33
-32
-29
-24
-21
-21
-15
-12
-11
-10
-9
-9
-7
-4
-1
0
2
2
2
6
7
8
9
16
22
26
27
28
29
33
34
36
37
38
40
41
43
46
47
49
50
51
52
55
58
58
59
61
62
66
69
70
70
72
73
84
86
91
98
98
99
99

39
42
-92
-17
-47
59
6
-16
74
-64
-8
-86
73
77
13
5
5
-53
-50
62
37
21
93
-76
-48
-31
55
79
27
-66
-1
-29
88
30
-55
60

-92
-86
-76
-66
-64
-55
-53
-50
-48
-47
-31
-29
-17
-16
-8
-1
5
5
6
13
21
27
30
37
39
42
55
59
60
62
73
74
77
79
88
93

74
98
-67
33
-41
-68
23
35
35
-85
-48
2
-27
2
-83
-50

-85
-83
-68
-67
-50
-48
-41
-27
2
2
23
33
35
35
74
98

64
-10
12
84
86
65
13
-82
28
-47

-82
-47
-10
12
13
28
64
65
84
86

61
-1
73
83
6
77
-16
33
9
-1
-56
-92
34
-10
83
-11
2
-97
-19
-84
-3
10
31
-50
23
-95
-28
61
84
-82
-31
-64
-92
-47
-79
39
-25
-20
12
83
-3
-53
-55
-57
-23
-98
-90
24
-55
-31
-72
-61
79
-13
-81
99
-90
0
-64
-81
-74
33
89
-50
-66
56
-16
-32
-89
32
33
85
-76
-67

-98
-97
-95
-92
-92
-90
-90
-89
-84
-82
-81
-81
-79
-76
-74
-72
-67
-66
-64
-64
-61
-57
-56
-55
-55
-53
-50
-50
-47
-32
-31
-31
-28
-25
-23
-20
-19
-16
-16
-13
-11
-10
-3
-3
-1
-1
0
2
6
9
10
12
23
24
31
32
33
33
33
34
39
56
61
61
73
77
79
83
83
83
84
85
89
99

24
23
-22
57
-23
76
-21
65
-43
99
-77
68
86
62
-11
-8

-77
-43
-23
-22
-21
-11
-8
23
24
57
62
65
68
76
86
99

42
50
-32
-16
27
-50
19
47
5
-78
-6
78
-70
-33
57
-57
85
-75
14
-13
8

-78
-75
-70
-57
-50
-33
-32
-16
-13
-6
5
8
14
19
27
42
47
50
57
78
85

-20
36
-15
81
85
-62
38
-6
-97
-45
37
86
-37
-43
-85
-33
-46
-68
68
100
51
-11
92
-24
-66
79
-44
19
-54
44
85
39
-3
-70
-100
5
20
-32
28
-24
61
14
-53
-12
-30
33
-10
30
-85
91
-54
72
1
99
-16
-74
35
-59
-18
-48
-81
-97
-57
-18
62
44
8
14
94
-74
-45
-38
-57
-97
-38
-92
-85
89
95
-2
-49
-20
88
86
-41
26
-1
21
-55
8
100

-100
-97
-97
-97
-92
-85
-85
-85
-81
-74
-74
-70
-68
-66
-62
-59
-57
-57
-55
-54
-54
-53
-49
-48
-46
-45
-45
-44
-43
-41
-38
-38
-37
-33
-32
-30
-24
-24
-20
-20
-18
-18
-16
-15
-12
-11
-10
-6
-3
-2
-1
1
5
8
8
14
14
19
20
21
26
28
30
33
35
36
37
38
39
44
44
51
61
62
68
72
79
81
85
85
86
86
88
89
91
92
94
95
99
100
100

-58
23
-81
-33
-43
-18
-89
24
57
43
-48
-84
-90
11
-21
12
88
-58
72
73
79
-94
-9
73
7
98
-39
73
-73
-99
74
79
96
-55
-73
-44
4
-26
91
-50
-80
-99
81
-75
-30
77
-19
12
-21
-5
63
-78
12
-86
84
-22
-45
-82
69
-6
-98
-59
42
86
-18
-34
-78
-1
-37
-29
-43
-97
83
-59
25
-22
-62
8
-31
83
-35
66
87
-37
-76
-11
-21
2
-66
91
33
91
37
-7
85
-58
5
-3

-99
-99
-98
-97
-94
-90
-89
-86
-84
-82
-81
-80
-78
-78
-76
-75
-73
-73
-66
-62
-59
-59
-58
-58
-58
-55
-50
-48
-45
-44
-43
-43
-39
-37
-37
-35
-34
-33
-31
-30
-29
-26
-22
-22
-21
-21
-21
-19
-18
-18
-11
-9
-7
-6
-5
-3
-1
2
4
5
7
8
11
12
12
12
23
24
25
33
37
42
43
57
63
66
69
72
73
73
73
74
77
79
79
81
83
83
84
85
86
87
88
91
91
91
96
98

98
-90
-22
80
77
-39
18
-23
-65
47
-94
-18
-97
70
54
-84
-41
45
-31
-46
45
83
64
-97
-90
-12
-52
-20
-88
37
97
90
38
-54
72
-29
43
-59
98
-17
29
9
-30
-42
70
62
54
69
77
37
18
72
35
14
-87
-99
70
33
51
38
-94
-29
34
46
-39
5
38
-5
16
86
29
-84
-78
-83
40
-32
-12
-55
58
-70
39
45
-70
-10

-99
-97
-97
-94
-94
-90
-90
-88
-87
-84
-84
-83
-78
-70
-70
-65
-59
-55
-54
-52
-46
-42
-41
-39
-39
-32
-31
-30
-29
-29
-23
-22
-20
-18
-17
-12
-12
-10
-5
5
9
14
16
18
18
29
29
33
34
35
37
37
38
38
38
39
40
43
45
45
45
46
47
51
54
54
58
62
64
69
70
70
70
72
72
77
77
80
83
86
90
97
98
98

-70
45
56
55
96
-30
-81
78
7
-8
-25
-8
-86
-36
39
51
7
-18
18
82
17
69
-68
94
53
21
55
-99
-51
-15
-53
-35
-78
96
-80
9
-2
88
46
12
49
25
-40
-24
-73
59
71
-28
63
-5
-95
68
50
-98
47
91

-99
-98
-95
-86
-81
-80
-78
-73
-70
-68
-53
-51
-40
-36
-35
-30
-28
-25
-24
-18
-15
-8
-8
-5
-2
7
7
9
12
17
18
21
25
39
45
46
47
49
50
51
53
55
55
56
59
63
68
69
71
78
82
88
91
94
96
96

-71
-14
-31
-34
-98
23
56
-15
47
48
46
33
-35
-63
-26
-43
43
-64
22
35
76
-52
26
23
-10
19
-46
-31
-46
-58
-21
23
-43
-41
-83
16
-42
-75
60
-95
-12
-80
-78
93
95
62
-21
-54
-15
5
74
10
61
-10
56
-56
32
-94
29
71
-5
-63
15
-11

-98
-95
-94
-83
-80
-78
-75
-71
-64
-63
-63
-58
-56
-54
-52
-46
-46
-43
-43
-42
-41
-35
-34
-31
-31
-26
-21
-21
-15
-15
-14
-12
-11
-10
-10
-5
5
10
15
16
19
22
23
23
23
26
29
32
33
35
43
46
47
48
56
56
60
61
62
71
74
76
93
95

-11
4
67
93
45
-14
54
-12
-18
-19
-97
31
42
-41
15
-32
-61
17
-91
12
-85
-29
-47
-98
65
-58
-57
19
-34
-59
-76

-98
-97
-91
-85
-76
-61
-59
-58
-57
-47
-41
-34
-32
-29
-19
-18
-14
-12
-11
4
12
15
17
19
31
42
45
54
65
67
93

62
-4
75
77
-27
-75
-10
58
38
9
88
14
-41
38
-30
90
-57
51
99
-75
-35
64
-67
-85
-11
-53
-39
-28
-96
-93
-84
16
-29
-45
-89
-22
24
-18
-8
71
66
23
-19
25
-37
56
-51
-23
38
53
-9
-43
-8
-87
-37
13
-52
55
-11
78
-67
-91
-94
55
55
56

-96
-94
-93
-91
-89
-87
-85
-84
-75
-75
-67
-67
-57
-53
-52
-51
-45
-43
-41
-39
-37
-37
-35
-30
-29
-28
-27
-23
-22
-19
-18
-11
-11
-10
-9
-8
-8
-4
9
13
14
16
23
24
25
38
38
38
51
53
55
55
55
56
56
58
62
64
66
71
75
77
78
88
90
99

-58
77
59
-25
-55
8
-19
75
-83
-65
-89
-49
-3
97
25
66
-16
-18
82
33
-26
-56
27
-48
-100
1
28
59
36
-96
63
-56
36
70
35
-86
-58
-76
79
61
-92
58
-8
78
-79
-29
65
-81
-48
82
-36
27
-70
-69
-100
-11
-16
-7
-87
42
-47
46
32
79
65
12
-37
-39
-20
19
56
-23
-18
-11
13
-98
-94
35
-87
-24
-51
45
89
41
-48
97
-48
36
-52
-78
-96
-27
64
-92
42
59

-100
-100
-98
-96
-96
-94
-92
-92
-89
-87
-87
-86
-83
-81
-79
-78
-76
-70
-69
-65
-58
-58
-56
-56
-55
-52
-51
-49
-48
-48
-48
-48
-47
-39
-37
-36
-29
-27
-26
-25
-24
-23
-20
-19
-18
-18
-16
-16
-11
-11
-8
-7
-3
1
8
12
13
19
25
27
27
28
32
33
35
35
36
36
36
41
42
42
45
46
56
58
59
59
59
61
63
64
65
65
66
70
75
77
78
79
79
82
82
89
97
97

-30
-59
-4
40
44
-2
-59
19
5
90
-67
-67
-61
10
20
43
31
70
34
-19
-92
-25
62
-88
76
-50
-28
48
32
-20
53
3
-65
-23
77
20
-100
-61
39
-77
78
-98
-80
34
-58
-40
61

-100
-98
-92
-88
-80
-77
-67
-67
-65
-61
-61
-59
-59
-58
-50
-40
-30
-28
-25
-23
-20
-19
-4
-2
3
5
10
19
20
20
31
32
34
34
39
40
43
44
48
53
61
62
70
76
77
78
90

97
57
42
-16
-72
54
98
61
-9
31
-28
-38
16
36
-90
-99
46
9
-99
-69
-69
30
86
54
-31
48
-15
-57
1
81
-97
-33
-97
-93
77
-94
13
-58
-66
-95
-26
-49
-19

-99
-99
-97
-97
-95
-94
-93
-90
-72
-69
-69
-66
-58
-57
-49
-38
-33
-31
-28
-26
-19
-16
-15
-9
1
9
13
16
30
31
36
42
46
48
54
54
57
61
77
81
86
97
98

-77
-25
95
-78
48
-98
39
78
4
14
-22
5
-31
-36
-56
-7
75
-10
-38
-65
5
-53
13
11
68
80
-17
52
-7
36
98
90
-3
83
-35
-62
35
-61
-4
-90
39
-28
-66
-70
78
18
-89
-88
12
-87
75
-32
-31
-64
-4
-64
59
52
70
-91
30
76
47
-37
7
74
89
91
44
10
-88
43
-33
-76
96
69
-19
-83
69
45
21
69
79
44
-91
68
-74
20
51
-21
45
-48
-4
58

-98
-91
-91
-90
-89
-88
-88
-87
-83
-78
-77
-76
-74
-70
-66
-65
-64
-64
-62
-61
-56
-53
-48
-38
-37
-36
-35
-33
-32
-31
-31
-28
-25
-22
-21
-19
-17
-10
-7
-7
-4
-4
-4
-3
4
5
5
7
10
11
12
13
14
18
20
21
30
35
36
39
39
43
44
44
45
45
47
48
51
52
52
58
59
68
68
69
69
69
70
74
75
75
76
78
78
79
80
83
89
90
91
95
96
98

-4
37
64
35
28
-61
55
25
-69
-76
6
59
-35
6
51
-2
-42
-60
74
-85
-73
-29
73
2
-27
-48
-47

-85
-76
-73
-69
-61
-60
-48
-47
-42
-35
-29
-27
-4
-2
2
6
6
25
28
35
37
51
55
59
64
73
74

-97
-16
-41
6
-65
42
-10
43
25
-4
70
-23
-64
35
82
-1
62
-33
44
-30
91
77
-75
17
84
-74
-27
-12
8
32
-2
-88
86
-100

-100
-97
-88
-75
-74
-65
-64
-41
-33
-30
-27
-23
-16
-12
-10
-4
-2
-1
6
8
17
25
32
35
42
43
44
62
70
77
82
84
86
91

-51
-1
0
7
53
-39
62
83
15
-89
-87
-57
-1
2
-49
16
57
-10
-68
68
31
4
-95
12
80
27
99
-85
1
18
94
3
37
-43
-13
-89
12
82
-94
92

-95
-94
-89
-89
-87
-85
-68
-57
-51
-49
-43
-39
-13
-10
-1
-1
0
1
2
3
4
7
12
12
15
16
18
27
31
37
53
57
62
68
80
82
83
92
94
99

-26
-89
48
-72
-60
-100
-82
6
46
-50
65
61
35
25
-14
-62
4
49
-4
8
65
98
-33
55
96
18
-8
-41
-37
61
68
55
72
-49
-80
28
74
-40
-12
51
30
48
-60
-71
-10
54
-34
88
-65
-29
-80
29
80
-47

-100
-89
-82
-80
-80
-72
-71
-65
-62
-60
-60
-50
-49
-47
-41
-40
-37
-34
-33
-29
-26
-14
-12
-10
-8
-4
4
6
8
18
25
28
29
30
35
46
48
48
49
51
54
55
55
61
61
65
65
68
72
74
80
88
96
98

-72
12
82
62
-40
-97
22
46
-31
81
53
-27
80
-78
-53
56
42
81
-45
63
-77
-42
-51
-95
-33
-44
-39
-10
-69
-73
-3
27
53
-26
44
26
-23
-64
33
3
71
35
-47
-43
1
70
-64
-80
-27
-47
39
-80
-78
-40
-44
3
-84
7
-14
87
-62

-97
-95
-84
-80
-80
-78
-78
-77
-73
-72
-69
-64
-64
-62
-53
-51
-47
-47
-45
-44
-44
-43
-42
-40
-40
-39
-33
-31
-27
-27
-26
-23
-14
-10
-3
1
3
3
7
12
22
26
27
33
35
39
42
44
46
53
53
56
62
63
70
71
80
81
81
82
87

67
-76
43
100
10

-76
10
43
67
100

-32
-63
44
-53
-36
-21
-74
-55
39
-58
33
-98
78
97
-24
17
-85
91
-21
-14
-81
3
-31
-96
66
55
57
-44
-60
-85
53
78
3
-64
37
-21
35

-98
-96
-85
-85
-81
-74
-64
-63
-60
-58
-55
-53
-44
-36
-32
-31
-24
-21
-21
-21
-14
3
3
17
33
35
37
39
44
53
55
57
66
78
78
91
97

-63
-72
-99
83
42
75
72
-89
-50
65
-82
3
-34
77
-75
-23
-8
49
42
-48
33
54
19
2
-28
-92
-85
-37
-10
-20
-50
85
87
95
62
-72
-91
-17
20
-19
-30
61
36
-95
-8
68
-68
30
-62
56
-25
-54
6
38
-11
-50
-96
-28
32
-69
3
-37
-19
-25
24
93
-79
-96
46
-7
-3
-33
-3
64
-52
35
-16
95
-3
82
-18
81
30
-46
54
-79
-1
39
18
-25
-20
-72
76
-35
-23

-99
-96
-96
-95
-92
-91
-89
-85
-82
-79
-79
-75
-72
-72
-72
-69
-68
-63
-62
-54
-52
-50
-50
-50
-48
-46
-37
-37
-35
-34
-33
-30
-28
-28
-25
-25
-25
-23
-23
-20
-20
-19
-19
-18
-17
-16
-11
-10
-8
-8
-7
-3
-3
-3
-1
2
3
3
6
18
19
20
24
30
30
32
33
35
36
38
39
42
42
46
49
54
54
56
61
62
64
65
68
72
75
76
77
81
82
83
85
87
93
95
95

-52
-30
-56
97
81
-50
-97
81
38
-90
86
20
-70
-76
-59
-14
82
-65
57
21
-37
-12
30
14
3
-48
90
-84
-16
-30
-32
75
3
16
-79
-66
-71
-65
95
-43
13
52
-56
-7
42
-100
70
-67
-11

-100
-97
-90
-84
-79
-76
-71
-70
-67
-66
-65
-65
-59
-56
-56
-52
-50
-48
-43
-37
-32
-30
-30
-16
-14
-12
-11
-7
3
3
13
14
16
20
21
30
38
42
52
57
70
75
81
81
82
86
90
95
97

96
-81
70
-76
42
100
-74
33
-7
-45
-31
0
17
39
25
90

-81
-76
-74
-45
-31
-7
0
17
25
33
39
42
70
90
96
100

98
-27
28
-3
-79
100
47
80
-88
6
84
-57
95
-64

-88
-79
-64
-57
-27
-3
6
28
47
80
84
95
98
100

-50
-14
41
85
-28
-7
-48
-60
-81
14
-37
83
-96
-76
-12
-4
99
93
-41
11
92
-32
12
27
-78
51
-7
72
-88
-30
1
18
18
-24
81
-43
62
-5
85
-93
6
58
-68
50
100
80
31
35
-28
-35
-68
-32
92
66
-26
15
-26
95
35
-49
-30
-62
-99
-76
-59
77
71
-50
11
-90
-54
37
55
-54
-43
-86

-99
-96
-93
-90
-88
-86
-81
-78
-76
-76
-68
-68
-62
-60
-59
-54
-54
-50
-50
-49
-48
-43
-43
-41
-37
-35
-32
-32
-30
-30
-28
-28
-26
-26
-24
-14
-12
-7
-7
-5
-4
1
6
11
11
12
14
15
18
18
27
31
35
35
37
41
50
51
55
58
62
66
71
72
77
80
81
83
85
85
92
92
93
95
99
100

94
-83
36
-91
-87
9
17
-37
47
97
61
-37
40
-14
47
26
-100
1
-46
76
89
79
-80
4
66
-41
-38
-20
-61

-100
-91
-87
-83
-80
-61
-46
-41
-38
-37
-37
-20
-14
1
4
9
17
26
36
40
47
47
61
66
76
79
89
94
97

53
21
-93
-4
35
94
-38
21
-96
97
-98
-39
23
-3
87
-4
59
-73
-92
-61
30
74
-13
-56
-18
-94
-28
-37
-65
68
27
80
-19
-59
-4
64
-50
-13
62
-22
-96
91
-43
21
-79
-23
-67
83
-23
-27
36
70
-16
22
-91
-88
59
14
-91
100
-53
72
-2
-15
90
72
45
60
-45
81
-99
90
11
-17
79
12
-22
73
-18
-93
-59
71
-85
-76
-71
-90
-100
18
57
89
-56
30

-100
-99
-98
-96
-96
-94
-93
-93
-92
-91
-91
-90
-88
-85
-79
-76
-73
-71
-67
-65
-61
-59
-59
-56
-56
-53
-50
-45
-43
-39
-38
-37
-28
-27
-23
-23
-22
-22
-19
-18
-18
-17
-16
-15
-13
-13
-4
-4
-4
-3
-2
11
12
14
18
21
21
21
22
23
27
30
30
35
36
45
53
57
59
59
60
62
64
68
70
71
72
72
73
74
79
80
81
83
87
89
90
90
91
94
97
100

-13
69
87
-77
40
41
18
-59
-1
-35
95
-68
6
-15
-88
-92
17
-85
83
-47
80
-44
84
-50
34
-83
66
-60
-24
-68
78
-100
29
13
-81
26
-59
-67
92
-61
41
92
20
66
71
27
-23
50
-61
-9
-99
-15
-90
64
93
47
-85
-40
1

-100
-99
-92
-90
-88
-85
-85
-83
-81
-77
-68
-68
-67
-61
-61
-60
-59
-59
-50
-47
-44
-40
-35
-24
-23
-15
-15
-13
-9
-1
1
6
13
17
18
20
26
27
29
34
40
41
41
47
50
64
66
66
69
71
78
80
83
84
87
92
92
93
95

-32
-67
-55
-82
5
4
-49
-27
-32
89
-43
-38
67
-45
71
-70
-65
-39
-18
-35
2
72
64
-100
78
-57
-97
84
-11
78
39
-87
43
-31
-62
-57
32
52
-74
54
-25
50
81
26
92
-27
87
-3
-70
95
-20
-9
-71
-4
-38
-27
99
67
39
-12
-68
82
85
-71
-66
-13
79
-94
73
4
-80
55
-81
-13
-74
90
-14
35
21
-68
-12
-40
12
39
-90
-62
90
-25
-23
-60
-68
-3
50

-100
-97
-94
-90
-87
-82
-81
-80
-74
-74
-71
-71
-70
-70
-68
-68
-68
-67
-66
-65
-62
-62
-60
-57
-57
-55
-49
-45
-43
-40
-39
-38
-38
-35
-32
-32
-31
-27
-27
-27
-25
-25
-23
-20
-18
-14
-13
-13
-12
-12
-11
-9
-4
-3
-3
2
4
4
5
12
21
26
32
35
39
39
39
43
50
50
52
54
55
64
67
67
71
72
73
78
78
79
81
82
84
85
87
89
90
90
92
95
99

24
-5
-13
25
57
65
-43
59
-44
-86
57
37
-26
-16
-77
-34
-46
-29
-88
-46
52
73
9
-100
97
-74
34
-83
19
-90
-70
13
0
47
-42
-87
-3
76
38
-94
-68
62
-3
-83
-90
0
23
-82
-13
51

-100
-94
-90
-90
-88
-87
-86
-83
-83
-82
-77
-74
-70
-68
-46
-46
-44
-43
-42
-34
-29
-26
-16
-13
-13
-5
-3
-3
0
0
9
13
19
23
24
25
34
37
38
47
51
52
57
57
59
62
65
73
76
97

-98
25
27
6
-42
-30
-36
74
-98
63
-81
74
-12
22
-52
-54
93
37
88
-87
-32
-15
91
-90
22
-88
-95
80
21
-90
65
-79
-56
-29
23
-93
40
-93
-27
-76
-23
82
-80
43
-53
27
1
-99
-61
-53
-2
-52
72
59
-25
-68
-66
24
63
-64
-61
88
61
-10
-35
-76
96
53
16
-45
-51
-4
30
1
-99
-88
41
-67
-77
28
5

-99
-99
-98
-98
-95
-93
-93
-90
-90
-88
-88
-87
-81
-80
-79
-77
-76
-76
-68
-67
-66
-64
-61
-61
-56
-54
-53
-53
-52
-52
-51
-45
-42
-36
-35
-32
-30
-29
-27
-25
-23
-15
-12
-10
-4
-2
1
1
5
6
16
21
22
22
23
24
25
27
27
28
30
37
40
41
43
53
59
61
63
63
65
72
74
74
80
82
88
88
91
93
96

30
34
-36
-64
99
-46
-97
16
100
7
99
44
39
41
19
-64
-23
64
-47
7
75
-23
94
-2
-43
5
31
-11
84
-8
-18
-88
38
-73
76
16
98
11
85
-3
18
-13
-70
-98
81
35
-51
-84
-67
-86
-27
80
69
29
89
-2

-98
-97
-88
-86
-84
-73
-70
-67
-64
-64
-51
-47
-46
-43
-36
-27
-23
-23
-18
-13
-11
-8
-3
-2
-2
5
7
7
11
16
16
18
19
29
30
31
34
35
38
39
41
44
64
69
75
76
80
81
84
85
89
94
98
99
99
100

66
51
-79
-16
-6
-40
80
70
-37
-17
38
-46
-100
70
21
62
9
50

-100
-79
-46
-40
-37
-17
-16
-6
9
21
38
50
51
62
66
70
70
80

-8
-88
-56
-89
-98
14
-20
-36
-92
-22
-21
-7
-71
28
-19
77
6
-32
-23
-7
-63
97
-82
-20
74
-21
-16
10
-100
-79
75
-27
-77
27
-6
52
70
13
67
-57
19
10
-60
-8
60
-25
70
8
3
14
4
-37
53
-19
49
80
79
83
-81
-68
81
-81
17
-68
-34
37
-62

-100
-98
-92
-89
-88
-82
-81
-81
-79
-77
-71
-68
-68
-63
-62
-60
-57
-56
-37
-36
-34
-32
-27
-25
-23
-22
-21
-21
-20
-20
-19
-19
-16
-8
-8
-7
-7
-6
3
4
6
8
10
10
13
14
14
17
19
27
28
37
49
52
53
60
67
70
70
74
75
77
79
80
81
83
97

50
-51
17
-8
-19
82
78
-26
-65
93
71
-69
52
-59
54
-41
-6
92
11
-77
-67
-28
55
-36
81
-26
65
-36
54
67
-4
16
100
-36
-23
100
-39
-28
-74
-49
-88
37
-96
49
-95
-39
-91
96
-26

-96
-95
-91
-88
-77
-74
-69
-67
-65
-59
-51
-49
-41
-39
-39
-36
-36
-36
-28
-28
-26
-26
-26
-23
-19
-8
-6
-4
11
16
17
37
49
50
52
54
54
55
65
67
71
78
81
82
92
93
96
100
100

87
60
-71
-57
-16
45
37
-51
1
86
-86
4
-56
35
-4
-55
-6
69
-36
8
54
70
17
50
87
-66
21
-45
-14
64
5
-51
-33
-12
-86
98
39
-99
66
24
79
-83
-53
-57
10
67
-70
84
8
93
-97
-47
-17
23
44
41
-41
-86
-15
-93
-92
-86
66
-30
-27
-15
71
67
-42
-7
-25
38
31
10
-57
20
69
52
79
-92
-95
86
-82
-76
-14
92
87
-87
-70
-88
-42
53
69
-40
-50
85
-84

-99
-97
-95
-93
-92
-92
-88
-87
-86
-86
-86
-86
-84
-83
-82
-76
-71
-70
-70
-66
-57
-57
-57
-56
-55
-53
-51
-51
-50
-47
-45
-42
-42
-41
-40
-36
-33
-30
-27
-25
-17
-16
-15
-15
-14
-14
-12
-7
-6
-4
1
4
5
8
8
10
10
17
20
21
23
24
31
35
37
38
39
41
44
45
50
52
53
54
60
64
66
66
67
67
69
69
69
70
71
79
79
84
85
86
86
87
87
87
92
93
98

-37.426
-66.4001
51.1417
-45.9283
-99.1264
-77.676
85.1609
62.1203
5.71227
-8.14188
-38.2191
9.68472
-78.079
-51.0522
-42.4626
98.3697
28.7698
-91.241
7.73344
80.7161
39.0407
-74.1203
41.1163
-91.8889
16.8363
[...]
90.115
93.5205
118.47

-10.0736
116.992
-77.5658
-37.4291
-29.741

-77.5658
-37.4291
-29.741
-10.0736
116.992

109.085
-84.1581
123.379
15.8094
26.9967
83.7441
94.2279
46.3789
56.2011
-65.4863
7.52905
-105.087
-33.7144
55.9461
59.6346
27.2416
-24.3202
-64.6912
63.006
42.1047
-68.8742
-17.1324
-14.9839
-71.1301
-109.375
105.236
-0.220686
47.8401
-2.31116
-59.5888
84.5353
-9.01836
-107.831
51.4756
-70.2075
47.2648
-49.6335
106.274
-50.8751
-89.7406
61.6248
80.2291
121.465
82.8952
-87.4146
-0.211865
115.127
-66.1924
107.074
-56.3932
96.5169
-8.95296
110.644
-45.3052
91.4466
116.745
10.5353
123.456
-9.45584
82.7093

-109.375
-107.831
-105.087
-89.7406
-87.4146
-84.1581
-71.1301
-70.2075
-68.8742
-66.1924
-65.4863
-64.6912
-59.5888
-56.3932
-50.8751
-49.6335
-45.3052
-33.7144
-24.3202
-17.1324
-14.9839
-9.45584
-9.01836
-8.95296
-2.31116
-0.220686
-0.211865
7.52905
10.5353
15.8094
26.9967
27.2416
42.1047
46.3789
47.2648
47.8401
51.4756
55.9461
56.2011
59.6346
61.6248
63.006
80.2291
82.7093
82.8952
83.7441
84.5353
91.4466
94.2279
96.5169
105.236
106.274
107.074
109.085
110.644
115.127
116.745
121.465
123.379
123.456

-0.649161
-18.4105
88.0387
-37.1386
-43.5663
1.74884
95.8143
-60.5688
-76.9037
99.9374
-2.11193
68.0205
100.87
-103.542
117.588
59.4552
116.062
109.968
-5.34933
71.6852
109.64
-99.7382
-22.7018
23.2161
59.7167
0.634812
99.72
75.3584
-26.4564
87.7334
-58.397
50.8985
-12.9373
109.596
111.432
-23.0702
-100.941
1.84767
43.9633
-95.6558

-103.542
-100.941
-99.7382
-95.6558
-76.9037
-60.5688
-58.397
-43.5663
-37.1386
-26.4564
-23.0702
-22.7018
-18.4105
-12.9373
-5.34933
-2.11193
-0.649161
0.634812
1.74884
1.84767
23.2161
43.9633
50.8985
59.4552
59.7167
68.0205
71.6852
75.3584
87.7334
88.0387
95.8143
99.72
99.9374
100.87
109.596
109.64
109.968
111.432
116.062
117.588

-24.8952
119.106
76.7612
-52.2529
105.767
-109.467
1.33568
7.42422
-37.481
-1.4562
47.846
14.8552
-95.4958
32.4791
-108.704
-40.6831
-67.9938
-6.59265
72.4555
21.1729
65.711
-65.7954
-5.84557
94.6584
-82.607
112.809
-49.6157
77.8362
-56.5208
-74.8982
-71.1569
-66.1488
41.4902
-77.6417
-32.8783
25.886
105.382
74.1739
70.5737
45.022
110.714
36.7795
-2.26109
-88.1767
14.6492
-18.7122
111.522
77.8871
-23.2221

-109.467
-108.704
-95.4958
-88.1767
-82.607
-77.6417
-74.8982
-71.1569
-67.9938
-66.1488
-65.7954
-56.5208
-52.2529
-49.6157
-40.6831
-37.481
-32.8783
-24.8952
-23.2221
-18.7122
-6.59265
-5.84557
-2.26109
-1.4562
1.33568
7.42422
14.6492
14.8552
21.1729
25.886
32.4791
36.7795
41.4902
45.022
47.846
65.711
70.5737
72.4555
74.1739
76.7612
77.8362
77.8871
94.6584
105.382
105.767
110.714
111.522
112.809
119.106

99.7165
-48.9577
96.6436
-32.2117
-47.6141
-80.1412
64.6321
114.099
73.7009
-1.93937
120.047
-44.364
-37.3692
-103.727
-30.7753
-78.2761
-43.8267
99.0249
-13.1513
-29.9351
57.4218
-106.18
82.9228
79.3028
40.6512
-100.231
-23.4339
49.1007
-105.764
-32.5494
27.6551
-17.577
115.073
22.7104
-41.1428
63.2972
82.7898
-110.589
-30.3104
-13.918
94.976
-97.9699
42.7582
-44.9476
-91.3568
-42.1426
44.4148
51.9521
52.0037
-5.02446
6.62027
40.365
-11.2118
-29.3775
92.0603
21.6983
-36.8765
44.0243
-85.867
50.327
-67.9249
-36.3484
65.2329
34.4873
77.1987
16.6759
-12.6245
-76.6965
-14.4364
-9.44187
121.712
71.4766
-44.5116
68.1866
-79.7783
109.003
-34.0813
80.0216
72.1898
-41.5745
87.3732
65.9632
-5.52475
20.6654
9.56335
6.11528
35.4713
97.0501
113.43
103.75
55.6877
62.7939
26.7705
-5.84536
12.4588
23.2476
27.6343
-75.2033
14.5953
-16.9957
-109.732
61.7533
-50.4854
-42.7879

-110.589
-109.732
-106.18
-105.764
-103.727
-100.231
-97.9699
-91.3568
-85.867
-80.1412
-79.7783
-78.2761
-76.6965
-75.2033
-67.9249
-50.4854
-48.9577
-47.6141
-44.9476
-44.5116
-44.364
-43.8267
-42.7879
-42.1426
-41.5745
-41.1428
-37.3692
-36.8765
-36.3484
-34.0813
-32.5494
-32.2117
-30.7753
-30.3104
-29.9351
-29.3775
-23.4339
-17.577
-16.9957
-14.4364
-13.918
-13.1513
-12.6245
-11.2118
-9.44187
-5.84536
-5.52475
-5.02446
-1.93937
6.11528
6.62027
9.56335
12.4588
14.5953
16.6759
20.6654
21.6983
22.7104
23.2476
26.7705
27.6343
27.6551
34.4873
35.4713
40.365
40.6512
42.7582
44.0243
44.4148
49.1007
50.327
51.9521
52.0037
55.6877
57.4218
61.7533
62.7939
63.2972
64.6321
65.2329
65.9632
68.1866
71.4766
72.1898
73.7009
77.1987
79.3028
80.0216
82.7898
82.9228
87.3732
92.0603
94.976
96.6436
97.0501
99.0249
99.7165
103.75
109.003
113.43
114.099
115.073
120.047
121.712

-74.7377
-66.4368
23.5202
2.79603
-64.0091

-74.7377
-66.4368
-64.0091
2.79603
23.5202

-51.4318
85.9186
98.8142
-22.4229
108.168

-51.4318
-22.4229
85.9186
98.8142
108.168

-107.676
102.976
-99.1022
-108.026
87.3182
-106.219
-64.7621
-78.8437
76.0568
-66.3379
98.4983
-21.4455
-63.0236
-24.7774
59.5137
29.7514
71.95
-41.1389
55.5245
-65.679
-54.5946
-84.5385
-33.555
-38.8929
9.12677
93.1127
99.9339
-39.508
-0.592991
-26.3684
82.3037
17.3867
95.7177
-76.7138
-59.3895
-89.3125
0.802422
82.3016
-89.7423
-31.1039
74.2053
47.1856
-66.7023
26.0061
-95.802
-23.7903
-1.20801
-38.1756
51.2949
-10.1022
42.2811
-69.5079
0.0784997
-39.7741
34.9068
16.7344
-65.4536
72.5209
-49.8413
28.5355
-41.8502
-77.3758
2.47276
-28.5033
9.23851
118.786
-48.66
76.1504
45.1994
107.126
-89.3004
-36.6982
-93.9551
-45.3939
-59.1924

-108.026
-107.676
-106.219
-99.1022
-95.802
-93.9551
-89.7423
-89.3125
-89.3004
-84.5385
-78.8437
-77.3758
-76.7138
-69.5079
-66.7023
-66.3379
-65.679
-65.4536
-64.7621
-63.0236
-59.3895
-59.1924
-54.5946
-49.8413
-48.66
-45.3939
-41.8502
-41.1389
-39.7741
-39.508
-38.8929
-38.1756
-36.6982
-33.555
-31.1039
-28.5033
-26.3684
-24.7774
-23.7903
-21.4455
-10.1022
-1.20801
-0.592991
0.0784997
0.802422
2.47276
9.12677
9.23851
16.7344
17.3867
26.0061
28.5355
29.7514
34.9068
42.2811
45.1994
47.1856
51.2949
55.5245
59.5137
71.95
72.5209
74.2053
76.0568
76.1504
82.3016
82.3037
87.3182
93.1127
95.7177
98.4983
99.9339
102.976
107.126
118.786

2.77273
30.5887
82.6374
-23.5075
109.658
-66.074
-91.6925
108.788
-101.192
58.0724
108.27
55.3093
91.6116
-105.43
83.8558
-107.332
-9.76254
66.7574
109.331
26.6259
73.9624
21.8797
-108.02
-82.6389
2.45249
43.067
-14.898
74.592
48.7101
-60.1778
74.9014

-108.02
-107.332
-105.43
-101.192
-91.6925
-82.6389
-66.074
-60.1778
-23.5075
-14.898
-9.76254
2.45249
2.77273
21.8797
26.6259
30.5887
43.067
48.7101
55.3093
58.0724
66.7574
73.9624
74.592
74.9014
82.6374
83.8558
91.6116
108.27
108.788
109.331
109.658

69.4656
76.0401
47.497
21.0238
-62.3971
-83.1109
122.446
50.7633
-21.1765
52.3976
-26.5636
-9.26657
104.189
-107.405
56.5948
53.0733
-48.2542
-8.96871
7.98092
-9.3301
6.20088
-5.3744
-6.18349
-39.352
-9.63896
-91.9173
74.2145
0.56634
117.971
-27.1253
86.3829
-92.0781
69.3223
-56.1829
-69.1532
-43.8622
-21.5987
-70.5905
47.9494
-80.5653
-51.191
91.9518
24.2182
59.3019
99.8577
9.51711
-10.1113
-4.64798
-9.94013
28.9713
-3.13469

-107.405
-92.0781
-91.9173
-83.1109
-80.5653
-70.5905
-69.1532
-62.3971
-56.1829
-51.191
-48.2542
-43.8622
-39.352
-27.1253
-26.5636
-21.5987
-21.1765
-10.1113
-9.94013
-9.63896
-9.3301
-9.26657
-8.96871
-6.18349
-5.3744
-4.64798
-3.13469
0.56634
6.20088
7.98092
9.51711
21.0238
24.2182
28.9713
47.497
47.9494
50.7633
52.3976
53.0733
56.5948
59.3019
69.3223
69.4656
74.2145
76.0401
86.3829
91.9518
99.8577
104.189
117.971
122.446

64.2992
-64.0424
98.4657
-31.8952
-92.3419
111.516
-62.9314
-70.9848
-88.5819
-1.38389
-66.115
-89.0299
57.1276
33.0472
-37.2452
111.479
2.43202
-91.5376
-97.9775
-101.7
-93.2713
123.181
79.7625
55.4258
50.1704
49.2901
-73.6815
89.2764
-83.8213
-87.4778
24.4987
-2.54256
-106.441
-23.7114
-80.2706
-54.8901
22.4867
2.19784
-58.6458
23.9158

-106.441
-101.7
-97.9775
-93.2713
-92.3419
-91.5376
-89.0299
-88.5819
-87.4778
-83.8213
-80.2706
-73.6815
-70.9848
-66.115
-64.0424
-62.9314
-58.6458
-54.8901
-37.2452
-31.8952
-23.7114
-2.54256
-1.38389
2.19784
2.43202
22.4867
23.9158
24.4987
33.0472
49.2901
50.1704
55.4258
57.1276
64.2992
79.7625
89.2764
98.4657
111.479
111.516
123.181

53.2324
-23.9918
17.4108
56.2762
-52.924
123.439
73.8194
22.5488
0.965515
-15.7337
20.8967
-48.5226
-2.48968
-55.0371
103.093
-80.5071
83.9113
-91.5793
102.559
-92.5612
-101.724
104.159
-34.7475
-38.901
99.5911
-110.46
-7.07691
12.7719
16.3031
5.3345
-97.6945
98.3856
-53.3099
97.5409
82.3036
-51.7314
-9.06494
1.36161
115.827
-50.8755
92.4014
80.6907
-43.265
-96.527
48.9733
74.5347
6.09682

-110.46
-101.724
-97.6945
-96.527
-92.5612
-91.5793
-80.5071
-55.0371
-53.3099
-52.924
-51.7314
-50.8755
-48.5226
-43.265
-38.901
-34.7475
-23.9918
-15.7337
-9.06494
-7.07691
-2.48968
0.965515
1.36161
5.3345
6.09682
12.7719
16.3031
17.4108
20.8967
22.5488
48.9733
53.2324
56.2762
73.8194
74.5347
80.6907
82.3036
83.9113
92.4014
97.5409
98.3856
99.5911
102.559
103.093
104.159
115.827
123.439

-111.056
53.1852
7.10988
-17.3573
55.2605
25.0593
63.636
95.6356
50.9979
-95.9565
-106.258
52.5624
-11.2182
-85.6767
64.2238
-4.37712
67.6639
-6.90842
-38.2546
47.0503
-57.3552
-73.6568
-37.2331
-60.0482
-99.0893
82.0755
-48.4197
27.9777
29.1313
57.6573
71.3401
1.51971
67.0818
13.0667
65.6416
47.6202
-39.8381
83.5777
21.3794

-111.056
-106.258
-99.0893
-95.9565
-85.6767
-73.6568
-60.0482
-57.3552
-48.4197
-39.8381
-38.2546
-37.2331
-17.3573
-11.2182
-6.90842
-4.37712
1.51971
7.10988
13.0667
21.3794
25.0593
27.9777
29.1313
47.0503
47.6202
50.9979
52.5624
53.1852
55.2605
57.6573
63.636
64.2238
65.6416
67.0818
67.6639
71.3401
82.0755
83.5777
95.6356

-13.3406
-59.418
-99.4856
-54.6685
-65.7084
-49.9758
13.8425
-72.0134
-53.8011
54.2216
34.8446
-90.8235
76.3728
27.7149
49.3961
97.1836
31.4484
51.1818
102.63
64.9616
7.09427
80.2357
34.8229
0.880831
-44.0654
11.8625
-21.3813

-99.4856
-90.8235
-72.0134
-65.7084
-59.418
-54.6685
-53.8011
-49.9758
-44.0654
-21.3813
-13.3406
0.880831
7.09427
11.8625
13.8425
27.7149
31.4484
34.8229
34.8446
49.3961
51.1818
54.2216
64.9616
76.3728
80.2357
97.1836
102.63

-52.9779
-106.959
3.50205
-77.5701
-19.2981
69.6345
-18.2613
-69.4763
-89.2107
34.49
-83.2191
-31.3332
-51.1371
83.7037
-27.9869
62.2264
-64.1378
-53.2567
53.6875
38.5425
-11.1959
-79.9648
-44.1398
-70.8791
42.9784
52.1741
96.3336
11.2373
3.00348
22.7978
75.2709
-38.0641
-30.8352
80.1741
-51.6246
38.4618
-62.0997
-14.6638
85.5367
12.1114
-65.6373
116.834
116.876
11.5871

-106.959
-89.2107
-83.2191
-79.9648
-77.5701
-70.8791
-69.4763
-65.6373
-64.1378
-62.0997
-53.2567
-52.9779
-51.6246
-51.1371
-44.1398
-38.0641
-31.3332
-30.8352
-27.9869
-19.2981
-18.2613
-14.6638
-11.1959
3.00348
3.50205
11.2373
11.5871
12.1114
22.7978
34.49
38.4618
38.5425
42.9784
52.1741
53.6875
62.2264
69.6345
75.2709
80.1741
83.7037
85.5367
96.3336
116.834
116.876

69.1442
-63.4947
78.3015
-21.8353
105.622
122.338
-81.7911
-15.4065
-102.766
-12.3541
-69.9396
121.653
91.3971
89.8952
63.3248
-12.3784
30.7369
-52.5459
69.3505
-77.8907
51.2603
-6.32462
-37.3836
-64.629
-45.5363
-103.687
59.7694
-87.5046
59.7007
-5.38077
-29.4456
6.49897
33.4483
33.7115
89.7584
51.4557
-4.43531
-36.208
83.3926
-67.7325
85.9401
-44.7728
107.071
-108.268
27.9905
94.4398
50.5787
-32.6648
2.38342
-93.8411
-99.4002
120.95
-28.6711
-14.2569
52.7494
115.219
-105.551
10.4002
16.6715
83.2168
98.6901
66.2689

-108.268
-105.551
-103.687
-102.766
-99.4002
-93.8411
-87.5046
-81.7911
-77.8907
-69.9396
-67.7325
-64.629
-63.4947
-52.5459
-45.5363
-44.7728
-37.3836
-36.208
-32.6648
-29.4456
-28.6711
-21.8353
-15.4065
-14.2569
-12.3784
-12.3541
-6.32462
-5.38077
-4.43531
2.38342
6.49897
10.4002
16.6715
27.9905
30.7369
33.4483
33.7115
50.5787
51.2603
51.4557
52.7494
59.7007
59.7694
63.3248
66.2689
69.1442
69.3505
78.3015
83.2168
83.3926
85.9401
89.7584
89.8952
91.3971
94.4398
98.6901
105.622
107.071
115.219
120.95
121.653
122.338

61.5081
-73.7864
0.449727
76.1589
-71.3506
42.1603
-10.5149
-5.31985
84.9093
-66.0296
-1.04486
-2.02075
96.4883
48.8608
-85.8635
-25.6643
-34.5283
-74.0032
102.065
-87.9052
-85.0649
97.3309
-57.973
34.4899
35.7565
-82.8795
74.1909
-37.171
40.7627
7.29649
77.6313
-79.8384
46.5483
72.6041
-106.129
73.5716
-58.0285
-105.457
-12.9903
-63.7277
-24.5538
-64.6564
16.3569
74.6457
-61.5898
-76.1573
78.4721
47.1923
20.8694
-71.7005
83.1706
-93.7465
-38.6488
-99.1607
-97.134
-87.5117
22.2032
-26.8044
-34.0644
84.823
18.3902
22.0805
-47.7637
76.2475
-29.3479
-67.396
5.33888
36.5978

-106.129
-105.457
-99.1607
-97.134
-93.7465
-87.9052
-87.5117
-85.8635
-85.0649
-82.8795
-79.8384
-76.1573
-74.0032
-73.7864
-71.7005
-71.3506
-67.396
-66.0296
-64.6564
-63.7277
-61.5898
-58.0285
-57.973
-47.7637
-38.6488
-37.171
-34.5283
-34.0644
-29.3479
-26.8044
-25.6643
-24.5538
-12.9903
-10.5149
-5.31985
-2.02075
-1.04486
0.449727
5.33888
7.29649
16.3569
18.3902
20.8694
22.0805
22.2032
34.4899
35.7565
36.5978
40.7627
42.1603
46.5483
47.1923
48.8608
61.5081
72.6041
73.5716
74.1909
74.6457
76.1589
76.2475
77.6313
78.4721
83.1706
84.823
84.9093
96.4883
97.3309
102.065

-25.99
85.7498
18.9445
-45.821
-64.0823
-44.6058
65.1444
89.2621
-19.9902
77.9407
-103.987
-7.25409
84.4672
-89.7591
114.136
4.74264
117.13
-99.692
109.412
-48.9965
-88.0811
-31.6576
-79.3019
91.9028
-75.4804
-23.1083
19.8581
-26.5806
58.5294
-74.0076
-104.515
-12.6299
111.861
-10.3843
37.8669
30.8426
9.34118
-5.98211
78.7726
65.8106
56.9697
-96.8566
-107.19
72.7026
113.266
53.432
53.7489
-20.9888
-38.4623
-45.0875

-107.19
-104.515
-103.987
-99.692
-96.8566
-89.7591
-88.0811
-79.3019
-75.4804
-74.0076
-64.0823
-48.9965
-45.821
-45.0875
-44.6058
-38.4623
-31.6576
-26.5806
-25.99
-23.1083
-20.9888
-19.9902
-12.6299
-10.3843
-7.25409
-5.98211
4.74264
9.34118
18.9445
19.8581
30.8426
37.8669
53.432
53.7489
56.9697
58.5294
65.1444
65.8106
72.7026
77.9407
78.7726
84.4672
85.7498
89.2621
91.9028
109.412
111.861
113.266
114.136
117.13

81.1385
51.617
-108.984
-32.0109
69.729
-7.15858
59.4355
-5.54011
40.6288
121.819
30.4612
-94.4536
-76.7304
-20.6618
52.5192
-31.2572
-41.0901
-40.0538
-102.113
-56.8596
76.6808
58.7483
-6.74404
-109.762
25.2352
-95.7479
-26.3808
50.728
-107.407
98.9018
81.1364
20.9559
4.33097
-74.5095
-15.1708
-20.7942
121.933
-30.6899
-7.64343
48.6224
91.7298
-90.3642
79.0106
-38.8458
-64.1852
35.4514
111.202
25.728
-39.261
-74.4937
-61.9869
67.459
-83.4514
83.9098
-73.2179
-69.5774
17.1182
4.76958
91.0336
83.1795
10.3983
-29.0133
-31.6589
112.617
-104.715
-52.679
-30.8638
29.4605
-31.4591
-41.0288
119.806
35.3607
0.978501
-28.7061
76.6659
-52.5285
56.0408
-109.17
-35.0645
78.2763
-62.3207
-75.3871
-64.1332
-57.0917
-101.292

-109.762
-109.17
-108.984
-107.407
-104.715
-102.113
-101.292
-95.7479
-94.4536
-90.3642
-83.4514
-76.7304
-75.3871
-74.5095
-74.4937
-73.2179
-69.5774
-64.1852
-64.1332
-62.3207
-61.9869
-57.0917
-56.8596
-52.679
-52.5285
-41.0901
-41.0288
-40.0538
-39.261
-38.8458
-35.0645
-32.0109
-31.6589
-31.4591
-31.2572
-30.8638
-30.6899
-29.0133
-28.7061
-26.3808
-20.7942
-20.6618
-15.1708
-7.64343
-7.15858
-6.74404
-5.54011
0.978501
4.33097
4.76958
10.3983
17.1182
20.9559
25.2352
25.728
29.4605
30.4612
35.3607
35.4514
40.6288
48.6224
50.728
51.617
52.5192
56.0408
58.7483
59.4355
67.459
69.729
76.6659
76.6808
78.2763
79.0106
81.1364
81.1385
83.1795
83.9098
91.0336
91.7298
98.9018
111.202
112.617
119.806
121.819
121.933

-101.913
122.639
18.3565
-70.5006
-14.7457
-80.3234
-17.1952
-12.3479
-53.5823
105.209
-98.0598
-46.2293
123.084
69.4541
122.812
-72.1077
-105.37
-29.6486
86.7621
71.9512
29.6697
-70.4341
118.92
78.6964
-89.0194
-9.97356
-67.0904
-80.9503
-112.327
-92.6945
-25.853
44.5928
-74.3534
-38.4715
-31.546
102.031
-97.7825
122.989
-71.6438
90.9902
100.648

-112.327
-105.37
-101.913
-98.0598
-97.7825
-92.6945
-89.0194
-80.9503
-80.3234
-74.3534
-72.1077
-71.6438
-70.5006
-70.4341
-67.0904
-53.5823
-46.2293
-38.4715
-31.546
-29.6486
-25.853
-17.1952
-14.7457
-12.3479
-9.97356
18.3565
29.6697
44.5928
69.4541
71.9512
78.6964
86.7621
90.9902
100.648
102.031
105.209
118.92
122.639
122.812
122.989
123.084

41.4059
-31.353
-36.9259
-15.2927
-40.2628
6.44767
-45.689
-40.3355
-24.5693
-24.6464
51.4025
70.8622
-7.96228
-7.94075
-69.9488
3.76942
21.9579
106.285
52.0888
29.3295
24.3592
-106.226
17.1946
-44.8355
31.107
-94.1084
-100.281
55.0752
36.1744
-63.3554
15.8403
-94.078
96.1974
67.3884
-64.7148
-105.28
31.3244
-99.2385
8.79603
-33.4333
41.6826
-26.3159
18.651
-66.9354
-71.4596
16.4059

-106.226
-105.28
-100.281
-99.2385
-94.1084
-94.078
-71.4596
-69.9488
-66.9354
-64.7148
-63.3554
-45.689
-44.8355
-40.3355
-40.2628
-36.9259
-33.4333
-31.353
-26.3159
-24.6464
-24.5693
-15.2927
-7.96228
-7.94075
3.76942
6.44767
8.79603
15.8403
16.4059
17.1946
18.651
21.9579
24.3592
29.3295
31.107
31.3244
36.1744
41.4059
41.6826
51.4025
52.0888
55.0752
67.3884
70.8622
96.1974
106.285

12.5178
-4.36849
-48.8793
-27.6589
44.4901
68.818
-36.5068
79.4162
-50.6194
-25.2171
24.9423
94.0294
91.2264
-33.4578
112.057
-102.783
98.1753
37.4295
-107.786
28.3018
-42.6134
-62.5147
-27.0119
88.3034
84.5552
2.72936
103.963
87.4515
90.1797
96.2461
61.3145
53.789
-12.8266
-103.717
-92.4592
-19.429
73.9634
80.5659
-48.9752
79.8698
34.8002
78.6122
70.2353
12.7407
7.57846
-60.5781
-81.916
56.8714
-79.8286
-78.8145
-42.8591
-72.7051
-93.9822
-14.4751
-63.4779
-10.8041
48.2617
33.5084
121.774
-10.0868
94.6882
-70.4972
-92.9018
61.4248
-57.7135
110.852
-42.1841
-13.6411
81.4155
23.9527
12.2794
82.62
-24.1534
51.9833
-18.7341
-43.1426
88.542
-10.528
19.9638
109.703
70.3629
-43.7516
-110.267
-57.6802
45.7202
-28.5013
89.6924
-35.4107
-66.5326
71.7785
-62.7821
-95.2113
-9.9664
77.4372
101.085
118.431
-39.5468
16.3129
-1.35704
87.8187
-82.9581
-66.786
-107.156
94.3803

-110.267
-107.786
-107.156
-103.717
-102.783
-95.2113
-93.9822
-92.9018
-92.4592
-82.9581
-81.916
-79.8286
-78.8145
-72.7051
-70.4972
-66.786
-66.5326
-63.4779
-62.7821
-62.5147
-60.5781
-57.7135
-57.6802
-50.6194
-48.9752
-48.8793
-43.7516
-43.1426
-42.8591
-42.6134
-42.1841
-39.5468
-36.5068
-35.4107
-33.4578
-28.5013
-27.6589
-27.0119
-25.2171
-24.1534
-19.429
-18.7341
-14.4751
-13.6411
-12.8266
-10.8041
-10.528
-10.0868
-9.9664
-4.36849
-1.35704
2.72936
7.57846
12.2794
12.5178
12.7407
16.3129
19.9638
23.9527
24.9423
28.3018
33.5084
34.8002
37.4295
44.4901
45.7202
48.2617
51.9833
53.789
56.8714
61.3145
61.4248
68.818
70.2353
70.3629
71.7785
73.9634
77.4372
78.6122
79.4162
79.8698
80.5659
81.4155
82.62
84.5552
87.4515
87.8187
88.3034
88.542
89.6924
90.1797
91.2264
94.0294
94.3803
94.6882
96.2461
98.1753
101.085
103.963
109.703
110.852
112.057
118.431
121.774

-35.7266
-52.2659
29.8546
-74.6564
-65.7381
47.7778
-65.7045
-33.8794
36.175
78.5455
-100.253
13.5407
89.9908
49.065
-0.189667
56.0312
114.238
1.26349
77.426
108.989
75.3823
-20.5046
0.604528
94.1012
-15.6499

-100.253
-74.6564
-65.7381
-65.7045
-52.2659
-35.7266
-33.8794
-20.5046
-15.6499
-0.189667
0.604528
1.26349
13.5407
29.8546
36.175
47.7778
49.065
56.0312
75.3823
77.426
78.5455
89.9908
94.1012
108.989
114.238

-57.3196
26.5735
59.7832
41.5898
-6.18
-80.6685
53.8268
-98.0637
23.7442
-10.8544
35.5782
-13.3368
30.7224
101.465
40.8696
-110.773
25.8934
-111.734
114.898
106.599
-59.5535
-6.9627
84.6627
-54.4075
-44.3729
16.1331
-19.2177
-71.6844
83.9439
-28.5831
91.4201
-1.64849
110.873
33.7969
-17.5028
13.4962
28.0657
-107.31
4.58405
27.3128
-63.0345
62.5709
105.167
-95.2141
-11.4123
-2.81685
72.3614
98.303
43.6317
60.7006
-38.5895

-111.734
-110.773
-107.31
-98.0637
-95.2141
-80.6685
-71.6844
-63.0345
-59.5535
-57.3196
-54.4075
-44.3729
-38.5895
-28.5831
-19.2177
-17.5028
-13.3368
-11.4123
-10.8544
-6.9627
-6.18
-2.81685
-1.64849
4.58405
13.4962
16.1331
23.7442
25.8934
26.5735
27.3128
28.0657
30.7224
33.7969
35.5782
40.8696
41.5898
43.6317
53.8268
59.7832
60.7006
62.5709
72.3614
83.9439
84.6627
91.4201
98.303
101.465
105.167
106.599
110.873
114.898

ciao
Torino
Davide
zebra
Bergamo
Anna
contessa
film
programmazione
calcolo
scientifico
Luca
libro
videogioco

Anna
Bergamo
Davide
Luca
Torino
calcolo
ciao
contessa
film
libro
programmazione
scientifico
videogioco
zebra

<end of output>
Test time =   0.02 sec
----------------------------------------------------------
Test Passed.
"selectionsort" end time: Apr 04 08:57 UTC
"selectionsort" time elapsed: 00:00:00
----------------------------------------------------------

End testing: Apr 04 08:57 UTC
